host: MacBook-Pro-von-Frederic.local
Building DAG of jobs...
Using shell: /opt/local/bin/bash
Provided cores: 8
Rules claiming more threads will be scaled down.
Job stats:
job             count
------------  -------
combine_exps      447
complete_cx       297
complete_exp        1
complete_pyr      449
total            1194

Select jobs to execute...
Execute 8 jobs...

[Tue Nov 12 01:40:36 2024]
localrule complete_cx:
    input: results/__cythonized__
    output: results/synthetic/complete/n=10 r=0.5 re=True d=False/cx/e=False p=False l=10 s=1000/run/cx_0.csv
    jobid: 381
    reason: Missing output files: results/synthetic/complete/n=10 r=0.5 re=True d=False/cx/e=False p=False l=10 s=1000/run/cx_0.csv
    wildcards: n_nodes=10, neg_edge_prob=0.5, neg_edge_dist_exact=True, directed=False, exact=False, parallel=False, max_length=10, n_samples=1000, run=0
    resources: tmpdir=/var/folders/dj/14c985vd1ng7gf0vvw_ytrpw0000gn/T

[Tue Nov 12 01:40:36 2024]
localrule complete_cx:
    input: results/__cythonized__
    output: results/synthetic/complete/n=15 r=0.3 re=True d=False/cx/e=False p=False l=10 s=1000/run/cx_0.csv
    jobid: 573
    reason: Missing output files: results/synthetic/complete/n=15 r=0.3 re=True d=False/cx/e=False p=False l=10 s=1000/run/cx_0.csv
    wildcards: n_nodes=15, neg_edge_prob=0.3, neg_edge_dist_exact=True, directed=False, exact=False, parallel=False, max_length=10, n_samples=1000, run=0
    resources: tmpdir=/var/folders/dj/14c985vd1ng7gf0vvw_ytrpw0000gn/T

[Tue Nov 12 01:40:36 2024]
localrule complete_cx:
    input: results/__cythonized__
    output: results/synthetic/complete/n=8 r=0.1 re=True d=False/cx/e=False p=False l=10 s=1000/run/cx_0.csv
    jobid: 285
    reason: Missing output files: results/synthetic/complete/n=8 r=0.1 re=True d=False/cx/e=False p=False l=10 s=1000/run/cx_0.csv
    wildcards: n_nodes=8, neg_edge_prob=0.1, neg_edge_dist_exact=True, directed=False, exact=False, parallel=False, max_length=10, n_samples=1000, run=0
    resources: tmpdir=/var/folders/dj/14c985vd1ng7gf0vvw_ytrpw0000gn/T

[Tue Nov 12 01:40:36 2024]
localrule complete_cx:
    input: results/__cythonized__
    output: results/synthetic/complete/n=25 r=0.5 re=True d=False/cx/e=False p=False l=10 s=1000/run/cx_0.csv
    jobid: 981
    reason: Missing output files: results/synthetic/complete/n=25 r=0.5 re=True d=False/cx/e=False p=False l=10 s=1000/run/cx_0.csv
    wildcards: n_nodes=25, neg_edge_prob=0.5, neg_edge_dist_exact=True, directed=False, exact=False, parallel=False, max_length=10, n_samples=1000, run=0
    resources: tmpdir=/var/folders/dj/14c985vd1ng7gf0vvw_ytrpw0000gn/T

[Tue Nov 12 01:40:36 2024]
localrule complete_cx:
    input: results/__cythonized__
    output: results/synthetic/complete/n=20 r=0.1 re=True d=False/cx/e=False p=False l=10 s=1000/run/cx_0.csv
    jobid: 765
    reason: Missing output files: results/synthetic/complete/n=20 r=0.1 re=True d=False/cx/e=False p=False l=10 s=1000/run/cx_0.csv
    wildcards: n_nodes=20, neg_edge_prob=0.1, neg_edge_dist_exact=True, directed=False, exact=False, parallel=False, max_length=10, n_samples=1000, run=0
    resources: tmpdir=/var/folders/dj/14c985vd1ng7gf0vvw_ytrpw0000gn/T

[Tue Nov 12 01:40:36 2024]
localrule complete_cx:
    input: results/__cythonized__
    output: results/synthetic/complete/n=24 r=0.9 re=True d=False/cx/e=False p=False l=10 s=1000/run/cx_0.csv
    jobid: 957
    reason: Missing output files: results/synthetic/complete/n=24 r=0.9 re=True d=False/cx/e=False p=False l=10 s=1000/run/cx_0.csv
    wildcards: n_nodes=24, neg_edge_prob=0.9, neg_edge_dist_exact=True, directed=False, exact=False, parallel=False, max_length=10, n_samples=1000, run=0
    resources: tmpdir=/var/folders/dj/14c985vd1ng7gf0vvw_ytrpw0000gn/T

[Tue Nov 12 01:40:36 2024]
localrule complete_cx:
    input: results/__cythonized__
    output: results/synthetic/complete/n=5 r=0.7 re=True d=False/cx/e=True p=False l=10 s=1/run/cx_0.csv
    jobid: 187
    reason: Missing output files: results/synthetic/complete/n=5 r=0.7 re=True d=False/cx/e=True p=False l=10 s=1/run/cx_0.csv
    wildcards: n_nodes=5, neg_edge_prob=0.7, neg_edge_dist_exact=True, directed=False, exact=True, parallel=False, max_length=10, n_samples=1, run=0
    resources: tmpdir=/var/folders/dj/14c985vd1ng7gf0vvw_ytrpw0000gn/T

[Tue Nov 12 01:40:36 2024]
localrule complete_pyr:
    input: results/__cythonized__
    output: results/synthetic/complete/n=3 r=0.1 re=True d=False/pyr/s=1000 sp=None/run/pyr_2.csv
    jobid: 89
    reason: Missing output files: results/synthetic/complete/n=3 r=0.1 re=True d=False/pyr/s=1000 sp=None/run/pyr_2.csv
    wildcards: n_nodes=3, neg_edge_prob=0.1, neg_edge_dist_exact=True, directed=False, n_samples=1000, pyr_spec_edge_prob=None, run=2
    resources: tmpdir=/var/folders/dj/14c985vd1ng7gf0vvw_ytrpw0000gn/T

[Tue Nov 12 01:40:40 2024]
Finished job 187.
1 of 1194 steps (0.1%) done
Select jobs to execute...
RuleException:
CalledProcessError in file /Users/fredericbusch/Desktop/Thesis/forks/py-raccoon/workflow/Snakefile, line 114:
Command 'set -euo pipefail;  /Users/fredericbusch/miniforge3/envs/py-raccoon/bin/python3.12 /Users/fredericbusch/Desktop/Thesis/forks/py-raccoon/.snakemake/scripts/tmp458h_2eq.experiment.py' returned non-zero exit status 1.
[Tue Nov 12 01:40:40 2024]
Error in rule complete_pyr:
    jobid: 89
    input: results/__cythonized__
    output: results/synthetic/complete/n=3 r=0.1 re=True d=False/pyr/s=1000 sp=None/run/pyr_2.csv

Execute 1 jobs...

[Tue Nov 12 01:40:41 2024]
localrule complete_pyr:
    input: results/__cythonized__
    output: results/synthetic/complete/n=7 r=0.3 re=True d=False/pyr/s=1000 sp=None/run/pyr_1.csv
    jobid: 256
    reason: Missing output files: results/synthetic/complete/n=7 r=0.3 re=True d=False/pyr/s=1000 sp=None/run/pyr_1.csv
    wildcards: n_nodes=7, neg_edge_prob=0.3, neg_edge_dist_exact=True, directed=False, n_samples=1000, pyr_spec_edge_prob=None, run=1
    resources: tmpdir=/var/folders/dj/14c985vd1ng7gf0vvw_ytrpw0000gn/T

Terminating processes on user request, this might take some time.
RuleException:
CalledProcessError in file /Users/fredericbusch/Desktop/Thesis/forks/py-raccoon/workflow/Snakefile, line 114:
Command 'set -euo pipefail;  /Users/fredericbusch/miniforge3/envs/py-raccoon/bin/python3.12 /Users/fredericbusch/Desktop/Thesis/forks/py-raccoon/.snakemake/scripts/tmp1stbuwbj.experiment.py' died with <Signals.SIGINT: 2>.
[Tue Nov 12 01:40:43 2024]
Error in rule complete_pyr:
    jobid: 256
    input: results/__cythonized__
    output: results/synthetic/complete/n=7 r=0.3 re=True d=False/pyr/s=1000 sp=None/run/pyr_1.csv

RuleException:
CalledProcessError in file /Users/fredericbusch/Desktop/Thesis/forks/py-raccoon/workflow/Snakefile, line 125:
Command 'set -euo pipefail;  /Users/fredericbusch/miniforge3/envs/py-raccoon/bin/python3.12 /Users/fredericbusch/Desktop/Thesis/forks/py-raccoon/.snakemake/scripts/tmpf533gcwy.experiment.py' returned non-zero exit status 1.
[Tue Nov 12 01:40:43 2024]
Error in rule complete_cx:
    jobid: 765
    input: results/__cythonized__
    output: results/synthetic/complete/n=20 r=0.1 re=True d=False/cx/e=False p=False l=10 s=1000/run/cx_0.csv

RuleException:
CalledProcessError in file /Users/fredericbusch/Desktop/Thesis/forks/py-raccoon/workflow/Snakefile, line 125:
Command 'set -euo pipefail;  /Users/fredericbusch/miniforge3/envs/py-raccoon/bin/python3.12 /Users/fredericbusch/Desktop/Thesis/forks/py-raccoon/.snakemake/scripts/tmpnwl_a3q2.experiment.py' returned non-zero exit status 1.
[Tue Nov 12 01:40:43 2024]
Error in rule complete_cx:
    jobid: 981
    input: results/__cythonized__
    output: results/synthetic/complete/n=25 r=0.5 re=True d=False/cx/e=False p=False l=10 s=1000/run/cx_0.csv

RuleException:
CalledProcessError in file /Users/fredericbusch/Desktop/Thesis/forks/py-raccoon/workflow/Snakefile, line 125:
Command 'set -euo pipefail;  /Users/fredericbusch/miniforge3/envs/py-raccoon/bin/python3.12 /Users/fredericbusch/Desktop/Thesis/forks/py-raccoon/.snakemake/scripts/tmprdqlljz_.experiment.py' returned non-zero exit status 1.
RuleException:
CalledProcessError in file /Users/fredericbusch/Desktop/Thesis/forks/py-raccoon/workflow/Snakefile, line 125:
Command 'set -euo pipefail;  /Users/fredericbusch/miniforge3/envs/py-raccoon/bin/python3.12 /Users/fredericbusch/Desktop/Thesis/forks/py-raccoon/.snakemake/scripts/tmp0j2sh77e.experiment.py' returned non-zero exit status 1.
RuleException:
CalledProcessError in file /Users/fredericbusch/Desktop/Thesis/forks/py-raccoon/workflow/Snakefile, line 125:
Command 'set -euo pipefail;  /Users/fredericbusch/miniforge3/envs/py-raccoon/bin/python3.12 /Users/fredericbusch/Desktop/Thesis/forks/py-raccoon/.snakemake/scripts/tmp5r3fw84e.experiment.py' returned non-zero exit status 1.
[Tue Nov 12 01:40:43 2024]
RuleException:
CalledProcessError in file /Users/fredericbusch/Desktop/Thesis/forks/py-raccoon/workflow/Snakefile, line 125:
Command 'set -euo pipefail;  /Users/fredericbusch/miniforge3/envs/py-raccoon/bin/python3.12 /Users/fredericbusch/Desktop/Thesis/forks/py-raccoon/.snakemake/scripts/tmpe_5c5ujl.experiment.py' returned non-zero exit status 1.
[Tue Nov 12 01:40:43 2024]
[Tue Nov 12 01:40:43 2024]
Error in rule complete_cx:
    jobid: 957
    input: results/__cythonized__
    output: results/synthetic/complete/n=24 r=0.9 re=True d=False/cx/e=False p=False l=10 s=1000/run/cx_0.csv

[Tue Nov 12 01:40:43 2024]
Error in rule complete_cx:
    jobid: 285
    input: results/__cythonized__
    output: results/synthetic/complete/n=8 r=0.1 re=True d=False/cx/e=False p=False l=10 s=1000/run/cx_0.csv

Error in rule complete_cx:
    jobid: 381
    input: results/__cythonized__
    output: results/synthetic/complete/n=10 r=0.5 re=True d=False/cx/e=False p=False l=10 s=1000/run/cx_0.csv

Error in rule complete_cx:
    jobid: 573
    input: results/__cythonized__
    output: results/synthetic/complete/n=15 r=0.3 re=True d=False/cx/e=False p=False l=10 s=1000/run/cx_0.csv

Complete log: .snakemake/log/2024-11-12T014035.234466.snakemake.log
WorkflowError:
At least one job did not complete successfully.
