host: MacBook-Pro-von-Frederic.local
Building DAG of jobs...
Using shell: /opt/local/bin/bash
Provided cores: 4
Rules claiming more threads will be scaled down.
Job stats:
job                  count
-----------------  -------
combine_exps             2
cow_cx                   2
cow_exp_cx_approx        1
cythonize                1
total                    6

Select jobs to execute...
Execute 1 jobs...

[Sun Dec  8 17:15:13 2024]
localrule cythonize:
    input: src/py_raccoon/balance_sampling.pyx, src/py_raccoon/balance_spanning_trees.pyx
    output: results/__cythonized__
    jobid: 3
    reason: Missing output files: results/__cythonized__
    resources: tmpdir=/var/folders/dj/14c985vd1ng7gf0vvw_ytrpw0000gn/T

[Sun Dec  8 17:15:14 2024]
Finished job 3.
1 of 6 steps (17%) done
Select jobs to execute...
Execute 2 jobs...

[Sun Dec  8 17:15:14 2024]
localrule cow_cx:
    input: results/__cythonized__
    output: results/real/cow/year=1869/null_model_cow=False d=False/cx/e=False p=False l=10 s=20/run/cx_0.csv
    jobid: 5
    reason: Missing output files: results/real/cow/year=1869/null_model_cow=False d=False/cx/e=False p=False l=10 s=20/run/cx_0.csv; Input files updated by another job: results/__cythonized__
    wildcards: dataset=cow, year=1869, null_model=False, directed=False, exact=False, parallel=False, max_length=10, n_samples=20, run=0
    resources: tmpdir=/var/folders/dj/14c985vd1ng7gf0vvw_ytrpw0000gn/T

[Sun Dec  8 17:15:14 2024]
localrule cow_cx:
    input: results/__cythonized__
    output: results/real/cow/year=1869/null_model_cow=True d=False/cx/e=False p=False l=10 s=20/run/cx_0.csv
    jobid: 2
    reason: Missing output files: results/real/cow/year=1869/null_model_cow=True d=False/cx/e=False p=False l=10 s=20/run/cx_0.csv; Input files updated by another job: results/__cythonized__
    wildcards: dataset=cow, year=1869, null_model=True, directed=False, exact=False, parallel=False, max_length=10, n_samples=20, run=0
    resources: tmpdir=/var/folders/dj/14c985vd1ng7gf0vvw_ytrpw0000gn/T

Terminating processes on user request, this might take some time.
RuleException:
CalledProcessError in file /Users/fredericbusch/Desktop/Thesis/forks/py-raccoon/workflow/Snakefile, line 138:
Command 'set -euo pipefail;  /Users/fredericbusch/miniforge3/envs/py-raccoon/bin/python3.12 /Users/fredericbusch/Desktop/Thesis/forks/py-raccoon/.snakemake/scripts/tmpvfiay1sh.experiment.py' returned non-zero exit status 1.
[Sun Dec  8 17:16:26 2024]
RuleException:
CalledProcessError in file /Users/fredericbusch/Desktop/Thesis/forks/py-raccoon/workflow/Snakefile, line 138:
Command 'set -euo pipefail;  /Users/fredericbusch/miniforge3/envs/py-raccoon/bin/python3.12 /Users/fredericbusch/Desktop/Thesis/forks/py-raccoon/.snakemake/scripts/tmptka2q1xv.experiment.py' returned non-zero exit status 1.
Error in rule cow_cx:
    jobid: 2
    input: results/__cythonized__
    output: results/real/cow/year=1869/null_model_cow=True d=False/cx/e=False p=False l=10 s=20/run/cx_0.csv

[Sun Dec  8 17:16:26 2024]
Error in rule cow_cx:
    jobid: 5
    input: results/__cythonized__
    output: results/real/cow/year=1869/null_model_cow=False d=False/cx/e=False p=False l=10 s=20/run/cx_0.csv

Complete log: .snakemake/log/2024-12-08T171513.505524.snakemake.log
WorkflowError:
At least one job did not complete successfully.
