host: MacBook-Pro-von-Frederic.local
Building DAG of jobs...
Using shell: /opt/local/bin/bash
Provided cores: 8
Rules claiming more threads will be scaled down.
Job stats:
job             count
------------  -------
combine_exps        2
random_pyr          2
sbm_pyr            11
test                1
total              16

Select jobs to execute...
Execute 8 jobs...

[Sun Nov 10 17:01:58 2024]
localrule sbm_pyr:
    input: results/__cythonized__
    output: results/synthetic/sbm/sizes=[10, 10] p=[[0.5, 0.2], [0.2, 0.5]] r=0.5 d=False/pyr/s=1000 sp=None/run/pyr_6.csv
    jobid: 21
    reason: Missing output files: results/synthetic/sbm/sizes=[10, 10] p=[[0.5, 0.2], [0.2, 0.5]] r=0.5 d=False/pyr/s=1000 sp=None/run/pyr_6.csv
    wildcards: com_sizes=[10, 10], edge_probs=[[0.5, 0.2], [0.2, 0.5]], neg_edge_prob=0.5, n_samples=1000, pyr_spec_edge_prob=None, run=6
    resources: tmpdir=/var/folders/dj/14c985vd1ng7gf0vvw_ytrpw0000gn/T

[Sun Nov 10 17:01:58 2024]
localrule sbm_pyr:
    input: results/__cythonized__
    output: results/synthetic/sbm/sizes=[10, 10] p=[[0.5, 0.2], [0.2, 0.5]] r=0.5 d=False/pyr/s=1000 sp=None/run/pyr_10.csv
    jobid: 25
    reason: Missing output files: results/synthetic/sbm/sizes=[10, 10] p=[[0.5, 0.2], [0.2, 0.5]] r=0.5 d=False/pyr/s=1000 sp=None/run/pyr_10.csv
    wildcards: com_sizes=[10, 10], edge_probs=[[0.5, 0.2], [0.2, 0.5]], neg_edge_prob=0.5, n_samples=1000, pyr_spec_edge_prob=None, run=10
    resources: tmpdir=/var/folders/dj/14c985vd1ng7gf0vvw_ytrpw0000gn/T

[Sun Nov 10 17:01:58 2024]
localrule sbm_pyr:
    input: results/__cythonized__
    output: results/synthetic/sbm/sizes=[10, 10] p=[[0.5, 0.2], [0.2, 0.5]] r=0.5 d=False/pyr/s=1000 sp=None/run/pyr_2.csv
    jobid: 17
    reason: Missing output files: results/synthetic/sbm/sizes=[10, 10] p=[[0.5, 0.2], [0.2, 0.5]] r=0.5 d=False/pyr/s=1000 sp=None/run/pyr_2.csv
    wildcards: com_sizes=[10, 10], edge_probs=[[0.5, 0.2], [0.2, 0.5]], neg_edge_prob=0.5, n_samples=1000, pyr_spec_edge_prob=None, run=2
    resources: tmpdir=/var/folders/dj/14c985vd1ng7gf0vvw_ytrpw0000gn/T

[Sun Nov 10 17:01:58 2024]
localrule random_pyr:
    input: results/__cythonized__
    output: results/synthetic/random/n=20 m=50 r=0.5 d=False/pyr/s=1000 sp=1/run/pyr_0.csv
    jobid: 2
    reason: Code has changed since last execution
    wildcards: n_nodes=20, n_edges=50, neg_edge_prob=0.5, n_samples=1000, pyr_spec_edge_prob=1, run=0
    resources: tmpdir=/var/folders/dj/14c985vd1ng7gf0vvw_ytrpw0000gn/T

[Sun Nov 10 17:01:58 2024]
localrule sbm_pyr:
    input: results/__cythonized__
    output: results/synthetic/sbm/sizes=[10, 10] p=[[0.5, 0.2], [0.2, 0.5]] r=0.5 d=False/pyr/s=1000 sp=None/run/pyr_5.csv
    jobid: 20
    reason: Missing output files: results/synthetic/sbm/sizes=[10, 10] p=[[0.5, 0.2], [0.2, 0.5]] r=0.5 d=False/pyr/s=1000 sp=None/run/pyr_5.csv
    wildcards: com_sizes=[10, 10], edge_probs=[[0.5, 0.2], [0.2, 0.5]], neg_edge_prob=0.5, n_samples=1000, pyr_spec_edge_prob=None, run=5
    resources: tmpdir=/var/folders/dj/14c985vd1ng7gf0vvw_ytrpw0000gn/T

[Sun Nov 10 17:01:58 2024]
localrule sbm_pyr:
    input: results/__cythonized__
    output: results/synthetic/sbm/sizes=[10, 10] p=[[0.5, 0.2], [0.2, 0.5]] r=0.5 d=False/pyr/s=1000 sp=None/run/pyr_0.csv
    jobid: 15
    reason: Missing output files: results/synthetic/sbm/sizes=[10, 10] p=[[0.5, 0.2], [0.2, 0.5]] r=0.5 d=False/pyr/s=1000 sp=None/run/pyr_0.csv
    wildcards: com_sizes=[10, 10], edge_probs=[[0.5, 0.2], [0.2, 0.5]], neg_edge_prob=0.5, n_samples=1000, pyr_spec_edge_prob=None, run=0
    resources: tmpdir=/var/folders/dj/14c985vd1ng7gf0vvw_ytrpw0000gn/T

[Sun Nov 10 17:01:58 2024]
localrule sbm_pyr:
    input: results/__cythonized__
    output: results/synthetic/sbm/sizes=[10, 10] p=[[0.5, 0.2], [0.2, 0.5]] r=0.5 d=False/pyr/s=1000 sp=None/run/pyr_7.csv
    jobid: 22
    reason: Missing output files: results/synthetic/sbm/sizes=[10, 10] p=[[0.5, 0.2], [0.2, 0.5]] r=0.5 d=False/pyr/s=1000 sp=None/run/pyr_7.csv
    wildcards: com_sizes=[10, 10], edge_probs=[[0.5, 0.2], [0.2, 0.5]], neg_edge_prob=0.5, n_samples=1000, pyr_spec_edge_prob=None, run=7
    resources: tmpdir=/var/folders/dj/14c985vd1ng7gf0vvw_ytrpw0000gn/T

[Sun Nov 10 17:01:58 2024]
localrule sbm_pyr:
    input: results/__cythonized__
    output: results/synthetic/sbm/sizes=[10, 10] p=[[0.5, 0.2], [0.2, 0.5]] r=0.5 d=False/pyr/s=1000 sp=None/run/pyr_3.csv
    jobid: 18
    reason: Missing output files: results/synthetic/sbm/sizes=[10, 10] p=[[0.5, 0.2], [0.2, 0.5]] r=0.5 d=False/pyr/s=1000 sp=None/run/pyr_3.csv
    wildcards: com_sizes=[10, 10], edge_probs=[[0.5, 0.2], [0.2, 0.5]], neg_edge_prob=0.5, n_samples=1000, pyr_spec_edge_prob=None, run=3
    resources: tmpdir=/var/folders/dj/14c985vd1ng7gf0vvw_ytrpw0000gn/T

RuleException:
CalledProcessError in file /Users/fredericbusch/Desktop/Thesis/forks/py-raccoon/workflow/Snakefile, line 116:
Command 'set -euo pipefail;  /Users/fredericbusch/miniforge3/envs/py-raccoon/bin/python3.12 /Users/fredericbusch/Desktop/Thesis/forks/py-raccoon/.snakemake/scripts/tmpy_ic3czk.experiment.py' returned non-zero exit status 1.
[Sun Nov 10 17:02:02 2024]
Error in rule sbm_pyr:
    jobid: 20
    input: results/__cythonized__
    output: results/synthetic/sbm/sizes=[10, 10] p=[[0.5, 0.2], [0.2, 0.5]] r=0.5 d=False/pyr/s=1000 sp=None/run/pyr_5.csv

RuleException:
CalledProcessError in file /Users/fredericbusch/Desktop/Thesis/forks/py-raccoon/workflow/Snakefile, line 116:
Command 'set -euo pipefail;  /Users/fredericbusch/miniforge3/envs/py-raccoon/bin/python3.12 /Users/fredericbusch/Desktop/Thesis/forks/py-raccoon/.snakemake/scripts/tmpe3b7x553.experiment.py' returned non-zero exit status 1.
[Sun Nov 10 17:02:02 2024]
Error in rule sbm_pyr:
    jobid: 25
    input: results/__cythonized__
    output: results/synthetic/sbm/sizes=[10, 10] p=[[0.5, 0.2], [0.2, 0.5]] r=0.5 d=False/pyr/s=1000 sp=None/run/pyr_10.csv

RuleException:
CalledProcessError in file /Users/fredericbusch/Desktop/Thesis/forks/py-raccoon/workflow/Snakefile, line 116:
Command 'set -euo pipefail;  /Users/fredericbusch/miniforge3/envs/py-raccoon/bin/python3.12 /Users/fredericbusch/Desktop/Thesis/forks/py-raccoon/.snakemake/scripts/tmpuq_rn43p.experiment.py' returned non-zero exit status 1.
[Sun Nov 10 17:02:02 2024]
RuleException:
CalledProcessError in file /Users/fredericbusch/Desktop/Thesis/forks/py-raccoon/workflow/Snakefile, line 116:
Command 'set -euo pipefail;  /Users/fredericbusch/miniforge3/envs/py-raccoon/bin/python3.12 /Users/fredericbusch/Desktop/Thesis/forks/py-raccoon/.snakemake/scripts/tmptzy7ouw2.experiment.py' returned non-zero exit status 1.
Error in rule sbm_pyr:
    jobid: 17
    input: results/__cythonized__
    output: results/synthetic/sbm/sizes=[10, 10] p=[[0.5, 0.2], [0.2, 0.5]] r=0.5 d=False/pyr/s=1000 sp=None/run/pyr_2.csv

RuleException:
CalledProcessError in file /Users/fredericbusch/Desktop/Thesis/forks/py-raccoon/workflow/Snakefile, line 116:
Command 'set -euo pipefail;  /Users/fredericbusch/miniforge3/envs/py-raccoon/bin/python3.12 /Users/fredericbusch/Desktop/Thesis/forks/py-raccoon/.snakemake/scripts/tmp2uauiykj.experiment.py' returned non-zero exit status 1.
[Sun Nov 10 17:02:02 2024]
RuleException:
CalledProcessError in file /Users/fredericbusch/Desktop/Thesis/forks/py-raccoon/workflow/Snakefile, line 116:
Command 'set -euo pipefail;  /Users/fredericbusch/miniforge3/envs/py-raccoon/bin/python3.12 /Users/fredericbusch/Desktop/Thesis/forks/py-raccoon/.snakemake/scripts/tmpt738n1h1.experiment.py' returned non-zero exit status 1.
[Sun Nov 10 17:02:02 2024]
Error in rule sbm_pyr:
    jobid: 22
    input: results/__cythonized__
    output: results/synthetic/sbm/sizes=[10, 10] p=[[0.5, 0.2], [0.2, 0.5]] r=0.5 d=False/pyr/s=1000 sp=None/run/pyr_7.csv

[Sun Nov 10 17:02:02 2024]
Error in rule sbm_pyr:
    jobid: 21
    input: results/__cythonized__
    output: results/synthetic/sbm/sizes=[10, 10] p=[[0.5, 0.2], [0.2, 0.5]] r=0.5 d=False/pyr/s=1000 sp=None/run/pyr_6.csv

Error in rule sbm_pyr:
    jobid: 18
    input: results/__cythonized__
    output: results/synthetic/sbm/sizes=[10, 10] p=[[0.5, 0.2], [0.2, 0.5]] r=0.5 d=False/pyr/s=1000 sp=None/run/pyr_3.csv

RuleException:
CalledProcessError in file /Users/fredericbusch/Desktop/Thesis/forks/py-raccoon/workflow/Snakefile, line 116:
Command 'set -euo pipefail;  /Users/fredericbusch/miniforge3/envs/py-raccoon/bin/python3.12 /Users/fredericbusch/Desktop/Thesis/forks/py-raccoon/.snakemake/scripts/tmpj6e2pn5w.experiment.py' returned non-zero exit status 1.
[Sun Nov 10 17:02:02 2024]
Error in rule sbm_pyr:
    jobid: 15
    input: results/__cythonized__
    output: results/synthetic/sbm/sizes=[10, 10] p=[[0.5, 0.2], [0.2, 0.5]] r=0.5 d=False/pyr/s=1000 sp=None/run/pyr_0.csv

[Sun Nov 10 17:02:02 2024]
Finished job 2.
1 of 16 steps (6%) done
Shutting down, this might take some time.
Exiting because a job execution failed. Look above for error message
Complete log: .snakemake/log/2024-11-10T170158.641609.snakemake.log
WorkflowError:
At least one job did not complete successfully.
