host: MacBook-Pro-von-Frederic.local
Building DAG of jobs...
Using shell: /opt/local/bin/bash
Provided cores: 8
Rules claiming more threads will be scaled down.
Job stats:
job             count
------------  -------
all                 1
combine_exps        3
er_pyr              9
total              13

Select jobs to execute...
Execute 8 jobs...

[Tue Nov 12 00:12:36 2024]
localrule er_pyr:
    input: results/__cythonized__
    output: results/synthetic/er/n=10 p=0.5 r=0.5 re=False d=True/pyr/s=1000 sp=None/run/pyr_0.csv
    jobid: 27
    reason: Missing output files: results/synthetic/er/n=10 p=0.5 r=0.5 re=False d=True/pyr/s=1000 sp=None/run/pyr_0.csv
    wildcards: n_nodes=10, prob_p=0.5, neg_edge_prob=0.5, neg_edge_dist_exact=False, directed=True, n_samples=1000, pyr_spec_edge_prob=None, run=0
    resources: tmpdir=/var/folders/dj/14c985vd1ng7gf0vvw_ytrpw0000gn/T

[Tue Nov 12 00:12:36 2024]
localrule er_pyr:
    input: results/__cythonized__
    output: results/synthetic/er/n=10 p=0.5 r=0.5 re=True d=False/pyr/s=1000 sp=None/run/pyr_2.csv
    jobid: 21
    reason: Missing output files: results/synthetic/er/n=10 p=0.5 r=0.5 re=True d=False/pyr/s=1000 sp=None/run/pyr_2.csv
    wildcards: n_nodes=10, prob_p=0.5, neg_edge_prob=0.5, neg_edge_dist_exact=True, directed=False, n_samples=1000, pyr_spec_edge_prob=None, run=2
    resources: tmpdir=/var/folders/dj/14c985vd1ng7gf0vvw_ytrpw0000gn/T

[Tue Nov 12 00:12:36 2024]
localrule er_pyr:
    input: results/__cythonized__
    output: results/synthetic/er/n=10 p=0.5 r=0.5 re=True d=True/pyr/s=1000 sp=None/run/pyr_2.csv
    jobid: 25
    reason: Missing output files: results/synthetic/er/n=10 p=0.5 r=0.5 re=True d=True/pyr/s=1000 sp=None/run/pyr_2.csv
    wildcards: n_nodes=10, prob_p=0.5, neg_edge_prob=0.5, neg_edge_dist_exact=True, directed=True, n_samples=1000, pyr_spec_edge_prob=None, run=2
    resources: tmpdir=/var/folders/dj/14c985vd1ng7gf0vvw_ytrpw0000gn/T

[Tue Nov 12 00:12:36 2024]
localrule er_pyr:
    input: results/__cythonized__
    output: results/synthetic/er/n=10 p=0.5 r=0.5 re=True d=False/pyr/s=1000 sp=None/run/pyr_1.csv
    jobid: 20
    reason: Missing output files: results/synthetic/er/n=10 p=0.5 r=0.5 re=True d=False/pyr/s=1000 sp=None/run/pyr_1.csv
    wildcards: n_nodes=10, prob_p=0.5, neg_edge_prob=0.5, neg_edge_dist_exact=True, directed=False, n_samples=1000, pyr_spec_edge_prob=None, run=1
    resources: tmpdir=/var/folders/dj/14c985vd1ng7gf0vvw_ytrpw0000gn/T

[Tue Nov 12 00:12:36 2024]
localrule er_pyr:
    input: results/__cythonized__
    output: results/synthetic/er/n=10 p=0.5 r=0.5 re=True d=True/pyr/s=1000 sp=None/run/pyr_1.csv
    jobid: 24
    reason: Missing output files: results/synthetic/er/n=10 p=0.5 r=0.5 re=True d=True/pyr/s=1000 sp=None/run/pyr_1.csv
    wildcards: n_nodes=10, prob_p=0.5, neg_edge_prob=0.5, neg_edge_dist_exact=True, directed=True, n_samples=1000, pyr_spec_edge_prob=None, run=1
    resources: tmpdir=/var/folders/dj/14c985vd1ng7gf0vvw_ytrpw0000gn/T

[Tue Nov 12 00:12:36 2024]
localrule er_pyr:
    input: results/__cythonized__
    output: results/synthetic/er/n=10 p=0.5 r=0.5 re=False d=True/pyr/s=1000 sp=None/run/pyr_2.csv
    jobid: 29
    reason: Missing output files: results/synthetic/er/n=10 p=0.5 r=0.5 re=False d=True/pyr/s=1000 sp=None/run/pyr_2.csv
    wildcards: n_nodes=10, prob_p=0.5, neg_edge_prob=0.5, neg_edge_dist_exact=False, directed=True, n_samples=1000, pyr_spec_edge_prob=None, run=2
    resources: tmpdir=/var/folders/dj/14c985vd1ng7gf0vvw_ytrpw0000gn/T

[Tue Nov 12 00:12:36 2024]
localrule er_pyr:
    input: results/__cythonized__
    output: results/synthetic/er/n=10 p=0.5 r=0.5 re=True d=False/pyr/s=1000 sp=None/run/pyr_0.csv
    jobid: 19
    reason: Missing output files: results/synthetic/er/n=10 p=0.5 r=0.5 re=True d=False/pyr/s=1000 sp=None/run/pyr_0.csv
    wildcards: n_nodes=10, prob_p=0.5, neg_edge_prob=0.5, neg_edge_dist_exact=True, directed=False, n_samples=1000, pyr_spec_edge_prob=None, run=0
    resources: tmpdir=/var/folders/dj/14c985vd1ng7gf0vvw_ytrpw0000gn/T

[Tue Nov 12 00:12:36 2024]
localrule er_pyr:
    input: results/__cythonized__
    output: results/synthetic/er/n=10 p=0.5 r=0.5 re=False d=True/pyr/s=1000 sp=None/run/pyr_1.csv
    jobid: 28
    reason: Missing output files: results/synthetic/er/n=10 p=0.5 r=0.5 re=False d=True/pyr/s=1000 sp=None/run/pyr_1.csv
    wildcards: n_nodes=10, prob_p=0.5, neg_edge_prob=0.5, neg_edge_dist_exact=False, directed=True, n_samples=1000, pyr_spec_edge_prob=None, run=1
    resources: tmpdir=/var/folders/dj/14c985vd1ng7gf0vvw_ytrpw0000gn/T

RuleException:
CalledProcessError in file /Users/fredericbusch/Desktop/Thesis/forks/py-raccoon/workflow/Snakefile, line 131:
Command 'set -euo pipefail;  /Users/fredericbusch/miniforge3/envs/py-raccoon/bin/python3.12 /Users/fredericbusch/Desktop/Thesis/forks/py-raccoon/.snakemake/scripts/tmpjqj67rk1.experiment.py' returned non-zero exit status 1.
[Tue Nov 12 00:12:40 2024]
Error in rule er_pyr:
    jobid: 25
    input: results/__cythonized__
    output: results/synthetic/er/n=10 p=0.5 r=0.5 re=True d=True/pyr/s=1000 sp=None/run/pyr_2.csv

RuleException:
CalledProcessError in file /Users/fredericbusch/Desktop/Thesis/forks/py-raccoon/workflow/Snakefile, line 131:
Command 'set -euo pipefail;  /Users/fredericbusch/miniforge3/envs/py-raccoon/bin/python3.12 /Users/fredericbusch/Desktop/Thesis/forks/py-raccoon/.snakemake/scripts/tmprvgemhl2.experiment.py' returned non-zero exit status 1.
[Tue Nov 12 00:12:40 2024]
Error in rule er_pyr:
    jobid: 24
    input: results/__cythonized__
    output: results/synthetic/er/n=10 p=0.5 r=0.5 re=True d=True/pyr/s=1000 sp=None/run/pyr_1.csv

RuleException:
CalledProcessError in file /Users/fredericbusch/Desktop/Thesis/forks/py-raccoon/workflow/Snakefile, line 131:
Command 'set -euo pipefail;  /Users/fredericbusch/miniforge3/envs/py-raccoon/bin/python3.12 /Users/fredericbusch/Desktop/Thesis/forks/py-raccoon/.snakemake/scripts/tmpfmeghbdk.experiment.py' returned non-zero exit status 1.
[Tue Nov 12 00:12:40 2024]
Error in rule er_pyr:
    jobid: 29
    input: results/__cythonized__
    output: results/synthetic/er/n=10 p=0.5 r=0.5 re=False d=True/pyr/s=1000 sp=None/run/pyr_2.csv

RuleException:
CalledProcessError in file /Users/fredericbusch/Desktop/Thesis/forks/py-raccoon/workflow/Snakefile, line 131:
Command 'set -euo pipefail;  /Users/fredericbusch/miniforge3/envs/py-raccoon/bin/python3.12 /Users/fredericbusch/Desktop/Thesis/forks/py-raccoon/.snakemake/scripts/tmpomzr41l2.experiment.py' returned non-zero exit status 1.
[Tue Nov 12 00:12:40 2024]
Error in rule er_pyr:
    jobid: 27
    input: results/__cythonized__
    output: results/synthetic/er/n=10 p=0.5 r=0.5 re=False d=True/pyr/s=1000 sp=None/run/pyr_0.csv

RuleException:
CalledProcessError in file /Users/fredericbusch/Desktop/Thesis/forks/py-raccoon/workflow/Snakefile, line 131:
Command 'set -euo pipefail;  /Users/fredericbusch/miniforge3/envs/py-raccoon/bin/python3.12 /Users/fredericbusch/Desktop/Thesis/forks/py-raccoon/.snakemake/scripts/tmp6mqcl25v.experiment.py' returned non-zero exit status 1.
[Tue Nov 12 00:12:40 2024]
Error in rule er_pyr:
    jobid: 28
    input: results/__cythonized__
    output: results/synthetic/er/n=10 p=0.5 r=0.5 re=False d=True/pyr/s=1000 sp=None/run/pyr_1.csv

[Tue Nov 12 00:12:41 2024]
Finished job 19.
1 of 13 steps (8%) done
[Tue Nov 12 00:12:41 2024]
Finished job 20.
2 of 13 steps (15%) done
[Tue Nov 12 00:12:41 2024]
Finished job 21.
3 of 13 steps (23%) done
Shutting down, this might take some time.
Exiting because a job execution failed. Look above for error message
Complete log: .snakemake/log/2024-11-12T001236.035696.snakemake.log
WorkflowError:
At least one job did not complete successfully.
