host: MacBook-Pro-von-Frederic.local
Building DAG of jobs...
Using shell: /opt/local/bin/bash
Provided cores: 8
Rules claiming more threads will be scaled down.
Job stats:
job                  count
-----------------  -------
combine_exps             2
cow_cx                   2
cow_exp_cx_approx        1
total                    5

Select jobs to execute...
Execute 2 jobs...

[Sun Dec  8 17:46:25 2024]
localrule cow_cx:
    input: results/__cythonized__
    output: results/real/cow/year=1869/null_model_cow=False d=False/cx/e=False p=False l=20 s=20/run/cx_0.csv
    jobid: 5
    reason: Missing output files: results/real/cow/year=1869/null_model_cow=False d=False/cx/e=False p=False l=20 s=20/run/cx_0.csv
    wildcards: dataset=cow, year=1869, null_model=False, directed=False, exact=False, parallel=False, max_length=20, n_samples=20, run=0
    resources: tmpdir=/var/folders/dj/14c985vd1ng7gf0vvw_ytrpw0000gn/T

[Sun Dec  8 17:46:25 2024]
localrule cow_cx:
    input: results/__cythonized__
    output: results/real/cow/year=1869/null_model_cow=True d=False/cx/e=False p=False l=20 s=20/run/cx_0.csv
    jobid: 2
    reason: Missing output files: results/real/cow/year=1869/null_model_cow=True d=False/cx/e=False p=False l=20 s=20/run/cx_0.csv
    wildcards: dataset=cow, year=1869, null_model=True, directed=False, exact=False, parallel=False, max_length=20, n_samples=20, run=0
    resources: tmpdir=/var/folders/dj/14c985vd1ng7gf0vvw_ytrpw0000gn/T

[Sun Dec  8 17:46:28 2024]
Finished job 5.
1 of 5 steps (20%) done
Select jobs to execute...
Execute 1 jobs...

[Sun Dec  8 17:46:28 2024]
localrule combine_exps:
    input: results/real/cow/year=1869/null_model_cow=False d=False/cx/e=False p=False l=20 s=20/run/cx_0.csv
    output: results/real/cow/year=1869/null_model_cow=False d=False/cx/e=False p=False l=20 s=20/cx_0_combined.csv
    jobid: 4
    reason: Missing output files: results/real/cow/year=1869/null_model_cow=False d=False/cx/e=False p=False l=20 s=20/cx_0_combined.csv; Input files updated by another job: results/real/cow/year=1869/null_model_cow=False d=False/cx/e=False p=False l=20 s=20/run/cx_0.csv
    wildcards: path=results/real/cow/year=1869/null_model_cow=False d=False/cx/e=False p=False l=20 s=20, alg=cx, runs=0
    resources: tmpdir=/var/folders/dj/14c985vd1ng7gf0vvw_ytrpw0000gn/T

[Sun Dec  8 17:46:28 2024]
Finished job 2.
2 of 5 steps (40%) done
Select jobs to execute...
Execute 1 jobs...

[Sun Dec  8 17:46:28 2024]
localrule combine_exps:
    input: results/real/cow/year=1869/null_model_cow=True d=False/cx/e=False p=False l=20 s=20/run/cx_0.csv
    output: results/real/cow/year=1869/null_model_cow=True d=False/cx/e=False p=False l=20 s=20/cx_0_combined.csv
    jobid: 1
    reason: Missing output files: results/real/cow/year=1869/null_model_cow=True d=False/cx/e=False p=False l=20 s=20/cx_0_combined.csv; Input files updated by another job: results/real/cow/year=1869/null_model_cow=True d=False/cx/e=False p=False l=20 s=20/run/cx_0.csv
    wildcards: path=results/real/cow/year=1869/null_model_cow=True d=False/cx/e=False p=False l=20 s=20, alg=cx, runs=0
    resources: tmpdir=/var/folders/dj/14c985vd1ng7gf0vvw_ytrpw0000gn/T

[Sun Dec  8 17:46:30 2024]
Finished job 1.
3 of 5 steps (60%) done
[Sun Dec  8 17:46:30 2024]
Finished job 4.
4 of 5 steps (80%) done
Select jobs to execute...
Execute 1 jobs...

[Sun Dec  8 17:46:30 2024]
localrule cow_exp_cx_approx:
    input: results/real/cow/year=1869/null_model_cow=True d=False/cx/e=False p=False l=20 s=20/cx_0_combined.csv, results/real/cow/year=1869/null_model_cow=False d=False/cx/e=False p=False l=20 s=20/cx_0_combined.csv
    jobid: 0
    reason: Input files updated by another job: results/real/cow/year=1869/null_model_cow=False d=False/cx/e=False p=False l=20 s=20/cx_0_combined.csv, results/real/cow/year=1869/null_model_cow=True d=False/cx/e=False p=False l=20 s=20/cx_0_combined.csv
    resources: tmpdir=/var/folders/dj/14c985vd1ng7gf0vvw_ytrpw0000gn/T

[Sun Dec  8 17:46:30 2024]
Finished job 0.
5 of 5 steps (100%) done
Complete log: .snakemake/log/2024-12-08T174625.788010.snakemake.log
