host: MacBook-Pro-von-Frederic.local
Building DAG of jobs...
Using shell: /opt/local/bin/bash
Provided cores: 8
Rules claiming more threads will be scaled down.
Job stats:
job          count
---------  -------
cythonize        1
er_cx            3
er_exp           1
er_pyr           1
total            6

Select jobs to execute...
Execute 1 jobs...

[Fri Nov  8 20:01:45 2024]
localrule cythonize:
    input: src/py_raccoon/balance_sampling.pyx, src/py_raccoon/balance_spanning_trees.pyx
    output: results/__cythonized__
    jobid: 2
    reason: Missing output files: results/__cythonized__
    resources: tmpdir=/var/folders/dj/14c985vd1ng7gf0vvw_ytrpw0000gn/T

[Fri Nov  8 20:01:46 2024]
Finished job 2.
1 of 6 steps (17%) done
Select jobs to execute...
Execute 4 jobs...

[Fri Nov  8 20:01:46 2024]
localrule er_cx:
    input: results/__cythonized__
    output: results/synthetic/er/nodes=10 p=0.5 r=0.5/cx/samples=50 length=10 exact=False directed=False parallel=False/cx_0.csv
    jobid: 3
    reason: Missing output files: results/synthetic/er/nodes=10 p=0.5 r=0.5/cx/samples=50 length=10 exact=False directed=False parallel=False/cx_0.csv; Input files updated by another job: results/__cythonized__
    wildcards: kind=er, n_nodes=10, prob_p=0.5, neg_edge_prob=0.5, n_samples=50, max_length=10, exact=False, directed=False, parallel=False, run=0
    resources: tmpdir=/var/folders/dj/14c985vd1ng7gf0vvw_ytrpw0000gn/T

[Fri Nov  8 20:01:46 2024]
localrule er_pyr:
    input: results/__cythonized__
    output: results/synthetic/er/nodes=10 p=0.5 r=0.5/pyr/samples=100 specified_p=0.5/pyr_0.csv
    jobid: 1
    reason: Missing output files: results/synthetic/er/nodes=10 p=0.5 r=0.5/pyr/samples=100 specified_p=0.5/pyr_0.csv; Input files updated by another job: results/__cythonized__
    wildcards: kind=er, n_nodes=10, prob_p=0.5, neg_edge_prob=0.5, n_samples=100, pyr_spec_edge_prob=0.5, run=0
    resources: tmpdir=/var/folders/dj/14c985vd1ng7gf0vvw_ytrpw0000gn/T

[Fri Nov  8 20:01:46 2024]
localrule er_cx:
    input: results/__cythonized__
    output: results/synthetic/er/nodes=20 p=0.2 r=0.5/cx/samples=50 length=10 exact=False directed=True parallel=False/cx_0.csv
    jobid: 5
    reason: Missing output files: results/synthetic/er/nodes=20 p=0.2 r=0.5/cx/samples=50 length=10 exact=False directed=True parallel=False/cx_0.csv; Input files updated by another job: results/__cythonized__
    wildcards: kind=er, n_nodes=20, prob_p=0.2, neg_edge_prob=0.5, n_samples=50, max_length=10, exact=False, directed=True, parallel=False, run=0
    resources: tmpdir=/var/folders/dj/14c985vd1ng7gf0vvw_ytrpw0000gn/T

[Fri Nov  8 20:01:46 2024]
localrule er_cx:
    input: results/__cythonized__
    output: results/synthetic/er/nodes=10 p=0.1 r=0.5/cx/samples=50 length=10 exact=False directed=False parallel=False/cx_0.csv
    jobid: 4
    reason: Missing output files: results/synthetic/er/nodes=10 p=0.1 r=0.5/cx/samples=50 length=10 exact=False directed=False parallel=False/cx_0.csv; Input files updated by another job: results/__cythonized__
    wildcards: kind=er, n_nodes=10, prob_p=0.1, neg_edge_prob=0.5, n_samples=50, max_length=10, exact=False, directed=False, parallel=False, run=0
    resources: tmpdir=/var/folders/dj/14c985vd1ng7gf0vvw_ytrpw0000gn/T

[Fri Nov  8 20:01:49 2024]
Finished job 1.
2 of 6 steps (33%) done
[Fri Nov  8 20:01:52 2024]
Finished job 4.
3 of 6 steps (50%) done
[Fri Nov  8 20:02:05 2024]
Finished job 5.
4 of 6 steps (67%) done
[Fri Nov  8 20:02:16 2024]
Finished job 3.
5 of 6 steps (83%) done
Select jobs to execute...
Execute 1 jobs...

[Fri Nov  8 20:02:16 2024]
localrule er_exp:
    input: results/synthetic/er/nodes=10 p=0.5 r=0.5/pyr/samples=100 specified_p=0.5/pyr_0.csv, results/synthetic/er/nodes=10 p=0.5 r=0.5/cx/samples=50 length=10 exact=False directed=False parallel=False/cx_0.csv, results/synthetic/er/nodes=10 p=0.1 r=0.5/cx/samples=50 length=10 exact=False directed=False parallel=False/cx_0.csv, results/synthetic/er/nodes=20 p=0.2 r=0.5/cx/samples=50 length=10 exact=False directed=True parallel=False/cx_0.csv
    jobid: 0
    reason: Input files updated by another job: results/synthetic/er/nodes=10 p=0.5 r=0.5/pyr/samples=100 specified_p=0.5/pyr_0.csv, results/synthetic/er/nodes=10 p=0.1 r=0.5/cx/samples=50 length=10 exact=False directed=False parallel=False/cx_0.csv, results/synthetic/er/nodes=10 p=0.5 r=0.5/cx/samples=50 length=10 exact=False directed=False parallel=False/cx_0.csv, results/synthetic/er/nodes=20 p=0.2 r=0.5/cx/samples=50 length=10 exact=False directed=True parallel=False/cx_0.csv
    resources: tmpdir=/var/folders/dj/14c985vd1ng7gf0vvw_ytrpw0000gn/T

[Fri Nov  8 20:02:16 2024]
Finished job 0.
6 of 6 steps (100%) done
Complete log: .snakemake/log/2024-11-08T200144.366786.snakemake.log
