host: MacBook-Pro-von-Frederic.local
Building DAG of jobs...
Using shell: /opt/local/bin/bash
Provided cores: 8
Rules claiming more threads will be scaled down.
Job stats:
job             count
------------  -------
combine_exps        4
sbm_cx              4
sbm_test            1
total               9

Select jobs to execute...
Execute 4 jobs...

[Mon Nov 11 23:53:21 2024]
localrule sbm_cx:
    input: results/__cythonized__
    output: results/synthetic/sbm/exp=1 re=False d=False/cx/e=False p=False l=10 s=20/run/cx_0.csv
    jobid: 9
    reason: Missing output files: results/synthetic/sbm/exp=1 re=False d=False/cx/e=False p=False l=10 s=20/run/cx_0.csv
    wildcards: exp=1, neg_edge_dist_exact=False, directed=False, exact=False, parallel=False, max_length=10, n_samples=20, run=0
    resources: tmpdir=/var/folders/dj/14c985vd1ng7gf0vvw_ytrpw0000gn/T

[Mon Nov 11 23:53:21 2024]
localrule sbm_cx:
    input: results/__cythonized__
    output: results/synthetic/sbm/exp=1 re=True d=False/cx/e=False p=False l=10 s=20/run/cx_0.csv
    jobid: 7
    reason: Missing output files: results/synthetic/sbm/exp=1 re=True d=False/cx/e=False p=False l=10 s=20/run/cx_0.csv
    wildcards: exp=1, neg_edge_dist_exact=True, directed=False, exact=False, parallel=False, max_length=10, n_samples=20, run=0
    resources: tmpdir=/var/folders/dj/14c985vd1ng7gf0vvw_ytrpw0000gn/T

[Mon Nov 11 23:53:21 2024]
localrule sbm_cx:
    input: results/__cythonized__
    output: results/synthetic/sbm/exp=0 re=False d=False/cx/e=False p=False l=10 s=20/run/cx_0.csv
    jobid: 5
    reason: Missing output files: results/synthetic/sbm/exp=0 re=False d=False/cx/e=False p=False l=10 s=20/run/cx_0.csv
    wildcards: exp=0, neg_edge_dist_exact=False, directed=False, exact=False, parallel=False, max_length=10, n_samples=20, run=0
    resources: tmpdir=/var/folders/dj/14c985vd1ng7gf0vvw_ytrpw0000gn/T

[Mon Nov 11 23:53:21 2024]
localrule sbm_cx:
    input: results/__cythonized__
    output: results/synthetic/sbm/exp=0 re=True d=False/cx/e=False p=False l=10 s=20/run/cx_0.csv
    jobid: 2
    reason: Missing output files: results/synthetic/sbm/exp=0 re=True d=False/cx/e=False p=False l=10 s=20/run/cx_0.csv
    wildcards: exp=0, neg_edge_dist_exact=True, directed=False, exact=False, parallel=False, max_length=10, n_samples=20, run=0
    resources: tmpdir=/var/folders/dj/14c985vd1ng7gf0vvw_ytrpw0000gn/T

[Mon Nov 11 23:53:29 2024]
Finished job 5.
1 of 9 steps (11%) done
Select jobs to execute...
Execute 1 jobs...

[Mon Nov 11 23:53:29 2024]
localrule combine_exps:
    input: results/synthetic/sbm/exp=0 re=False d=False/cx/e=False p=False l=10 s=20/run/cx_0.csv
    output: results/synthetic/sbm/exp=0 re=False d=False/cx/e=False p=False l=10 s=20/cx_0_combined.csv
    jobid: 4
    reason: Missing output files: results/synthetic/sbm/exp=0 re=False d=False/cx/e=False p=False l=10 s=20/cx_0_combined.csv; Input files updated by another job: results/synthetic/sbm/exp=0 re=False d=False/cx/e=False p=False l=10 s=20/run/cx_0.csv
    wildcards: path=results/synthetic/sbm/exp=0 re=False d=False/cx/e=False p=False l=10 s=20, alg=cx, runs=0
    resources: tmpdir=/var/folders/dj/14c985vd1ng7gf0vvw_ytrpw0000gn/T

[Mon Nov 11 23:53:29 2024]
Finished job 2.
2 of 9 steps (22%) done
Select jobs to execute...
Execute 1 jobs...

[Mon Nov 11 23:53:29 2024]
localrule combine_exps:
    input: results/synthetic/sbm/exp=0 re=True d=False/cx/e=False p=False l=10 s=20/run/cx_0.csv
    output: results/synthetic/sbm/exp=0 re=True d=False/cx/e=False p=False l=10 s=20/cx_0_combined.csv
    jobid: 1
    reason: Missing output files: results/synthetic/sbm/exp=0 re=True d=False/cx/e=False p=False l=10 s=20/cx_0_combined.csv; Input files updated by another job: results/synthetic/sbm/exp=0 re=True d=False/cx/e=False p=False l=10 s=20/run/cx_0.csv
    wildcards: path=results/synthetic/sbm/exp=0 re=True d=False/cx/e=False p=False l=10 s=20, alg=cx, runs=0
    resources: tmpdir=/var/folders/dj/14c985vd1ng7gf0vvw_ytrpw0000gn/T

[Mon Nov 11 23:53:30 2024]
Finished job 4.
3 of 9 steps (33%) done
[Mon Nov 11 23:53:30 2024]
Finished job 1.
4 of 9 steps (44%) done
[Mon Nov 11 23:53:32 2024]
Finished job 7.
5 of 9 steps (56%) done
Select jobs to execute...
Execute 1 jobs...

[Mon Nov 11 23:53:32 2024]
localrule combine_exps:
    input: results/synthetic/sbm/exp=1 re=True d=False/cx/e=False p=False l=10 s=20/run/cx_0.csv
    output: results/synthetic/sbm/exp=1 re=True d=False/cx/e=False p=False l=10 s=20/cx_0_combined.csv
    jobid: 6
    reason: Missing output files: results/synthetic/sbm/exp=1 re=True d=False/cx/e=False p=False l=10 s=20/cx_0_combined.csv; Input files updated by another job: results/synthetic/sbm/exp=1 re=True d=False/cx/e=False p=False l=10 s=20/run/cx_0.csv
    wildcards: path=results/synthetic/sbm/exp=1 re=True d=False/cx/e=False p=False l=10 s=20, alg=cx, runs=0
    resources: tmpdir=/var/folders/dj/14c985vd1ng7gf0vvw_ytrpw0000gn/T

[Mon Nov 11 23:53:32 2024]
Finished job 9.
6 of 9 steps (67%) done
Select jobs to execute...
Execute 1 jobs...

[Mon Nov 11 23:53:32 2024]
localrule combine_exps:
    input: results/synthetic/sbm/exp=1 re=False d=False/cx/e=False p=False l=10 s=20/run/cx_0.csv
    output: results/synthetic/sbm/exp=1 re=False d=False/cx/e=False p=False l=10 s=20/cx_0_combined.csv
    jobid: 8
    reason: Missing output files: results/synthetic/sbm/exp=1 re=False d=False/cx/e=False p=False l=10 s=20/cx_0_combined.csv; Input files updated by another job: results/synthetic/sbm/exp=1 re=False d=False/cx/e=False p=False l=10 s=20/run/cx_0.csv
    wildcards: path=results/synthetic/sbm/exp=1 re=False d=False/cx/e=False p=False l=10 s=20, alg=cx, runs=0
    resources: tmpdir=/var/folders/dj/14c985vd1ng7gf0vvw_ytrpw0000gn/T

[Mon Nov 11 23:53:34 2024]
Finished job 6.
7 of 9 steps (78%) done
[Mon Nov 11 23:53:34 2024]
Finished job 8.
8 of 9 steps (89%) done
Select jobs to execute...
Execute 1 jobs...

[Mon Nov 11 23:53:34 2024]
localrule sbm_test:
    input: results/synthetic/sbm/exp=0 re=True d=False/cx/e=False p=False l=10 s=20/cx_0_combined.csv, results/synthetic/sbm/exp=0 re=False d=False/cx/e=False p=False l=10 s=20/cx_0_combined.csv, results/synthetic/sbm/exp=1 re=True d=False/cx/e=False p=False l=10 s=20/cx_0_combined.csv, results/synthetic/sbm/exp=1 re=False d=False/cx/e=False p=False l=10 s=20/cx_0_combined.csv
    jobid: 0
    reason: Input files updated by another job: results/synthetic/sbm/exp=0 re=False d=False/cx/e=False p=False l=10 s=20/cx_0_combined.csv, results/synthetic/sbm/exp=1 re=False d=False/cx/e=False p=False l=10 s=20/cx_0_combined.csv, results/synthetic/sbm/exp=1 re=True d=False/cx/e=False p=False l=10 s=20/cx_0_combined.csv, results/synthetic/sbm/exp=0 re=True d=False/cx/e=False p=False l=10 s=20/cx_0_combined.csv
    resources: tmpdir=/var/folders/dj/14c985vd1ng7gf0vvw_ytrpw0000gn/T

[Mon Nov 11 23:53:34 2024]
Finished job 0.
9 of 9 steps (100%) done
Complete log: .snakemake/log/2024-11-11T235320.921973.snakemake.log
