host: MacBook-Pro-von-Frederic.local
Building DAG of jobs...
Using shell: /opt/local/bin/bash
Provided cores: 8
Rules claiming more threads will be scaled down.
Job stats:
job             count
------------  -------
combine_exps       19
complete_cx        19
time_exp            1
total              39

Select jobs to execute...
Execute 8 jobs...

[Sun Nov 10 23:24:57 2024]
localrule complete_cx:
    output: results/synthetic/complete/n=5 r=0.5 d=False/cx/e=True p=False l=10 s=1/run/cx_0.csv
    jobid: 10
    reason: Missing output files: results/synthetic/complete/n=5 r=0.5 d=False/cx/e=True p=False l=10 s=1/run/cx_0.csv
    wildcards: n_nodes=5, neg_edge_prob=0.5, directed=False, exact=True, parallel=False, max_length=10, n_samples=1, run=0
    resources: tmpdir=/var/folders/dj/14c985vd1ng7gf0vvw_ytrpw0000gn/T

[Sun Nov 10 23:24:57 2024]
localrule complete_cx:
    output: results/synthetic/complete/n=16 r=0.5 d=False/cx/e=True p=False l=10 s=1/run/cx_0.csv
    jobid: 32
    reason: Missing output files: results/synthetic/complete/n=16 r=0.5 d=False/cx/e=True p=False l=10 s=1/run/cx_0.csv
    wildcards: n_nodes=16, neg_edge_prob=0.5, directed=False, exact=True, parallel=False, max_length=10, n_samples=1, run=0
    resources: tmpdir=/var/folders/dj/14c985vd1ng7gf0vvw_ytrpw0000gn/T

[Sun Nov 10 23:24:57 2024]
localrule complete_cx:
    output: results/synthetic/complete/n=1 r=0.5 d=False/cx/e=True p=False l=10 s=1/run/cx_0.csv
    jobid: 2
    reason: Missing output files: results/synthetic/complete/n=1 r=0.5 d=False/cx/e=True p=False l=10 s=1/run/cx_0.csv
    wildcards: n_nodes=1, neg_edge_prob=0.5, directed=False, exact=True, parallel=False, max_length=10, n_samples=1, run=0
    resources: tmpdir=/var/folders/dj/14c985vd1ng7gf0vvw_ytrpw0000gn/T

[Sun Nov 10 23:24:57 2024]
localrule complete_cx:
    output: results/synthetic/complete/n=11 r=0.5 d=False/cx/e=True p=False l=10 s=1/run/cx_0.csv
    jobid: 22
    reason: Missing output files: results/synthetic/complete/n=11 r=0.5 d=False/cx/e=True p=False l=10 s=1/run/cx_0.csv
    wildcards: n_nodes=11, neg_edge_prob=0.5, directed=False, exact=True, parallel=False, max_length=10, n_samples=1, run=0
    resources: tmpdir=/var/folders/dj/14c985vd1ng7gf0vvw_ytrpw0000gn/T

[Sun Nov 10 23:24:57 2024]
localrule complete_cx:
    output: results/synthetic/complete/n=18 r=0.5 d=False/cx/e=True p=False l=10 s=1/run/cx_0.csv
    jobid: 36
    reason: Missing output files: results/synthetic/complete/n=18 r=0.5 d=False/cx/e=True p=False l=10 s=1/run/cx_0.csv
    wildcards: n_nodes=18, neg_edge_prob=0.5, directed=False, exact=True, parallel=False, max_length=10, n_samples=1, run=0
    resources: tmpdir=/var/folders/dj/14c985vd1ng7gf0vvw_ytrpw0000gn/T

[Sun Nov 10 23:24:57 2024]
localrule complete_cx:
    output: results/synthetic/complete/n=8 r=0.5 d=False/cx/e=True p=False l=10 s=1/run/cx_0.csv
    jobid: 16
    reason: Missing output files: results/synthetic/complete/n=8 r=0.5 d=False/cx/e=True p=False l=10 s=1/run/cx_0.csv
    wildcards: n_nodes=8, neg_edge_prob=0.5, directed=False, exact=True, parallel=False, max_length=10, n_samples=1, run=0
    resources: tmpdir=/var/folders/dj/14c985vd1ng7gf0vvw_ytrpw0000gn/T

[Sun Nov 10 23:24:57 2024]
localrule complete_cx:
    output: results/synthetic/complete/n=19 r=0.5 d=False/cx/e=True p=False l=10 s=1/run/cx_0.csv
    jobid: 38
    reason: Missing output files: results/synthetic/complete/n=19 r=0.5 d=False/cx/e=True p=False l=10 s=1/run/cx_0.csv
    wildcards: n_nodes=19, neg_edge_prob=0.5, directed=False, exact=True, parallel=False, max_length=10, n_samples=1, run=0
    resources: tmpdir=/var/folders/dj/14c985vd1ng7gf0vvw_ytrpw0000gn/T

[Sun Nov 10 23:24:57 2024]
localrule complete_cx:
    output: results/synthetic/complete/n=10 r=0.5 d=False/cx/e=True p=False l=10 s=1/run/cx_0.csv
    jobid: 20
    reason: Missing output files: results/synthetic/complete/n=10 r=0.5 d=False/cx/e=True p=False l=10 s=1/run/cx_0.csv
    wildcards: n_nodes=10, neg_edge_prob=0.5, directed=False, exact=True, parallel=False, max_length=10, n_samples=1, run=0
    resources: tmpdir=/var/folders/dj/14c985vd1ng7gf0vvw_ytrpw0000gn/T

[Sun Nov 10 23:25:00 2024]
Finished job 2.
1 of 39 steps (3%) done
Select jobs to execute...
Execute 1 jobs...

[Sun Nov 10 23:25:00 2024]
localrule complete_cx:
    output: results/synthetic/complete/n=13 r=0.5 d=False/cx/e=True p=False l=10 s=1/run/cx_0.csv
    jobid: 26
    reason: Missing output files: results/synthetic/complete/n=13 r=0.5 d=False/cx/e=True p=False l=10 s=1/run/cx_0.csv
    wildcards: n_nodes=13, neg_edge_prob=0.5, directed=False, exact=True, parallel=False, max_length=10, n_samples=1, run=0
    resources: tmpdir=/var/folders/dj/14c985vd1ng7gf0vvw_ytrpw0000gn/T

[Sun Nov 10 23:25:00 2024]
Finished job 10.
2 of 39 steps (5%) done
Select jobs to execute...
Execute 1 jobs...

[Sun Nov 10 23:25:01 2024]
localrule complete_cx:
    output: results/synthetic/complete/n=3 r=0.5 d=False/cx/e=True p=False l=10 s=1/run/cx_0.csv
    jobid: 6
    reason: Missing output files: results/synthetic/complete/n=3 r=0.5 d=False/cx/e=True p=False l=10 s=1/run/cx_0.csv
    wildcards: n_nodes=3, neg_edge_prob=0.5, directed=False, exact=True, parallel=False, max_length=10, n_samples=1, run=0
    resources: tmpdir=/var/folders/dj/14c985vd1ng7gf0vvw_ytrpw0000gn/T

[Sun Nov 10 23:25:01 2024]
Finished job 16.
3 of 39 steps (8%) done
Select jobs to execute...
Execute 1 jobs...

[Sun Nov 10 23:25:01 2024]
localrule complete_cx:
    output: results/synthetic/complete/n=14 r=0.5 d=False/cx/e=True p=False l=10 s=1/run/cx_0.csv
    jobid: 28
    reason: Missing output files: results/synthetic/complete/n=14 r=0.5 d=False/cx/e=True p=False l=10 s=1/run/cx_0.csv
    wildcards: n_nodes=14, neg_edge_prob=0.5, directed=False, exact=True, parallel=False, max_length=10, n_samples=1, run=0
    resources: tmpdir=/var/folders/dj/14c985vd1ng7gf0vvw_ytrpw0000gn/T

[Sun Nov 10 23:25:02 2024]
Finished job 20.
4 of 39 steps (10%) done
Select jobs to execute...
Execute 1 jobs...

[Sun Nov 10 23:25:02 2024]
localrule complete_cx:
    output: results/synthetic/complete/n=4 r=0.5 d=False/cx/e=True p=False l=10 s=1/run/cx_0.csv
    jobid: 8
    reason: Missing output files: results/synthetic/complete/n=4 r=0.5 d=False/cx/e=True p=False l=10 s=1/run/cx_0.csv
    wildcards: n_nodes=4, neg_edge_prob=0.5, directed=False, exact=True, parallel=False, max_length=10, n_samples=1, run=0
    resources: tmpdir=/var/folders/dj/14c985vd1ng7gf0vvw_ytrpw0000gn/T

[Sun Nov 10 23:25:04 2024]
Finished job 22.
5 of 39 steps (13%) done
Select jobs to execute...
Execute 1 jobs...

[Sun Nov 10 23:25:04 2024]
localrule combine_exps:
    input: results/synthetic/complete/n=11 r=0.5 d=False/cx/e=True p=False l=10 s=1/run/cx_0.csv
    output: results/synthetic/complete/n=11 r=0.5 d=False/cx/e=True p=False l=10 s=1/cx_0_combined.csv
    jobid: 21
    reason: Missing output files: results/synthetic/complete/n=11 r=0.5 d=False/cx/e=True p=False l=10 s=1/cx_0_combined.csv; Input files updated by another job: results/synthetic/complete/n=11 r=0.5 d=False/cx/e=True p=False l=10 s=1/run/cx_0.csv
    wildcards: path=results/synthetic/complete/n=11 r=0.5 d=False/cx/e=True p=False l=10 s=1, alg=cx, runs=0
    resources: tmpdir=/var/folders/dj/14c985vd1ng7gf0vvw_ytrpw0000gn/T

[Sun Nov 10 23:25:04 2024]
Finished job 6.
6 of 39 steps (15%) done
Select jobs to execute...
Execute 1 jobs...

[Sun Nov 10 23:25:04 2024]
localrule complete_cx:
    output: results/synthetic/complete/n=9 r=0.5 d=False/cx/e=True p=False l=10 s=1/run/cx_0.csv
    jobid: 18
    reason: Missing output files: results/synthetic/complete/n=9 r=0.5 d=False/cx/e=True p=False l=10 s=1/run/cx_0.csv
    wildcards: n_nodes=9, neg_edge_prob=0.5, directed=False, exact=True, parallel=False, max_length=10, n_samples=1, run=0
    resources: tmpdir=/var/folders/dj/14c985vd1ng7gf0vvw_ytrpw0000gn/T

[Sun Nov 10 23:25:05 2024]
Finished job 8.
7 of 39 steps (18%) done
Select jobs to execute...
Execute 1 jobs...

[Sun Nov 10 23:25:05 2024]
localrule combine_exps:
    input: results/synthetic/complete/n=4 r=0.5 d=False/cx/e=True p=False l=10 s=1/run/cx_0.csv
    output: results/synthetic/complete/n=4 r=0.5 d=False/cx/e=True p=False l=10 s=1/cx_0_combined.csv
    jobid: 7
    reason: Missing output files: results/synthetic/complete/n=4 r=0.5 d=False/cx/e=True p=False l=10 s=1/cx_0_combined.csv; Input files updated by another job: results/synthetic/complete/n=4 r=0.5 d=False/cx/e=True p=False l=10 s=1/run/cx_0.csv
    wildcards: path=results/synthetic/complete/n=4 r=0.5 d=False/cx/e=True p=False l=10 s=1, alg=cx, runs=0
    resources: tmpdir=/var/folders/dj/14c985vd1ng7gf0vvw_ytrpw0000gn/T

[Sun Nov 10 23:25:06 2024]
Finished job 21.
8 of 39 steps (21%) done
Select jobs to execute...
Execute 1 jobs...

[Sun Nov 10 23:25:06 2024]
localrule combine_exps:
    input: results/synthetic/complete/n=3 r=0.5 d=False/cx/e=True p=False l=10 s=1/run/cx_0.csv
    output: results/synthetic/complete/n=3 r=0.5 d=False/cx/e=True p=False l=10 s=1/cx_0_combined.csv
    jobid: 5
    reason: Missing output files: results/synthetic/complete/n=3 r=0.5 d=False/cx/e=True p=False l=10 s=1/cx_0_combined.csv; Input files updated by another job: results/synthetic/complete/n=3 r=0.5 d=False/cx/e=True p=False l=10 s=1/run/cx_0.csv
    wildcards: path=results/synthetic/complete/n=3 r=0.5 d=False/cx/e=True p=False l=10 s=1, alg=cx, runs=0
    resources: tmpdir=/var/folders/dj/14c985vd1ng7gf0vvw_ytrpw0000gn/T

[Sun Nov 10 23:25:07 2024]
Finished job 18.
9 of 39 steps (23%) done
Select jobs to execute...
Execute 1 jobs...

[Sun Nov 10 23:25:08 2024]
localrule combine_exps:
    input: results/synthetic/complete/n=8 r=0.5 d=False/cx/e=True p=False l=10 s=1/run/cx_0.csv
    output: results/synthetic/complete/n=8 r=0.5 d=False/cx/e=True p=False l=10 s=1/cx_0_combined.csv
    jobid: 15
    reason: Missing output files: results/synthetic/complete/n=8 r=0.5 d=False/cx/e=True p=False l=10 s=1/cx_0_combined.csv; Input files updated by another job: results/synthetic/complete/n=8 r=0.5 d=False/cx/e=True p=False l=10 s=1/run/cx_0.csv
    wildcards: path=results/synthetic/complete/n=8 r=0.5 d=False/cx/e=True p=False l=10 s=1, alg=cx, runs=0
    resources: tmpdir=/var/folders/dj/14c985vd1ng7gf0vvw_ytrpw0000gn/T

[Sun Nov 10 23:25:08 2024]
Finished job 7.
10 of 39 steps (26%) done
Select jobs to execute...
Execute 1 jobs...

[Sun Nov 10 23:25:08 2024]
localrule combine_exps:
    input: results/synthetic/complete/n=10 r=0.5 d=False/cx/e=True p=False l=10 s=1/run/cx_0.csv
    output: results/synthetic/complete/n=10 r=0.5 d=False/cx/e=True p=False l=10 s=1/cx_0_combined.csv
    jobid: 19
    reason: Missing output files: results/synthetic/complete/n=10 r=0.5 d=False/cx/e=True p=False l=10 s=1/cx_0_combined.csv; Input files updated by another job: results/synthetic/complete/n=10 r=0.5 d=False/cx/e=True p=False l=10 s=1/run/cx_0.csv
    wildcards: path=results/synthetic/complete/n=10 r=0.5 d=False/cx/e=True p=False l=10 s=1, alg=cx, runs=0
    resources: tmpdir=/var/folders/dj/14c985vd1ng7gf0vvw_ytrpw0000gn/T

[Sun Nov 10 23:25:09 2024]
Finished job 5.
11 of 39 steps (28%) done
Select jobs to execute...
Execute 1 jobs...

[Sun Nov 10 23:25:09 2024]
localrule complete_cx:
    output: results/synthetic/complete/n=12 r=0.5 d=False/cx/e=True p=False l=10 s=1/run/cx_0.csv
    jobid: 24
    reason: Missing output files: results/synthetic/complete/n=12 r=0.5 d=False/cx/e=True p=False l=10 s=1/run/cx_0.csv
    wildcards: n_nodes=12, neg_edge_prob=0.5, directed=False, exact=True, parallel=False, max_length=10, n_samples=1, run=0
    resources: tmpdir=/var/folders/dj/14c985vd1ng7gf0vvw_ytrpw0000gn/T

[Sun Nov 10 23:25:10 2024]
Finished job 15.
12 of 39 steps (31%) done
Select jobs to execute...
Execute 1 jobs...

[Sun Nov 10 23:25:10 2024]
localrule complete_cx:
    output: results/synthetic/complete/n=2 r=0.5 d=False/cx/e=True p=False l=10 s=1/run/cx_0.csv
    jobid: 4
    reason: Missing output files: results/synthetic/complete/n=2 r=0.5 d=False/cx/e=True p=False l=10 s=1/run/cx_0.csv
    wildcards: n_nodes=2, neg_edge_prob=0.5, directed=False, exact=True, parallel=False, max_length=10, n_samples=1, run=0
    resources: tmpdir=/var/folders/dj/14c985vd1ng7gf0vvw_ytrpw0000gn/T

[Sun Nov 10 23:25:10 2024]
Finished job 19.
13 of 39 steps (33%) done
Select jobs to execute...
Execute 1 jobs...

[Sun Nov 10 23:25:11 2024]
localrule complete_cx:
    output: results/synthetic/complete/n=17 r=0.5 d=False/cx/e=True p=False l=10 s=1/run/cx_0.csv
    jobid: 34
    reason: Missing output files: results/synthetic/complete/n=17 r=0.5 d=False/cx/e=True p=False l=10 s=1/run/cx_0.csv
    wildcards: n_nodes=17, neg_edge_prob=0.5, directed=False, exact=True, parallel=False, max_length=10, n_samples=1, run=0
    resources: tmpdir=/var/folders/dj/14c985vd1ng7gf0vvw_ytrpw0000gn/T

[Sun Nov 10 23:25:13 2024]
Finished job 4.
14 of 39 steps (36%) done
Select jobs to execute...
Execute 1 jobs...

[Sun Nov 10 23:25:13 2024]
localrule combine_exps:
    input: results/synthetic/complete/n=2 r=0.5 d=False/cx/e=True p=False l=10 s=1/run/cx_0.csv
    output: results/synthetic/complete/n=2 r=0.5 d=False/cx/e=True p=False l=10 s=1/cx_0_combined.csv
    jobid: 3
    reason: Missing output files: results/synthetic/complete/n=2 r=0.5 d=False/cx/e=True p=False l=10 s=1/cx_0_combined.csv; Input files updated by another job: results/synthetic/complete/n=2 r=0.5 d=False/cx/e=True p=False l=10 s=1/run/cx_0.csv
    wildcards: path=results/synthetic/complete/n=2 r=0.5 d=False/cx/e=True p=False l=10 s=1, alg=cx, runs=0
    resources: tmpdir=/var/folders/dj/14c985vd1ng7gf0vvw_ytrpw0000gn/T

[Sun Nov 10 23:25:15 2024]
Finished job 26.
15 of 39 steps (38%) done
Select jobs to execute...
Execute 1 jobs...

[Sun Nov 10 23:25:15 2024]
localrule complete_cx:
    output: results/synthetic/complete/n=7 r=0.5 d=False/cx/e=True p=False l=10 s=1/run/cx_0.csv
    jobid: 14
    reason: Missing output files: results/synthetic/complete/n=7 r=0.5 d=False/cx/e=True p=False l=10 s=1/run/cx_0.csv
    wildcards: n_nodes=7, neg_edge_prob=0.5, directed=False, exact=True, parallel=False, max_length=10, n_samples=1, run=0
    resources: tmpdir=/var/folders/dj/14c985vd1ng7gf0vvw_ytrpw0000gn/T

[Sun Nov 10 23:25:15 2024]
Finished job 3.
16 of 39 steps (41%) done
Select jobs to execute...
Execute 1 jobs...

[Sun Nov 10 23:25:16 2024]
localrule combine_exps:
    input: results/synthetic/complete/n=1 r=0.5 d=False/cx/e=True p=False l=10 s=1/run/cx_0.csv
    output: results/synthetic/complete/n=1 r=0.5 d=False/cx/e=True p=False l=10 s=1/cx_0_combined.csv
    jobid: 1
    reason: Missing output files: results/synthetic/complete/n=1 r=0.5 d=False/cx/e=True p=False l=10 s=1/cx_0_combined.csv; Input files updated by another job: results/synthetic/complete/n=1 r=0.5 d=False/cx/e=True p=False l=10 s=1/run/cx_0.csv
    wildcards: path=results/synthetic/complete/n=1 r=0.5 d=False/cx/e=True p=False l=10 s=1, alg=cx, runs=0
    resources: tmpdir=/var/folders/dj/14c985vd1ng7gf0vvw_ytrpw0000gn/T

[Sun Nov 10 23:25:17 2024]
Finished job 24.
17 of 39 steps (44%) done
Select jobs to execute...
Execute 1 jobs...

[Sun Nov 10 23:25:17 2024]
localrule combine_exps:
    input: results/synthetic/complete/n=12 r=0.5 d=False/cx/e=True p=False l=10 s=1/run/cx_0.csv
    output: results/synthetic/complete/n=12 r=0.5 d=False/cx/e=True p=False l=10 s=1/cx_0_combined.csv
    jobid: 23
    reason: Missing output files: results/synthetic/complete/n=12 r=0.5 d=False/cx/e=True p=False l=10 s=1/cx_0_combined.csv; Input files updated by another job: results/synthetic/complete/n=12 r=0.5 d=False/cx/e=True p=False l=10 s=1/run/cx_0.csv
    wildcards: path=results/synthetic/complete/n=12 r=0.5 d=False/cx/e=True p=False l=10 s=1, alg=cx, runs=0
    resources: tmpdir=/var/folders/dj/14c985vd1ng7gf0vvw_ytrpw0000gn/T

[Sun Nov 10 23:25:18 2024]
Finished job 14.
18 of 39 steps (46%) done
Select jobs to execute...
Execute 1 jobs...

[Sun Nov 10 23:25:18 2024]
localrule combine_exps:
    input: results/synthetic/complete/n=7 r=0.5 d=False/cx/e=True p=False l=10 s=1/run/cx_0.csv
    output: results/synthetic/complete/n=7 r=0.5 d=False/cx/e=True p=False l=10 s=1/cx_0_combined.csv
    jobid: 13
    reason: Missing output files: results/synthetic/complete/n=7 r=0.5 d=False/cx/e=True p=False l=10 s=1/cx_0_combined.csv; Input files updated by another job: results/synthetic/complete/n=7 r=0.5 d=False/cx/e=True p=False l=10 s=1/run/cx_0.csv
    wildcards: path=results/synthetic/complete/n=7 r=0.5 d=False/cx/e=True p=False l=10 s=1, alg=cx, runs=0
    resources: tmpdir=/var/folders/dj/14c985vd1ng7gf0vvw_ytrpw0000gn/T

[Sun Nov 10 23:25:18 2024]
Finished job 1.
19 of 39 steps (49%) done
Select jobs to execute...
Execute 1 jobs...

[Sun Nov 10 23:25:18 2024]
localrule combine_exps:
    input: results/synthetic/complete/n=5 r=0.5 d=False/cx/e=True p=False l=10 s=1/run/cx_0.csv
    output: results/synthetic/complete/n=5 r=0.5 d=False/cx/e=True p=False l=10 s=1/cx_0_combined.csv
    jobid: 9
    reason: Missing output files: results/synthetic/complete/n=5 r=0.5 d=False/cx/e=True p=False l=10 s=1/cx_0_combined.csv; Input files updated by another job: results/synthetic/complete/n=5 r=0.5 d=False/cx/e=True p=False l=10 s=1/run/cx_0.csv
    wildcards: path=results/synthetic/complete/n=5 r=0.5 d=False/cx/e=True p=False l=10 s=1, alg=cx, runs=0
    resources: tmpdir=/var/folders/dj/14c985vd1ng7gf0vvw_ytrpw0000gn/T

[Sun Nov 10 23:25:20 2024]
Finished job 23.
20 of 39 steps (51%) done
Select jobs to execute...
Execute 1 jobs...

[Sun Nov 10 23:25:20 2024]
localrule complete_cx:
    output: results/synthetic/complete/n=6 r=0.5 d=False/cx/e=True p=False l=10 s=1/run/cx_0.csv
    jobid: 12
    reason: Missing output files: results/synthetic/complete/n=6 r=0.5 d=False/cx/e=True p=False l=10 s=1/run/cx_0.csv
    wildcards: n_nodes=6, neg_edge_prob=0.5, directed=False, exact=True, parallel=False, max_length=10, n_samples=1, run=0
    resources: tmpdir=/var/folders/dj/14c985vd1ng7gf0vvw_ytrpw0000gn/T

[Sun Nov 10 23:25:20 2024]
Finished job 13.
21 of 39 steps (54%) done
Select jobs to execute...
Execute 1 jobs...

[Sun Nov 10 23:25:20 2024]
localrule combine_exps:
    input: results/synthetic/complete/n=9 r=0.5 d=False/cx/e=True p=False l=10 s=1/run/cx_0.csv
    output: results/synthetic/complete/n=9 r=0.5 d=False/cx/e=True p=False l=10 s=1/cx_0_combined.csv
    jobid: 17
    reason: Missing output files: results/synthetic/complete/n=9 r=0.5 d=False/cx/e=True p=False l=10 s=1/cx_0_combined.csv; Input files updated by another job: results/synthetic/complete/n=9 r=0.5 d=False/cx/e=True p=False l=10 s=1/run/cx_0.csv
    wildcards: path=results/synthetic/complete/n=9 r=0.5 d=False/cx/e=True p=False l=10 s=1, alg=cx, runs=0
    resources: tmpdir=/var/folders/dj/14c985vd1ng7gf0vvw_ytrpw0000gn/T

[Sun Nov 10 23:25:20 2024]
Finished job 9.
22 of 39 steps (56%) done
Select jobs to execute...
Execute 1 jobs...

[Sun Nov 10 23:25:20 2024]
localrule complete_cx:
    output: results/synthetic/complete/n=15 r=0.5 d=False/cx/e=True p=False l=10 s=1/run/cx_0.csv
    jobid: 30
    reason: Missing output files: results/synthetic/complete/n=15 r=0.5 d=False/cx/e=True p=False l=10 s=1/run/cx_0.csv
    wildcards: n_nodes=15, neg_edge_prob=0.5, directed=False, exact=True, parallel=False, max_length=10, n_samples=1, run=0
    resources: tmpdir=/var/folders/dj/14c985vd1ng7gf0vvw_ytrpw0000gn/T

[Sun Nov 10 23:25:23 2024]
Finished job 17.
23 of 39 steps (59%) done
Select jobs to execute...
Execute 1 jobs...

[Sun Nov 10 23:25:23 2024]
localrule combine_exps:
    input: results/synthetic/complete/n=13 r=0.5 d=False/cx/e=True p=False l=10 s=1/run/cx_0.csv
    output: results/synthetic/complete/n=13 r=0.5 d=False/cx/e=True p=False l=10 s=1/cx_0_combined.csv
    jobid: 25
    reason: Missing output files: results/synthetic/complete/n=13 r=0.5 d=False/cx/e=True p=False l=10 s=1/cx_0_combined.csv; Input files updated by another job: results/synthetic/complete/n=13 r=0.5 d=False/cx/e=True p=False l=10 s=1/run/cx_0.csv
    wildcards: path=results/synthetic/complete/n=13 r=0.5 d=False/cx/e=True p=False l=10 s=1, alg=cx, runs=0
    resources: tmpdir=/var/folders/dj/14c985vd1ng7gf0vvw_ytrpw0000gn/T

[Sun Nov 10 23:25:23 2024]
Finished job 12.
24 of 39 steps (62%) done
Select jobs to execute...
Execute 1 jobs...

[Sun Nov 10 23:25:23 2024]
localrule combine_exps:
    input: results/synthetic/complete/n=6 r=0.5 d=False/cx/e=True p=False l=10 s=1/run/cx_0.csv
    output: results/synthetic/complete/n=6 r=0.5 d=False/cx/e=True p=False l=10 s=1/cx_0_combined.csv
    jobid: 11
    reason: Missing output files: results/synthetic/complete/n=6 r=0.5 d=False/cx/e=True p=False l=10 s=1/cx_0_combined.csv; Input files updated by another job: results/synthetic/complete/n=6 r=0.5 d=False/cx/e=True p=False l=10 s=1/run/cx_0.csv
    wildcards: path=results/synthetic/complete/n=6 r=0.5 d=False/cx/e=True p=False l=10 s=1, alg=cx, runs=0
    resources: tmpdir=/var/folders/dj/14c985vd1ng7gf0vvw_ytrpw0000gn/T

[Sun Nov 10 23:25:24 2024]
Finished job 28.
25 of 39 steps (64%) done
Select jobs to execute...
Execute 1 jobs...

[Sun Nov 10 23:25:24 2024]
localrule combine_exps:
    input: results/synthetic/complete/n=14 r=0.5 d=False/cx/e=True p=False l=10 s=1/run/cx_0.csv
    output: results/synthetic/complete/n=14 r=0.5 d=False/cx/e=True p=False l=10 s=1/cx_0_combined.csv
    jobid: 27
    reason: Missing output files: results/synthetic/complete/n=14 r=0.5 d=False/cx/e=True p=False l=10 s=1/cx_0_combined.csv; Input files updated by another job: results/synthetic/complete/n=14 r=0.5 d=False/cx/e=True p=False l=10 s=1/run/cx_0.csv
    wildcards: path=results/synthetic/complete/n=14 r=0.5 d=False/cx/e=True p=False l=10 s=1, alg=cx, runs=0
    resources: tmpdir=/var/folders/dj/14c985vd1ng7gf0vvw_ytrpw0000gn/T

[Sun Nov 10 23:25:25 2024]
Finished job 25.
26 of 39 steps (67%) done
[Sun Nov 10 23:25:25 2024]
Finished job 11.
27 of 39 steps (69%) done
[Sun Nov 10 23:25:26 2024]
Finished job 27.
28 of 39 steps (72%) done
[Sun Nov 10 23:25:47 2024]
Finished job 30.
29 of 39 steps (74%) done
Select jobs to execute...
Execute 1 jobs...

[Sun Nov 10 23:25:47 2024]
localrule combine_exps:
    input: results/synthetic/complete/n=15 r=0.5 d=False/cx/e=True p=False l=10 s=1/run/cx_0.csv
    output: results/synthetic/complete/n=15 r=0.5 d=False/cx/e=True p=False l=10 s=1/cx_0_combined.csv
    jobid: 29
    reason: Missing output files: results/synthetic/complete/n=15 r=0.5 d=False/cx/e=True p=False l=10 s=1/cx_0_combined.csv; Input files updated by another job: results/synthetic/complete/n=15 r=0.5 d=False/cx/e=True p=False l=10 s=1/run/cx_0.csv
    wildcards: path=results/synthetic/complete/n=15 r=0.5 d=False/cx/e=True p=False l=10 s=1, alg=cx, runs=0
    resources: tmpdir=/var/folders/dj/14c985vd1ng7gf0vvw_ytrpw0000gn/T

[Sun Nov 10 23:25:49 2024]
Finished job 29.
30 of 39 steps (77%) done
[Sun Nov 10 23:25:52 2024]
Finished job 32.
31 of 39 steps (79%) done
Select jobs to execute...
Execute 1 jobs...

[Sun Nov 10 23:25:52 2024]
localrule combine_exps:
    input: results/synthetic/complete/n=16 r=0.5 d=False/cx/e=True p=False l=10 s=1/run/cx_0.csv
    output: results/synthetic/complete/n=16 r=0.5 d=False/cx/e=True p=False l=10 s=1/cx_0_combined.csv
    jobid: 31
    reason: Missing output files: results/synthetic/complete/n=16 r=0.5 d=False/cx/e=True p=False l=10 s=1/cx_0_combined.csv; Input files updated by another job: results/synthetic/complete/n=16 r=0.5 d=False/cx/e=True p=False l=10 s=1/run/cx_0.csv
    wildcards: path=results/synthetic/complete/n=16 r=0.5 d=False/cx/e=True p=False l=10 s=1, alg=cx, runs=0
    resources: tmpdir=/var/folders/dj/14c985vd1ng7gf0vvw_ytrpw0000gn/T

[Sun Nov 10 23:25:54 2024]
Finished job 31.
32 of 39 steps (82%) done
[Sun Nov 10 23:26:27 2024]
Finished job 34.
33 of 39 steps (85%) done
Select jobs to execute...
Execute 1 jobs...

[Sun Nov 10 23:26:27 2024]
localrule combine_exps:
    input: results/synthetic/complete/n=17 r=0.5 d=False/cx/e=True p=False l=10 s=1/run/cx_0.csv
    output: results/synthetic/complete/n=17 r=0.5 d=False/cx/e=True p=False l=10 s=1/cx_0_combined.csv
    jobid: 33
    reason: Missing output files: results/synthetic/complete/n=17 r=0.5 d=False/cx/e=True p=False l=10 s=1/cx_0_combined.csv; Input files updated by another job: results/synthetic/complete/n=17 r=0.5 d=False/cx/e=True p=False l=10 s=1/run/cx_0.csv
    wildcards: path=results/synthetic/complete/n=17 r=0.5 d=False/cx/e=True p=False l=10 s=1, alg=cx, runs=0
    resources: tmpdir=/var/folders/dj/14c985vd1ng7gf0vvw_ytrpw0000gn/T

[Sun Nov 10 23:26:28 2024]
Finished job 33.
34 of 39 steps (87%) done
[Sun Nov 10 23:27:09 2024]
Finished job 36.
35 of 39 steps (90%) done
Select jobs to execute...
Execute 1 jobs...

[Sun Nov 10 23:27:09 2024]
localrule combine_exps:
    input: results/synthetic/complete/n=18 r=0.5 d=False/cx/e=True p=False l=10 s=1/run/cx_0.csv
    output: results/synthetic/complete/n=18 r=0.5 d=False/cx/e=True p=False l=10 s=1/cx_0_combined.csv
    jobid: 35
    reason: Missing output files: results/synthetic/complete/n=18 r=0.5 d=False/cx/e=True p=False l=10 s=1/cx_0_combined.csv; Input files updated by another job: results/synthetic/complete/n=18 r=0.5 d=False/cx/e=True p=False l=10 s=1/run/cx_0.csv
    wildcards: path=results/synthetic/complete/n=18 r=0.5 d=False/cx/e=True p=False l=10 s=1, alg=cx, runs=0
    resources: tmpdir=/var/folders/dj/14c985vd1ng7gf0vvw_ytrpw0000gn/T

[Sun Nov 10 23:27:10 2024]
Finished job 35.
36 of 39 steps (92%) done
[Sun Nov 10 23:28:26 2024]
Finished job 38.
37 of 39 steps (95%) done
Select jobs to execute...
Execute 1 jobs...

[Sun Nov 10 23:28:26 2024]
localrule combine_exps:
    input: results/synthetic/complete/n=19 r=0.5 d=False/cx/e=True p=False l=10 s=1/run/cx_0.csv
    output: results/synthetic/complete/n=19 r=0.5 d=False/cx/e=True p=False l=10 s=1/cx_0_combined.csv
    jobid: 37
    reason: Missing output files: results/synthetic/complete/n=19 r=0.5 d=False/cx/e=True p=False l=10 s=1/cx_0_combined.csv; Input files updated by another job: results/synthetic/complete/n=19 r=0.5 d=False/cx/e=True p=False l=10 s=1/run/cx_0.csv
    wildcards: path=results/synthetic/complete/n=19 r=0.5 d=False/cx/e=True p=False l=10 s=1, alg=cx, runs=0
    resources: tmpdir=/var/folders/dj/14c985vd1ng7gf0vvw_ytrpw0000gn/T

[Sun Nov 10 23:28:27 2024]
Finished job 37.
38 of 39 steps (97%) done
Select jobs to execute...
Execute 1 jobs...

[Sun Nov 10 23:28:27 2024]
localrule time_exp:
    input: results/synthetic/complete/n=1 r=0.5 d=False/cx/e=True p=False l=10 s=1/cx_0_combined.csv, results/synthetic/complete/n=2 r=0.5 d=False/cx/e=True p=False l=10 s=1/cx_0_combined.csv, results/synthetic/complete/n=3 r=0.5 d=False/cx/e=True p=False l=10 s=1/cx_0_combined.csv, results/synthetic/complete/n=4 r=0.5 d=False/cx/e=True p=False l=10 s=1/cx_0_combined.csv, results/synthetic/complete/n=5 r=0.5 d=False/cx/e=True p=False l=10 s=1/cx_0_combined.csv, results/synthetic/complete/n=6 r=0.5 d=False/cx/e=True p=False l=10 s=1/cx_0_combined.csv, results/synthetic/complete/n=7 r=0.5 d=False/cx/e=True p=False l=10 s=1/cx_0_combined.csv, results/synthetic/complete/n=8 r=0.5 d=False/cx/e=True p=False l=10 s=1/cx_0_combined.csv, results/synthetic/complete/n=9 r=0.5 d=False/cx/e=True p=False l=10 s=1/cx_0_combined.csv, results/synthetic/complete/n=10 r=0.5 d=False/cx/e=True p=False l=10 s=1/cx_0_combined.csv, results/synthetic/complete/n=11 r=0.5 d=False/cx/e=True p=False l=10 s=1/cx_0_combined.csv, results/synthetic/complete/n=12 r=0.5 d=False/cx/e=True p=False l=10 s=1/cx_0_combined.csv, results/synthetic/complete/n=13 r=0.5 d=False/cx/e=True p=False l=10 s=1/cx_0_combined.csv, results/synthetic/complete/n=14 r=0.5 d=False/cx/e=True p=False l=10 s=1/cx_0_combined.csv, results/synthetic/complete/n=15 r=0.5 d=False/cx/e=True p=False l=10 s=1/cx_0_combined.csv, results/synthetic/complete/n=16 r=0.5 d=False/cx/e=True p=False l=10 s=1/cx_0_combined.csv, results/synthetic/complete/n=17 r=0.5 d=False/cx/e=True p=False l=10 s=1/cx_0_combined.csv, results/synthetic/complete/n=18 r=0.5 d=False/cx/e=True p=False l=10 s=1/cx_0_combined.csv, results/synthetic/complete/n=19 r=0.5 d=False/cx/e=True p=False l=10 s=1/cx_0_combined.csv
    jobid: 0
    reason: Input files updated by another job: results/synthetic/complete/n=19 r=0.5 d=False/cx/e=True p=False l=10 s=1/cx_0_combined.csv, results/synthetic/complete/n=14 r=0.5 d=False/cx/e=True p=False l=10 s=1/cx_0_combined.csv, results/synthetic/complete/n=6 r=0.5 d=False/cx/e=True p=False l=10 s=1/cx_0_combined.csv, results/synthetic/complete/n=18 r=0.5 d=False/cx/e=True p=False l=10 s=1/cx_0_combined.csv, results/synthetic/complete/n=2 r=0.5 d=False/cx/e=True p=False l=10 s=1/cx_0_combined.csv, results/synthetic/complete/n=8 r=0.5 d=False/cx/e=True p=False l=10 s=1/cx_0_combined.csv, results/synthetic/complete/n=17 r=0.5 d=False/cx/e=True p=False l=10 s=1/cx_0_combined.csv, results/synthetic/complete/n=7 r=0.5 d=False/cx/e=True p=False l=10 s=1/cx_0_combined.csv, results/synthetic/complete/n=1 r=0.5 d=False/cx/e=True p=False l=10 s=1/cx_0_combined.csv, results/synthetic/complete/n=11 r=0.5 d=False/cx/e=True p=False l=10 s=1/cx_0_combined.csv, results/synthetic/complete/n=13 r=0.5 d=False/cx/e=True p=False l=10 s=1/cx_0_combined.csv, results/synthetic/complete/n=3 r=0.5 d=False/cx/e=True p=False l=10 s=1/cx_0_combined.csv, results/synthetic/complete/n=9 r=0.5 d=False/cx/e=True p=False l=10 s=1/cx_0_combined.csv, results/synthetic/complete/n=5 r=0.5 d=False/cx/e=True p=False l=10 s=1/cx_0_combined.csv, results/synthetic/complete/n=10 r=0.5 d=False/cx/e=True p=False l=10 s=1/cx_0_combined.csv, results/synthetic/complete/n=16 r=0.5 d=False/cx/e=True p=False l=10 s=1/cx_0_combined.csv, results/synthetic/complete/n=4 r=0.5 d=False/cx/e=True p=False l=10 s=1/cx_0_combined.csv, results/synthetic/complete/n=12 r=0.5 d=False/cx/e=True p=False l=10 s=1/cx_0_combined.csv, results/synthetic/complete/n=15 r=0.5 d=False/cx/e=True p=False l=10 s=1/cx_0_combined.csv
    resources: tmpdir=/var/folders/dj/14c985vd1ng7gf0vvw_ytrpw0000gn/T

[Sun Nov 10 23:28:27 2024]
Finished job 0.
39 of 39 steps (100%) done
Complete log: .snakemake/log/2024-11-10T232456.937106.snakemake.log
