host: MacBook-Pro-von-Frederic.local
Building DAG of jobs...
Using shell: /opt/local/bin/bash
Provided cores: 8
Rules claiming more threads will be scaled down.
Job stats:
job             count
------------  -------
combine_exps      197
cow_cx            197
cow_exact           1
cythonize           1
total             396

Select jobs to execute...
Execute 1 jobs...

[Sun Dec  8 16:07:25 2024]
localrule cythonize:
    input: src/py_raccoon/balance_sampling.pyx, src/py_raccoon/balance_spanning_trees.pyx
    output: results/__cythonized__
    jobid: 3
    reason: Missing output files: results/__cythonized__
    resources: tmpdir=/var/folders/dj/14c985vd1ng7gf0vvw_ytrpw0000gn/T

[Sun Dec  8 16:07:26 2024]
Finished job 3.
1 of 396 steps (0.3%) done
Select jobs to execute...
Execute 8 jobs...

[Sun Dec  8 16:07:27 2024]
localrule cow_cx:
    input: results/__cythonized__
    output: results/real/cow/year=1898/null_model_cow=False d=False/cx/e=True p=False l=220 s=1/run/cx_0.csv
    jobid: 167
    reason: Missing output files: results/real/cow/year=1898/null_model_cow=False d=False/cx/e=True p=False l=220 s=1/run/cx_0.csv; Input files updated by another job: results/__cythonized__
    wildcards: dataset=cow, year=1898, null_model=False, directed=False, exact=True, parallel=False, max_length=220, n_samples=1, run=0
    resources: tmpdir=/var/folders/dj/14c985vd1ng7gf0vvw_ytrpw0000gn/T

[Sun Dec  8 16:07:27 2024]
localrule cow_cx:
    input: results/__cythonized__
    output: results/real/cow/year=1969/null_model_cow=False d=False/cx/e=True p=False l=220 s=1/run/cx_0.csv
    jobid: 309
    reason: Missing output files: results/real/cow/year=1969/null_model_cow=False d=False/cx/e=True p=False l=220 s=1/run/cx_0.csv; Input files updated by another job: results/__cythonized__
    wildcards: dataset=cow, year=1969, null_model=False, directed=False, exact=True, parallel=False, max_length=220, n_samples=1, run=0
    resources: tmpdir=/var/folders/dj/14c985vd1ng7gf0vvw_ytrpw0000gn/T

[Sun Dec  8 16:07:27 2024]
localrule cow_cx:
    input: results/__cythonized__
    output: results/real/cow/year=1864/null_model_cow=False d=False/cx/e=True p=False l=220 s=1/run/cx_0.csv
    jobid: 99
    reason: Missing output files: results/real/cow/year=1864/null_model_cow=False d=False/cx/e=True p=False l=220 s=1/run/cx_0.csv; Input files updated by another job: results/__cythonized__
    wildcards: dataset=cow, year=1864, null_model=False, directed=False, exact=True, parallel=False, max_length=220, n_samples=1, run=0
    resources: tmpdir=/var/folders/dj/14c985vd1ng7gf0vvw_ytrpw0000gn/T

[Sun Dec  8 16:07:27 2024]
localrule cow_cx:
    input: results/__cythonized__
    output: results/real/cow/year=1939/null_model_cow=False d=False/cx/e=True p=False l=220 s=1/run/cx_0.csv
    jobid: 249
    reason: Missing output files: results/real/cow/year=1939/null_model_cow=False d=False/cx/e=True p=False l=220 s=1/run/cx_0.csv; Input files updated by another job: results/__cythonized__
    wildcards: dataset=cow, year=1939, null_model=False, directed=False, exact=True, parallel=False, max_length=220, n_samples=1, run=0
    resources: tmpdir=/var/folders/dj/14c985vd1ng7gf0vvw_ytrpw0000gn/T

[Sun Dec  8 16:07:27 2024]
localrule cow_cx:
    input: results/__cythonized__
    output: results/real/cow/year=1819/null_model_cow=False d=False/cx/e=True p=False l=220 s=1/run/cx_0.csv
    jobid: 9
    reason: Missing output files: results/real/cow/year=1819/null_model_cow=False d=False/cx/e=True p=False l=220 s=1/run/cx_0.csv; Input files updated by another job: results/__cythonized__
    wildcards: dataset=cow, year=1819, null_model=False, directed=False, exact=True, parallel=False, max_length=220, n_samples=1, run=0
    resources: tmpdir=/var/folders/dj/14c985vd1ng7gf0vvw_ytrpw0000gn/T

[Sun Dec  8 16:07:27 2024]
localrule cow_cx:
    input: results/__cythonized__
    output: results/real/cow/year=1879/null_model_cow=False d=False/cx/e=True p=False l=220 s=1/run/cx_0.csv
    jobid: 129
    reason: Missing output files: results/real/cow/year=1879/null_model_cow=False d=False/cx/e=True p=False l=220 s=1/run/cx_0.csv; Input files updated by another job: results/__cythonized__
    wildcards: dataset=cow, year=1879, null_model=False, directed=False, exact=True, parallel=False, max_length=220, n_samples=1, run=0
    resources: tmpdir=/var/folders/dj/14c985vd1ng7gf0vvw_ytrpw0000gn/T

[Sun Dec  8 16:07:27 2024]
localrule cow_cx:
    input: results/__cythonized__
    output: results/real/cow/year=1999/null_model_cow=False d=False/cx/e=True p=False l=220 s=1/run/cx_0.csv
    jobid: 369
    reason: Missing output files: results/real/cow/year=1999/null_model_cow=False d=False/cx/e=True p=False l=220 s=1/run/cx_0.csv; Input files updated by another job: results/__cythonized__
    wildcards: dataset=cow, year=1999, null_model=False, directed=False, exact=True, parallel=False, max_length=220, n_samples=1, run=0
    resources: tmpdir=/var/folders/dj/14c985vd1ng7gf0vvw_ytrpw0000gn/T

[Sun Dec  8 16:07:27 2024]
localrule cow_cx:
    input: results/__cythonized__
    output: results/real/cow/year=1937/null_model_cow=False d=False/cx/e=True p=False l=220 s=1/run/cx_0.csv
    jobid: 245
    reason: Missing output files: results/real/cow/year=1937/null_model_cow=False d=False/cx/e=True p=False l=220 s=1/run/cx_0.csv; Input files updated by another job: results/__cythonized__
    wildcards: dataset=cow, year=1937, null_model=False, directed=False, exact=True, parallel=False, max_length=220, n_samples=1, run=0
    resources: tmpdir=/var/folders/dj/14c985vd1ng7gf0vvw_ytrpw0000gn/T

[Sun Dec  8 16:07:33 2024]
Finished job 129.
2 of 396 steps (1%) done
Select jobs to execute...
Execute 1 jobs...

[Sun Dec  8 16:07:33 2024]
localrule cow_cx:
    input: results/__cythonized__
    output: results/real/cow/year=1821/null_model_cow=False d=False/cx/e=True p=False l=220 s=1/run/cx_0.csv
    jobid: 13
    reason: Missing output files: results/real/cow/year=1821/null_model_cow=False d=False/cx/e=True p=False l=220 s=1/run/cx_0.csv; Input files updated by another job: results/__cythonized__
    wildcards: dataset=cow, year=1821, null_model=False, directed=False, exact=True, parallel=False, max_length=220, n_samples=1, run=0
    resources: tmpdir=/var/folders/dj/14c985vd1ng7gf0vvw_ytrpw0000gn/T

[Sun Dec  8 16:07:40 2024]
Finished job 167.
3 of 396 steps (1%) done
Select jobs to execute...
Execute 1 jobs...

[Sun Dec  8 16:07:40 2024]
localrule cow_cx:
    input: results/__cythonized__
    output: results/real/cow/year=1911/null_model_cow=False d=False/cx/e=True p=False l=220 s=1/run/cx_0.csv
    jobid: 193
    reason: Missing output files: results/real/cow/year=1911/null_model_cow=False d=False/cx/e=True p=False l=220 s=1/run/cx_0.csv; Input files updated by another job: results/__cythonized__
    wildcards: dataset=cow, year=1911, null_model=False, directed=False, exact=True, parallel=False, max_length=220, n_samples=1, run=0
    resources: tmpdir=/var/folders/dj/14c985vd1ng7gf0vvw_ytrpw0000gn/T

Terminating processes on user request, this might take some time.
RuleException:
CalledProcessError in file /Users/fredericbusch/Desktop/Thesis/forks/py-raccoon/workflow/Snakefile, line 134:
Command 'set -euo pipefail;  /Users/fredericbusch/miniforge3/envs/py-raccoon/bin/python3.12 /Users/fredericbusch/Desktop/Thesis/forks/py-raccoon/.snakemake/scripts/tmpciqc5p1p.experiment.py' died with <Signals.SIGINT: 2>.
[Sun Dec  8 16:07:41 2024]
Error in rule cow_cx:
    jobid: 193
    input: results/__cythonized__
    output: results/real/cow/year=1911/null_model_cow=False d=False/cx/e=True p=False l=220 s=1/run/cx_0.csv

RuleException:
CalledProcessError in file /Users/fredericbusch/Desktop/Thesis/forks/py-raccoon/workflow/Snakefile, line 134:
Command 'set -euo pipefail;  /Users/fredericbusch/miniforge3/envs/py-raccoon/bin/python3.12 /Users/fredericbusch/Desktop/Thesis/forks/py-raccoon/.snakemake/scripts/tmpjlg7s9aw.experiment.py' died with <Signals.SIGINT: 2>.
[Sun Dec  8 16:07:41 2024]
Error in rule cow_cx:
    jobid: 13
    input: results/__cythonized__
    output: results/real/cow/year=1821/null_model_cow=False d=False/cx/e=True p=False l=220 s=1/run/cx_0.csv

RuleException:
CalledProcessError in file /Users/fredericbusch/Desktop/Thesis/forks/py-raccoon/workflow/Snakefile, line 134:
Command 'set -euo pipefail;  /Users/fredericbusch/miniforge3/envs/py-raccoon/bin/python3.12 /Users/fredericbusch/Desktop/Thesis/forks/py-raccoon/.snakemake/scripts/tmpqt1wjvmv.experiment.py' died with <Signals.SIGINT: 2>.
[Sun Dec  8 16:07:41 2024]
Error in rule cow_cx:
    jobid: 99
    input: results/__cythonized__
    output: results/real/cow/year=1864/null_model_cow=False d=False/cx/e=True p=False l=220 s=1/run/cx_0.csv

RuleException:
CalledProcessError in file /Users/fredericbusch/Desktop/Thesis/forks/py-raccoon/workflow/Snakefile, line 134:
Command 'set -euo pipefail;  /Users/fredericbusch/miniforge3/envs/py-raccoon/bin/python3.12 /Users/fredericbusch/Desktop/Thesis/forks/py-raccoon/.snakemake/scripts/tmp5q1mtl3v.experiment.py' died with <Signals.SIGINT: 2>.
RuleException:
CalledProcessError in file /Users/fredericbusch/Desktop/Thesis/forks/py-raccoon/workflow/Snakefile, line 134:
Command 'set -euo pipefail;  /Users/fredericbusch/miniforge3/envs/py-raccoon/bin/python3.12 /Users/fredericbusch/Desktop/Thesis/forks/py-raccoon/.snakemake/scripts/tmpw0w3t86x.experiment.py' died with <Signals.SIGINT: 2>.
[Sun Dec  8 16:07:41 2024]
[Sun Dec  8 16:07:41 2024]
Error in rule cow_cx:
    jobid: 9
    input: results/__cythonized__
    output: results/real/cow/year=1819/null_model_cow=False d=False/cx/e=True p=False l=220 s=1/run/cx_0.csv

Error in rule cow_cx:
    jobid: 245
    input: results/__cythonized__
    output: results/real/cow/year=1937/null_model_cow=False d=False/cx/e=True p=False l=220 s=1/run/cx_0.csv

RuleException:
CalledProcessError in file /Users/fredericbusch/Desktop/Thesis/forks/py-raccoon/workflow/Snakefile, line 134:
Command 'set -euo pipefail;  /Users/fredericbusch/miniforge3/envs/py-raccoon/bin/python3.12 /Users/fredericbusch/Desktop/Thesis/forks/py-raccoon/.snakemake/scripts/tmpkh3sc19q.experiment.py' died with <Signals.SIGINT: 2>.
[Sun Dec  8 16:07:41 2024]
Error in rule cow_cx:
    jobid: 249
    input: results/__cythonized__
    output: results/real/cow/year=1939/null_model_cow=False d=False/cx/e=True p=False l=220 s=1/run/cx_0.csv

RuleException:
CalledProcessError in file /Users/fredericbusch/Desktop/Thesis/forks/py-raccoon/workflow/Snakefile, line 134:
Command 'set -euo pipefail;  /Users/fredericbusch/miniforge3/envs/py-raccoon/bin/python3.12 /Users/fredericbusch/Desktop/Thesis/forks/py-raccoon/.snakemake/scripts/tmpodjj97_f.experiment.py' died with <Signals.SIGINT: 2>.
[Sun Dec  8 16:07:41 2024]
Error in rule cow_cx:
    jobid: 309
    input: results/__cythonized__
    output: results/real/cow/year=1969/null_model_cow=False d=False/cx/e=True p=False l=220 s=1/run/cx_0.csv

RuleException:
CalledProcessError in file /Users/fredericbusch/Desktop/Thesis/forks/py-raccoon/workflow/Snakefile, line 134:
Command 'set -euo pipefail;  /Users/fredericbusch/miniforge3/envs/py-raccoon/bin/python3.12 /Users/fredericbusch/Desktop/Thesis/forks/py-raccoon/.snakemake/scripts/tmpq4h5kg7l.experiment.py' died with <Signals.SIGINT: 2>.
[Sun Dec  8 16:07:41 2024]
Error in rule cow_cx:
    jobid: 369
    input: results/__cythonized__
    output: results/real/cow/year=1999/null_model_cow=False d=False/cx/e=True p=False l=220 s=1/run/cx_0.csv

Complete log: .snakemake/log/2024-12-08T160724.781912.snakemake.log
WorkflowError:
At least one job did not complete successfully.
