host: MacBook-Pro-von-Frederic.local
Building DAG of jobs...
Using shell: /opt/local/bin/bash
Provided cores: 8
Rules claiming more threads will be scaled down.
Job stats:
job            count
-----------  -------
er_exp             1
exact_er_cx        1
total              2

Select jobs to execute...
Execute 1 jobs...

[Fri Nov  8 20:29:45 2024]
localrule exact_er_cx:
    output: results/synthetic/er/n=10 p=0.5 r=0.5/cx/e=True l=10 d=True p=False/cx_0.csv
    jobid: 1
    reason: Missing output files: results/synthetic/er/n=10 p=0.5 r=0.5/cx/e=True l=10 d=True p=False/cx_0.csv
    wildcards: kind=er, n_nodes=10, prob_p=0.5, neg_edge_prob=0.5, max_length=10, directed=True, parallel=False, run=0
    resources: tmpdir=/var/folders/dj/14c985vd1ng7gf0vvw_ytrpw0000gn/T

[Fri Nov  8 20:29:49 2024]
Finished job 1.
1 of 2 steps (50%) done
Select jobs to execute...
Execute 1 jobs...

[Fri Nov  8 20:29:49 2024]
localrule er_exp:
    input: results/synthetic/er/n=10 p=0.5 r=0.5/cx/e=True l=10 d=True p=False/cx_0.csv
    jobid: 0
    reason: Input files updated by another job: results/synthetic/er/n=10 p=0.5 r=0.5/cx/e=True l=10 d=True p=False/cx_0.csv
    resources: tmpdir=/var/folders/dj/14c985vd1ng7gf0vvw_ytrpw0000gn/T

[Fri Nov  8 20:29:49 2024]
Finished job 0.
2 of 2 steps (100%) done
Complete log: .snakemake/log/2024-11-08T202945.694303.snakemake.log
