host: MBPvonFrederic
Building DAG of jobs...
Using shell: /opt/local/bin/bash
Provided cores: 8
Rules claiming more threads will be scaled down.
Job stats:
job          count
---------  -------
all              1
cythonize        1
exp              2
total            4

Select jobs to execute...
Execute 1 jobs...

[Tue Oct 22 13:44:14 2024]
localrule cythonize:
    input: src/py_raccoon/balance_sampling.pyx, src/py_raccoon/balance_spanning_trees.pyx
    output: results/__cythonized__
    jobid: 1
    reason: Updated input files: src/py_raccoon/balance_sampling.pyx
    resources: tmpdir=/var/folders/dj/14c985vd1ng7gf0vvw_ytrpw0000gn/T

[Tue Oct 22 13:44:26 2024]
Finished job 1.
1 of 4 steps (25%) done
Select jobs to execute...
Execute 2 jobs...

[Tue Oct 22 13:44:26 2024]
localrule exp:
    input: results/__cythonized__
    output: results/pyr.csv
    jobid: 2
    reason: Input files updated by another job: results/__cythonized__
    wildcards: alg=pyr
    resources: tmpdir=/var/folders/dj/14c985vd1ng7gf0vvw_ytrpw0000gn/T

[Tue Oct 22 13:44:26 2024]
localrule exp:
    input: results/__cythonized__
    output: results/cx.csv
    jobid: 3
    reason: Input files updated by another job: results/__cythonized__
    wildcards: alg=cx
    resources: tmpdir=/var/folders/dj/14c985vd1ng7gf0vvw_ytrpw0000gn/T

RuleException:
CalledProcessError in file /Users/fredericbusch/Desktop/Thesis/forks/py-raccoon/workflow/Snakefile, line 27:
Command 'set -euo pipefail;  /Users/fredericbusch/miniforge3/envs/py-raccoon/bin/python3.12 /Users/fredericbusch/Desktop/Thesis/forks/py-raccoon/.snakemake/scripts/tmprxrne77v.compute.py' returned non-zero exit status 1.
[Tue Oct 22 13:44:29 2024]
Error in rule exp:
    jobid: 2
    input: results/__cythonized__
    output: results/pyr.csv

[Tue Oct 22 13:44:39 2024]
Finished job 3.
2 of 4 steps (50%) done
Shutting down, this might take some time.
Exiting because a job execution failed. Look above for error message
Complete log: .snakemake/log/2024-10-22T134414.426758.snakemake.log
WorkflowError:
At least one job did not complete successfully.
