host: MacBook-Pro-von-Frederic.local
Building DAG of jobs...
Using shell: /opt/local/bin/bash
Provided cores: 8
Rules claiming more threads will be scaled down.
Job stats:
job             count
------------  -------
combine_exps        1
dataset_pyr         1
test_rule           1
total               3

Select jobs to execute...
Execute 1 jobs...

[Sun Dec  8 01:53:04 2024]
localrule dataset_pyr:
    input: results/__cythonized__
    output: results/real/gahuku/null_model=False d=False/pyr/s=1000 sp=None/run/pyr_0.csv
    jobid: 2
    reason: Missing output files: results/real/gahuku/null_model=False d=False/pyr/s=1000 sp=None/run/pyr_0.csv
    wildcards: dataset=gahuku, null_model=False, directed=False, n_samples=1000, pyr_spec_edge_prob=None, run=0
    resources: tmpdir=/var/folders/dj/14c985vd1ng7gf0vvw_ytrpw0000gn/T

[Sun Dec  8 01:53:09 2024]
Finished job 2.
1 of 3 steps (33%) done
Select jobs to execute...
Execute 1 jobs...

[Sun Dec  8 01:53:09 2024]
localrule combine_exps:
    input: results/real/gahuku/null_model=False d=False/pyr/s=1000 sp=None/run/pyr_0.csv
    output: results/real/gahuku/null_model=False d=False/pyr/s=1000 sp=None/pyr_0_combined.csv
    jobid: 1
    reason: Missing output files: results/real/gahuku/null_model=False d=False/pyr/s=1000 sp=None/pyr_0_combined.csv; Input files updated by another job: results/real/gahuku/null_model=False d=False/pyr/s=1000 sp=None/run/pyr_0.csv
    wildcards: path=results/real/gahuku/null_model=False d=False/pyr/s=1000 sp=None, alg=pyr, runs=0
    resources: tmpdir=/var/folders/dj/14c985vd1ng7gf0vvw_ytrpw0000gn/T

[Sun Dec  8 01:53:10 2024]
Finished job 1.
2 of 3 steps (67%) done
Select jobs to execute...
Execute 1 jobs...

[Sun Dec  8 01:53:10 2024]
localrule test_rule:
    input: results/real/gahuku/null_model=False d=False/pyr/s=1000 sp=None/pyr_0_combined.csv, results/real/gahuku/null_model=False d=False/cx/e=True p=False l=10 s=1/cx_0_combined.csv
    jobid: 0
    reason: Input files updated by another job: results/real/gahuku/null_model=False d=False/pyr/s=1000 sp=None/pyr_0_combined.csv
    resources: tmpdir=/var/folders/dj/14c985vd1ng7gf0vvw_ytrpw0000gn/T

[Sun Dec  8 01:53:10 2024]
Finished job 0.
3 of 3 steps (100%) done
Complete log: .snakemake/log/2024-12-08T015304.154077.snakemake.log
