host: MacBook-Pro-von-Frederic.local
Building DAG of jobs...
Using shell: /opt/local/bin/bash
Provided cores: 8
Rules claiming more threads will be scaled down.
Job stats:
job            count
-----------  -------
all                1
complete_cx        1
cythonize          1
er_cx              2
exact_er_cx        2
total              7

Select jobs to execute...
Execute 6 jobs...

[Fri Nov  8 21:29:06 2024]
localrule exact_er_cx:
    output: results/synthetic/er/n=10 p=0.5 r=0.5/cx/e=True d=True p=False l=10/cx_0.csv
    jobid: 4
    reason: Missing output files: results/synthetic/er/n=10 p=0.5 r=0.5/cx/e=True d=True p=False l=10/cx_0.csv; Params have changed since last execution
    wildcards: n_nodes=10, prob_p=0.5, neg_edge_prob=0.5, directed=True, parallel=False, max_length=10, run=0
    resources: tmpdir=/var/folders/dj/14c985vd1ng7gf0vvw_ytrpw0000gn/T

[Fri Nov  8 21:29:06 2024]
localrule er_cx:
    output: results/synthetic/er/n=10 p=0.5 r=0.5/cx/e=False d=True p=False l=10 s=20/cx_0.csv
    jobid: 5
    reason: Missing output files: results/synthetic/er/n=10 p=0.5 r=0.5/cx/e=False d=True p=False l=10 s=20/cx_0.csv; Params have changed since last execution
    wildcards: n_nodes=10, prob_p=0.5, neg_edge_prob=0.5, directed=True, parallel=False, max_length=10, n_samples=20, run=0
    resources: tmpdir=/var/folders/dj/14c985vd1ng7gf0vvw_ytrpw0000gn/T

[Fri Nov  8 21:29:06 2024]
localrule complete_cx:
    output: results/synthetic/complete/n=20 r=0.5/cx/e=False d=False p=False l=10 s=20/cx_0.csv
    jobid: 6
    reason: Missing output files: results/synthetic/complete/n=20 r=0.5/cx/e=False d=False p=False l=10 s=20/cx_0.csv
    wildcards: n_nodes=20, neg_edge_prob=0.5, directed=False, parallel=False, max_length=10, n_samples=20, run=0
    resources: tmpdir=/var/folders/dj/14c985vd1ng7gf0vvw_ytrpw0000gn/T

[Fri Nov  8 21:29:06 2024]
localrule cythonize:
    input: src/py_raccoon/balance_sampling.pyx, src/py_raccoon/balance_spanning_trees.pyx
    output: results/__cythonized__
    jobid: 1
    reason: Missing output files: results/__cythonized__
    resources: tmpdir=/var/folders/dj/14c985vd1ng7gf0vvw_ytrpw0000gn/T


[Fri Nov  8 21:29:06 2024]
localrule exact_er_cx:
    output: results/synthetic/er/n=10 p=0.5 r=0.5/cx/e=True d=False p=False l=10/cx_0.csv
    jobid: 2
    reason: Missing output files: results/synthetic/er/n=10 p=0.5 r=0.5/cx/e=True d=False p=False l=10/cx_0.csv; Params have changed since last execution
    wildcards: n_nodes=10, prob_p=0.5, neg_edge_prob=0.5, directed=False, parallel=False, max_length=10, run=0
    resources: tmpdir=/var/folders/dj/14c985vd1ng7gf0vvw_ytrpw0000gn/T

[Fri Nov  8 21:29:06 2024]
localrule er_cx:
    output: results/synthetic/er/n=10 p=0.5 r=0.5/cx/e=False d=False p=False l=10 s=20/cx_0.csv
    jobid: 3
    reason: Missing output files: results/synthetic/er/n=10 p=0.5 r=0.5/cx/e=False d=False p=False l=10 s=20/cx_0.csv; Params have changed since last execution
    wildcards: n_nodes=10, prob_p=0.5, neg_edge_prob=0.5, directed=False, parallel=False, max_length=10, n_samples=20, run=0
    resources: tmpdir=/var/folders/dj/14c985vd1ng7gf0vvw_ytrpw0000gn/T

[Fri Nov  8 21:29:08 2024]
Finished job 1.
1 of 7 steps (14%) done
[Fri Nov  8 21:29:11 2024]
Finished job 3.
2 of 7 steps (29%) done
[Fri Nov  8 21:29:11 2024]
Finished job 2.
3 of 7 steps (43%) done
[Fri Nov  8 21:29:11 2024]
Finished job 6.
4 of 7 steps (57%) done
[Fri Nov  8 21:29:11 2024]
Finished job 4.
5 of 7 steps (71%) done
[Fri Nov  8 21:29:11 2024]
Finished job 5.
6 of 7 steps (86%) done
Select jobs to execute...
Execute 1 jobs...

[Fri Nov  8 21:29:11 2024]
localrule all:
    input: results/__cythonized__, results/synthetic/er/n=10 p=0.5 r=0.5/cx/e=True d=False p=False l=10/cx_0.csv, results/synthetic/er/n=10 p=0.5 r=0.5/cx/e=False d=False p=False l=10 s=20/cx_0.csv, results/synthetic/er/n=10 p=0.5 r=0.5/cx/e=True d=True p=False l=10/cx_0.csv, results/synthetic/er/n=10 p=0.5 r=0.5/cx/e=False d=True p=False l=10 s=20/cx_0.csv, results/synthetic/complete/n=20 r=0.5/cx/e=False d=False p=False l=10 s=20/cx_0.csv
    jobid: 0
    reason: Input files updated by another job: results/synthetic/er/n=10 p=0.5 r=0.5/cx/e=True d=False p=False l=10/cx_0.csv, results/__cythonized__, results/synthetic/er/n=10 p=0.5 r=0.5/cx/e=False d=True p=False l=10 s=20/cx_0.csv, results/synthetic/er/n=10 p=0.5 r=0.5/cx/e=False d=False p=False l=10 s=20/cx_0.csv, results/synthetic/complete/n=20 r=0.5/cx/e=False d=False p=False l=10 s=20/cx_0.csv, results/synthetic/er/n=10 p=0.5 r=0.5/cx/e=True d=True p=False l=10/cx_0.csv
    resources: tmpdir=/var/folders/dj/14c985vd1ng7gf0vvw_ytrpw0000gn/T

[Fri Nov  8 21:29:11 2024]
Finished job 0.
7 of 7 steps (100%) done
Complete log: .snakemake/log/2024-11-08T212905.551853.snakemake.log
