host: MacBook-Pro-von-Frederic.local
Building DAG of jobs...
Using shell: /opt/local/bin/bash
Provided cores: 8
Rules claiming more threads will be scaled down.
Job stats:
job             count
------------  -------
combine_exps        1
complete_cx         1
complete_exp        1
total               3

Select jobs to execute...
Execute 1 jobs...

[Tue Nov 12 01:23:04 2024]
localrule complete_cx:
    input: results/__cythonized__
    output: results/synthetic/complete/n=13 r=0.5 re=True d=False/cx/e=True p=False l=10 s=1/run/cx_0.csv
    jobid: 2
    reason: Missing output files: results/synthetic/complete/n=13 r=0.5 re=True d=False/cx/e=True p=False l=10 s=1/run/cx_0.csv
    wildcards: n_nodes=13, neg_edge_prob=0.5, neg_edge_dist_exact=True, directed=False, exact=True, parallel=False, max_length=10, n_samples=1, run=0
    resources: tmpdir=/var/folders/dj/14c985vd1ng7gf0vvw_ytrpw0000gn/T

[Tue Nov 12 01:23:12 2024]
Finished job 2.
1 of 3 steps (33%) done
Select jobs to execute...
Execute 1 jobs...

[Tue Nov 12 01:23:12 2024]
localrule combine_exps:
    input: results/synthetic/complete/n=13 r=0.5 re=True d=False/cx/e=True p=False l=10 s=1/run/cx_0.csv
    output: results/synthetic/complete/n=13 r=0.5 re=True d=False/cx/e=True p=False l=10 s=1/cx_0_combined.csv
    jobid: 1
    reason: Missing output files: results/synthetic/complete/n=13 r=0.5 re=True d=False/cx/e=True p=False l=10 s=1/cx_0_combined.csv; Input files updated by another job: results/synthetic/complete/n=13 r=0.5 re=True d=False/cx/e=True p=False l=10 s=1/run/cx_0.csv
    wildcards: path=results/synthetic/complete/n=13 r=0.5 re=True d=False/cx/e=True p=False l=10 s=1, alg=cx, runs=0
    resources: tmpdir=/var/folders/dj/14c985vd1ng7gf0vvw_ytrpw0000gn/T

[Tue Nov 12 01:23:14 2024]
Finished job 1.
2 of 3 steps (67%) done
Select jobs to execute...
Execute 1 jobs...

[Tue Nov 12 01:23:14 2024]
localrule complete_exp:
    input: results/synthetic/complete/n=13 r=0.5 re=True d=False/cx/e=True p=False l=10 s=1/cx_0_combined.csv
    jobid: 0
    reason: Input files updated by another job: results/synthetic/complete/n=13 r=0.5 re=True d=False/cx/e=True p=False l=10 s=1/cx_0_combined.csv
    resources: tmpdir=/var/folders/dj/14c985vd1ng7gf0vvw_ytrpw0000gn/T

[Tue Nov 12 01:23:14 2024]
Finished job 0.
3 of 3 steps (100%) done
Complete log: .snakemake/log/2024-11-12T012304.409067.snakemake.log
