host: MacBook-Pro-von-Frederic.local
Building DAG of jobs...
Using shell: /opt/local/bin/bash
Provided cores: 8
Rules claiming more threads will be scaled down.
Job stats:
job             count
------------  -------
combine_exps       19
complete_cx        19
time_exp            1
total              39

Select jobs to execute...
Execute 8 jobs...

[Sun Nov 10 23:15:05 2024]
localrule complete_cx:
    output: results/synthetic/complete/n=5 r=0.5 d=False/cx/e=True p=False l=10 s=1/run/cx_0.csv
    jobid: 10
    reason: Code has changed since last execution
    wildcards: n_nodes=5, neg_edge_prob=0.5, directed=False, exact=True, parallel=False, max_length=10, n_samples=1, run=0
    resources: tmpdir=/var/folders/dj/14c985vd1ng7gf0vvw_ytrpw0000gn/T

[Sun Nov 10 23:15:05 2024]
localrule complete_cx:
    output: results/synthetic/complete/n=15 r=0.5 d=False/cx/e=True p=False l=10 s=1/run/cx_0.csv
    jobid: 30
    reason: Missing output files: results/synthetic/complete/n=15 r=0.5 d=False/cx/e=True p=False l=10 s=1/run/cx_0.csv
    wildcards: n_nodes=15, neg_edge_prob=0.5, directed=False, exact=True, parallel=False, max_length=10, n_samples=1, run=0
    resources: tmpdir=/var/folders/dj/14c985vd1ng7gf0vvw_ytrpw0000gn/T

[Sun Nov 10 23:15:05 2024]
localrule complete_cx:
    output: results/synthetic/complete/n=16 r=0.5 d=False/cx/e=True p=False l=10 s=1/run/cx_0.csv
    jobid: 32
    reason: Code has changed since last execution
    wildcards: n_nodes=16, neg_edge_prob=0.5, directed=False, exact=True, parallel=False, max_length=10, n_samples=1, run=0
    resources: tmpdir=/var/folders/dj/14c985vd1ng7gf0vvw_ytrpw0000gn/T

[Sun Nov 10 23:15:05 2024]
localrule complete_cx:
    output: results/synthetic/complete/n=11 r=0.5 d=False/cx/e=True p=False l=10 s=1/run/cx_0.csv
    jobid: 22
    reason: Code has changed since last execution
    wildcards: n_nodes=11, neg_edge_prob=0.5, directed=False, exact=True, parallel=False, max_length=10, n_samples=1, run=0
    resources: tmpdir=/var/folders/dj/14c985vd1ng7gf0vvw_ytrpw0000gn/T

[Sun Nov 10 23:15:05 2024]
localrule complete_cx:
    output: results/synthetic/complete/n=1 r=0.5 d=False/cx/e=True p=False l=10 s=1/run/cx_0.csv
    jobid: 2
    reason: Missing output files: results/synthetic/complete/n=1 r=0.5 d=False/cx/e=True p=False l=10 s=1/run/cx_0.csv
    wildcards: n_nodes=1, neg_edge_prob=0.5, directed=False, exact=True, parallel=False, max_length=10, n_samples=1, run=0
    resources: tmpdir=/var/folders/dj/14c985vd1ng7gf0vvw_ytrpw0000gn/T

[Sun Nov 10 23:15:05 2024]
localrule complete_cx:
    output: results/synthetic/complete/n=18 r=0.5 d=False/cx/e=True p=False l=10 s=1/run/cx_0.csv
    jobid: 36
    reason: Missing output files: results/synthetic/complete/n=18 r=0.5 d=False/cx/e=True p=False l=10 s=1/run/cx_0.csv
    wildcards: n_nodes=18, neg_edge_prob=0.5, directed=False, exact=True, parallel=False, max_length=10, n_samples=1, run=0
    resources: tmpdir=/var/folders/dj/14c985vd1ng7gf0vvw_ytrpw0000gn/T

[Sun Nov 10 23:15:05 2024]
localrule complete_cx:
    output: results/synthetic/complete/n=8 r=0.5 d=False/cx/e=True p=False l=10 s=1/run/cx_0.csv
    jobid: 16
    reason: Missing output files: results/synthetic/complete/n=8 r=0.5 d=False/cx/e=True p=False l=10 s=1/run/cx_0.csv
    wildcards: n_nodes=8, neg_edge_prob=0.5, directed=False, exact=True, parallel=False, max_length=10, n_samples=1, run=0
    resources: tmpdir=/var/folders/dj/14c985vd1ng7gf0vvw_ytrpw0000gn/T

[Sun Nov 10 23:15:05 2024]
localrule complete_cx:
    output: results/synthetic/complete/n=10 r=0.5 d=False/cx/e=True p=False l=10 s=1/run/cx_0.csv
    jobid: 20
    reason: Code has changed since last execution
    wildcards: n_nodes=10, neg_edge_prob=0.5, directed=False, exact=True, parallel=False, max_length=10, n_samples=1, run=0
    resources: tmpdir=/var/folders/dj/14c985vd1ng7gf0vvw_ytrpw0000gn/T

RuleException:
CalledProcessError in file /Users/fredericbusch/Desktop/Thesis/forks/py-raccoon/workflow/Snakefile, line 89:
Command 'set -euo pipefail;  /Users/fredericbusch/miniforge3/envs/py-raccoon/bin/python3.12 /Users/fredericbusch/Desktop/Thesis/forks/py-raccoon/.snakemake/scripts/tmpuk3wzpzl.experiment.py' returned non-zero exit status 1.
[Sun Nov 10 23:15:08 2024]
Error in rule complete_cx:
    jobid: 2
    output: results/synthetic/complete/n=1 r=0.5 d=False/cx/e=True p=False l=10 s=1/run/cx_0.csv

[Sun Nov 10 23:15:08 2024]
Finished job 10.
1 of 39 steps (3%) done
[Sun Nov 10 23:15:09 2024]
Finished job 16.
2 of 39 steps (5%) done
[Sun Nov 10 23:15:10 2024]
Finished job 20.
3 of 39 steps (8%) done
[Sun Nov 10 23:15:10 2024]
Finished job 22.
4 of 39 steps (10%) done
[Sun Nov 10 23:15:27 2024]
Finished job 30.
5 of 39 steps (13%) done
[Sun Nov 10 23:15:42 2024]
Finished job 32.
6 of 39 steps (15%) done
Terminating processes on user request, this might take some time.
RuleException:
CalledProcessError in file /Users/fredericbusch/Desktop/Thesis/forks/py-raccoon/workflow/Snakefile, line 89:
Command 'set -euo pipefail;  /Users/fredericbusch/miniforge3/envs/py-raccoon/bin/python3.12 /Users/fredericbusch/Desktop/Thesis/forks/py-raccoon/.snakemake/scripts/tmpyd7v_do3.experiment.py' died with <Signals.SIGINT: 2>.
[Sun Nov 10 23:16:25 2024]
Error in rule complete_cx:
    jobid: 36
    output: results/synthetic/complete/n=18 r=0.5 d=False/cx/e=True p=False l=10 s=1/run/cx_0.csv

Complete log: .snakemake/log/2024-11-10T231505.066084.snakemake.log
WorkflowError:
At least one job did not complete successfully.
