host: MacBook-Pro-von-Frederic.local
Building DAG of jobs...
Using shell: /opt/local/bin/bash
Provided cores: 8
Rules claiming more threads will be scaled down.
Job stats:
job       count
------  -------
er_cx         3
er_exp        1
er_pyr        1
total         5

Select jobs to execute...
Execute 4 jobs...

[Fri Nov  8 17:10:45 2024]
localrule er_cx:
    input: results/__cythonized__
    output: results/synthetic/er/nodes=10 p=0.5 r=0.5/cx/samples=10 length=10 exact=False directed=False parallel=False/cx_0.csv
    jobid: 3
    reason: Code has changed since last execution
    wildcards: kind=er, n_nodes=10, prob_p=0.5, neg_edge_prob=0.5, n_samples=10, max_length=10, exact=False, directed=False, parallel=False, run=0
    resources: tmpdir=/var/folders/dj/14c985vd1ng7gf0vvw_ytrpw0000gn/T

[Fri Nov  8 17:10:45 2024]
localrule er_pyr:
    input: results/__cythonized__
    output: results/synthetic/er/nodes=10 p=0.5 r=0.5/pyr/samples=100 specified_p=0.5/pyr_0.csv
    jobid: 1
    reason: Code has changed since last execution
    wildcards: kind=er, n_nodes=10, prob_p=0.5, neg_edge_prob=0.5, n_samples=100, pyr_spec_edge_prob=0.5, run=0
    resources: tmpdir=/var/folders/dj/14c985vd1ng7gf0vvw_ytrpw0000gn/T

[Fri Nov  8 17:10:45 2024]
localrule er_cx:
    input: results/__cythonized__
    output: results/synthetic/er/nodes=10 p=0.1 r=0.5/cx/samples=10 length=10 exact=False directed=True parallel=False/cx_0.csv
    jobid: 5
    reason: Missing output files: results/synthetic/er/nodes=10 p=0.1 r=0.5/cx/samples=10 length=10 exact=False directed=True parallel=False/cx_0.csv
    wildcards: kind=er, n_nodes=10, prob_p=0.1, neg_edge_prob=0.5, n_samples=10, max_length=10, exact=False, directed=True, parallel=False, run=0
    resources: tmpdir=/var/folders/dj/14c985vd1ng7gf0vvw_ytrpw0000gn/T

[Fri Nov  8 17:10:45 2024]
localrule er_cx:
    input: results/__cythonized__
    output: results/synthetic/er/nodes=10 p=0.1 r=0.5/cx/samples=10 length=10 exact=False directed=False parallel=False/cx_0.csv
    jobid: 4
    reason: Code has changed since last execution
    wildcards: kind=er, n_nodes=10, prob_p=0.1, neg_edge_prob=0.5, n_samples=10, max_length=10, exact=False, directed=False, parallel=False, run=0
    resources: tmpdir=/var/folders/dj/14c985vd1ng7gf0vvw_ytrpw0000gn/T

RuleException:
CalledProcessError in file /Users/fredericbusch/Desktop/Thesis/forks/py-raccoon/workflow/Snakefile, line 50:
Command 'set -euo pipefail;  /Users/fredericbusch/miniforge3/envs/py-raccoon/bin/python3.12 /Users/fredericbusch/Desktop/Thesis/forks/py-raccoon/.snakemake/scripts/tmpicei79lp.experiment.py' returned non-zero exit status 1.
[Fri Nov  8 17:10:48 2024]
Error in rule er_cx:
    jobid: 5
    input: results/__cythonized__
    output: results/synthetic/er/nodes=10 p=0.1 r=0.5/cx/samples=10 length=10 exact=False directed=True parallel=False/cx_0.csv

[Fri Nov  8 17:10:48 2024]
Finished job 1.
1 of 5 steps (20%) done
[Fri Nov  8 17:10:49 2024]
Finished job 4.
2 of 5 steps (40%) done
[Fri Nov  8 17:10:54 2024]
Finished job 3.
3 of 5 steps (60%) done
Shutting down, this might take some time.
Exiting because a job execution failed. Look above for error message
Complete log: .snakemake/log/2024-11-08T171044.957706.snakemake.log
WorkflowError:
At least one job did not complete successfully.
