host: MacBook-Pro-von-Frederic.local
Building DAG of jobs...
Using shell: /opt/local/bin/bash
Provided cores: 8
Rules claiming more threads will be scaled down.
Job stats:
job             count
------------  -------
combine_exps        1
cythonize           1
er_pyr              1
test                1
total               4

Select jobs to execute...
Execute 1 jobs...

[Sat Dec  7 23:17:57 2024]
localrule cythonize:
    input: src/py_raccoon/balance_sampling.pyx, src/py_raccoon/balance_spanning_trees.pyx
    output: results/__cythonized__
    jobid: 3
    reason: Missing output files: results/__cythonized__
    resources: tmpdir=/var/folders/dj/14c985vd1ng7gf0vvw_ytrpw0000gn/T

[Sat Dec  7 23:17:58 2024]
Finished job 3.
1 of 4 steps (25%) done
Select jobs to execute...
Execute 1 jobs...

[Sat Dec  7 23:17:58 2024]
localrule er_pyr:
    input: results/__cythonized__
    output: results/synthetic/er/n=10 p=0.2 r=0.5 re=False d=False/pyr/s=100 sp=None/run/pyr_0.csv
    jobid: 2
    reason: Missing output files: results/synthetic/er/n=10 p=0.2 r=0.5 re=False d=False/pyr/s=100 sp=None/run/pyr_0.csv; Input files updated by another job: results/__cythonized__
    wildcards: n_nodes=10, prob_p=0.2, neg_edge_prob=0.5, neg_edge_dist_exact=False, directed=False, n_samples=100, pyr_spec_edge_prob=None, run=0
    resources: tmpdir=/var/folders/dj/14c985vd1ng7gf0vvw_ytrpw0000gn/T

RuleException:
CalledProcessError in file /Users/fredericbusch/Desktop/Thesis/forks/py-raccoon/workflow/Snakefile, line 186:
Command 'set -euo pipefail;  /Users/fredericbusch/miniforge3/envs/py-raccoon/bin/python3.12 /Users/fredericbusch/Desktop/Thesis/forks/py-raccoon/.snakemake/scripts/tmpm0k73rph.experiment.py' returned non-zero exit status 1.
[Sat Dec  7 23:18:01 2024]
Error in rule er_pyr:
    jobid: 2
    input: results/__cythonized__
    output: results/synthetic/er/n=10 p=0.2 r=0.5 re=False d=False/pyr/s=100 sp=None/run/pyr_0.csv

Shutting down, this might take some time.
Exiting because a job execution failed. Look above for error message
Complete log: .snakemake/log/2024-12-07T231757.427327.snakemake.log
WorkflowError:
At least one job did not complete successfully.
