host: MBPvonFrederic
Building DAG of jobs...
Using shell: /opt/local/bin/bash
Provided cores: 8
Rules claiming more threads will be scaled down.
Job stats:
job          count
---------  -------
all              1
cythonize        1
exp              1
total            3

Select jobs to execute...
Execute 1 jobs...

[Wed Oct 23 11:48:14 2024]
localrule cythonize:
    input: src/py_raccoon/balance_sampling.pyx, src/py_raccoon/balance_spanning_trees.pyx
    output: results/__cythonized__
    jobid: 1
    reason: Missing output files: results/__cythonized__
    resources: tmpdir=/var/folders/dj/14c985vd1ng7gf0vvw_ytrpw0000gn/T

[Wed Oct 23 11:48:15 2024]
Finished job 1.
1 of 3 steps (33%) done
Select jobs to execute...
Execute 1 jobs...

[Wed Oct 23 11:48:15 2024]
localrule exp:
    input: results/__cythonized__
    output: results/cx.csv
    jobid: 2
    reason: Missing output files: results/cx.csv; Input files updated by another job: results/__cythonized__
    wildcards: alg=cx
    resources: tmpdir=/var/folders/dj/14c985vd1ng7gf0vvw_ytrpw0000gn/T

RuleException:
CalledProcessError in file /Users/fredericbusch/Desktop/Thesis/forks/py-raccoon/workflow/Snakefile, line 27:
Command 'set -euo pipefail;  /Users/fredericbusch/miniforge3/envs/py-raccoon/bin/python3.12 /Users/fredericbusch/Desktop/Thesis/forks/py-raccoon/.snakemake/scripts/tmp_knt7cvk.compute.py' returned non-zero exit status 1.
[Wed Oct 23 11:48:16 2024]
Error in rule exp:
    jobid: 2
    input: results/__cythonized__
    output: results/cx.csv

Shutting down, this might take some time.
Exiting because a job execution failed. Look above for error message
Complete log: .snakemake/log/2024-10-23T114814.024385.snakemake.log
WorkflowError:
At least one job did not complete successfully.
