host: MacBook-Pro-von-Frederic.local
Building DAG of jobs...
Using shell: /opt/local/bin/bash
Provided cores: 8
Rules claiming more threads will be scaled down.
Job stats:
job      count
-----  -------
all          1
exp          1
total        2

Select jobs to execute...
Execute 1 jobs...

[Sun Oct 27 13:31:22 2024]
localrule exp:
    input: results/__cythonized__
    output: results/cx.csv
    jobid: 2
    reason: Code has changed since last execution
    wildcards: alg=cx
    resources: tmpdir=/var/folders/dj/14c985vd1ng7gf0vvw_ytrpw0000gn/T

[Sun Oct 27 13:31:31 2024]
Finished job 2.
1 of 2 steps (50%) done
Select jobs to execute...
Execute 1 jobs...

[Sun Oct 27 13:31:31 2024]
localrule all:
    input: results/__cythonized__, results/cx.csv
    jobid: 0
    reason: Input files updated by another job: results/cx.csv
    resources: tmpdir=/var/folders/dj/14c985vd1ng7gf0vvw_ytrpw0000gn/T

[Sun Oct 27 13:31:31 2024]
Finished job 0.
2 of 2 steps (100%) done
Complete log: .snakemake/log/2024-10-27T133122.567379.snakemake.log
