host: MBPvonFrederic
Building DAG of jobs...
Using shell: /opt/local/bin/bash
Provided cores: 8
Rules claiming more threads will be scaled down.
Job stats:
job      count
-----  -------
all          1
exp          2
total        3

Select jobs to execute...
Execute 2 jobs...

[Tue Oct 22 15:03:43 2024]
localrule exp:
    input: results/__cythonized__
    output: results/pyr.csv
    jobid: 2
    reason: Missing output files: results/pyr.csv
    wildcards: alg=pyr
    resources: tmpdir=/var/folders/dj/14c985vd1ng7gf0vvw_ytrpw0000gn/T

[Tue Oct 22 15:03:43 2024]
localrule exp:
    input: results/__cythonized__
    output: results/cx.csv
    jobid: 3
    reason: Missing output files: results/cx.csv
    wildcards: alg=cx
    resources: tmpdir=/var/folders/dj/14c985vd1ng7gf0vvw_ytrpw0000gn/T

[Tue Oct 22 15:03:45 2024]
Finished job 2.
1 of 3 steps (33%) done
Terminating processes on user request, this might take some time.
RuleException:
CalledProcessError in file /Users/fredericbusch/Desktop/Thesis/forks/py-raccoon/workflow/Snakefile, line 27:
Command 'set -euo pipefail;  /Users/fredericbusch/miniforge3/envs/py-raccoon/bin/python3.12 /Users/fredericbusch/Desktop/Thesis/forks/py-raccoon/.snakemake/scripts/tmp24cmgc9r.compute.py' returned non-zero exit status 1.
[Tue Oct 22 15:03:52 2024]
Error in rule exp:
    jobid: 3
    input: results/__cythonized__
    output: results/cx.csv

Complete log: .snakemake/log/2024-10-22T150343.819308.snakemake.log
WorkflowError:
At least one job did not complete successfully.
