host: MacBook-Pro-von-Frederic.local
Building DAG of jobs...
Using shell: /opt/local/bin/bash
Provided cores: 8
Rules claiming more threads will be scaled down.
Job stats:
job                      count
---------------------  -------
combine_exps                 2
cythonize                    1
dataset_pyr                  2
wikielections_exp_pyr        1
total                        6

Select jobs to execute...
Execute 1 jobs...

[Mon Dec  9 07:06:45 2024]
localrule cythonize:
    input: src/py_raccoon/balance_sampling.pyx, src/py_raccoon/balance_spanning_trees.pyx
    output: results/__cythonized__
    jobid: 3
    reason: Missing output files: results/__cythonized__
    resources: tmpdir=/var/folders/dj/14c985vd1ng7gf0vvw_ytrpw0000gn/T

[Mon Dec  9 07:06:46 2024]
Finished job 3.
1 of 6 steps (17%) done
Select jobs to execute...
Execute 2 jobs...

[Mon Dec  9 07:06:47 2024]
localrule dataset_pyr:
    input: results/__cythonized__
    output: results/real/wikielections/null_model=False d=False/pyr/s=1500 sp=None/run/pyr_0.csv
    jobid: 5
    reason: Missing output files: results/real/wikielections/null_model=False d=False/pyr/s=1500 sp=None/run/pyr_0.csv; Input files updated by another job: results/__cythonized__
    wildcards: dataset=wikielections, null_model=False, directed=False, n_samples=1500, pyr_spec_edge_prob=None, run=0
    resources: tmpdir=/var/folders/dj/14c985vd1ng7gf0vvw_ytrpw0000gn/T

[Mon Dec  9 07:06:47 2024]
localrule dataset_pyr:
    input: results/__cythonized__
    output: results/real/wikielections/null_model=True d=False/pyr/s=1500 sp=None/run/pyr_0.csv
    jobid: 2
    reason: Missing output files: results/real/wikielections/null_model=True d=False/pyr/s=1500 sp=None/run/pyr_0.csv; Input files updated by another job: results/__cythonized__
    wildcards: dataset=wikielections, null_model=True, directed=False, n_samples=1500, pyr_spec_edge_prob=None, run=0
    resources: tmpdir=/var/folders/dj/14c985vd1ng7gf0vvw_ytrpw0000gn/T

[Mon Dec  9 08:28:59 2024]
Finished job 5.
2 of 6 steps (33%) done
Select jobs to execute...
Execute 1 jobs...

[Mon Dec  9 08:28:59 2024]
localrule combine_exps:
    input: results/real/wikielections/null_model=False d=False/pyr/s=1500 sp=None/run/pyr_0.csv
    output: results/real/wikielections/null_model=False d=False/pyr/s=1500 sp=None/pyr_0_combined.csv
    jobid: 4
    reason: Missing output files: results/real/wikielections/null_model=False d=False/pyr/s=1500 sp=None/pyr_0_combined.csv; Input files updated by another job: results/real/wikielections/null_model=False d=False/pyr/s=1500 sp=None/run/pyr_0.csv
    wildcards: path=results/real/wikielections/null_model=False d=False/pyr/s=1500 sp=None, alg=pyr, runs=0
    resources: tmpdir=/var/folders/dj/14c985vd1ng7gf0vvw_ytrpw0000gn/T

[Mon Dec  9 08:29:02 2024]
Finished job 4.
3 of 6 steps (50%) done
[Mon Dec  9 08:29:49 2024]
Finished job 2.
4 of 6 steps (67%) done
Select jobs to execute...
Execute 1 jobs...

[Mon Dec  9 08:29:49 2024]
localrule combine_exps:
    input: results/real/wikielections/null_model=True d=False/pyr/s=1500 sp=None/run/pyr_0.csv
    output: results/real/wikielections/null_model=True d=False/pyr/s=1500 sp=None/pyr_0_combined.csv
    jobid: 1
    reason: Missing output files: results/real/wikielections/null_model=True d=False/pyr/s=1500 sp=None/pyr_0_combined.csv; Input files updated by another job: results/real/wikielections/null_model=True d=False/pyr/s=1500 sp=None/run/pyr_0.csv
    wildcards: path=results/real/wikielections/null_model=True d=False/pyr/s=1500 sp=None, alg=pyr, runs=0
    resources: tmpdir=/var/folders/dj/14c985vd1ng7gf0vvw_ytrpw0000gn/T

[Mon Dec  9 08:29:51 2024]
Finished job 1.
5 of 6 steps (83%) done
Select jobs to execute...
Execute 1 jobs...

[Mon Dec  9 08:29:51 2024]
localrule wikielections_exp_pyr:
    input: results/real/wikielections/null_model=True d=False/pyr/s=1500 sp=None/pyr_0_combined.csv, results/real/wikielections/null_model=False d=False/pyr/s=1500 sp=None/pyr_0_combined.csv
    jobid: 0
    reason: Input files updated by another job: results/real/wikielections/null_model=False d=False/pyr/s=1500 sp=None/pyr_0_combined.csv, results/real/wikielections/null_model=True d=False/pyr/s=1500 sp=None/pyr_0_combined.csv
    resources: tmpdir=/var/folders/dj/14c985vd1ng7gf0vvw_ytrpw0000gn/T

[Mon Dec  9 08:29:51 2024]
Finished job 0.
6 of 6 steps (100%) done
Complete log: .snakemake/log/2024-12-09T070645.601654.snakemake.log
