host: MacBook-Pro-von-Frederic.local
Building DAG of jobs...
Using shell: /opt/local/bin/bash
Provided cores: 8
Rules claiming more threads will be scaled down.
Job stats:
job             count
------------  -------
combine_exps        8
complete_exp        1
complete_pyr       24
cythonize           1
total              34

Select jobs to execute...
Execute 1 jobs...

[Tue Nov 12 01:46:41 2024]
localrule cythonize:
    input: src/py_raccoon/balance_sampling.pyx, src/py_raccoon/balance_spanning_trees.pyx
    output: results/__cythonized__
    jobid: 3
    reason: Missing output files: results/__cythonized__
    resources: tmpdir=/var/folders/dj/14c985vd1ng7gf0vvw_ytrpw0000gn/T

[Tue Nov 12 01:47:01 2024]
Finished job 3.
1 of 34 steps (3%) done
Select jobs to execute...
Execute 8 jobs...

[Tue Nov 12 01:47:01 2024]
localrule complete_pyr:
    input: results/__cythonized__
    output: results/synthetic/complete/n=9 r=0.1 re=True d=False/pyr/s=1000 sp=None/run/pyr_2.csv
    jobid: 33
    reason: Missing output files: results/synthetic/complete/n=9 r=0.1 re=True d=False/pyr/s=1000 sp=None/run/pyr_2.csv; Input files updated by another job: results/__cythonized__
    wildcards: n_nodes=9, neg_edge_prob=0.1, neg_edge_dist_exact=True, directed=False, n_samples=1000, pyr_spec_edge_prob=None, run=2
    resources: tmpdir=/var/folders/dj/14c985vd1ng7gf0vvw_ytrpw0000gn/T

[Tue Nov 12 01:47:02 2024]
localrule complete_pyr:
    input: results/__cythonized__
    output: results/synthetic/complete/n=4 r=0.1 re=True d=False/pyr/s=1000 sp=None/run/pyr_2.csv
    jobid: 13
    reason: Missing output files: results/synthetic/complete/n=4 r=0.1 re=True d=False/pyr/s=1000 sp=None/run/pyr_2.csv; Input files updated by another job: results/__cythonized__
    wildcards: n_nodes=4, neg_edge_prob=0.1, neg_edge_dist_exact=True, directed=False, n_samples=1000, pyr_spec_edge_prob=None, run=2
    resources: tmpdir=/var/folders/dj/14c985vd1ng7gf0vvw_ytrpw0000gn/T

[Tue Nov 12 01:47:02 2024]
localrule complete_pyr:
    input: results/__cythonized__
    output: results/synthetic/complete/n=3 r=0.1 re=True d=False/pyr/s=1000 sp=None/run/pyr_0.csv
    jobid: 7
    reason: Missing output files: results/synthetic/complete/n=3 r=0.1 re=True d=False/pyr/s=1000 sp=None/run/pyr_0.csv; Input files updated by another job: results/__cythonized__
    wildcards: n_nodes=3, neg_edge_prob=0.1, neg_edge_dist_exact=True, directed=False, n_samples=1000, pyr_spec_edge_prob=None, run=0
    resources: tmpdir=/var/folders/dj/14c985vd1ng7gf0vvw_ytrpw0000gn/T

[Tue Nov 12 01:47:02 2024]
localrule complete_pyr:
    input: results/__cythonized__
    output: results/synthetic/complete/n=8 r=0.1 re=True d=False/pyr/s=1000 sp=None/run/pyr_0.csv
    jobid: 27
    reason: Missing output files: results/synthetic/complete/n=8 r=0.1 re=True d=False/pyr/s=1000 sp=None/run/pyr_0.csv; Input files updated by another job: results/__cythonized__
    wildcards: n_nodes=8, neg_edge_prob=0.1, neg_edge_dist_exact=True, directed=False, n_samples=1000, pyr_spec_edge_prob=None, run=0
    resources: tmpdir=/var/folders/dj/14c985vd1ng7gf0vvw_ytrpw0000gn/T

[Tue Nov 12 01:47:02 2024]
localrule complete_pyr:
    input: results/__cythonized__
    output: results/synthetic/complete/n=2 r=0.1 re=True d=False/pyr/s=1000 sp=None/run/pyr_2.csv
    jobid: 5
    reason: Missing output files: results/synthetic/complete/n=2 r=0.1 re=True d=False/pyr/s=1000 sp=None/run/pyr_2.csv; Input files updated by another job: results/__cythonized__
    wildcards: n_nodes=2, neg_edge_prob=0.1, neg_edge_dist_exact=True, directed=False, n_samples=1000, pyr_spec_edge_prob=None, run=2
    resources: tmpdir=/var/folders/dj/14c985vd1ng7gf0vvw_ytrpw0000gn/T

[Tue Nov 12 01:47:02 2024]
localrule complete_pyr:
    input: results/__cythonized__
    output: results/synthetic/complete/n=2 r=0.1 re=True d=False/pyr/s=1000 sp=None/run/pyr_1.csv
    jobid: 4
    reason: Missing output files: results/synthetic/complete/n=2 r=0.1 re=True d=False/pyr/s=1000 sp=None/run/pyr_1.csv; Input files updated by another job: results/__cythonized__
    wildcards: n_nodes=2, neg_edge_prob=0.1, neg_edge_dist_exact=True, directed=False, n_samples=1000, pyr_spec_edge_prob=None, run=1
    resources: tmpdir=/var/folders/dj/14c985vd1ng7gf0vvw_ytrpw0000gn/T

[Tue Nov 12 01:47:02 2024]
localrule complete_pyr:
    input: results/__cythonized__
    output: results/synthetic/complete/n=7 r=0.1 re=True d=False/pyr/s=1000 sp=None/run/pyr_2.csv
    jobid: 25
    reason: Missing output files: results/synthetic/complete/n=7 r=0.1 re=True d=False/pyr/s=1000 sp=None/run/pyr_2.csv; Input files updated by another job: results/__cythonized__
    wildcards: n_nodes=7, neg_edge_prob=0.1, neg_edge_dist_exact=True, directed=False, n_samples=1000, pyr_spec_edge_prob=None, run=2
    resources: tmpdir=/var/folders/dj/14c985vd1ng7gf0vvw_ytrpw0000gn/T

[Tue Nov 12 01:47:02 2024]
localrule complete_pyr:
    input: results/__cythonized__
    output: results/synthetic/complete/n=7 r=0.1 re=True d=False/pyr/s=1000 sp=None/run/pyr_1.csv
    jobid: 24
    reason: Missing output files: results/synthetic/complete/n=7 r=0.1 re=True d=False/pyr/s=1000 sp=None/run/pyr_1.csv; Input files updated by another job: results/__cythonized__
    wildcards: n_nodes=7, neg_edge_prob=0.1, neg_edge_dist_exact=True, directed=False, n_samples=1000, pyr_spec_edge_prob=None, run=1
    resources: tmpdir=/var/folders/dj/14c985vd1ng7gf0vvw_ytrpw0000gn/T

RuleException:
CalledProcessError in file /Users/fredericbusch/Desktop/Thesis/forks/py-raccoon/workflow/Snakefile, line 116:
Command 'set -euo pipefail;  /Users/fredericbusch/miniforge3/envs/py-raccoon/bin/python3.12 /Users/fredericbusch/Desktop/Thesis/forks/py-raccoon/.snakemake/scripts/tmpunjlsgnq.experiment.py' returned non-zero exit status 1.
[Tue Nov 12 01:47:05 2024]
Error in rule complete_pyr:
    jobid: 7
    input: results/__cythonized__
    output: results/synthetic/complete/n=3 r=0.1 re=True d=False/pyr/s=1000 sp=None/run/pyr_0.csv

[Tue Nov 12 01:47:07 2024]
Finished job 4.
2 of 34 steps (6%) done
[Tue Nov 12 01:47:07 2024]
Finished job 5.
3 of 34 steps (9%) done
[Tue Nov 12 01:47:07 2024]
Finished job 13.
4 of 34 steps (12%) done
[Tue Nov 12 01:47:07 2024]
Finished job 24.
5 of 34 steps (15%) done
[Tue Nov 12 01:47:07 2024]
Finished job 25.
6 of 34 steps (18%) done
[Tue Nov 12 01:47:07 2024]
Finished job 27.
7 of 34 steps (21%) done
[Tue Nov 12 01:47:07 2024]
Finished job 33.
8 of 34 steps (24%) done
Shutting down, this might take some time.
Exiting because a job execution failed. Look above for error message
Complete log: .snakemake/log/2024-11-12T014641.847708.snakemake.log
WorkflowError:
At least one job did not complete successfully.
