host: MacBook-Pro-von-Frederic.local
Building DAG of jobs...
Using shell: /opt/local/bin/bash
Provided cores: 8
Rules claiming more threads will be scaled down.
Job stats:
job             count
------------  -------
combine_exps        2
dataset_cx          1
dataset_pyr         1
test_rule           1
total               5

Select jobs to execute...
Execute 2 jobs...

[Sun Dec  8 02:00:10 2024]
localrule dataset_cx:
    input: results/__cythonized__
    output: results/real/wikielections/null_model=False d=False/cx/e=False p=False l=10 s=20/run/cx_0.csv
    jobid: 5
    reason: Missing output files: results/real/wikielections/null_model=False d=False/cx/e=False p=False l=10 s=20/run/cx_0.csv
    wildcards: dataset=wikielections, null_model=False, directed=False, exact=False, parallel=False, max_length=10, n_samples=20, run=0
    resources: tmpdir=/var/folders/dj/14c985vd1ng7gf0vvw_ytrpw0000gn/T

[Sun Dec  8 02:00:10 2024]
localrule dataset_pyr:
    input: results/__cythonized__
    output: results/real/wikielections/null_model=False d=False/pyr/s=20 sp=None/run/pyr_0.csv
    jobid: 2
    reason: Missing output files: results/real/wikielections/null_model=False d=False/pyr/s=20 sp=None/run/pyr_0.csv
    wildcards: dataset=wikielections, null_model=False, directed=False, n_samples=20, pyr_spec_edge_prob=None, run=0
    resources: tmpdir=/var/folders/dj/14c985vd1ng7gf0vvw_ytrpw0000gn/T

[Sun Dec  8 02:00:51 2024]
Finished job 5.
1 of 5 steps (20%) done
Select jobs to execute...
Execute 1 jobs...

[Sun Dec  8 02:00:51 2024]
localrule combine_exps:
    input: results/real/wikielections/null_model=False d=False/cx/e=False p=False l=10 s=20/run/cx_0.csv
    output: results/real/wikielections/null_model=False d=False/cx/e=False p=False l=10 s=20/cx_0_combined.csv
    jobid: 4
    reason: Missing output files: results/real/wikielections/null_model=False d=False/cx/e=False p=False l=10 s=20/cx_0_combined.csv; Input files updated by another job: results/real/wikielections/null_model=False d=False/cx/e=False p=False l=10 s=20/run/cx_0.csv
    wildcards: path=results/real/wikielections/null_model=False d=False/cx/e=False p=False l=10 s=20, alg=cx, runs=0
    resources: tmpdir=/var/folders/dj/14c985vd1ng7gf0vvw_ytrpw0000gn/T

[Sun Dec  8 02:00:53 2024]
Finished job 4.
2 of 5 steps (40%) done
[Sun Dec  8 02:01:33 2024]
Finished job 2.
3 of 5 steps (60%) done
Select jobs to execute...
Execute 1 jobs...

[Sun Dec  8 02:01:33 2024]
localrule combine_exps:
    input: results/real/wikielections/null_model=False d=False/pyr/s=20 sp=None/run/pyr_0.csv
    output: results/real/wikielections/null_model=False d=False/pyr/s=20 sp=None/pyr_0_combined.csv
    jobid: 1
    reason: Missing output files: results/real/wikielections/null_model=False d=False/pyr/s=20 sp=None/pyr_0_combined.csv; Input files updated by another job: results/real/wikielections/null_model=False d=False/pyr/s=20 sp=None/run/pyr_0.csv
    wildcards: path=results/real/wikielections/null_model=False d=False/pyr/s=20 sp=None, alg=pyr, runs=0
    resources: tmpdir=/var/folders/dj/14c985vd1ng7gf0vvw_ytrpw0000gn/T

[Sun Dec  8 02:01:34 2024]
Finished job 1.
4 of 5 steps (80%) done
Select jobs to execute...
Execute 1 jobs...

[Sun Dec  8 02:01:34 2024]
localrule test_rule:
    input: results/real/wikielections/null_model=False d=False/pyr/s=20 sp=None/pyr_0_combined.csv, results/real/wikielections/null_model=False d=False/cx/e=False p=False l=10 s=20/cx_0_combined.csv
    jobid: 0
    reason: Input files updated by another job: results/real/wikielections/null_model=False d=False/pyr/s=20 sp=None/pyr_0_combined.csv, results/real/wikielections/null_model=False d=False/cx/e=False p=False l=10 s=20/cx_0_combined.csv
    resources: tmpdir=/var/folders/dj/14c985vd1ng7gf0vvw_ytrpw0000gn/T

[Sun Dec  8 02:01:34 2024]
Finished job 0.
5 of 5 steps (100%) done
Complete log: .snakemake/log/2024-12-08T020010.738418.snakemake.log
