host: fredduuxd
Building DAG of jobs...
Provided cores: 16
Rules claiming more threads will be scaled down.
Job stats:
job             count
------------  -------
combine_exps       17
complete_exp        1
complete_pyr       51
cythonize           1
total              70

Select jobs to execute...
Execute 1 jobs...

[Tue Nov 12 01:53:09 2024]
localrule cythonize:
    input: src/py_raccoon/balance_sampling.pyx, src/py_raccoon/balance_spanning_trees.pyx
    output: results/__cythonized__
    jobid: 3
    reason: Missing output files: results/__cythonized__
    resources: tmpdir=C:\Users\FREDDU~1\AppData\Local\Temp

[Tue Nov 12 01:53:15 2024]
Finished job 3.
1 of 70 steps (1%) done
Select jobs to execute...
Execute 16 jobs...

[Tue Nov 12 01:53:15 2024]
localrule complete_pyr:
    input: results/__cythonized__
    output: results/synthetic/complete/n=7 r=0.1 re=True d=False/pyr/s=1000 sp=None/run/pyr_0.csv
    jobid: 15
    reason: Missing output files: results/synthetic/complete/n=7 r=0.1 re=True d=False/pyr/s=1000 sp=None/run/pyr_0.csv; Input files updated by another job: results/__cythonized__
    wildcards: n_nodes=7, neg_edge_prob=0.1, neg_edge_dist_exact=True, directed=False, n_samples=1000, pyr_spec_edge_prob=None, run=0
    resources: tmpdir=C:\Users\FREDDU~1\AppData\Local\Temp

[Tue Nov 12 01:53:15 2024]
localrule complete_pyr:
    input: results/__cythonized__
    output: results/synthetic/complete/n=12 r=0.1 re=True d=False/pyr/s=1000 sp=None/run/pyr_0.csv
    jobid: 35
    reason: Missing output files: results/synthetic/complete/n=12 r=0.1 re=True d=False/pyr/s=1000 sp=None/run/pyr_0.csv; Input files updated by another job: results/__cythonized__
    wildcards: n_nodes=12, neg_edge_prob=0.1, neg_edge_dist_exact=True, directed=False, n_samples=1000, pyr_spec_edge_prob=None, run=0
    resources: tmpdir=C:\Users\FREDDU~1\AppData\Local\Temp

[Tue Nov 12 01:53:15 2024]
localrule complete_pyr:
    input: results/__cythonized__
    output: results/synthetic/complete/n=17 r=0.1 re=True d=False/pyr/s=1000 sp=None/run/pyr_0.csv
    jobid: 55
    reason: Missing output files: results/synthetic/complete/n=17 r=0.1 re=True d=False/pyr/s=1000 sp=None/run/pyr_0.csv; Input files updated by another job: results/__cythonized__
    wildcards: n_nodes=17, neg_edge_prob=0.1, neg_edge_dist_exact=True, directed=False, n_samples=1000, pyr_spec_edge_prob=None, run=0
    resources: tmpdir=C:\Users\FREDDU~1\AppData\Local\Temp

[Tue Nov 12 01:53:15 2024]
localrule complete_pyr:
    input: results/__cythonized__
    output: results/synthetic/complete/n=10 r=0.1 re=True d=False/pyr/s=1000 sp=None/run/pyr_2.csv
    jobid: 29
    reason: Missing output files: results/synthetic/complete/n=10 r=0.1 re=True d=False/pyr/s=1000 sp=None/run/pyr_2.csv; Input files updated by another job: results/__cythonized__
    wildcards: n_nodes=10, neg_edge_prob=0.1, neg_edge_dist_exact=True, directed=False, n_samples=1000, pyr_spec_edge_prob=None, run=2
    resources: tmpdir=C:\Users\FREDDU~1\AppData\Local\Temp

[Tue Nov 12 01:53:15 2024]
localrule complete_pyr:
    input: results/__cythonized__
    output: results/synthetic/complete/n=15 r=0.1 re=True d=False/pyr/s=1000 sp=None/run/pyr_2.csv
    jobid: 49
    reason: Missing output files: results/synthetic/complete/n=15 r=0.1 re=True d=False/pyr/s=1000 sp=None/run/pyr_2.csv; Input files updated by another job: results/__cythonized__
    wildcards: n_nodes=15, neg_edge_prob=0.1, neg_edge_dist_exact=True, directed=False, n_samples=1000, pyr_spec_edge_prob=None, run=2
    resources: tmpdir=C:\Users\FREDDU~1\AppData\Local\Temp

[Tue Nov 12 01:53:15 2024]
localrule complete_pyr:
    input: results/__cythonized__
    output: results/synthetic/complete/n=20 r=0.1 re=True d=False/pyr/s=1000 sp=None/run/pyr_2.csv
    jobid: 69
    reason: Missing output files: results/synthetic/complete/n=20 r=0.1 re=True d=False/pyr/s=1000 sp=None/run/pyr_2.csv; Input files updated by another job: results/__cythonized__
    wildcards: n_nodes=20, neg_edge_prob=0.1, neg_edge_dist_exact=True, directed=False, n_samples=1000, pyr_spec_edge_prob=None, run=2
    resources: tmpdir=C:\Users\FREDDU~1\AppData\Local\Temp

[Tue Nov 12 01:53:15 2024]
localrule complete_pyr:
    input: results/__cythonized__
    output: results/synthetic/complete/n=5 r=0.1 re=True d=False/pyr/s=1000 sp=None/run/pyr_2.csv
    jobid: 9
    reason: Missing output files: results/synthetic/complete/n=5 r=0.1 re=True d=False/pyr/s=1000 sp=None/run/pyr_2.csv; Input files updated by another job: results/__cythonized__
    wildcards: n_nodes=5, neg_edge_prob=0.1, neg_edge_dist_exact=True, directed=False, n_samples=1000, pyr_spec_edge_prob=None, run=2
    resources: tmpdir=C:\Users\FREDDU~1\AppData\Local\Temp

[Tue Nov 12 01:53:15 2024]
localrule complete_pyr:
    input: results/__cythonized__
    output: results/synthetic/complete/n=16 r=0.1 re=True d=False/pyr/s=1000 sp=None/run/pyr_2.csv
    jobid: 53
    reason: Missing output files: results/synthetic/complete/n=16 r=0.1 re=True d=False/pyr/s=1000 sp=None/run/pyr_2.csv; Input files updated by another job: results/__cythonized__
    wildcards: n_nodes=16, neg_edge_prob=0.1, neg_edge_dist_exact=True, directed=False, n_samples=1000, pyr_spec_edge_prob=None, run=2
    resources: tmpdir=C:\Users\FREDDU~1\AppData\Local\Temp

[Tue Nov 12 01:53:15 2024]
localrule complete_pyr:
    input: results/__cythonized__
    output: results/synthetic/complete/n=6 r=0.1 re=True d=False/pyr/s=1000 sp=None/run/pyr_2.csv
    jobid: 13
    reason: Missing output files: results/synthetic/complete/n=6 r=0.1 re=True d=False/pyr/s=1000 sp=None/run/pyr_2.csv; Input files updated by another job: results/__cythonized__
    wildcards: n_nodes=6, neg_edge_prob=0.1, neg_edge_dist_exact=True, directed=False, n_samples=1000, pyr_spec_edge_prob=None, run=2
    resources: tmpdir=C:\Users\FREDDU~1\AppData\Local\Temp

[Tue Nov 12 01:53:15 2024]
localrule complete_pyr:
    input: results/__cythonized__
    output: results/synthetic/complete/n=11 r=0.1 re=True d=False/pyr/s=1000 sp=None/run/pyr_2.csv
    jobid: 33
    reason: Missing output files: results/synthetic/complete/n=11 r=0.1 re=True d=False/pyr/s=1000 sp=None/run/pyr_2.csv; Input files updated by another job: results/__cythonized__
    wildcards: n_nodes=11, neg_edge_prob=0.1, neg_edge_dist_exact=True, directed=False, n_samples=1000, pyr_spec_edge_prob=None, run=2
    resources: tmpdir=C:\Users\FREDDU~1\AppData\Local\Temp

[Tue Nov 12 01:53:15 2024]
localrule complete_pyr:
    input: results/__cythonized__
    output: results/synthetic/complete/n=16 r=0.1 re=True d=False/pyr/s=1000 sp=None/run/pyr_1.csv
    jobid: 52
    reason: Missing output files: results/synthetic/complete/n=16 r=0.1 re=True d=False/pyr/s=1000 sp=None/run/pyr_1.csv; Input files updated by another job: results/__cythonized__
    wildcards: n_nodes=16, neg_edge_prob=0.1, neg_edge_dist_exact=True, directed=False, n_samples=1000, pyr_spec_edge_prob=None, run=1
    resources: tmpdir=C:\Users\FREDDU~1\AppData\Local\Temp

[Tue Nov 12 01:53:15 2024]
localrule complete_pyr:
    input: results/__cythonized__
    output: results/synthetic/complete/n=6 r=0.1 re=True d=False/pyr/s=1000 sp=None/run/pyr_1.csv
    jobid: 12
    reason: Missing output files: results/synthetic/complete/n=6 r=0.1 re=True d=False/pyr/s=1000 sp=None/run/pyr_1.csv; Input files updated by another job: results/__cythonized__
    wildcards: n_nodes=6, neg_edge_prob=0.1, neg_edge_dist_exact=True, directed=False, n_samples=1000, pyr_spec_edge_prob=None, run=1
    resources: tmpdir=C:\Users\FREDDU~1\AppData\Local\Temp

[Tue Nov 12 01:53:15 2024]
localrule complete_pyr:
    input: results/__cythonized__
    output: results/synthetic/complete/n=11 r=0.1 re=True d=False/pyr/s=1000 sp=None/run/pyr_1.csv
    jobid: 32
    reason: Missing output files: results/synthetic/complete/n=11 r=0.1 re=True d=False/pyr/s=1000 sp=None/run/pyr_1.csv; Input files updated by another job: results/__cythonized__
    wildcards: n_nodes=11, neg_edge_prob=0.1, neg_edge_dist_exact=True, directed=False, n_samples=1000, pyr_spec_edge_prob=None, run=1
    resources: tmpdir=C:\Users\FREDDU~1\AppData\Local\Temp

[Tue Nov 12 01:53:15 2024]
localrule complete_pyr:
    input: results/__cythonized__
    output: results/synthetic/complete/n=11 r=0.1 re=True d=False/pyr/s=1000 sp=None/run/pyr_0.csv
    jobid: 31
    reason: Missing output files: results/synthetic/complete/n=11 r=0.1 re=True d=False/pyr/s=1000 sp=None/run/pyr_0.csv; Input files updated by another job: results/__cythonized__
    wildcards: n_nodes=11, neg_edge_prob=0.1, neg_edge_dist_exact=True, directed=False, n_samples=1000, pyr_spec_edge_prob=None, run=0
    resources: tmpdir=C:\Users\FREDDU~1\AppData\Local\Temp

[Tue Nov 12 01:53:15 2024]
localrule complete_pyr:
    input: results/__cythonized__
    output: results/synthetic/complete/n=16 r=0.1 re=True d=False/pyr/s=1000 sp=None/run/pyr_0.csv
    jobid: 51
    reason: Missing output files: results/synthetic/complete/n=16 r=0.1 re=True d=False/pyr/s=1000 sp=None/run/pyr_0.csv; Input files updated by another job: results/__cythonized__
    wildcards: n_nodes=16, neg_edge_prob=0.1, neg_edge_dist_exact=True, directed=False, n_samples=1000, pyr_spec_edge_prob=None, run=0
    resources: tmpdir=C:\Users\FREDDU~1\AppData\Local\Temp

[Tue Nov 12 01:53:15 2024]
localrule complete_pyr:
    input: results/__cythonized__
    output: results/synthetic/complete/n=6 r=0.1 re=True d=False/pyr/s=1000 sp=None/run/pyr_0.csv
    jobid: 11
    reason: Missing output files: results/synthetic/complete/n=6 r=0.1 re=True d=False/pyr/s=1000 sp=None/run/pyr_0.csv; Input files updated by another job: results/__cythonized__
    wildcards: n_nodes=6, neg_edge_prob=0.1, neg_edge_dist_exact=True, directed=False, n_samples=1000, pyr_spec_edge_prob=None, run=0
    resources: tmpdir=C:\Users\FREDDU~1\AppData\Local\Temp

[Tue Nov 12 01:53:18 2024]
Finished job 9.
2 of 70 steps (3%) done
Select jobs to execute...
Execute 1 jobs...

[Tue Nov 12 01:53:18 2024]
localrule complete_pyr:
    input: results/__cythonized__
    output: results/synthetic/complete/n=5 r=0.1 re=True d=False/pyr/s=1000 sp=None/run/pyr_1.csv
    jobid: 8
    reason: Missing output files: results/synthetic/complete/n=5 r=0.1 re=True d=False/pyr/s=1000 sp=None/run/pyr_1.csv; Input files updated by another job: results/__cythonized__
    wildcards: n_nodes=5, neg_edge_prob=0.1, neg_edge_dist_exact=True, directed=False, n_samples=1000, pyr_spec_edge_prob=None, run=1
    resources: tmpdir=C:\Users\FREDDU~1\AppData\Local\Temp

[Tue Nov 12 01:53:19 2024]
Finished job 12.
3 of 70 steps (4%) done
Select jobs to execute...
Execute 1 jobs...

[Tue Nov 12 01:53:19 2024]
localrule complete_pyr:
    input: results/__cythonized__
    output: results/synthetic/complete/n=10 r=0.1 re=True d=False/pyr/s=1000 sp=None/run/pyr_1.csv
    jobid: 28
    reason: Missing output files: results/synthetic/complete/n=10 r=0.1 re=True d=False/pyr/s=1000 sp=None/run/pyr_1.csv; Input files updated by another job: results/__cythonized__
    wildcards: n_nodes=10, neg_edge_prob=0.1, neg_edge_dist_exact=True, directed=False, n_samples=1000, pyr_spec_edge_prob=None, run=1
    resources: tmpdir=C:\Users\FREDDU~1\AppData\Local\Temp

[Tue Nov 12 01:53:19 2024]
Finished job 13.
4 of 70 steps (6%) done
Select jobs to execute...
Execute 1 jobs...

[Tue Nov 12 01:53:19 2024]
localrule complete_pyr:
    input: results/__cythonized__
    output: results/synthetic/complete/n=15 r=0.1 re=True d=False/pyr/s=1000 sp=None/run/pyr_1.csv
    jobid: 48
    reason: Missing output files: results/synthetic/complete/n=15 r=0.1 re=True d=False/pyr/s=1000 sp=None/run/pyr_1.csv; Input files updated by another job: results/__cythonized__
    wildcards: n_nodes=15, neg_edge_prob=0.1, neg_edge_dist_exact=True, directed=False, n_samples=1000, pyr_spec_edge_prob=None, run=1
    resources: tmpdir=C:\Users\FREDDU~1\AppData\Local\Temp

[Tue Nov 12 01:53:19 2024]
Finished job 11.
5 of 70 steps (7%) done
Select jobs to execute...
Execute 1 jobs...

[Tue Nov 12 01:53:19 2024]
localrule combine_exps:
    input: results/synthetic/complete/n=6 r=0.1 re=True d=False/pyr/s=1000 sp=None/run/pyr_0.csv, results/synthetic/complete/n=6 r=0.1 re=True d=False/pyr/s=1000 sp=None/run/pyr_1.csv, results/synthetic/complete/n=6 r=0.1 re=True d=False/pyr/s=1000 sp=None/run/pyr_2.csv
    output: results/synthetic/complete/n=6 r=0.1 re=True d=False/pyr/s=1000 sp=None/pyr_2_combined.csv
    jobid: 10
    reason: Missing output files: results/synthetic/complete/n=6 r=0.1 re=True d=False/pyr/s=1000 sp=None/pyr_2_combined.csv; Input files updated by another job: results/synthetic/complete/n=6 r=0.1 re=True d=False/pyr/s=1000 sp=None/run/pyr_1.csv, results/synthetic/complete/n=6 r=0.1 re=True d=False/pyr/s=1000 sp=None/run/pyr_0.csv, results/synthetic/complete/n=6 r=0.1 re=True d=False/pyr/s=1000 sp=None/run/pyr_2.csv
    wildcards: path=results/synthetic/complete/n=6 r=0.1 re=True d=False/pyr/s=1000 sp=None, alg=pyr, runs=2
    resources: tmpdir=C:\Users\FREDDU~1\AppData\Local\Temp

[Tue Nov 12 01:53:19 2024]
Finished job 10.
6 of 70 steps (9%) done
Select jobs to execute...
Execute 1 jobs...

[Tue Nov 12 01:53:19 2024]
localrule complete_pyr:
    input: results/__cythonized__
    output: results/synthetic/complete/n=20 r=0.1 re=True d=False/pyr/s=1000 sp=None/run/pyr_1.csv
    jobid: 68
    reason: Missing output files: results/synthetic/complete/n=20 r=0.1 re=True d=False/pyr/s=1000 sp=None/run/pyr_1.csv; Input files updated by another job: results/__cythonized__
    wildcards: n_nodes=20, neg_edge_prob=0.1, neg_edge_dist_exact=True, directed=False, n_samples=1000, pyr_spec_edge_prob=None, run=1
    resources: tmpdir=C:\Users\FREDDU~1\AppData\Local\Temp

[Tue Nov 12 01:53:19 2024]
Finished job 15.
7 of 70 steps (10%) done
Select jobs to execute...
Execute 1 jobs...

[Tue Nov 12 01:53:19 2024]
localrule complete_pyr:
    input: results/__cythonized__
    output: results/synthetic/complete/n=5 r=0.1 re=True d=False/pyr/s=1000 sp=None/run/pyr_0.csv
    jobid: 7
    reason: Missing output files: results/synthetic/complete/n=5 r=0.1 re=True d=False/pyr/s=1000 sp=None/run/pyr_0.csv; Input files updated by another job: results/__cythonized__
    wildcards: n_nodes=5, neg_edge_prob=0.1, neg_edge_dist_exact=True, directed=False, n_samples=1000, pyr_spec_edge_prob=None, run=0
    resources: tmpdir=C:\Users\FREDDU~1\AppData\Local\Temp

[Tue Nov 12 01:53:19 2024]
Finished job 29.
8 of 70 steps (11%) done
Select jobs to execute...
Execute 1 jobs...

[Tue Nov 12 01:53:19 2024]
localrule complete_pyr:
    input: results/__cythonized__
    output: results/synthetic/complete/n=10 r=0.1 re=True d=False/pyr/s=1000 sp=None/run/pyr_0.csv
    jobid: 27
    reason: Missing output files: results/synthetic/complete/n=10 r=0.1 re=True d=False/pyr/s=1000 sp=None/run/pyr_0.csv; Input files updated by another job: results/__cythonized__
    wildcards: n_nodes=10, neg_edge_prob=0.1, neg_edge_dist_exact=True, directed=False, n_samples=1000, pyr_spec_edge_prob=None, run=0
    resources: tmpdir=C:\Users\FREDDU~1\AppData\Local\Temp

[Tue Nov 12 01:53:19 2024]
Finished job 32.
9 of 70 steps (13%) done
Select jobs to execute...
Execute 1 jobs...

[Tue Nov 12 01:53:19 2024]
localrule complete_pyr:
    input: results/__cythonized__
    output: results/synthetic/complete/n=4 r=0.1 re=True d=False/pyr/s=1000 sp=None/run/pyr_2.csv
    jobid: 5
    reason: Missing output files: results/synthetic/complete/n=4 r=0.1 re=True d=False/pyr/s=1000 sp=None/run/pyr_2.csv; Input files updated by another job: results/__cythonized__
    wildcards: n_nodes=4, neg_edge_prob=0.1, neg_edge_dist_exact=True, directed=False, n_samples=1000, pyr_spec_edge_prob=None, run=2
    resources: tmpdir=C:\Users\FREDDU~1\AppData\Local\Temp

[Tue Nov 12 01:53:19 2024]
Finished job 31.
10 of 70 steps (14%) done
Select jobs to execute...
Execute 1 jobs...

[Tue Nov 12 01:53:19 2024]
localrule complete_pyr:
    input: results/__cythonized__
    output: results/synthetic/complete/n=15 r=0.1 re=True d=False/pyr/s=1000 sp=None/run/pyr_0.csv
    jobid: 47
    reason: Missing output files: results/synthetic/complete/n=15 r=0.1 re=True d=False/pyr/s=1000 sp=None/run/pyr_0.csv; Input files updated by another job: results/__cythonized__
    wildcards: n_nodes=15, neg_edge_prob=0.1, neg_edge_dist_exact=True, directed=False, n_samples=1000, pyr_spec_edge_prob=None, run=0
    resources: tmpdir=C:\Users\FREDDU~1\AppData\Local\Temp

[Tue Nov 12 01:53:19 2024]
Finished job 33.
11 of 70 steps (16%) done
Select jobs to execute...
Execute 1 jobs...

[Tue Nov 12 01:53:19 2024]
localrule combine_exps:
    input: results/synthetic/complete/n=11 r=0.1 re=True d=False/pyr/s=1000 sp=None/run/pyr_0.csv, results/synthetic/complete/n=11 r=0.1 re=True d=False/pyr/s=1000 sp=None/run/pyr_1.csv, results/synthetic/complete/n=11 r=0.1 re=True d=False/pyr/s=1000 sp=None/run/pyr_2.csv
    output: results/synthetic/complete/n=11 r=0.1 re=True d=False/pyr/s=1000 sp=None/pyr_2_combined.csv
    jobid: 30
    reason: Missing output files: results/synthetic/complete/n=11 r=0.1 re=True d=False/pyr/s=1000 sp=None/pyr_2_combined.csv; Input files updated by another job: results/synthetic/complete/n=11 r=0.1 re=True d=False/pyr/s=1000 sp=None/run/pyr_2.csv, results/synthetic/complete/n=11 r=0.1 re=True d=False/pyr/s=1000 sp=None/run/pyr_0.csv, results/synthetic/complete/n=11 r=0.1 re=True d=False/pyr/s=1000 sp=None/run/pyr_1.csv
    wildcards: path=results/synthetic/complete/n=11 r=0.1 re=True d=False/pyr/s=1000 sp=None, alg=pyr, runs=2
    resources: tmpdir=C:\Users\FREDDU~1\AppData\Local\Temp

[Tue Nov 12 01:53:19 2024]
Finished job 30.
12 of 70 steps (17%) done
Select jobs to execute...
Execute 1 jobs...

[Tue Nov 12 01:53:19 2024]
localrule complete_pyr:
    input: results/__cythonized__
    output: results/synthetic/complete/n=20 r=0.1 re=True d=False/pyr/s=1000 sp=None/run/pyr_0.csv
    jobid: 67
    reason: Missing output files: results/synthetic/complete/n=20 r=0.1 re=True d=False/pyr/s=1000 sp=None/run/pyr_0.csv; Input files updated by another job: results/__cythonized__
    wildcards: n_nodes=20, neg_edge_prob=0.1, neg_edge_dist_exact=True, directed=False, n_samples=1000, pyr_spec_edge_prob=None, run=0
    resources: tmpdir=C:\Users\FREDDU~1\AppData\Local\Temp

[Tue Nov 12 01:53:19 2024]
Finished job 35.
13 of 70 steps (19%) done
Select jobs to execute...
Execute 1 jobs...

[Tue Nov 12 01:53:19 2024]
localrule complete_pyr:
    input: results/__cythonized__
    output: results/synthetic/complete/n=19 r=0.1 re=True d=False/pyr/s=1000 sp=None/run/pyr_2.csv
    jobid: 65
    reason: Missing output files: results/synthetic/complete/n=19 r=0.1 re=True d=False/pyr/s=1000 sp=None/run/pyr_2.csv; Input files updated by another job: results/__cythonized__
    wildcards: n_nodes=19, neg_edge_prob=0.1, neg_edge_dist_exact=True, directed=False, n_samples=1000, pyr_spec_edge_prob=None, run=2
    resources: tmpdir=C:\Users\FREDDU~1\AppData\Local\Temp

[Tue Nov 12 01:53:20 2024]
Finished job 49.
14 of 70 steps (20%) done
Select jobs to execute...
Execute 1 jobs...

[Tue Nov 12 01:53:20 2024]
localrule complete_pyr:
    input: results/__cythonized__
    output: results/synthetic/complete/n=9 r=0.1 re=True d=False/pyr/s=1000 sp=None/run/pyr_2.csv
    jobid: 25
    reason: Missing output files: results/synthetic/complete/n=9 r=0.1 re=True d=False/pyr/s=1000 sp=None/run/pyr_2.csv; Input files updated by another job: results/__cythonized__
    wildcards: n_nodes=9, neg_edge_prob=0.1, neg_edge_dist_exact=True, directed=False, n_samples=1000, pyr_spec_edge_prob=None, run=2
    resources: tmpdir=C:\Users\FREDDU~1\AppData\Local\Temp

[Tue Nov 12 01:53:20 2024]
Finished job 53.
15 of 70 steps (21%) done
Select jobs to execute...
Execute 1 jobs...

[Tue Nov 12 01:53:20 2024]
localrule complete_pyr:
    input: results/__cythonized__
    output: results/synthetic/complete/n=4 r=0.1 re=True d=False/pyr/s=1000 sp=None/run/pyr_1.csv
    jobid: 4
    reason: Missing output files: results/synthetic/complete/n=4 r=0.1 re=True d=False/pyr/s=1000 sp=None/run/pyr_1.csv; Input files updated by another job: results/__cythonized__
    wildcards: n_nodes=4, neg_edge_prob=0.1, neg_edge_dist_exact=True, directed=False, n_samples=1000, pyr_spec_edge_prob=None, run=1
    resources: tmpdir=C:\Users\FREDDU~1\AppData\Local\Temp

[Tue Nov 12 01:53:20 2024]
Finished job 52.
16 of 70 steps (23%) done
Select jobs to execute...
Execute 1 jobs...

[Tue Nov 12 01:53:20 2024]
localrule complete_pyr:
    input: results/__cythonized__
    output: results/synthetic/complete/n=14 r=0.1 re=True d=False/pyr/s=1000 sp=None/run/pyr_2.csv
    jobid: 45
    reason: Missing output files: results/synthetic/complete/n=14 r=0.1 re=True d=False/pyr/s=1000 sp=None/run/pyr_2.csv; Input files updated by another job: results/__cythonized__
    wildcards: n_nodes=14, neg_edge_prob=0.1, neg_edge_dist_exact=True, directed=False, n_samples=1000, pyr_spec_edge_prob=None, run=2
    resources: tmpdir=C:\Users\FREDDU~1\AppData\Local\Temp

[Tue Nov 12 01:53:20 2024]
Finished job 51.
17 of 70 steps (24%) done
Select jobs to execute...
Execute 1 jobs...

[Tue Nov 12 01:53:20 2024]
localrule combine_exps:
    input: results/synthetic/complete/n=16 r=0.1 re=True d=False/pyr/s=1000 sp=None/run/pyr_0.csv, results/synthetic/complete/n=16 r=0.1 re=True d=False/pyr/s=1000 sp=None/run/pyr_1.csv, results/synthetic/complete/n=16 r=0.1 re=True d=False/pyr/s=1000 sp=None/run/pyr_2.csv
    output: results/synthetic/complete/n=16 r=0.1 re=True d=False/pyr/s=1000 sp=None/pyr_2_combined.csv
    jobid: 50
    reason: Missing output files: results/synthetic/complete/n=16 r=0.1 re=True d=False/pyr/s=1000 sp=None/pyr_2_combined.csv; Input files updated by another job: results/synthetic/complete/n=16 r=0.1 re=True d=False/pyr/s=1000 sp=None/run/pyr_1.csv, results/synthetic/complete/n=16 r=0.1 re=True d=False/pyr/s=1000 sp=None/run/pyr_2.csv, results/synthetic/complete/n=16 r=0.1 re=True d=False/pyr/s=1000 sp=None/run/pyr_0.csv
    wildcards: path=results/synthetic/complete/n=16 r=0.1 re=True d=False/pyr/s=1000 sp=None, alg=pyr, runs=2
    resources: tmpdir=C:\Users\FREDDU~1\AppData\Local\Temp

[Tue Nov 12 01:53:20 2024]
Finished job 50.
18 of 70 steps (26%) done
Select jobs to execute...
Execute 1 jobs...

[Tue Nov 12 01:53:20 2024]
localrule complete_pyr:
    input: results/__cythonized__
    output: results/synthetic/complete/n=19 r=0.1 re=True d=False/pyr/s=1000 sp=None/run/pyr_1.csv
    jobid: 64
    reason: Missing output files: results/synthetic/complete/n=19 r=0.1 re=True d=False/pyr/s=1000 sp=None/run/pyr_1.csv; Input files updated by another job: results/__cythonized__
    wildcards: n_nodes=19, neg_edge_prob=0.1, neg_edge_dist_exact=True, directed=False, n_samples=1000, pyr_spec_edge_prob=None, run=1
    resources: tmpdir=C:\Users\FREDDU~1\AppData\Local\Temp

[Tue Nov 12 01:53:20 2024]
Finished job 55.
19 of 70 steps (27%) done
Select jobs to execute...
Execute 1 jobs...

[Tue Nov 12 01:53:20 2024]
localrule complete_pyr:
    input: results/__cythonized__
    output: results/synthetic/complete/n=4 r=0.1 re=True d=False/pyr/s=1000 sp=None/run/pyr_0.csv
    jobid: 2
    reason: Missing output files: results/synthetic/complete/n=4 r=0.1 re=True d=False/pyr/s=1000 sp=None/run/pyr_0.csv; Input files updated by another job: results/__cythonized__
    wildcards: n_nodes=4, neg_edge_prob=0.1, neg_edge_dist_exact=True, directed=False, n_samples=1000, pyr_spec_edge_prob=None, run=0
    resources: tmpdir=C:\Users\FREDDU~1\AppData\Local\Temp

[Tue Nov 12 01:53:21 2024]
Finished job 69.
20 of 70 steps (29%) done
Select jobs to execute...
Execute 1 jobs...

[Tue Nov 12 01:53:21 2024]
localrule complete_pyr:
    input: results/__cythonized__
    output: results/synthetic/complete/n=9 r=0.1 re=True d=False/pyr/s=1000 sp=None/run/pyr_1.csv
    jobid: 24
    reason: Missing output files: results/synthetic/complete/n=9 r=0.1 re=True d=False/pyr/s=1000 sp=None/run/pyr_1.csv; Input files updated by another job: results/__cythonized__
    wildcards: n_nodes=9, neg_edge_prob=0.1, neg_edge_dist_exact=True, directed=False, n_samples=1000, pyr_spec_edge_prob=None, run=1
    resources: tmpdir=C:\Users\FREDDU~1\AppData\Local\Temp

[Tue Nov 12 01:53:22 2024]
Finished job 8.
21 of 70 steps (30%) done
Select jobs to execute...
Execute 1 jobs...

[Tue Nov 12 01:53:22 2024]
localrule complete_pyr:
    input: results/__cythonized__
    output: results/synthetic/complete/n=14 r=0.1 re=True d=False/pyr/s=1000 sp=None/run/pyr_1.csv
    jobid: 44
    reason: Missing output files: results/synthetic/complete/n=14 r=0.1 re=True d=False/pyr/s=1000 sp=None/run/pyr_1.csv; Input files updated by another job: results/__cythonized__
    wildcards: n_nodes=14, neg_edge_prob=0.1, neg_edge_dist_exact=True, directed=False, n_samples=1000, pyr_spec_edge_prob=None, run=1
    resources: tmpdir=C:\Users\FREDDU~1\AppData\Local\Temp

[Tue Nov 12 01:53:22 2024]
Finished job 7.
22 of 70 steps (31%) done
Select jobs to execute...
Execute 1 jobs...

[Tue Nov 12 01:53:22 2024]
localrule combine_exps:
    input: results/synthetic/complete/n=5 r=0.1 re=True d=False/pyr/s=1000 sp=None/run/pyr_0.csv, results/synthetic/complete/n=5 r=0.1 re=True d=False/pyr/s=1000 sp=None/run/pyr_1.csv, results/synthetic/complete/n=5 r=0.1 re=True d=False/pyr/s=1000 sp=None/run/pyr_2.csv
    output: results/synthetic/complete/n=5 r=0.1 re=True d=False/pyr/s=1000 sp=None/pyr_2_combined.csv
    jobid: 6
    reason: Missing output files: results/synthetic/complete/n=5 r=0.1 re=True d=False/pyr/s=1000 sp=None/pyr_2_combined.csv; Input files updated by another job: results/synthetic/complete/n=5 r=0.1 re=True d=False/pyr/s=1000 sp=None/run/pyr_1.csv, results/synthetic/complete/n=5 r=0.1 re=True d=False/pyr/s=1000 sp=None/run/pyr_2.csv, results/synthetic/complete/n=5 r=0.1 re=True d=False/pyr/s=1000 sp=None/run/pyr_0.csv
    wildcards: path=results/synthetic/complete/n=5 r=0.1 re=True d=False/pyr/s=1000 sp=None, alg=pyr, runs=2
    resources: tmpdir=C:\Users\FREDDU~1\AppData\Local\Temp

[Tue Nov 12 01:53:22 2024]
Finished job 6.
23 of 70 steps (33%) done
Select jobs to execute...
Execute 1 jobs...

[Tue Nov 12 01:53:22 2024]
localrule complete_pyr:
    input: results/__cythonized__
    output: results/synthetic/complete/n=13 r=0.1 re=True d=False/pyr/s=1000 sp=None/run/pyr_1.csv
    jobid: 40
    reason: Missing output files: results/synthetic/complete/n=13 r=0.1 re=True d=False/pyr/s=1000 sp=None/run/pyr_1.csv; Input files updated by another job: results/__cythonized__
    wildcards: n_nodes=13, neg_edge_prob=0.1, neg_edge_dist_exact=True, directed=False, n_samples=1000, pyr_spec_edge_prob=None, run=1
    resources: tmpdir=C:\Users\FREDDU~1\AppData\Local\Temp

[Tue Nov 12 01:53:22 2024]
Finished job 28.
24 of 70 steps (34%) done
Select jobs to execute...
Execute 1 jobs...

[Tue Nov 12 01:53:22 2024]
localrule complete_pyr:
    input: results/__cythonized__
    output: results/synthetic/complete/n=18 r=0.1 re=True d=False/pyr/s=1000 sp=None/run/pyr_1.csv
    jobid: 60
    reason: Missing output files: results/synthetic/complete/n=18 r=0.1 re=True d=False/pyr/s=1000 sp=None/run/pyr_1.csv; Input files updated by another job: results/__cythonized__
    wildcards: n_nodes=18, neg_edge_prob=0.1, neg_edge_dist_exact=True, directed=False, n_samples=1000, pyr_spec_edge_prob=None, run=1
    resources: tmpdir=C:\Users\FREDDU~1\AppData\Local\Temp

[Tue Nov 12 01:53:23 2024]
Finished job 5.
25 of 70 steps (36%) done
Select jobs to execute...
Execute 1 jobs...

[Tue Nov 12 01:53:23 2024]
localrule complete_pyr:
    input: results/__cythonized__
    output: results/synthetic/complete/n=8 r=0.1 re=True d=False/pyr/s=1000 sp=None/run/pyr_0.csv
    jobid: 19
    reason: Missing output files: results/synthetic/complete/n=8 r=0.1 re=True d=False/pyr/s=1000 sp=None/run/pyr_0.csv; Input files updated by another job: results/__cythonized__
    wildcards: n_nodes=8, neg_edge_prob=0.1, neg_edge_dist_exact=True, directed=False, n_samples=1000, pyr_spec_edge_prob=None, run=0
    resources: tmpdir=C:\Users\FREDDU~1\AppData\Local\Temp

[Tue Nov 12 01:53:23 2024]
Finished job 27.
26 of 70 steps (37%) done
Select jobs to execute...
Execute 1 jobs...

[Tue Nov 12 01:53:23 2024]
localrule combine_exps:
    input: results/synthetic/complete/n=10 r=0.1 re=True d=False/pyr/s=1000 sp=None/run/pyr_0.csv, results/synthetic/complete/n=10 r=0.1 re=True d=False/pyr/s=1000 sp=None/run/pyr_1.csv, results/synthetic/complete/n=10 r=0.1 re=True d=False/pyr/s=1000 sp=None/run/pyr_2.csv
    output: results/synthetic/complete/n=10 r=0.1 re=True d=False/pyr/s=1000 sp=None/pyr_2_combined.csv
    jobid: 26
    reason: Missing output files: results/synthetic/complete/n=10 r=0.1 re=True d=False/pyr/s=1000 sp=None/pyr_2_combined.csv; Input files updated by another job: results/synthetic/complete/n=10 r=0.1 re=True d=False/pyr/s=1000 sp=None/run/pyr_0.csv, results/synthetic/complete/n=10 r=0.1 re=True d=False/pyr/s=1000 sp=None/run/pyr_2.csv, results/synthetic/complete/n=10 r=0.1 re=True d=False/pyr/s=1000 sp=None/run/pyr_1.csv
    wildcards: path=results/synthetic/complete/n=10 r=0.1 re=True d=False/pyr/s=1000 sp=None, alg=pyr, runs=2
    resources: tmpdir=C:\Users\FREDDU~1\AppData\Local\Temp

[Tue Nov 12 01:53:23 2024]
Finished job 26.
27 of 70 steps (39%) done
Select jobs to execute...
Execute 1 jobs...

[Tue Nov 12 01:53:23 2024]
localrule complete_pyr:
    input: results/__cythonized__
    output: results/synthetic/complete/n=13 r=0.1 re=True d=False/pyr/s=1000 sp=None/run/pyr_0.csv
    jobid: 39
    reason: Missing output files: results/synthetic/complete/n=13 r=0.1 re=True d=False/pyr/s=1000 sp=None/run/pyr_0.csv; Input files updated by another job: results/__cythonized__
    wildcards: n_nodes=13, neg_edge_prob=0.1, neg_edge_dist_exact=True, directed=False, n_samples=1000, pyr_spec_edge_prob=None, run=0
    resources: tmpdir=C:\Users\FREDDU~1\AppData\Local\Temp

[Tue Nov 12 01:53:23 2024]
Finished job 48.
28 of 70 steps (40%) done
Select jobs to execute...
Execute 1 jobs...

[Tue Nov 12 01:53:23 2024]
localrule complete_pyr:
    input: results/__cythonized__
    output: results/synthetic/complete/n=18 r=0.1 re=True d=False/pyr/s=1000 sp=None/run/pyr_0.csv
    jobid: 59
    reason: Missing output files: results/synthetic/complete/n=18 r=0.1 re=True d=False/pyr/s=1000 sp=None/run/pyr_0.csv; Input files updated by another job: results/__cythonized__
    wildcards: n_nodes=18, neg_edge_prob=0.1, neg_edge_dist_exact=True, directed=False, n_samples=1000, pyr_spec_edge_prob=None, run=0
    resources: tmpdir=C:\Users\FREDDU~1\AppData\Local\Temp

[Tue Nov 12 01:53:24 2024]
Finished job 4.
29 of 70 steps (41%) done
Select jobs to execute...
Execute 1 jobs...

[Tue Nov 12 01:53:24 2024]
localrule complete_pyr:
    input: results/__cythonized__
    output: results/synthetic/complete/n=14 r=0.1 re=True d=False/pyr/s=1000 sp=None/run/pyr_0.csv
    jobid: 43
    reason: Missing output files: results/synthetic/complete/n=14 r=0.1 re=True d=False/pyr/s=1000 sp=None/run/pyr_0.csv; Input files updated by another job: results/__cythonized__
    wildcards: n_nodes=14, neg_edge_prob=0.1, neg_edge_dist_exact=True, directed=False, n_samples=1000, pyr_spec_edge_prob=None, run=0
    resources: tmpdir=C:\Users\FREDDU~1\AppData\Local\Temp

[Tue Nov 12 01:53:24 2024]
Finished job 2.
30 of 70 steps (43%) done
Select jobs to execute...
Execute 1 jobs...

[Tue Nov 12 01:53:24 2024]
localrule combine_exps:
    input: results/synthetic/complete/n=4 r=0.1 re=True d=False/pyr/s=1000 sp=None/run/pyr_0.csv, results/synthetic/complete/n=4 r=0.1 re=True d=False/pyr/s=1000 sp=None/run/pyr_1.csv, results/synthetic/complete/n=4 r=0.1 re=True d=False/pyr/s=1000 sp=None/run/pyr_2.csv
    output: results/synthetic/complete/n=4 r=0.1 re=True d=False/pyr/s=1000 sp=None/pyr_2_combined.csv
    jobid: 1
    reason: Missing output files: results/synthetic/complete/n=4 r=0.1 re=True d=False/pyr/s=1000 sp=None/pyr_2_combined.csv; Input files updated by another job: results/synthetic/complete/n=4 r=0.1 re=True d=False/pyr/s=1000 sp=None/run/pyr_2.csv, results/synthetic/complete/n=4 r=0.1 re=True d=False/pyr/s=1000 sp=None/run/pyr_0.csv, results/synthetic/complete/n=4 r=0.1 re=True d=False/pyr/s=1000 sp=None/run/pyr_1.csv
    wildcards: path=results/synthetic/complete/n=4 r=0.1 re=True d=False/pyr/s=1000 sp=None, alg=pyr, runs=2
    resources: tmpdir=C:\Users\FREDDU~1\AppData\Local\Temp

[Tue Nov 12 01:53:24 2024]
Finished job 1.
31 of 70 steps (44%) done
Select jobs to execute...
Execute 1 jobs...

[Tue Nov 12 01:53:24 2024]
localrule complete_pyr:
    input: results/__cythonized__
    output: results/synthetic/complete/n=19 r=0.1 re=True d=False/pyr/s=1000 sp=None/run/pyr_0.csv
    jobid: 63
    reason: Missing output files: results/synthetic/complete/n=19 r=0.1 re=True d=False/pyr/s=1000 sp=None/run/pyr_0.csv; Input files updated by another job: results/__cythonized__
    wildcards: n_nodes=19, neg_edge_prob=0.1, neg_edge_dist_exact=True, directed=False, n_samples=1000, pyr_spec_edge_prob=None, run=0
    resources: tmpdir=C:\Users\FREDDU~1\AppData\Local\Temp

[Tue Nov 12 01:53:24 2024]
Finished job 25.
32 of 70 steps (46%) done
Select jobs to execute...
Execute 1 jobs...

[Tue Nov 12 01:53:24 2024]
localrule complete_pyr:
    input: results/__cythonized__
    output: results/synthetic/complete/n=9 r=0.1 re=True d=False/pyr/s=1000 sp=None/run/pyr_0.csv
    jobid: 23
    reason: Missing output files: results/synthetic/complete/n=9 r=0.1 re=True d=False/pyr/s=1000 sp=None/run/pyr_0.csv; Input files updated by another job: results/__cythonized__
    wildcards: n_nodes=9, neg_edge_prob=0.1, neg_edge_dist_exact=True, directed=False, n_samples=1000, pyr_spec_edge_prob=None, run=0
    resources: tmpdir=C:\Users\FREDDU~1\AppData\Local\Temp

[Tue Nov 12 01:53:24 2024]
Finished job 47.
33 of 70 steps (47%) done
Select jobs to execute...
Execute 1 jobs...

[Tue Nov 12 01:53:24 2024]
localrule combine_exps:
    input: results/synthetic/complete/n=15 r=0.1 re=True d=False/pyr/s=1000 sp=None/run/pyr_0.csv, results/synthetic/complete/n=15 r=0.1 re=True d=False/pyr/s=1000 sp=None/run/pyr_1.csv, results/synthetic/complete/n=15 r=0.1 re=True d=False/pyr/s=1000 sp=None/run/pyr_2.csv
    output: results/synthetic/complete/n=15 r=0.1 re=True d=False/pyr/s=1000 sp=None/pyr_2_combined.csv
    jobid: 46
    reason: Missing output files: results/synthetic/complete/n=15 r=0.1 re=True d=False/pyr/s=1000 sp=None/pyr_2_combined.csv; Input files updated by another job: results/synthetic/complete/n=15 r=0.1 re=True d=False/pyr/s=1000 sp=None/run/pyr_2.csv, results/synthetic/complete/n=15 r=0.1 re=True d=False/pyr/s=1000 sp=None/run/pyr_1.csv, results/synthetic/complete/n=15 r=0.1 re=True d=False/pyr/s=1000 sp=None/run/pyr_0.csv
    wildcards: path=results/synthetic/complete/n=15 r=0.1 re=True d=False/pyr/s=1000 sp=None, alg=pyr, runs=2
    resources: tmpdir=C:\Users\FREDDU~1\AppData\Local\Temp

[Tue Nov 12 01:53:24 2024]
Finished job 46.
34 of 70 steps (49%) done
Select jobs to execute...
Execute 1 jobs...

[Tue Nov 12 01:53:24 2024]
localrule complete_pyr:
    input: results/__cythonized__
    output: results/synthetic/complete/n=7 r=0.1 re=True d=False/pyr/s=1000 sp=None/run/pyr_2.csv
    jobid: 17
    reason: Missing output files: results/synthetic/complete/n=7 r=0.1 re=True d=False/pyr/s=1000 sp=None/run/pyr_2.csv; Input files updated by another job: results/__cythonized__
    wildcards: n_nodes=7, neg_edge_prob=0.1, neg_edge_dist_exact=True, directed=False, n_samples=1000, pyr_spec_edge_prob=None, run=2
    resources: tmpdir=C:\Users\FREDDU~1\AppData\Local\Temp

[Tue Nov 12 01:53:25 2024]
Finished job 45.
35 of 70 steps (50%) done
Select jobs to execute...
Execute 1 jobs...

[Tue Nov 12 01:53:25 2024]
localrule complete_pyr:
    input: results/__cythonized__
    output: results/synthetic/complete/n=12 r=0.1 re=True d=False/pyr/s=1000 sp=None/run/pyr_2.csv
    jobid: 37
    reason: Missing output files: results/synthetic/complete/n=12 r=0.1 re=True d=False/pyr/s=1000 sp=None/run/pyr_2.csv; Input files updated by another job: results/__cythonized__
    wildcards: n_nodes=12, neg_edge_prob=0.1, neg_edge_dist_exact=True, directed=False, n_samples=1000, pyr_spec_edge_prob=None, run=2
    resources: tmpdir=C:\Users\FREDDU~1\AppData\Local\Temp

[Tue Nov 12 01:53:25 2024]
Finished job 24.
36 of 70 steps (51%) done
Select jobs to execute...
Execute 1 jobs...

[Tue Nov 12 01:53:25 2024]
localrule complete_pyr:
    input: results/__cythonized__
    output: results/synthetic/complete/n=17 r=0.1 re=True d=False/pyr/s=1000 sp=None/run/pyr_2.csv
    jobid: 57
    reason: Missing output files: results/synthetic/complete/n=17 r=0.1 re=True d=False/pyr/s=1000 sp=None/run/pyr_2.csv; Input files updated by another job: results/__cythonized__
    wildcards: n_nodes=17, neg_edge_prob=0.1, neg_edge_dist_exact=True, directed=False, n_samples=1000, pyr_spec_edge_prob=None, run=2
    resources: tmpdir=C:\Users\FREDDU~1\AppData\Local\Temp

[Tue Nov 12 01:53:25 2024]
Finished job 68.
37 of 70 steps (53%) done
Select jobs to execute...
Execute 1 jobs...

[Tue Nov 12 01:53:25 2024]
localrule complete_pyr:
    input: results/__cythonized__
    output: results/synthetic/complete/n=7 r=0.1 re=True d=False/pyr/s=1000 sp=None/run/pyr_1.csv
    jobid: 16
    reason: Missing output files: results/synthetic/complete/n=7 r=0.1 re=True d=False/pyr/s=1000 sp=None/run/pyr_1.csv; Input files updated by another job: results/__cythonized__
    wildcards: n_nodes=7, neg_edge_prob=0.1, neg_edge_dist_exact=True, directed=False, n_samples=1000, pyr_spec_edge_prob=None, run=1
    resources: tmpdir=C:\Users\FREDDU~1\AppData\Local\Temp

[Tue Nov 12 01:53:25 2024]
Finished job 65.
38 of 70 steps (54%) done
Select jobs to execute...
Execute 1 jobs...

[Tue Nov 12 01:53:25 2024]
localrule complete_pyr:
    input: results/__cythonized__
    output: results/synthetic/complete/n=13 r=0.1 re=True d=False/pyr/s=1000 sp=None/run/pyr_2.csv
    jobid: 41
    reason: Missing output files: results/synthetic/complete/n=13 r=0.1 re=True d=False/pyr/s=1000 sp=None/run/pyr_2.csv; Input files updated by another job: results/__cythonized__
    wildcards: n_nodes=13, neg_edge_prob=0.1, neg_edge_dist_exact=True, directed=False, n_samples=1000, pyr_spec_edge_prob=None, run=2
    resources: tmpdir=C:\Users\FREDDU~1\AppData\Local\Temp

[Tue Nov 12 01:53:26 2024]
Finished job 67.
39 of 70 steps (56%) done
Select jobs to execute...
Execute 1 jobs...

[Tue Nov 12 01:53:26 2024]
localrule combine_exps:
    input: results/synthetic/complete/n=20 r=0.1 re=True d=False/pyr/s=1000 sp=None/run/pyr_0.csv, results/synthetic/complete/n=20 r=0.1 re=True d=False/pyr/s=1000 sp=None/run/pyr_1.csv, results/synthetic/complete/n=20 r=0.1 re=True d=False/pyr/s=1000 sp=None/run/pyr_2.csv
    output: results/synthetic/complete/n=20 r=0.1 re=True d=False/pyr/s=1000 sp=None/pyr_2_combined.csv
    jobid: 66
    reason: Missing output files: results/synthetic/complete/n=20 r=0.1 re=True d=False/pyr/s=1000 sp=None/pyr_2_combined.csv; Input files updated by another job: results/synthetic/complete/n=20 r=0.1 re=True d=False/pyr/s=1000 sp=None/run/pyr_0.csv, results/synthetic/complete/n=20 r=0.1 re=True d=False/pyr/s=1000 sp=None/run/pyr_2.csv, results/synthetic/complete/n=20 r=0.1 re=True d=False/pyr/s=1000 sp=None/run/pyr_1.csv
    wildcards: path=results/synthetic/complete/n=20 r=0.1 re=True d=False/pyr/s=1000 sp=None, alg=pyr, runs=2
    resources: tmpdir=C:\Users\FREDDU~1\AppData\Local\Temp

[Tue Nov 12 01:53:26 2024]
Finished job 66.
40 of 70 steps (57%) done
Select jobs to execute...
Execute 1 jobs...

[Tue Nov 12 01:53:26 2024]
localrule complete_pyr:
    input: results/__cythonized__
    output: results/synthetic/complete/n=18 r=0.1 re=True d=False/pyr/s=1000 sp=None/run/pyr_2.csv
    jobid: 61
    reason: Missing output files: results/synthetic/complete/n=18 r=0.1 re=True d=False/pyr/s=1000 sp=None/run/pyr_2.csv; Input files updated by another job: results/__cythonized__
    wildcards: n_nodes=18, neg_edge_prob=0.1, neg_edge_dist_exact=True, directed=False, n_samples=1000, pyr_spec_edge_prob=None, run=2
    resources: tmpdir=C:\Users\FREDDU~1\AppData\Local\Temp

[Tue Nov 12 01:53:26 2024]
Finished job 19.
41 of 70 steps (59%) done
Select jobs to execute...
Execute 1 jobs...

[Tue Nov 12 01:53:26 2024]
localrule complete_pyr:
    input: results/__cythonized__
    output: results/synthetic/complete/n=8 r=0.1 re=True d=False/pyr/s=1000 sp=None/run/pyr_2.csv
    jobid: 21
    reason: Missing output files: results/synthetic/complete/n=8 r=0.1 re=True d=False/pyr/s=1000 sp=None/run/pyr_2.csv; Input files updated by another job: results/__cythonized__
    wildcards: n_nodes=8, neg_edge_prob=0.1, neg_edge_dist_exact=True, directed=False, n_samples=1000, pyr_spec_edge_prob=None, run=2
    resources: tmpdir=C:\Users\FREDDU~1\AppData\Local\Temp

[Tue Nov 12 01:53:26 2024]
Finished job 64.
42 of 70 steps (60%) done
Select jobs to execute...
Execute 1 jobs...

[Tue Nov 12 01:53:26 2024]
localrule complete_pyr:
    input: results/__cythonized__
    output: results/synthetic/complete/n=12 r=0.1 re=True d=False/pyr/s=1000 sp=None/run/pyr_1.csv
    jobid: 36
    reason: Missing output files: results/synthetic/complete/n=12 r=0.1 re=True d=False/pyr/s=1000 sp=None/run/pyr_1.csv; Input files updated by another job: results/__cythonized__
    wildcards: n_nodes=12, neg_edge_prob=0.1, neg_edge_dist_exact=True, directed=False, n_samples=1000, pyr_spec_edge_prob=None, run=1
    resources: tmpdir=C:\Users\FREDDU~1\AppData\Local\Temp

[Tue Nov 12 01:53:26 2024]
Finished job 44.
43 of 70 steps (61%) done
Select jobs to execute...
Execute 1 jobs...

[Tue Nov 12 01:53:26 2024]
localrule complete_pyr:
    input: results/__cythonized__
    output: results/synthetic/complete/n=17 r=0.1 re=True d=False/pyr/s=1000 sp=None/run/pyr_1.csv
    jobid: 56
    reason: Missing output files: results/synthetic/complete/n=17 r=0.1 re=True d=False/pyr/s=1000 sp=None/run/pyr_1.csv; Input files updated by another job: results/__cythonized__
    wildcards: n_nodes=17, neg_edge_prob=0.1, neg_edge_dist_exact=True, directed=False, n_samples=1000, pyr_spec_edge_prob=None, run=1
    resources: tmpdir=C:\Users\FREDDU~1\AppData\Local\Temp

[Tue Nov 12 01:53:27 2024]
Finished job 40.
44 of 70 steps (63%) done
Select jobs to execute...
Execute 1 jobs...

[Tue Nov 12 01:53:27 2024]
localrule complete_pyr:
    input: results/__cythonized__
    output: results/synthetic/complete/n=8 r=0.1 re=True d=False/pyr/s=1000 sp=None/run/pyr_1.csv
    jobid: 20
    reason: Missing output files: results/synthetic/complete/n=8 r=0.1 re=True d=False/pyr/s=1000 sp=None/run/pyr_1.csv; Input files updated by another job: results/__cythonized__
    wildcards: n_nodes=8, neg_edge_prob=0.1, neg_edge_dist_exact=True, directed=False, n_samples=1000, pyr_spec_edge_prob=None, run=1
    resources: tmpdir=C:\Users\FREDDU~1\AppData\Local\Temp

[Tue Nov 12 01:53:27 2024]
Finished job 39.
45 of 70 steps (64%) done
[Tue Nov 12 01:53:28 2024]
Finished job 23.
46 of 70 steps (66%) done
Select jobs to execute...
Execute 1 jobs...

[Tue Nov 12 01:53:28 2024]
localrule combine_exps:
    input: results/synthetic/complete/n=9 r=0.1 re=True d=False/pyr/s=1000 sp=None/run/pyr_0.csv, results/synthetic/complete/n=9 r=0.1 re=True d=False/pyr/s=1000 sp=None/run/pyr_1.csv, results/synthetic/complete/n=9 r=0.1 re=True d=False/pyr/s=1000 sp=None/run/pyr_2.csv
    output: results/synthetic/complete/n=9 r=0.1 re=True d=False/pyr/s=1000 sp=None/pyr_2_combined.csv
    jobid: 22
    reason: Missing output files: results/synthetic/complete/n=9 r=0.1 re=True d=False/pyr/s=1000 sp=None/pyr_2_combined.csv; Input files updated by another job: results/synthetic/complete/n=9 r=0.1 re=True d=False/pyr/s=1000 sp=None/run/pyr_2.csv, results/synthetic/complete/n=9 r=0.1 re=True d=False/pyr/s=1000 sp=None/run/pyr_0.csv, results/synthetic/complete/n=9 r=0.1 re=True d=False/pyr/s=1000 sp=None/run/pyr_1.csv
    wildcards: path=results/synthetic/complete/n=9 r=0.1 re=True d=False/pyr/s=1000 sp=None, alg=pyr, runs=2
    resources: tmpdir=C:\Users\FREDDU~1\AppData\Local\Temp

[Tue Nov 12 01:53:28 2024]
Finished job 22.
47 of 70 steps (67%) done
[Tue Nov 12 01:53:28 2024]
Finished job 60.
48 of 70 steps (69%) done
[Tue Nov 12 01:53:28 2024]
Finished job 17.
49 of 70 steps (70%) done
[Tue Nov 12 01:53:28 2024]
Finished job 43.
50 of 70 steps (71%) done
Select jobs to execute...
Execute 1 jobs...

[Tue Nov 12 01:53:28 2024]
localrule combine_exps:
    input: results/synthetic/complete/n=14 r=0.1 re=True d=False/pyr/s=1000 sp=None/run/pyr_0.csv, results/synthetic/complete/n=14 r=0.1 re=True d=False/pyr/s=1000 sp=None/run/pyr_1.csv, results/synthetic/complete/n=14 r=0.1 re=True d=False/pyr/s=1000 sp=None/run/pyr_2.csv
    output: results/synthetic/complete/n=14 r=0.1 re=True d=False/pyr/s=1000 sp=None/pyr_2_combined.csv
    jobid: 42
    reason: Missing output files: results/synthetic/complete/n=14 r=0.1 re=True d=False/pyr/s=1000 sp=None/pyr_2_combined.csv; Input files updated by another job: results/synthetic/complete/n=14 r=0.1 re=True d=False/pyr/s=1000 sp=None/run/pyr_0.csv, results/synthetic/complete/n=14 r=0.1 re=True d=False/pyr/s=1000 sp=None/run/pyr_2.csv, results/synthetic/complete/n=14 r=0.1 re=True d=False/pyr/s=1000 sp=None/run/pyr_1.csv
    wildcards: path=results/synthetic/complete/n=14 r=0.1 re=True d=False/pyr/s=1000 sp=None, alg=pyr, runs=2
    resources: tmpdir=C:\Users\FREDDU~1\AppData\Local\Temp

[Tue Nov 12 01:53:28 2024]
Finished job 42.
51 of 70 steps (73%) done
[Tue Nov 12 01:53:29 2024]
Finished job 16.
52 of 70 steps (74%) done
Select jobs to execute...
Execute 1 jobs...

[Tue Nov 12 01:53:29 2024]
localrule combine_exps:
    input: results/synthetic/complete/n=7 r=0.1 re=True d=False/pyr/s=1000 sp=None/run/pyr_0.csv, results/synthetic/complete/n=7 r=0.1 re=True d=False/pyr/s=1000 sp=None/run/pyr_1.csv, results/synthetic/complete/n=7 r=0.1 re=True d=False/pyr/s=1000 sp=None/run/pyr_2.csv
    output: results/synthetic/complete/n=7 r=0.1 re=True d=False/pyr/s=1000 sp=None/pyr_2_combined.csv
    jobid: 14
    reason: Missing output files: results/synthetic/complete/n=7 r=0.1 re=True d=False/pyr/s=1000 sp=None/pyr_2_combined.csv; Input files updated by another job: results/synthetic/complete/n=7 r=0.1 re=True d=False/pyr/s=1000 sp=None/run/pyr_2.csv, results/synthetic/complete/n=7 r=0.1 re=True d=False/pyr/s=1000 sp=None/run/pyr_0.csv, results/synthetic/complete/n=7 r=0.1 re=True d=False/pyr/s=1000 sp=None/run/pyr_1.csv
    wildcards: path=results/synthetic/complete/n=7 r=0.1 re=True d=False/pyr/s=1000 sp=None, alg=pyr, runs=2
    resources: tmpdir=C:\Users\FREDDU~1\AppData\Local\Temp

[Tue Nov 12 01:53:29 2024]
Finished job 14.
53 of 70 steps (76%) done
[Tue Nov 12 01:53:29 2024]
Finished job 59.
54 of 70 steps (77%) done
[Tue Nov 12 01:53:29 2024]
Finished job 37.
55 of 70 steps (79%) done
[Tue Nov 12 01:53:29 2024]
Finished job 63.
56 of 70 steps (80%) done
Select jobs to execute...
Execute 1 jobs...

[Tue Nov 12 01:53:29 2024]
localrule combine_exps:
    input: results/synthetic/complete/n=19 r=0.1 re=True d=False/pyr/s=1000 sp=None/run/pyr_0.csv, results/synthetic/complete/n=19 r=0.1 re=True d=False/pyr/s=1000 sp=None/run/pyr_1.csv, results/synthetic/complete/n=19 r=0.1 re=True d=False/pyr/s=1000 sp=None/run/pyr_2.csv
    output: results/synthetic/complete/n=19 r=0.1 re=True d=False/pyr/s=1000 sp=None/pyr_2_combined.csv
    jobid: 62
    reason: Missing output files: results/synthetic/complete/n=19 r=0.1 re=True d=False/pyr/s=1000 sp=None/pyr_2_combined.csv; Input files updated by another job: results/synthetic/complete/n=19 r=0.1 re=True d=False/pyr/s=1000 sp=None/run/pyr_1.csv, results/synthetic/complete/n=19 r=0.1 re=True d=False/pyr/s=1000 sp=None/run/pyr_2.csv, results/synthetic/complete/n=19 r=0.1 re=True d=False/pyr/s=1000 sp=None/run/pyr_0.csv
    wildcards: path=results/synthetic/complete/n=19 r=0.1 re=True d=False/pyr/s=1000 sp=None, alg=pyr, runs=2
    resources: tmpdir=C:\Users\FREDDU~1\AppData\Local\Temp

[Tue Nov 12 01:53:29 2024]
Finished job 62.
57 of 70 steps (81%) done
[Tue Nov 12 01:53:29 2024]
Finished job 41.
58 of 70 steps (83%) done
Select jobs to execute...
Execute 1 jobs...

[Tue Nov 12 01:53:29 2024]
localrule combine_exps:
    input: results/synthetic/complete/n=13 r=0.1 re=True d=False/pyr/s=1000 sp=None/run/pyr_0.csv, results/synthetic/complete/n=13 r=0.1 re=True d=False/pyr/s=1000 sp=None/run/pyr_1.csv, results/synthetic/complete/n=13 r=0.1 re=True d=False/pyr/s=1000 sp=None/run/pyr_2.csv
    output: results/synthetic/complete/n=13 r=0.1 re=True d=False/pyr/s=1000 sp=None/pyr_2_combined.csv
    jobid: 38
    reason: Missing output files: results/synthetic/complete/n=13 r=0.1 re=True d=False/pyr/s=1000 sp=None/pyr_2_combined.csv; Input files updated by another job: results/synthetic/complete/n=13 r=0.1 re=True d=False/pyr/s=1000 sp=None/run/pyr_2.csv, results/synthetic/complete/n=13 r=0.1 re=True d=False/pyr/s=1000 sp=None/run/pyr_1.csv, results/synthetic/complete/n=13 r=0.1 re=True d=False/pyr/s=1000 sp=None/run/pyr_0.csv
    wildcards: path=results/synthetic/complete/n=13 r=0.1 re=True d=False/pyr/s=1000 sp=None, alg=pyr, runs=2
    resources: tmpdir=C:\Users\FREDDU~1\AppData\Local\Temp

[Tue Nov 12 01:53:29 2024]
Finished job 38.
59 of 70 steps (84%) done
[Tue Nov 12 01:53:30 2024]
Finished job 21.
60 of 70 steps (86%) done
[Tue Nov 12 01:53:30 2024]
Finished job 20.
61 of 70 steps (87%) done
Select jobs to execute...
Execute 1 jobs...

[Tue Nov 12 01:53:30 2024]
localrule combine_exps:
    input: results/synthetic/complete/n=8 r=0.1 re=True d=False/pyr/s=1000 sp=None/run/pyr_0.csv, results/synthetic/complete/n=8 r=0.1 re=True d=False/pyr/s=1000 sp=None/run/pyr_1.csv, results/synthetic/complete/n=8 r=0.1 re=True d=False/pyr/s=1000 sp=None/run/pyr_2.csv
    output: results/synthetic/complete/n=8 r=0.1 re=True d=False/pyr/s=1000 sp=None/pyr_2_combined.csv
    jobid: 18
    reason: Missing output files: results/synthetic/complete/n=8 r=0.1 re=True d=False/pyr/s=1000 sp=None/pyr_2_combined.csv; Input files updated by another job: results/synthetic/complete/n=8 r=0.1 re=True d=False/pyr/s=1000 sp=None/run/pyr_0.csv, results/synthetic/complete/n=8 r=0.1 re=True d=False/pyr/s=1000 sp=None/run/pyr_2.csv, results/synthetic/complete/n=8 r=0.1 re=True d=False/pyr/s=1000 sp=None/run/pyr_1.csv
    wildcards: path=results/synthetic/complete/n=8 r=0.1 re=True d=False/pyr/s=1000 sp=None, alg=pyr, runs=2
    resources: tmpdir=C:\Users\FREDDU~1\AppData\Local\Temp

[Tue Nov 12 01:53:30 2024]
Finished job 36.
62 of 70 steps (89%) done
Select jobs to execute...
Execute 1 jobs...

[Tue Nov 12 01:53:30 2024]
localrule combine_exps:
    input: results/synthetic/complete/n=12 r=0.1 re=True d=False/pyr/s=1000 sp=None/run/pyr_0.csv, results/synthetic/complete/n=12 r=0.1 re=True d=False/pyr/s=1000 sp=None/run/pyr_1.csv, results/synthetic/complete/n=12 r=0.1 re=True d=False/pyr/s=1000 sp=None/run/pyr_2.csv
    output: results/synthetic/complete/n=12 r=0.1 re=True d=False/pyr/s=1000 sp=None/pyr_2_combined.csv
    jobid: 34
    reason: Missing output files: results/synthetic/complete/n=12 r=0.1 re=True d=False/pyr/s=1000 sp=None/pyr_2_combined.csv; Input files updated by another job: results/synthetic/complete/n=12 r=0.1 re=True d=False/pyr/s=1000 sp=None/run/pyr_0.csv, results/synthetic/complete/n=12 r=0.1 re=True d=False/pyr/s=1000 sp=None/run/pyr_2.csv, results/synthetic/complete/n=12 r=0.1 re=True d=False/pyr/s=1000 sp=None/run/pyr_1.csv
    wildcards: path=results/synthetic/complete/n=12 r=0.1 re=True d=False/pyr/s=1000 sp=None, alg=pyr, runs=2
    resources: tmpdir=C:\Users\FREDDU~1\AppData\Local\Temp

[Tue Nov 12 01:53:30 2024]
Finished job 18.
63 of 70 steps (90%) done
[Tue Nov 12 01:53:30 2024]
Finished job 34.
64 of 70 steps (91%) done
[Tue Nov 12 01:53:30 2024]
Finished job 57.
65 of 70 steps (93%) done
[Tue Nov 12 01:53:31 2024]
Finished job 61.
66 of 70 steps (94%) done
Select jobs to execute...
Execute 1 jobs...

[Tue Nov 12 01:53:31 2024]
localrule combine_exps:
    input: results/synthetic/complete/n=18 r=0.1 re=True d=False/pyr/s=1000 sp=None/run/pyr_0.csv, results/synthetic/complete/n=18 r=0.1 re=True d=False/pyr/s=1000 sp=None/run/pyr_1.csv, results/synthetic/complete/n=18 r=0.1 re=True d=False/pyr/s=1000 sp=None/run/pyr_2.csv
    output: results/synthetic/complete/n=18 r=0.1 re=True d=False/pyr/s=1000 sp=None/pyr_2_combined.csv
    jobid: 58
    reason: Missing output files: results/synthetic/complete/n=18 r=0.1 re=True d=False/pyr/s=1000 sp=None/pyr_2_combined.csv; Input files updated by another job: results/synthetic/complete/n=18 r=0.1 re=True d=False/pyr/s=1000 sp=None/run/pyr_0.csv, results/synthetic/complete/n=18 r=0.1 re=True d=False/pyr/s=1000 sp=None/run/pyr_2.csv, results/synthetic/complete/n=18 r=0.1 re=True d=False/pyr/s=1000 sp=None/run/pyr_1.csv
    wildcards: path=results/synthetic/complete/n=18 r=0.1 re=True d=False/pyr/s=1000 sp=None, alg=pyr, runs=2
    resources: tmpdir=C:\Users\FREDDU~1\AppData\Local\Temp

[Tue Nov 12 01:53:31 2024]
Finished job 58.
67 of 70 steps (96%) done
[Tue Nov 12 01:53:31 2024]
Finished job 56.
68 of 70 steps (97%) done
Select jobs to execute...
Execute 1 jobs...

[Tue Nov 12 01:53:31 2024]
localrule combine_exps:
    input: results/synthetic/complete/n=17 r=0.1 re=True d=False/pyr/s=1000 sp=None/run/pyr_0.csv, results/synthetic/complete/n=17 r=0.1 re=True d=False/pyr/s=1000 sp=None/run/pyr_1.csv, results/synthetic/complete/n=17 r=0.1 re=True d=False/pyr/s=1000 sp=None/run/pyr_2.csv
    output: results/synthetic/complete/n=17 r=0.1 re=True d=False/pyr/s=1000 sp=None/pyr_2_combined.csv
    jobid: 54
    reason: Missing output files: results/synthetic/complete/n=17 r=0.1 re=True d=False/pyr/s=1000 sp=None/pyr_2_combined.csv; Input files updated by another job: results/synthetic/complete/n=17 r=0.1 re=True d=False/pyr/s=1000 sp=None/run/pyr_0.csv, results/synthetic/complete/n=17 r=0.1 re=True d=False/pyr/s=1000 sp=None/run/pyr_2.csv, results/synthetic/complete/n=17 r=0.1 re=True d=False/pyr/s=1000 sp=None/run/pyr_1.csv
    wildcards: path=results/synthetic/complete/n=17 r=0.1 re=True d=False/pyr/s=1000 sp=None, alg=pyr, runs=2
    resources: tmpdir=C:\Users\FREDDU~1\AppData\Local\Temp

[Tue Nov 12 01:53:31 2024]
Finished job 54.
69 of 70 steps (99%) done
Select jobs to execute...
Execute 1 jobs...

[Tue Nov 12 01:53:31 2024]
localrule complete_exp:
    input: results/synthetic/complete/n=4 r=0.1 re=True d=False/pyr/s=1000 sp=None/pyr_2_combined.csv, results/synthetic/complete/n=5 r=0.1 re=True d=False/pyr/s=1000 sp=None/pyr_2_combined.csv, results/synthetic/complete/n=6 r=0.1 re=True d=False/pyr/s=1000 sp=None/pyr_2_combined.csv, results/synthetic/complete/n=7 r=0.1 re=True d=False/pyr/s=1000 sp=None/pyr_2_combined.csv, results/synthetic/complete/n=8 r=0.1 re=True d=False/pyr/s=1000 sp=None/pyr_2_combined.csv, results/synthetic/complete/n=9 r=0.1 re=True d=False/pyr/s=1000 sp=None/pyr_2_combined.csv, results/synthetic/complete/n=10 r=0.1 re=True d=False/pyr/s=1000 sp=None/pyr_2_combined.csv, results/synthetic/complete/n=11 r=0.1 re=True d=False/pyr/s=1000 sp=None/pyr_2_combined.csv, results/synthetic/complete/n=12 r=0.1 re=True d=False/pyr/s=1000 sp=None/pyr_2_combined.csv, results/synthetic/complete/n=13 r=0.1 re=True d=False/pyr/s=1000 sp=None/pyr_2_combined.csv, results/synthetic/complete/n=14 r=0.1 re=True d=False/pyr/s=1000 sp=None/pyr_2_combined.csv, results/synthetic/complete/n=15 r=0.1 re=True d=False/pyr/s=1000 sp=None/pyr_2_combined.csv, results/synthetic/complete/n=16 r=0.1 re=True d=False/pyr/s=1000 sp=None/pyr_2_combined.csv, results/synthetic/complete/n=17 r=0.1 re=True d=False/pyr/s=1000 sp=None/pyr_2_combined.csv, results/synthetic/complete/n=18 r=0.1 re=True d=False/pyr/s=1000 sp=None/pyr_2_combined.csv, results/synthetic/complete/n=19 r=0.1 re=True d=False/pyr/s=1000 sp=None/pyr_2_combined.csv, results/synthetic/complete/n=20 r=0.1 re=True d=False/pyr/s=1000 sp=None/pyr_2_combined.csv
    jobid: 0
    reason: Input files updated by another job: results/synthetic/complete/n=8 r=0.1 re=True d=False/pyr/s=1000 sp=None/pyr_2_combined.csv, results/synthetic/complete/n=18 r=0.1 re=True d=False/pyr/s=1000 sp=None/pyr_2_combined.csv, results/synthetic/complete/n=11 r=0.1 re=True d=False/pyr/s=1000 sp=None/pyr_2_combined.csv, results/synthetic/complete/n=6 r=0.1 re=True d=False/pyr/s=1000 sp=None/pyr_2_combined.csv, results/synthetic/complete/n=15 r=0.1 re=True d=False/pyr/s=1000 sp=None/pyr_2_combined.csv, results/synthetic/complete/n=20 r=0.1 re=True d=False/pyr/s=1000 sp=None/pyr_2_combined.csv, results/synthetic/complete/n=5 r=0.1 re=True d=False/pyr/s=1000 sp=None/pyr_2_combined.csv, results/synthetic/complete/n=9 r=0.1 re=True d=False/pyr/s=1000 sp=None/pyr_2_combined.csv, results/synthetic/complete/n=16 r=0.1 re=True d=False/pyr/s=1000 sp=None/pyr_2_combined.csv, results/synthetic/complete/n=19 r=0.1 re=True d=False/pyr/s=1000 sp=None/pyr_2_combined.csv, results/synthetic/complete/n=12 r=0.1 re=True d=False/pyr/s=1000 sp=None/pyr_2_combined.csv, results/synthetic/complete/n=10 r=0.1 re=True d=False/pyr/s=1000 sp=None/pyr_2_combined.csv, results/synthetic/complete/n=14 r=0.1 re=True d=False/pyr/s=1000 sp=None/pyr_2_combined.csv, results/synthetic/complete/n=4 r=0.1 re=True d=False/pyr/s=1000 sp=None/pyr_2_combined.csv, results/synthetic/complete/n=17 r=0.1 re=True d=False/pyr/s=1000 sp=None/pyr_2_combined.csv, results/synthetic/complete/n=7 r=0.1 re=True d=False/pyr/s=1000 sp=None/pyr_2_combined.csv, results/synthetic/complete/n=13 r=0.1 re=True d=False/pyr/s=1000 sp=None/pyr_2_combined.csv
    resources: tmpdir=C:\Users\FREDDU~1\AppData\Local\Temp

[Tue Nov 12 01:53:31 2024]
Finished job 0.
70 of 70 steps (100%) done
Complete log: .snakemake\log\2024-11-12T015309.288207.snakemake.log
