host: fredduuxd
Building DAG of jobs...
Provided cores: 16
Rules claiming more threads will be scaled down.
Job stats:
job            count
-----------  -------
complete_cx        1
error_exp          1
total              2

Select jobs to execute...
Execute 1 jobs...

[Tue Nov 12 15:18:08 2024]
localrule complete_cx:
    input: results/__cythonized__
    output: results/synthetic/complete/n=21 r=0.1 re=True d=False/cx/e=True p=False l=10 s=1/run/cx_0.csv
    jobid: 1
    reason: Missing output files: results/synthetic/complete/n=21 r=0.1 re=True d=False/cx/e=True p=False l=10 s=1/run/cx_0.csv
    wildcards: n_nodes=21, neg_edge_prob=0.1, neg_edge_dist_exact=True, directed=False, exact=True, parallel=False, max_length=10, n_samples=1, run=0
    resources: tmpdir=C:\Users\FREDDU~1\AppData\Local\Temp

[Tue Nov 12 15:22:40 2024]
Finished job 1.
1 of 2 steps (50%) done
Select jobs to execute...
Execute 1 jobs...

[Tue Nov 12 15:22:40 2024]
localrule error_exp:
    input: results/synthetic/complete/n=21 r=0.1 re=True d=False/cx/e=True p=False l=10 s=1/run/cx_0.csv
    jobid: 0
    reason: Input files updated by another job: results/synthetic/complete/n=21 r=0.1 re=True d=False/cx/e=True p=False l=10 s=1/run/cx_0.csv
    resources: tmpdir=C:\Users\FREDDU~1\AppData\Local\Temp

[Tue Nov 12 15:22:40 2024]
Finished job 0.
2 of 2 steps (100%) done
Complete log: .snakemake\log\2024-11-12T151808.307104.snakemake.log
