host: MacBook-Pro-von-Frederic.local
Building DAG of jobs...
Using shell: /opt/local/bin/bash
Provided cores: 8
Rules claiming more threads will be scaled down.
Job stats:
job      count
-----  -------
all          1
exp          2
total        3

Select jobs to execute...
Execute 2 jobs...

[Tue Nov  5 14:04:34 2024]
localrule exp:
    input: results/__cythonized__
    output: results/synthetic/er/10_0.5_0.5/cx_1.csv
    jobid: 3
    reason: Missing output files: results/synthetic/er/10_0.5_0.5/cx_1.csv
    wildcards: kind=er, n_nodes=10, prob_p=0.5, prob_r=0.5, alg=cx, run=1
    resources: tmpdir=/var/folders/dj/14c985vd1ng7gf0vvw_ytrpw0000gn/T

[Tue Nov  5 14:04:34 2024]
localrule exp:
    input: results/__cythonized__
    output: results/synthetic/er/10_0.5_0.5/pyr_1.csv
    jobid: 2
    reason: Missing output files: results/synthetic/er/10_0.5_0.5/pyr_1.csv
    wildcards: kind=er, n_nodes=10, prob_p=0.5, prob_r=0.5, alg=pyr, run=1
    resources: tmpdir=/var/folders/dj/14c985vd1ng7gf0vvw_ytrpw0000gn/T

RuleException:
CalledProcessError in file /Users/fredericbusch/Desktop/Thesis/forks/py-raccoon/workflow/Snakefile, line 27:
Command 'set -euo pipefail;  /Users/fredericbusch/miniforge3/envs/py-raccoon/bin/python3.12 /Users/fredericbusch/Desktop/Thesis/forks/py-raccoon/.snakemake/scripts/tmpjt3cjj6s.experiment.py' returned non-zero exit status 1.
[Tue Nov  5 14:04:37 2024]
Error in rule exp:
    jobid: 3
    input: results/__cythonized__
    output: results/synthetic/er/10_0.5_0.5/cx_1.csv

RuleException:
CalledProcessError in file /Users/fredericbusch/Desktop/Thesis/forks/py-raccoon/workflow/Snakefile, line 27:
Command 'set -euo pipefail;  /Users/fredericbusch/miniforge3/envs/py-raccoon/bin/python3.12 /Users/fredericbusch/Desktop/Thesis/forks/py-raccoon/.snakemake/scripts/tmpvzou0de3.experiment.py' returned non-zero exit status 1.
[Tue Nov  5 14:04:37 2024]
Error in rule exp:
    jobid: 2
    input: results/__cythonized__
    output: results/synthetic/er/10_0.5_0.5/pyr_1.csv

Shutting down, this might take some time.
Exiting because a job execution failed. Look above for error message
Complete log: .snakemake/log/2024-11-05T140434.285368.snakemake.log
WorkflowError:
At least one job did not complete successfully.
