host: MacBook-Pro-von-Frederic.local
Building DAG of jobs...
Using shell: /opt/local/bin/bash
Provided cores: 8
Rules claiming more threads will be scaled down.
Job stats:
job             count
------------  -------
all                 1
combine_exps       13
complete_cx         3
complete_pyr        3
cythonize           1
er_cx              12
random_cx           1
random_pyr         11
sbm_cx             22
sbm_pyr            22
total              89

Select jobs to execute...
Execute 8 jobs...

[Sun Nov 10 18:25:28 2024]
localrule complete_cx:
    output: results/synthetic/complete/n=20 r=0.5 d=False/cx/e=False p=False l=10 s=20/run/cx_0.csv
    jobid: 19
    reason: Missing output files: results/synthetic/complete/n=20 r=0.5 d=False/cx/e=False p=False l=10 s=20/run/cx_0.csv
    wildcards: n_nodes=20, neg_edge_prob=0.5, directed=False, exact=False, parallel=False, max_length=10, n_samples=20, run=0
    resources: tmpdir=/var/folders/dj/14c985vd1ng7gf0vvw_ytrpw0000gn/T

[Sun Nov 10 18:25:28 2024]
localrule sbm_cx:
    output: results/synthetic/sbm/exp=0 r=0.5 d=False/cx/e=False p=False l=10 s=20/run/cx_5.csv
    jobid: 71
    reason: Missing output files: results/synthetic/sbm/exp=0 r=0.5 d=False/cx/e=False p=False l=10 s=20/run/cx_5.csv
    wildcards: exp=0, neg_edge_prob=0.5, directed=False, exact=False, parallel=False, max_length=10, n_samples=20, run=5
    resources: tmpdir=/var/folders/dj/14c985vd1ng7gf0vvw_ytrpw0000gn/T

[Sun Nov 10 18:25:28 2024]
localrule er_cx:
    output: results/synthetic/er/n=10 p=0.5 r=0.5 d=True/cx/e=True p=False l=10 s=1/run/cx_0.csv
    jobid: 7
    reason: Missing output files: results/synthetic/er/n=10 p=0.5 r=0.5 d=True/cx/e=True p=False l=10 s=1/run/cx_0.csv
    wildcards: n_nodes=10, prob_p=0.5, neg_edge_prob=0.5, directed=True, exact=True, parallel=False, max_length=10, n_samples=1, run=0
    resources: tmpdir=/var/folders/dj/14c985vd1ng7gf0vvw_ytrpw0000gn/T

[Sun Nov 10 18:25:28 2024]
localrule sbm_cx:
    output: results/synthetic/sbm/exp=0 r=0.5 d=False/cx/e=False p=False l=10 s=20/run/cx_9.csv
    jobid: 75
    reason: Missing output files: results/synthetic/sbm/exp=0 r=0.5 d=False/cx/e=False p=False l=10 s=20/run/cx_9.csv
    wildcards: exp=0, neg_edge_prob=0.5, directed=False, exact=False, parallel=False, max_length=10, n_samples=20, run=9
    resources: tmpdir=/var/folders/dj/14c985vd1ng7gf0vvw_ytrpw0000gn/T

[Sun Nov 10 18:25:28 2024]
localrule sbm_cx:
    output: results/synthetic/sbm/exp=0 r=0.5 d=False/cx/e=False p=False l=10 s=20/run/cx_3.csv
    jobid: 69
    reason: Missing output files: results/synthetic/sbm/exp=0 r=0.5 d=False/cx/e=False p=False l=10 s=20/run/cx_3.csv
    wildcards: exp=0, neg_edge_prob=0.5, directed=False, exact=False, parallel=False, max_length=10, n_samples=20, run=3
    resources: tmpdir=/var/folders/dj/14c985vd1ng7gf0vvw_ytrpw0000gn/T

[Sun Nov 10 18:25:28 2024]
localrule sbm_cx:
    output: results/synthetic/sbm/exp=1 r=0.5 d=False/cx/e=False p=False l=10 s=20/run/cx_8.csv
    jobid: 86
    reason: Missing output files: results/synthetic/sbm/exp=1 r=0.5 d=False/cx/e=False p=False l=10 s=20/run/cx_8.csv
    wildcards: exp=1, neg_edge_prob=0.5, directed=False, exact=False, parallel=False, max_length=10, n_samples=20, run=8
    resources: tmpdir=/var/folders/dj/14c985vd1ng7gf0vvw_ytrpw0000gn/T

[Sun Nov 10 18:25:28 2024]
localrule er_cx:
    output: results/synthetic/er/n=10 p=0.5 r=0.5 d=False/cx/e=True p=False l=10 s=1/run/cx_2.csv
    jobid: 5
    reason: Missing output files: results/synthetic/er/n=10 p=0.5 r=0.5 d=False/cx/e=True p=False l=10 s=1/run/cx_2.csv
    wildcards: n_nodes=10, prob_p=0.5, neg_edge_prob=0.5, directed=False, exact=True, parallel=False, max_length=10, n_samples=1, run=2
    resources: tmpdir=/var/folders/dj/14c985vd1ng7gf0vvw_ytrpw0000gn/T

[Sun Nov 10 18:25:28 2024]
localrule er_cx:
    output: results/synthetic/er/n=10 p=0.5 r=0.5 d=False/cx/e=False p=False l=10 s=20/run/cx_1.csv
    jobid: 12
    reason: Missing output files: results/synthetic/er/n=10 p=0.5 r=0.5 d=False/cx/e=False p=False l=10 s=20/run/cx_1.csv
    wildcards: n_nodes=10, prob_p=0.5, neg_edge_prob=0.5, directed=False, exact=False, parallel=False, max_length=10, n_samples=20, run=1
    resources: tmpdir=/var/folders/dj/14c985vd1ng7gf0vvw_ytrpw0000gn/T

[Sun Nov 10 18:25:33 2024]
Finished job 5.
1 of 89 steps (1%) done
Select jobs to execute...
Execute 1 jobs...

[Sun Nov 10 18:25:33 2024]
localrule sbm_cx:
    output: results/synthetic/sbm/exp=0 r=0.5 d=False/cx/e=False p=False l=10 s=20/run/cx_8.csv
    jobid: 74
    reason: Missing output files: results/synthetic/sbm/exp=0 r=0.5 d=False/cx/e=False p=False l=10 s=20/run/cx_8.csv
    wildcards: exp=0, neg_edge_prob=0.5, directed=False, exact=False, parallel=False, max_length=10, n_samples=20, run=8
    resources: tmpdir=/var/folders/dj/14c985vd1ng7gf0vvw_ytrpw0000gn/T

[Sun Nov 10 18:25:33 2024]
Finished job 7.
2 of 89 steps (2%) done
Select jobs to execute...
Execute 1 jobs...

[Sun Nov 10 18:25:33 2024]
localrule sbm_cx:
    output: results/synthetic/sbm/exp=1 r=0.5 d=False/cx/e=False p=False l=10 s=20/run/cx_7.csv
    jobid: 85
    reason: Missing output files: results/synthetic/sbm/exp=1 r=0.5 d=False/cx/e=False p=False l=10 s=20/run/cx_7.csv
    wildcards: exp=1, neg_edge_prob=0.5, directed=False, exact=False, parallel=False, max_length=10, n_samples=20, run=7
    resources: tmpdir=/var/folders/dj/14c985vd1ng7gf0vvw_ytrpw0000gn/T

[Sun Nov 10 18:25:44 2024]
Finished job 71.
3 of 89 steps (3%) done
Select jobs to execute...
Execute 1 jobs...

[Sun Nov 10 18:25:44 2024]
localrule er_cx:
    output: results/synthetic/er/n=10 p=0.5 r=0.5 d=False/cx/e=False p=False l=10 s=20/run/cx_0.csv
    jobid: 11
    reason: Missing output files: results/synthetic/er/n=10 p=0.5 r=0.5 d=False/cx/e=False p=False l=10 s=20/run/cx_0.csv
    wildcards: n_nodes=10, prob_p=0.5, neg_edge_prob=0.5, directed=False, exact=False, parallel=False, max_length=10, n_samples=20, run=0
    resources: tmpdir=/var/folders/dj/14c985vd1ng7gf0vvw_ytrpw0000gn/T

[Sun Nov 10 18:25:44 2024]
Finished job 86.
4 of 89 steps (4%) done
Select jobs to execute...
Execute 1 jobs...

[Sun Nov 10 18:25:44 2024]
localrule sbm_cx:
    output: results/synthetic/sbm/exp=1 r=0.5 d=False/cx/e=False p=False l=10 s=20/run/cx_2.csv
    jobid: 80
    reason: Missing output files: results/synthetic/sbm/exp=1 r=0.5 d=False/cx/e=False p=False l=10 s=20/run/cx_2.csv
    wildcards: exp=1, neg_edge_prob=0.5, directed=False, exact=False, parallel=False, max_length=10, n_samples=20, run=2
    resources: tmpdir=/var/folders/dj/14c985vd1ng7gf0vvw_ytrpw0000gn/T

[Sun Nov 10 18:25:45 2024]
Finished job 75.
5 of 89 steps (6%) done
Select jobs to execute...
Execute 1 jobs...

[Sun Nov 10 18:25:45 2024]
localrule random_cx:
    output: results/synthetic/random/n=20 m=50 r=0.5 d=False/cx/e=False p=False l=10 s=20/run/cx_0.csv
    jobid: 27
    reason: Missing output files: results/synthetic/random/n=20 m=50 r=0.5 d=False/cx/e=False p=False l=10 s=20/run/cx_0.csv
    wildcards: n_nodes=20, n_edges=50, neg_edge_prob=0.5, directed=False, exact=False, parallel=False, max_length=10, n_samples=20, run=0
    resources: tmpdir=/var/folders/dj/14c985vd1ng7gf0vvw_ytrpw0000gn/T

[Sun Nov 10 18:25:45 2024]
Finished job 69.
6 of 89 steps (7%) done
Select jobs to execute...
Execute 1 jobs...

[Sun Nov 10 18:25:46 2024]
localrule er_cx:
    output: results/synthetic/er/n=10 p=0.5 r=0.5 d=True/cx/e=True p=False l=10 s=1/run/cx_2.csv
    jobid: 9
    reason: Missing output files: results/synthetic/er/n=10 p=0.5 r=0.5 d=True/cx/e=True p=False l=10 s=1/run/cx_2.csv
    wildcards: n_nodes=10, prob_p=0.5, neg_edge_prob=0.5, directed=True, exact=True, parallel=False, max_length=10, n_samples=1, run=2
    resources: tmpdir=/var/folders/dj/14c985vd1ng7gf0vvw_ytrpw0000gn/T

[Sun Nov 10 18:25:47 2024]
Finished job 74.
7 of 89 steps (8%) done
Select jobs to execute...
Execute 1 jobs...

[Sun Nov 10 18:25:47 2024]
localrule sbm_cx:
    output: results/synthetic/sbm/exp=0 r=0.5 d=False/cx/e=False p=False l=10 s=20/run/cx_7.csv
    jobid: 73
    reason: Missing output files: results/synthetic/sbm/exp=0 r=0.5 d=False/cx/e=False p=False l=10 s=20/run/cx_7.csv
    wildcards: exp=0, neg_edge_prob=0.5, directed=False, exact=False, parallel=False, max_length=10, n_samples=20, run=7
    resources: tmpdir=/var/folders/dj/14c985vd1ng7gf0vvw_ytrpw0000gn/T

[Sun Nov 10 18:25:50 2024]
Finished job 9.
8 of 89 steps (9%) done
Select jobs to execute...
Execute 1 jobs...

[Sun Nov 10 18:25:50 2024]
localrule complete_cx:
    output: results/synthetic/complete/n=20 r=0.5 d=False/cx/e=False p=False l=10 s=20/run/cx_1.csv
    jobid: 20
    reason: Missing output files: results/synthetic/complete/n=20 r=0.5 d=False/cx/e=False p=False l=10 s=20/run/cx_1.csv
    wildcards: n_nodes=20, neg_edge_prob=0.5, directed=False, exact=False, parallel=False, max_length=10, n_samples=20, run=1
    resources: tmpdir=/var/folders/dj/14c985vd1ng7gf0vvw_ytrpw0000gn/T

[Sun Nov 10 18:25:50 2024]
Finished job 85.
9 of 89 steps (10%) done
Select jobs to execute...
Execute 1 jobs...

[Sun Nov 10 18:25:50 2024]
localrule sbm_cx:
    output: results/synthetic/sbm/exp=1 r=0.5 d=False/cx/e=False p=False l=10 s=20/run/cx_4.csv
    jobid: 82
    reason: Missing output files: results/synthetic/sbm/exp=1 r=0.5 d=False/cx/e=False p=False l=10 s=20/run/cx_4.csv
    wildcards: exp=1, neg_edge_prob=0.5, directed=False, exact=False, parallel=False, max_length=10, n_samples=20, run=4
    resources: tmpdir=/var/folders/dj/14c985vd1ng7gf0vvw_ytrpw0000gn/T

[Sun Nov 10 18:25:56 2024]
Finished job 12.
10 of 89 steps (11%) done
Select jobs to execute...
Execute 1 jobs...

[Sun Nov 10 18:25:56 2024]
localrule er_cx:
    output: results/synthetic/er/n=10 p=0.5 r=0.5 d=False/cx/e=True p=False l=10 s=1/run/cx_0.csv
    jobid: 3
    reason: Missing output files: results/synthetic/er/n=10 p=0.5 r=0.5 d=False/cx/e=True p=False l=10 s=1/run/cx_0.csv
    wildcards: n_nodes=10, prob_p=0.5, neg_edge_prob=0.5, directed=False, exact=True, parallel=False, max_length=10, n_samples=1, run=0
    resources: tmpdir=/var/folders/dj/14c985vd1ng7gf0vvw_ytrpw0000gn/T

[Sun Nov 10 18:25:56 2024]
Finished job 27.
11 of 89 steps (12%) done
Select jobs to execute...
Execute 1 jobs...

[Sun Nov 10 18:25:56 2024]
localrule sbm_cx:
    output: results/synthetic/sbm/exp=1 r=0.5 d=False/cx/e=False p=False l=10 s=20/run/cx_6.csv
    jobid: 84
    reason: Missing output files: results/synthetic/sbm/exp=1 r=0.5 d=False/cx/e=False p=False l=10 s=20/run/cx_6.csv
    wildcards: exp=1, neg_edge_prob=0.5, directed=False, exact=False, parallel=False, max_length=10, n_samples=20, run=6
    resources: tmpdir=/var/folders/dj/14c985vd1ng7gf0vvw_ytrpw0000gn/T

[Sun Nov 10 18:25:59 2024]
Finished job 73.
12 of 89 steps (13%) done
Select jobs to execute...
Execute 1 jobs...

[Sun Nov 10 18:25:59 2024]
localrule er_cx:
    output: results/synthetic/er/n=10 p=0.5 r=0.5 d=True/cx/e=False p=False l=10 s=20/run/cx_1.csv
    jobid: 16
    reason: Missing output files: results/synthetic/er/n=10 p=0.5 r=0.5 d=True/cx/e=False p=False l=10 s=20/run/cx_1.csv
    wildcards: n_nodes=10, prob_p=0.5, neg_edge_prob=0.5, directed=True, exact=False, parallel=False, max_length=10, n_samples=20, run=1
    resources: tmpdir=/var/folders/dj/14c985vd1ng7gf0vvw_ytrpw0000gn/T

[Sun Nov 10 18:26:00 2024]
Finished job 3.
13 of 89 steps (15%) done
Select jobs to execute...
Execute 1 jobs...

[Sun Nov 10 18:26:00 2024]
localrule sbm_cx:
    output: results/synthetic/sbm/exp=0 r=0.5 d=False/cx/e=False p=False l=10 s=20/run/cx_2.csv
    jobid: 68
    reason: Missing output files: results/synthetic/sbm/exp=0 r=0.5 d=False/cx/e=False p=False l=10 s=20/run/cx_2.csv
    wildcards: exp=0, neg_edge_prob=0.5, directed=False, exact=False, parallel=False, max_length=10, n_samples=20, run=2
    resources: tmpdir=/var/folders/dj/14c985vd1ng7gf0vvw_ytrpw0000gn/T

[Sun Nov 10 18:26:02 2024]
Finished job 80.
14 of 89 steps (16%) done
Select jobs to execute...
Execute 1 jobs...

[Sun Nov 10 18:26:02 2024]
localrule sbm_cx:
    output: results/synthetic/sbm/exp=1 r=0.5 d=False/cx/e=False p=False l=10 s=20/run/cx_1.csv
    jobid: 79
    reason: Missing output files: results/synthetic/sbm/exp=1 r=0.5 d=False/cx/e=False p=False l=10 s=20/run/cx_1.csv
    wildcards: exp=1, neg_edge_prob=0.5, directed=False, exact=False, parallel=False, max_length=10, n_samples=20, run=1
    resources: tmpdir=/var/folders/dj/14c985vd1ng7gf0vvw_ytrpw0000gn/T

[Sun Nov 10 18:26:02 2024]
Finished job 19.
15 of 89 steps (17%) done
Select jobs to execute...
Execute 1 jobs...

[Sun Nov 10 18:26:02 2024]
localrule er_cx:
    output: results/synthetic/er/n=10 p=0.5 r=0.5 d=True/cx/e=False p=False l=10 s=20/run/cx_0.csv
    jobid: 15
    reason: Missing output files: results/synthetic/er/n=10 p=0.5 r=0.5 d=True/cx/e=False p=False l=10 s=20/run/cx_0.csv
    wildcards: n_nodes=10, prob_p=0.5, neg_edge_prob=0.5, directed=True, exact=False, parallel=False, max_length=10, n_samples=20, run=0
    resources: tmpdir=/var/folders/dj/14c985vd1ng7gf0vvw_ytrpw0000gn/T

[Sun Nov 10 18:26:07 2024]
Finished job 11.
16 of 89 steps (18%) done
Select jobs to execute...
Execute 1 jobs...

[Sun Nov 10 18:26:07 2024]
localrule complete_cx:
    output: results/synthetic/complete/n=20 r=0.5 d=False/cx/e=False p=False l=10 s=20/run/cx_2.csv
    jobid: 21
    reason: Missing output files: results/synthetic/complete/n=20 r=0.5 d=False/cx/e=False p=False l=10 s=20/run/cx_2.csv
    wildcards: n_nodes=20, neg_edge_prob=0.5, directed=False, exact=False, parallel=False, max_length=10, n_samples=20, run=2
    resources: tmpdir=/var/folders/dj/14c985vd1ng7gf0vvw_ytrpw0000gn/T

[Sun Nov 10 18:26:08 2024]
Finished job 82.
17 of 89 steps (19%) done
Select jobs to execute...
Execute 1 jobs...

[Sun Nov 10 18:26:08 2024]
localrule sbm_cx:
    output: results/synthetic/sbm/exp=0 r=0.5 d=False/cx/e=False p=False l=10 s=20/run/cx_1.csv
    jobid: 67
    reason: Missing output files: results/synthetic/sbm/exp=0 r=0.5 d=False/cx/e=False p=False l=10 s=20/run/cx_1.csv
    wildcards: exp=0, neg_edge_prob=0.5, directed=False, exact=False, parallel=False, max_length=10, n_samples=20, run=1
    resources: tmpdir=/var/folders/dj/14c985vd1ng7gf0vvw_ytrpw0000gn/T

[Sun Nov 10 18:26:11 2024]
Finished job 84.
18 of 89 steps (20%) done
Select jobs to execute...
Execute 1 jobs...

[Sun Nov 10 18:26:11 2024]
localrule sbm_cx:
    output: results/synthetic/sbm/exp=1 r=0.5 d=False/cx/e=False p=False l=10 s=20/run/cx_0.csv
    jobid: 78
    reason: Missing output files: results/synthetic/sbm/exp=1 r=0.5 d=False/cx/e=False p=False l=10 s=20/run/cx_0.csv
    wildcards: exp=1, neg_edge_prob=0.5, directed=False, exact=False, parallel=False, max_length=10, n_samples=20, run=0
    resources: tmpdir=/var/folders/dj/14c985vd1ng7gf0vvw_ytrpw0000gn/T

[Sun Nov 10 18:26:13 2024]
Finished job 68.
19 of 89 steps (21%) done
Select jobs to execute...
Execute 1 jobs...

[Sun Nov 10 18:26:13 2024]
localrule sbm_cx:
    output: results/synthetic/sbm/exp=1 r=0.5 d=False/cx/e=False p=False l=10 s=20/run/cx_5.csv
    jobid: 83
    reason: Missing output files: results/synthetic/sbm/exp=1 r=0.5 d=False/cx/e=False p=False l=10 s=20/run/cx_5.csv
    wildcards: exp=1, neg_edge_prob=0.5, directed=False, exact=False, parallel=False, max_length=10, n_samples=20, run=5
    resources: tmpdir=/var/folders/dj/14c985vd1ng7gf0vvw_ytrpw0000gn/T

[Sun Nov 10 18:26:19 2024]
Finished job 79.
20 of 89 steps (22%) done
Select jobs to execute...
Execute 1 jobs...

[Sun Nov 10 18:26:19 2024]
localrule sbm_cx:
    output: results/synthetic/sbm/exp=1 r=0.5 d=False/cx/e=False p=False l=10 s=20/run/cx_10.csv
    jobid: 88
    reason: Missing output files: results/synthetic/sbm/exp=1 r=0.5 d=False/cx/e=False p=False l=10 s=20/run/cx_10.csv
    wildcards: exp=1, neg_edge_prob=0.5, directed=False, exact=False, parallel=False, max_length=10, n_samples=20, run=10
    resources: tmpdir=/var/folders/dj/14c985vd1ng7gf0vvw_ytrpw0000gn/T

[Sun Nov 10 18:26:20 2024]
Finished job 67.
21 of 89 steps (24%) done
Select jobs to execute...
Execute 1 jobs...

[Sun Nov 10 18:26:21 2024]
localrule er_cx:
    output: results/synthetic/er/n=10 p=0.5 r=0.5 d=True/cx/e=False p=False l=10 s=20/run/cx_2.csv
    jobid: 17
    reason: Missing output files: results/synthetic/er/n=10 p=0.5 r=0.5 d=True/cx/e=False p=False l=10 s=20/run/cx_2.csv
    wildcards: n_nodes=10, prob_p=0.5, neg_edge_prob=0.5, directed=True, exact=False, parallel=False, max_length=10, n_samples=20, run=2
    resources: tmpdir=/var/folders/dj/14c985vd1ng7gf0vvw_ytrpw0000gn/T

[Sun Nov 10 18:26:22 2024]
Finished job 20.
22 of 89 steps (25%) done
Select jobs to execute...
Execute 1 jobs...

[Sun Nov 10 18:26:23 2024]
localrule er_cx:
    output: results/synthetic/er/n=10 p=0.5 r=0.5 d=False/cx/e=True p=False l=10 s=1/run/cx_1.csv
    jobid: 4
    reason: Missing output files: results/synthetic/er/n=10 p=0.5 r=0.5 d=False/cx/e=True p=False l=10 s=1/run/cx_1.csv
    wildcards: n_nodes=10, prob_p=0.5, neg_edge_prob=0.5, directed=False, exact=True, parallel=False, max_length=10, n_samples=1, run=1
    resources: tmpdir=/var/folders/dj/14c985vd1ng7gf0vvw_ytrpw0000gn/T

[Sun Nov 10 18:26:27 2024]
Finished job 4.
23 of 89 steps (26%) done
Select jobs to execute...
Execute 1 jobs...

[Sun Nov 10 18:26:27 2024]
localrule combine_exps:
    input: results/synthetic/er/n=10 p=0.5 r=0.5 d=False/cx/e=True p=False l=10 s=1/run/cx_0.csv, results/synthetic/er/n=10 p=0.5 r=0.5 d=False/cx/e=True p=False l=10 s=1/run/cx_1.csv, results/synthetic/er/n=10 p=0.5 r=0.5 d=False/cx/e=True p=False l=10 s=1/run/cx_2.csv
    output: results/synthetic/er/n=10 p=0.5 r=0.5 d=False/cx/e=True p=False l=10 s=1/cx_2_combined.csv
    jobid: 2
    reason: Missing output files: results/synthetic/er/n=10 p=0.5 r=0.5 d=False/cx/e=True p=False l=10 s=1/cx_2_combined.csv; Input files updated by another job: results/synthetic/er/n=10 p=0.5 r=0.5 d=False/cx/e=True p=False l=10 s=1/run/cx_2.csv, results/synthetic/er/n=10 p=0.5 r=0.5 d=False/cx/e=True p=False l=10 s=1/run/cx_1.csv, results/synthetic/er/n=10 p=0.5 r=0.5 d=False/cx/e=True p=False l=10 s=1/run/cx_0.csv
    wildcards: path=results/synthetic/er/n=10 p=0.5 r=0.5 d=False/cx/e=True p=False l=10 s=1, alg=cx, runs=2
    resources: tmpdir=/var/folders/dj/14c985vd1ng7gf0vvw_ytrpw0000gn/T

[Sun Nov 10 18:26:29 2024]
Finished job 83.
24 of 89 steps (27%) done
Select jobs to execute...
Execute 1 jobs...

[Sun Nov 10 18:26:29 2024]
localrule sbm_cx:
    output: results/synthetic/sbm/exp=0 r=0.5 d=False/cx/e=False p=False l=10 s=20/run/cx_4.csv
    jobid: 70
    reason: Missing output files: results/synthetic/sbm/exp=0 r=0.5 d=False/cx/e=False p=False l=10 s=20/run/cx_4.csv
    wildcards: exp=0, neg_edge_prob=0.5, directed=False, exact=False, parallel=False, max_length=10, n_samples=20, run=4
    resources: tmpdir=/var/folders/dj/14c985vd1ng7gf0vvw_ytrpw0000gn/T

[Sun Nov 10 18:26:29 2024]
Finished job 78.
25 of 89 steps (28%) done
Select jobs to execute...
Execute 1 jobs...

[Sun Nov 10 18:26:30 2024]
localrule sbm_cx:
    output: results/synthetic/sbm/exp=1 r=0.5 d=False/cx/e=False p=False l=10 s=20/run/cx_3.csv
    jobid: 81
    reason: Missing output files: results/synthetic/sbm/exp=1 r=0.5 d=False/cx/e=False p=False l=10 s=20/run/cx_3.csv
    wildcards: exp=1, neg_edge_prob=0.5, directed=False, exact=False, parallel=False, max_length=10, n_samples=20, run=3
    resources: tmpdir=/var/folders/dj/14c985vd1ng7gf0vvw_ytrpw0000gn/T

[Sun Nov 10 18:26:30 2024]
Finished job 2.
26 of 89 steps (29%) done
Select jobs to execute...
Execute 1 jobs...

[Sun Nov 10 18:26:30 2024]
localrule er_cx:
    output: results/synthetic/er/n=10 p=0.5 r=0.5 d=True/cx/e=True p=False l=10 s=1/run/cx_1.csv
    jobid: 8
    reason: Missing output files: results/synthetic/er/n=10 p=0.5 r=0.5 d=True/cx/e=True p=False l=10 s=1/run/cx_1.csv
    wildcards: n_nodes=10, prob_p=0.5, neg_edge_prob=0.5, directed=True, exact=True, parallel=False, max_length=10, n_samples=1, run=1
    resources: tmpdir=/var/folders/dj/14c985vd1ng7gf0vvw_ytrpw0000gn/T

[Sun Nov 10 18:26:35 2024]
Finished job 8.
27 of 89 steps (30%) done
Select jobs to execute...
Execute 1 jobs...

[Sun Nov 10 18:26:35 2024]
localrule combine_exps:
    input: results/synthetic/er/n=10 p=0.5 r=0.5 d=True/cx/e=True p=False l=10 s=1/run/cx_0.csv, results/synthetic/er/n=10 p=0.5 r=0.5 d=True/cx/e=True p=False l=10 s=1/run/cx_1.csv, results/synthetic/er/n=10 p=0.5 r=0.5 d=True/cx/e=True p=False l=10 s=1/run/cx_2.csv
    output: results/synthetic/er/n=10 p=0.5 r=0.5 d=True/cx/e=True p=False l=10 s=1/cx_2_combined.csv
    jobid: 6
    reason: Missing output files: results/synthetic/er/n=10 p=0.5 r=0.5 d=True/cx/e=True p=False l=10 s=1/cx_2_combined.csv; Input files updated by another job: results/synthetic/er/n=10 p=0.5 r=0.5 d=True/cx/e=True p=False l=10 s=1/run/cx_0.csv, results/synthetic/er/n=10 p=0.5 r=0.5 d=True/cx/e=True p=False l=10 s=1/run/cx_1.csv, results/synthetic/er/n=10 p=0.5 r=0.5 d=True/cx/e=True p=False l=10 s=1/run/cx_2.csv
    wildcards: path=results/synthetic/er/n=10 p=0.5 r=0.5 d=True/cx/e=True p=False l=10 s=1, alg=cx, runs=2
    resources: tmpdir=/var/folders/dj/14c985vd1ng7gf0vvw_ytrpw0000gn/T

[Sun Nov 10 18:26:36 2024]
Finished job 88.
28 of 89 steps (31%) done
Select jobs to execute...
Execute 1 jobs...

[Sun Nov 10 18:26:36 2024]
localrule sbm_cx:
    output: results/synthetic/sbm/exp=0 r=0.5 d=False/cx/e=False p=False l=10 s=20/run/cx_6.csv
    jobid: 72
    reason: Missing output files: results/synthetic/sbm/exp=0 r=0.5 d=False/cx/e=False p=False l=10 s=20/run/cx_6.csv
    wildcards: exp=0, neg_edge_prob=0.5, directed=False, exact=False, parallel=False, max_length=10, n_samples=20, run=6
    resources: tmpdir=/var/folders/dj/14c985vd1ng7gf0vvw_ytrpw0000gn/T

[Sun Nov 10 18:26:36 2024]
Finished job 16.
29 of 89 steps (33%) done
Select jobs to execute...
Execute 1 jobs...

[Sun Nov 10 18:26:36 2024]
localrule sbm_cx:
    output: results/synthetic/sbm/exp=1 r=0.5 d=False/cx/e=False p=False l=10 s=20/run/cx_9.csv
    jobid: 87
    reason: Missing output files: results/synthetic/sbm/exp=1 r=0.5 d=False/cx/e=False p=False l=10 s=20/run/cx_9.csv
    wildcards: exp=1, neg_edge_prob=0.5, directed=False, exact=False, parallel=False, max_length=10, n_samples=20, run=9
    resources: tmpdir=/var/folders/dj/14c985vd1ng7gf0vvw_ytrpw0000gn/T

[Sun Nov 10 18:26:38 2024]
Finished job 6.
30 of 89 steps (34%) done
Select jobs to execute...
Execute 1 jobs...

[Sun Nov 10 18:26:38 2024]
localrule sbm_cx:
    output: results/synthetic/sbm/exp=0 r=0.5 d=False/cx/e=False p=False l=10 s=20/run/cx_10.csv
    jobid: 76
    reason: Missing output files: results/synthetic/sbm/exp=0 r=0.5 d=False/cx/e=False p=False l=10 s=20/run/cx_10.csv
    wildcards: exp=0, neg_edge_prob=0.5, directed=False, exact=False, parallel=False, max_length=10, n_samples=20, run=10
    resources: tmpdir=/var/folders/dj/14c985vd1ng7gf0vvw_ytrpw0000gn/T

[Sun Nov 10 18:26:39 2024]
Finished job 15.
31 of 89 steps (35%) done
Select jobs to execute...
Execute 1 jobs...

[Sun Nov 10 18:26:39 2024]
localrule sbm_cx:
    output: results/synthetic/sbm/exp=0 r=0.5 d=False/cx/e=False p=False l=10 s=20/run/cx_0.csv
    jobid: 66
    reason: Missing output files: results/synthetic/sbm/exp=0 r=0.5 d=False/cx/e=False p=False l=10 s=20/run/cx_0.csv
    wildcards: exp=0, neg_edge_prob=0.5, directed=False, exact=False, parallel=False, max_length=10, n_samples=20, run=0
    resources: tmpdir=/var/folders/dj/14c985vd1ng7gf0vvw_ytrpw0000gn/T

[Sun Nov 10 18:26:41 2024]
Finished job 21.
32 of 89 steps (36%) done
Select jobs to execute...
Execute 1 jobs...

[Sun Nov 10 18:26:42 2024]
localrule combine_exps:
    input: results/synthetic/complete/n=20 r=0.5 d=False/cx/e=False p=False l=10 s=20/run/cx_0.csv, results/synthetic/complete/n=20 r=0.5 d=False/cx/e=False p=False l=10 s=20/run/cx_1.csv, results/synthetic/complete/n=20 r=0.5 d=False/cx/e=False p=False l=10 s=20/run/cx_2.csv
    output: results/synthetic/complete/n=20 r=0.5 d=False/cx/e=False p=False l=10 s=20/cx_2_combined.csv
    jobid: 18
    reason: Missing output files: results/synthetic/complete/n=20 r=0.5 d=False/cx/e=False p=False l=10 s=20/cx_2_combined.csv; Input files updated by another job: results/synthetic/complete/n=20 r=0.5 d=False/cx/e=False p=False l=10 s=20/run/cx_0.csv, results/synthetic/complete/n=20 r=0.5 d=False/cx/e=False p=False l=10 s=20/run/cx_2.csv, results/synthetic/complete/n=20 r=0.5 d=False/cx/e=False p=False l=10 s=20/run/cx_1.csv
    wildcards: path=results/synthetic/complete/n=20 r=0.5 d=False/cx/e=False p=False l=10 s=20, alg=cx, runs=2
    resources: tmpdir=/var/folders/dj/14c985vd1ng7gf0vvw_ytrpw0000gn/T

[Sun Nov 10 18:26:44 2024]
Finished job 18.
33 of 89 steps (37%) done
Select jobs to execute...
Execute 1 jobs...

[Sun Nov 10 18:26:44 2024]
localrule er_cx:
    output: results/synthetic/er/n=10 p=0.5 r=0.5 d=False/cx/e=False p=False l=10 s=20/run/cx_2.csv
    jobid: 13
    reason: Missing output files: results/synthetic/er/n=10 p=0.5 r=0.5 d=False/cx/e=False p=False l=10 s=20/run/cx_2.csv
    wildcards: n_nodes=10, prob_p=0.5, neg_edge_prob=0.5, directed=False, exact=False, parallel=False, max_length=10, n_samples=20, run=2
    resources: tmpdir=/var/folders/dj/14c985vd1ng7gf0vvw_ytrpw0000gn/T

[Sun Nov 10 18:26:45 2024]
Finished job 70.
34 of 89 steps (38%) done
Select jobs to execute...
Execute 1 jobs...

[Sun Nov 10 18:26:45 2024]
localrule cythonize:
    input: src/py_raccoon/balance_sampling.pyx, src/py_raccoon/balance_spanning_trees.pyx
    output: results/__cythonized__
    jobid: 1
    reason: Missing output files: results/__cythonized__
    resources: tmpdir=/var/folders/dj/14c985vd1ng7gf0vvw_ytrpw0000gn/T

[Sun Nov 10 18:26:47 2024]
Finished job 1.
35 of 89 steps (39%) done
Select jobs to execute...
Execute 1 jobs...

[Sun Nov 10 18:26:47 2024]
localrule random_pyr:
    input: results/__cythonized__
    output: results/synthetic/random/n=20 m=50 r=0.5 d=False/pyr/s=1000 sp=1/run/pyr_0.csv
    jobid: 29
    reason: Missing output files: results/synthetic/random/n=20 m=50 r=0.5 d=False/pyr/s=1000 sp=1/run/pyr_0.csv; Input files updated by another job: results/__cythonized__
    wildcards: n_nodes=20, n_edges=50, neg_edge_prob=0.5, n_samples=1000, pyr_spec_edge_prob=1, run=0
    resources: tmpdir=/var/folders/dj/14c985vd1ng7gf0vvw_ytrpw0000gn/T

[Sun Nov 10 18:26:47 2024]
Finished job 72.
36 of 89 steps (40%) done
Select jobs to execute...
Execute 1 jobs...

[Sun Nov 10 18:26:47 2024]
localrule sbm_pyr:
    input: results/__cythonized__
    output: results/synthetic/sbm/exp=0 r=0.5 d=False/pyr/s=1000 sp=None/run/pyr_4.csv
    jobid: 46
    reason: Missing output files: results/synthetic/sbm/exp=0 r=0.5 d=False/pyr/s=1000 sp=None/run/pyr_4.csv; Input files updated by another job: results/__cythonized__
    wildcards: exp=0, neg_edge_prob=0.5, n_samples=1000, pyr_spec_edge_prob=None, run=4
    resources: tmpdir=/var/folders/dj/14c985vd1ng7gf0vvw_ytrpw0000gn/T

[Sun Nov 10 18:26:47 2024]
Finished job 81.
37 of 89 steps (42%) done
Select jobs to execute...
Execute 1 jobs...

[Sun Nov 10 18:26:47 2024]
localrule sbm_pyr:
    input: results/__cythonized__
    output: results/synthetic/sbm/exp=1 r=0.5 d=False/pyr/s=1000 sp=None/run/pyr_7.csv
    jobid: 61
    reason: Missing output files: results/synthetic/sbm/exp=1 r=0.5 d=False/pyr/s=1000 sp=None/run/pyr_7.csv; Input files updated by another job: results/__cythonized__
    wildcards: exp=1, neg_edge_prob=0.5, n_samples=1000, pyr_spec_edge_prob=None, run=7
    resources: tmpdir=/var/folders/dj/14c985vd1ng7gf0vvw_ytrpw0000gn/T

[Sun Nov 10 18:26:51 2024]
Finished job 66.
38 of 89 steps (43%) done
Select jobs to execute...
Execute 1 jobs...

[Sun Nov 10 18:26:51 2024]
localrule sbm_pyr:
    input: results/__cythonized__
    output: results/synthetic/sbm/exp=0 r=0.5 d=False/pyr/s=1000 sp=None/run/pyr_3.csv
    jobid: 45
    reason: Missing output files: results/synthetic/sbm/exp=0 r=0.5 d=False/pyr/s=1000 sp=None/run/pyr_3.csv; Input files updated by another job: results/__cythonized__
    wildcards: exp=0, neg_edge_prob=0.5, n_samples=1000, pyr_spec_edge_prob=None, run=3
    resources: tmpdir=/var/folders/dj/14c985vd1ng7gf0vvw_ytrpw0000gn/T

[Sun Nov 10 18:26:51 2024]
Finished job 87.
39 of 89 steps (44%) done
Select jobs to execute...
Execute 1 jobs...

[Sun Nov 10 18:26:51 2024]
localrule sbm_pyr:
    input: results/__cythonized__
    output: results/synthetic/sbm/exp=0 r=0.5 d=False/pyr/s=1000 sp=None/run/pyr_2.csv
    jobid: 44
    reason: Missing output files: results/synthetic/sbm/exp=0 r=0.5 d=False/pyr/s=1000 sp=None/run/pyr_2.csv; Input files updated by another job: results/__cythonized__
    wildcards: exp=0, neg_edge_prob=0.5, n_samples=1000, pyr_spec_edge_prob=None, run=2
    resources: tmpdir=/var/folders/dj/14c985vd1ng7gf0vvw_ytrpw0000gn/T

[Sun Nov 10 18:26:52 2024]
Finished job 29.
40 of 89 steps (45%) done
Select jobs to execute...
Execute 1 jobs...

[Sun Nov 10 18:26:52 2024]
localrule sbm_pyr:
    input: results/__cythonized__
    output: results/synthetic/sbm/exp=1 r=0.5 d=False/pyr/s=1000 sp=None/run/pyr_6.csv
    jobid: 60
    reason: Missing output files: results/synthetic/sbm/exp=1 r=0.5 d=False/pyr/s=1000 sp=None/run/pyr_6.csv; Input files updated by another job: results/__cythonized__
    wildcards: exp=1, neg_edge_prob=0.5, n_samples=1000, pyr_spec_edge_prob=None, run=6
    resources: tmpdir=/var/folders/dj/14c985vd1ng7gf0vvw_ytrpw0000gn/T

[Sun Nov 10 18:26:52 2024]
Finished job 46.
41 of 89 steps (46%) done
Select jobs to execute...
Execute 1 jobs...

[Sun Nov 10 18:26:52 2024]
localrule combine_exps:
    input: results/synthetic/sbm/exp=1 r=0.5 d=False/cx/e=False p=False l=10 s=20/run/cx_0.csv, results/synthetic/sbm/exp=1 r=0.5 d=False/cx/e=False p=False l=10 s=20/run/cx_1.csv, results/synthetic/sbm/exp=1 r=0.5 d=False/cx/e=False p=False l=10 s=20/run/cx_2.csv, results/synthetic/sbm/exp=1 r=0.5 d=False/cx/e=False p=False l=10 s=20/run/cx_3.csv, results/synthetic/sbm/exp=1 r=0.5 d=False/cx/e=False p=False l=10 s=20/run/cx_4.csv, results/synthetic/sbm/exp=1 r=0.5 d=False/cx/e=False p=False l=10 s=20/run/cx_5.csv, results/synthetic/sbm/exp=1 r=0.5 d=False/cx/e=False p=False l=10 s=20/run/cx_6.csv, results/synthetic/sbm/exp=1 r=0.5 d=False/cx/e=False p=False l=10 s=20/run/cx_7.csv, results/synthetic/sbm/exp=1 r=0.5 d=False/cx/e=False p=False l=10 s=20/run/cx_8.csv, results/synthetic/sbm/exp=1 r=0.5 d=False/cx/e=False p=False l=10 s=20/run/cx_9.csv, results/synthetic/sbm/exp=1 r=0.5 d=False/cx/e=False p=False l=10 s=20/run/cx_10.csv
    output: results/synthetic/sbm/exp=1 r=0.5 d=False/cx/e=False p=False l=10 s=20/cx_10_combined.csv
    jobid: 77
    reason: Missing output files: results/synthetic/sbm/exp=1 r=0.5 d=False/cx/e=False p=False l=10 s=20/cx_10_combined.csv; Input files updated by another job: results/synthetic/sbm/exp=1 r=0.5 d=False/cx/e=False p=False l=10 s=20/run/cx_0.csv, results/synthetic/sbm/exp=1 r=0.5 d=False/cx/e=False p=False l=10 s=20/run/cx_1.csv, results/synthetic/sbm/exp=1 r=0.5 d=False/cx/e=False p=False l=10 s=20/run/cx_7.csv, results/synthetic/sbm/exp=1 r=0.5 d=False/cx/e=False p=False l=10 s=20/run/cx_8.csv, results/synthetic/sbm/exp=1 r=0.5 d=False/cx/e=False p=False l=10 s=20/run/cx_10.csv, results/synthetic/sbm/exp=1 r=0.5 d=False/cx/e=False p=False l=10 s=20/run/cx_5.csv, results/synthetic/sbm/exp=1 r=0.5 d=False/cx/e=False p=False l=10 s=20/run/cx_6.csv, results/synthetic/sbm/exp=1 r=0.5 d=False/cx/e=False p=False l=10 s=20/run/cx_3.csv, results/synthetic/sbm/exp=1 r=0.5 d=False/cx/e=False p=False l=10 s=20/run/cx_9.csv, results/synthetic/sbm/exp=1 r=0.5 d=False/cx/e=False p=False l=10 s=20/run/cx_2.csv, results/synthetic/sbm/exp=1 r=0.5 d=False/cx/e=False p=False l=10 s=20/run/cx_4.csv
    wildcards: path=results/synthetic/sbm/exp=1 r=0.5 d=False/cx/e=False p=False l=10 s=20, alg=cx, runs=10
    resources: tmpdir=/var/folders/dj/14c985vd1ng7gf0vvw_ytrpw0000gn/T

[Sun Nov 10 18:26:53 2024]
Finished job 76.
42 of 89 steps (47%) done
Select jobs to execute...
Execute 1 jobs...

[Sun Nov 10 18:26:53 2024]
localrule sbm_pyr:
    input: results/__cythonized__
    output: results/synthetic/sbm/exp=1 r=0.5 d=False/pyr/s=1000 sp=None/run/pyr_8.csv
    jobid: 62
    reason: Missing output files: results/synthetic/sbm/exp=1 r=0.5 d=False/pyr/s=1000 sp=None/run/pyr_8.csv; Input files updated by another job: results/__cythonized__
    wildcards: exp=1, neg_edge_prob=0.5, n_samples=1000, pyr_spec_edge_prob=None, run=8
    resources: tmpdir=/var/folders/dj/14c985vd1ng7gf0vvw_ytrpw0000gn/T

[Sun Nov 10 18:26:53 2024]
Finished job 61.
43 of 89 steps (48%) done
Select jobs to execute...
Execute 1 jobs...

[Sun Nov 10 18:26:53 2024]
localrule sbm_pyr:
    input: results/__cythonized__
    output: results/synthetic/sbm/exp=0 r=0.5 d=False/pyr/s=1000 sp=None/run/pyr_1.csv
    jobid: 43
    reason: Missing output files: results/synthetic/sbm/exp=0 r=0.5 d=False/pyr/s=1000 sp=None/run/pyr_1.csv; Input files updated by another job: results/__cythonized__
    wildcards: exp=0, neg_edge_prob=0.5, n_samples=1000, pyr_spec_edge_prob=None, run=1
    resources: tmpdir=/var/folders/dj/14c985vd1ng7gf0vvw_ytrpw0000gn/T

[Sun Nov 10 18:26:55 2024]
Finished job 77.
44 of 89 steps (49%) done
Select jobs to execute...
Execute 1 jobs...

[Sun Nov 10 18:26:55 2024]
localrule sbm_pyr:
    input: results/__cythonized__
    output: results/synthetic/sbm/exp=1 r=0.5 d=False/pyr/s=1000 sp=None/run/pyr_5.csv
    jobid: 59
    reason: Missing output files: results/synthetic/sbm/exp=1 r=0.5 d=False/pyr/s=1000 sp=None/run/pyr_5.csv; Input files updated by another job: results/__cythonized__
    wildcards: exp=1, neg_edge_prob=0.5, n_samples=1000, pyr_spec_edge_prob=None, run=5
    resources: tmpdir=/var/folders/dj/14c985vd1ng7gf0vvw_ytrpw0000gn/T

[Sun Nov 10 18:26:56 2024]
Finished job 44.
45 of 89 steps (51%) done
Select jobs to execute...
Execute 1 jobs...

[Sun Nov 10 18:26:56 2024]
localrule sbm_pyr:
    input: results/__cythonized__
    output: results/synthetic/sbm/exp=0 r=0.5 d=False/pyr/s=1000 sp=None/run/pyr_0.csv
    jobid: 42
    reason: Missing output files: results/synthetic/sbm/exp=0 r=0.5 d=False/pyr/s=1000 sp=None/run/pyr_0.csv; Input files updated by another job: results/__cythonized__
    wildcards: exp=0, neg_edge_prob=0.5, n_samples=1000, pyr_spec_edge_prob=None, run=0
    resources: tmpdir=/var/folders/dj/14c985vd1ng7gf0vvw_ytrpw0000gn/T

[Sun Nov 10 18:26:56 2024]
Finished job 45.
46 of 89 steps (52%) done
Select jobs to execute...
Execute 1 jobs...

[Sun Nov 10 18:26:57 2024]
localrule sbm_pyr:
    input: results/__cythonized__
    output: results/synthetic/sbm/exp=1 r=0.5 d=False/pyr/s=1000 sp=None/run/pyr_4.csv
    jobid: 58
    reason: Missing output files: results/synthetic/sbm/exp=1 r=0.5 d=False/pyr/s=1000 sp=None/run/pyr_4.csv; Input files updated by another job: results/__cythonized__
    wildcards: exp=1, neg_edge_prob=0.5, n_samples=1000, pyr_spec_edge_prob=None, run=4
    resources: tmpdir=/var/folders/dj/14c985vd1ng7gf0vvw_ytrpw0000gn/T

[Sun Nov 10 18:26:58 2024]
Finished job 17.
47 of 89 steps (53%) done
Select jobs to execute...
Execute 1 jobs...

[Sun Nov 10 18:26:58 2024]
localrule combine_exps:
    input: results/synthetic/er/n=10 p=0.5 r=0.5 d=True/cx/e=False p=False l=10 s=20/run/cx_0.csv, results/synthetic/er/n=10 p=0.5 r=0.5 d=True/cx/e=False p=False l=10 s=20/run/cx_1.csv, results/synthetic/er/n=10 p=0.5 r=0.5 d=True/cx/e=False p=False l=10 s=20/run/cx_2.csv
    output: results/synthetic/er/n=10 p=0.5 r=0.5 d=True/cx/e=False p=False l=10 s=20/cx_2_combined.csv
    jobid: 14
    reason: Missing output files: results/synthetic/er/n=10 p=0.5 r=0.5 d=True/cx/e=False p=False l=10 s=20/cx_2_combined.csv; Input files updated by another job: results/synthetic/er/n=10 p=0.5 r=0.5 d=True/cx/e=False p=False l=10 s=20/run/cx_1.csv, results/synthetic/er/n=10 p=0.5 r=0.5 d=True/cx/e=False p=False l=10 s=20/run/cx_2.csv, results/synthetic/er/n=10 p=0.5 r=0.5 d=True/cx/e=False p=False l=10 s=20/run/cx_0.csv
    wildcards: path=results/synthetic/er/n=10 p=0.5 r=0.5 d=True/cx/e=False p=False l=10 s=20, alg=cx, runs=2
    resources: tmpdir=/var/folders/dj/14c985vd1ng7gf0vvw_ytrpw0000gn/T

[Sun Nov 10 18:26:58 2024]
Finished job 60.
48 of 89 steps (54%) done
Select jobs to execute...
Execute 1 jobs...

[Sun Nov 10 18:26:59 2024]
localrule complete_pyr:
    input: results/__cythonized__
    output: results/synthetic/complete/n=20 r=0.5 d=False/pyr/s=1000 sp=1/run/pyr_2.csv
    jobid: 25
    reason: Missing output files: results/synthetic/complete/n=20 r=0.5 d=False/pyr/s=1000 sp=1/run/pyr_2.csv; Input files updated by another job: results/__cythonized__
    wildcards: n_nodes=20, neg_edge_prob=0.5, n_samples=1000, pyr_spec_edge_prob=1, run=2
    resources: tmpdir=/var/folders/dj/14c985vd1ng7gf0vvw_ytrpw0000gn/T

[Sun Nov 10 18:26:59 2024]
Finished job 43.
49 of 89 steps (55%) done
Select jobs to execute...
Execute 1 jobs...

[Sun Nov 10 18:26:59 2024]
localrule random_pyr:
    input: results/__cythonized__
    output: results/synthetic/random/n=20 m=50 r=0.5 d=False/pyr/s=1000 sp=1/run/pyr_10.csv
    jobid: 40
    reason: Missing output files: results/synthetic/random/n=20 m=50 r=0.5 d=False/pyr/s=1000 sp=1/run/pyr_10.csv; Input files updated by another job: results/__cythonized__
    wildcards: n_nodes=20, n_edges=50, neg_edge_prob=0.5, n_samples=1000, pyr_spec_edge_prob=1, run=10
    resources: tmpdir=/var/folders/dj/14c985vd1ng7gf0vvw_ytrpw0000gn/T

[Sun Nov 10 18:26:59 2024]
Finished job 62.
50 of 89 steps (56%) done
Select jobs to execute...
Execute 1 jobs...

[Sun Nov 10 18:26:59 2024]
localrule sbm_pyr:
    input: results/__cythonized__
    output: results/synthetic/sbm/exp=1 r=0.5 d=False/pyr/s=1000 sp=None/run/pyr_3.csv
    jobid: 57
    reason: Missing output files: results/synthetic/sbm/exp=1 r=0.5 d=False/pyr/s=1000 sp=None/run/pyr_3.csv; Input files updated by another job: results/__cythonized__
    wildcards: exp=1, neg_edge_prob=0.5, n_samples=1000, pyr_spec_edge_prob=None, run=3
    resources: tmpdir=/var/folders/dj/14c985vd1ng7gf0vvw_ytrpw0000gn/T

[Sun Nov 10 18:27:01 2024]
Finished job 14.
51 of 89 steps (57%) done
Select jobs to execute...
Execute 1 jobs...

[Sun Nov 10 18:27:01 2024]
localrule combine_exps:
    input: results/synthetic/random/n=20 m=50 r=0.5 d=False/cx/e=False p=False l=10 s=20/run/cx_0.csv
    output: results/synthetic/random/n=20 m=50 r=0.5 d=False/cx/e=False p=False l=10 s=20/cx_0_combined.csv
    jobid: 26
    reason: Missing output files: results/synthetic/random/n=20 m=50 r=0.5 d=False/cx/e=False p=False l=10 s=20/cx_0_combined.csv; Input files updated by another job: results/synthetic/random/n=20 m=50 r=0.5 d=False/cx/e=False p=False l=10 s=20/run/cx_0.csv
    wildcards: path=results/synthetic/random/n=20 m=50 r=0.5 d=False/cx/e=False p=False l=10 s=20, alg=cx, runs=0
    resources: tmpdir=/var/folders/dj/14c985vd1ng7gf0vvw_ytrpw0000gn/T

[Sun Nov 10 18:27:01 2024]
Finished job 59.
52 of 89 steps (58%) done
Select jobs to execute...
Execute 1 jobs...

[Sun Nov 10 18:27:01 2024]
localrule random_pyr:
    input: results/__cythonized__
    output: results/synthetic/random/n=20 m=50 r=0.5 d=False/pyr/s=1000 sp=1/run/pyr_3.csv
    jobid: 32
    reason: Missing output files: results/synthetic/random/n=20 m=50 r=0.5 d=False/pyr/s=1000 sp=1/run/pyr_3.csv; Input files updated by another job: results/__cythonized__
    wildcards: n_nodes=20, n_edges=50, neg_edge_prob=0.5, n_samples=1000, pyr_spec_edge_prob=1, run=3
    resources: tmpdir=/var/folders/dj/14c985vd1ng7gf0vvw_ytrpw0000gn/T

[Sun Nov 10 18:27:02 2024]
Finished job 42.
53 of 89 steps (60%) done
Select jobs to execute...
Execute 1 jobs...

[Sun Nov 10 18:27:02 2024]
localrule complete_pyr:
    input: results/__cythonized__
    output: results/synthetic/complete/n=20 r=0.5 d=False/pyr/s=1000 sp=1/run/pyr_0.csv
    jobid: 23
    reason: Missing output files: results/synthetic/complete/n=20 r=0.5 d=False/pyr/s=1000 sp=1/run/pyr_0.csv; Input files updated by another job: results/__cythonized__
    wildcards: n_nodes=20, neg_edge_prob=0.5, n_samples=1000, pyr_spec_edge_prob=1, run=0
    resources: tmpdir=/var/folders/dj/14c985vd1ng7gf0vvw_ytrpw0000gn/T

[Sun Nov 10 18:27:03 2024]
Finished job 58.
54 of 89 steps (61%) done
Select jobs to execute...
Execute 1 jobs...

[Sun Nov 10 18:27:03 2024]
localrule random_pyr:
    input: results/__cythonized__
    output: results/synthetic/random/n=20 m=50 r=0.5 d=False/pyr/s=1000 sp=1/run/pyr_9.csv
    jobid: 39
    reason: Missing output files: results/synthetic/random/n=20 m=50 r=0.5 d=False/pyr/s=1000 sp=1/run/pyr_9.csv; Input files updated by another job: results/__cythonized__
    wildcards: n_nodes=20, n_edges=50, neg_edge_prob=0.5, n_samples=1000, pyr_spec_edge_prob=1, run=9
    resources: tmpdir=/var/folders/dj/14c985vd1ng7gf0vvw_ytrpw0000gn/T

[Sun Nov 10 18:27:03 2024]
Finished job 40.
55 of 89 steps (62%) done
Select jobs to execute...
Execute 1 jobs...

[Sun Nov 10 18:27:03 2024]
localrule sbm_pyr:
    input: results/__cythonized__
    output: results/synthetic/sbm/exp=1 r=0.5 d=False/pyr/s=1000 sp=None/run/pyr_2.csv
    jobid: 56
    reason: Missing output files: results/synthetic/sbm/exp=1 r=0.5 d=False/pyr/s=1000 sp=None/run/pyr_2.csv; Input files updated by another job: results/__cythonized__
    wildcards: exp=1, neg_edge_prob=0.5, n_samples=1000, pyr_spec_edge_prob=None, run=2
    resources: tmpdir=/var/folders/dj/14c985vd1ng7gf0vvw_ytrpw0000gn/T

[Sun Nov 10 18:27:04 2024]
Finished job 26.
56 of 89 steps (63%) done
Select jobs to execute...
Execute 1 jobs...

[Sun Nov 10 18:27:04 2024]
localrule random_pyr:
    input: results/__cythonized__
    output: results/synthetic/random/n=20 m=50 r=0.5 d=False/pyr/s=1000 sp=1/run/pyr_8.csv
    jobid: 38
    reason: Missing output files: results/synthetic/random/n=20 m=50 r=0.5 d=False/pyr/s=1000 sp=1/run/pyr_8.csv; Input files updated by another job: results/__cythonized__
    wildcards: n_nodes=20, n_edges=50, neg_edge_prob=0.5, n_samples=1000, pyr_spec_edge_prob=1, run=8
    resources: tmpdir=/var/folders/dj/14c985vd1ng7gf0vvw_ytrpw0000gn/T

[Sun Nov 10 18:27:05 2024]
Finished job 57.
57 of 89 steps (64%) done
Select jobs to execute...
Execute 1 jobs...

[Sun Nov 10 18:27:05 2024]
localrule random_pyr:
    input: results/__cythonized__
    output: results/synthetic/random/n=20 m=50 r=0.5 d=False/pyr/s=1000 sp=1/run/pyr_5.csv
    jobid: 35
    reason: Missing output files: results/synthetic/random/n=20 m=50 r=0.5 d=False/pyr/s=1000 sp=1/run/pyr_5.csv; Input files updated by another job: results/__cythonized__
    wildcards: n_nodes=20, n_edges=50, neg_edge_prob=0.5, n_samples=1000, pyr_spec_edge_prob=1, run=5
    resources: tmpdir=/var/folders/dj/14c985vd1ng7gf0vvw_ytrpw0000gn/T

[Sun Nov 10 18:27:06 2024]
Finished job 32.
58 of 89 steps (65%) done
Select jobs to execute...
Execute 1 jobs...

[Sun Nov 10 18:27:06 2024]
localrule sbm_pyr:
    input: results/__cythonized__
    output: results/synthetic/sbm/exp=0 r=0.5 d=False/pyr/s=1000 sp=None/run/pyr_9.csv
    jobid: 51
    reason: Missing output files: results/synthetic/sbm/exp=0 r=0.5 d=False/pyr/s=1000 sp=None/run/pyr_9.csv; Input files updated by another job: results/__cythonized__
    wildcards: exp=0, neg_edge_prob=0.5, n_samples=1000, pyr_spec_edge_prob=None, run=9
    resources: tmpdir=/var/folders/dj/14c985vd1ng7gf0vvw_ytrpw0000gn/T

[Sun Nov 10 18:27:06 2024]
Finished job 25.
59 of 89 steps (66%) done
Select jobs to execute...
Execute 1 jobs...

[Sun Nov 10 18:27:06 2024]
localrule random_pyr:
    input: results/__cythonized__
    output: results/synthetic/random/n=20 m=50 r=0.5 d=False/pyr/s=1000 sp=1/run/pyr_1.csv
    jobid: 30
    reason: Missing output files: results/synthetic/random/n=20 m=50 r=0.5 d=False/pyr/s=1000 sp=1/run/pyr_1.csv; Input files updated by another job: results/__cythonized__
    wildcards: n_nodes=20, n_edges=50, neg_edge_prob=0.5, n_samples=1000, pyr_spec_edge_prob=1, run=1
    resources: tmpdir=/var/folders/dj/14c985vd1ng7gf0vvw_ytrpw0000gn/T

[Sun Nov 10 18:27:07 2024]
Finished job 39.
60 of 89 steps (67%) done
Select jobs to execute...
Execute 1 jobs...

[Sun Nov 10 18:27:07 2024]
localrule sbm_pyr:
    input: results/__cythonized__
    output: results/synthetic/sbm/exp=0 r=0.5 d=False/pyr/s=1000 sp=None/run/pyr_5.csv
    jobid: 47
    reason: Missing output files: results/synthetic/sbm/exp=0 r=0.5 d=False/pyr/s=1000 sp=None/run/pyr_5.csv; Input files updated by another job: results/__cythonized__
    wildcards: exp=0, neg_edge_prob=0.5, n_samples=1000, pyr_spec_edge_prob=None, run=5
    resources: tmpdir=/var/folders/dj/14c985vd1ng7gf0vvw_ytrpw0000gn/T

[Sun Nov 10 18:27:08 2024]
Finished job 38.
61 of 89 steps (69%) done
Select jobs to execute...
Execute 1 jobs...

[Sun Nov 10 18:27:08 2024]
localrule sbm_pyr:
    input: results/__cythonized__
    output: results/synthetic/sbm/exp=1 r=0.5 d=False/pyr/s=1000 sp=None/run/pyr_9.csv
    jobid: 63
    reason: Missing output files: results/synthetic/sbm/exp=1 r=0.5 d=False/pyr/s=1000 sp=None/run/pyr_9.csv; Input files updated by another job: results/__cythonized__
    wildcards: exp=1, neg_edge_prob=0.5, n_samples=1000, pyr_spec_edge_prob=None, run=9
    resources: tmpdir=/var/folders/dj/14c985vd1ng7gf0vvw_ytrpw0000gn/T

[Sun Nov 10 18:27:09 2024]
Finished job 56.
62 of 89 steps (70%) done
Select jobs to execute...
Execute 1 jobs...

[Sun Nov 10 18:27:09 2024]
localrule sbm_pyr:
    input: results/__cythonized__
    output: results/synthetic/sbm/exp=0 r=0.5 d=False/pyr/s=1000 sp=None/run/pyr_8.csv
    jobid: 50
    reason: Missing output files: results/synthetic/sbm/exp=0 r=0.5 d=False/pyr/s=1000 sp=None/run/pyr_8.csv; Input files updated by another job: results/__cythonized__
    wildcards: exp=0, neg_edge_prob=0.5, n_samples=1000, pyr_spec_edge_prob=None, run=8
    resources: tmpdir=/var/folders/dj/14c985vd1ng7gf0vvw_ytrpw0000gn/T

[Sun Nov 10 18:27:09 2024]
Finished job 23.
63 of 89 steps (71%) done
Select jobs to execute...
Execute 1 jobs...

[Sun Nov 10 18:27:09 2024]
localrule random_pyr:
    input: results/__cythonized__
    output: results/synthetic/random/n=20 m=50 r=0.5 d=False/pyr/s=1000 sp=1/run/pyr_4.csv
    jobid: 34
    reason: Missing output files: results/synthetic/random/n=20 m=50 r=0.5 d=False/pyr/s=1000 sp=1/run/pyr_4.csv; Input files updated by another job: results/__cythonized__
    wildcards: n_nodes=20, n_edges=50, neg_edge_prob=0.5, n_samples=1000, pyr_spec_edge_prob=1, run=4
    resources: tmpdir=/var/folders/dj/14c985vd1ng7gf0vvw_ytrpw0000gn/T

[Sun Nov 10 18:27:10 2024]
Finished job 35.
64 of 89 steps (72%) done
Select jobs to execute...
Execute 1 jobs...

[Sun Nov 10 18:27:10 2024]
localrule sbm_pyr:
    input: results/__cythonized__
    output: results/synthetic/sbm/exp=1 r=0.5 d=False/pyr/s=1000 sp=None/run/pyr_1.csv
    jobid: 55
    reason: Missing output files: results/synthetic/sbm/exp=1 r=0.5 d=False/pyr/s=1000 sp=None/run/pyr_1.csv; Input files updated by another job: results/__cythonized__
    wildcards: exp=1, neg_edge_prob=0.5, n_samples=1000, pyr_spec_edge_prob=None, run=1
    resources: tmpdir=/var/folders/dj/14c985vd1ng7gf0vvw_ytrpw0000gn/T

[Sun Nov 10 18:27:11 2024]
Finished job 51.
65 of 89 steps (73%) done
Select jobs to execute...
Execute 1 jobs...

[Sun Nov 10 18:27:11 2024]
localrule sbm_pyr:
    input: results/__cythonized__
    output: results/synthetic/sbm/exp=1 r=0.5 d=False/pyr/s=1000 sp=None/run/pyr_0.csv
    jobid: 54
    reason: Missing output files: results/synthetic/sbm/exp=1 r=0.5 d=False/pyr/s=1000 sp=None/run/pyr_0.csv; Input files updated by another job: results/__cythonized__
    wildcards: exp=1, neg_edge_prob=0.5, n_samples=1000, pyr_spec_edge_prob=None, run=0
    resources: tmpdir=/var/folders/dj/14c985vd1ng7gf0vvw_ytrpw0000gn/T

[Sun Nov 10 18:27:11 2024]
Finished job 30.
66 of 89 steps (74%) done
Select jobs to execute...
Execute 1 jobs...

[Sun Nov 10 18:27:11 2024]
localrule random_pyr:
    input: results/__cythonized__
    output: results/synthetic/random/n=20 m=50 r=0.5 d=False/pyr/s=1000 sp=1/run/pyr_6.csv
    jobid: 36
    reason: Missing output files: results/synthetic/random/n=20 m=50 r=0.5 d=False/pyr/s=1000 sp=1/run/pyr_6.csv; Input files updated by another job: results/__cythonized__
    wildcards: n_nodes=20, n_edges=50, neg_edge_prob=0.5, n_samples=1000, pyr_spec_edge_prob=1, run=6
    resources: tmpdir=/var/folders/dj/14c985vd1ng7gf0vvw_ytrpw0000gn/T

[Sun Nov 10 18:27:12 2024]
Finished job 47.
67 of 89 steps (75%) done
Select jobs to execute...
Execute 1 jobs...

[Sun Nov 10 18:27:12 2024]
localrule sbm_pyr:
    input: results/__cythonized__
    output: results/synthetic/sbm/exp=1 r=0.5 d=False/pyr/s=1000 sp=None/run/pyr_10.csv
    jobid: 64
    reason: Missing output files: results/synthetic/sbm/exp=1 r=0.5 d=False/pyr/s=1000 sp=None/run/pyr_10.csv; Input files updated by another job: results/__cythonized__
    wildcards: exp=1, neg_edge_prob=0.5, n_samples=1000, pyr_spec_edge_prob=None, run=10
    resources: tmpdir=/var/folders/dj/14c985vd1ng7gf0vvw_ytrpw0000gn/T

[Sun Nov 10 18:27:12 2024]
Finished job 13.
68 of 89 steps (76%) done
Select jobs to execute...
Execute 1 jobs...

[Sun Nov 10 18:27:12 2024]
localrule combine_exps:
    input: results/synthetic/er/n=10 p=0.5 r=0.5 d=False/cx/e=False p=False l=10 s=20/run/cx_0.csv, results/synthetic/er/n=10 p=0.5 r=0.5 d=False/cx/e=False p=False l=10 s=20/run/cx_1.csv, results/synthetic/er/n=10 p=0.5 r=0.5 d=False/cx/e=False p=False l=10 s=20/run/cx_2.csv
    output: results/synthetic/er/n=10 p=0.5 r=0.5 d=False/cx/e=False p=False l=10 s=20/cx_2_combined.csv
    jobid: 10
    reason: Missing output files: results/synthetic/er/n=10 p=0.5 r=0.5 d=False/cx/e=False p=False l=10 s=20/cx_2_combined.csv; Input files updated by another job: results/synthetic/er/n=10 p=0.5 r=0.5 d=False/cx/e=False p=False l=10 s=20/run/cx_0.csv, results/synthetic/er/n=10 p=0.5 r=0.5 d=False/cx/e=False p=False l=10 s=20/run/cx_2.csv, results/synthetic/er/n=10 p=0.5 r=0.5 d=False/cx/e=False p=False l=10 s=20/run/cx_1.csv
    wildcards: path=results/synthetic/er/n=10 p=0.5 r=0.5 d=False/cx/e=False p=False l=10 s=20, alg=cx, runs=2
    resources: tmpdir=/var/folders/dj/14c985vd1ng7gf0vvw_ytrpw0000gn/T

[Sun Nov 10 18:27:14 2024]
Finished job 63.
69 of 89 steps (78%) done
Select jobs to execute...
Execute 1 jobs...

[Sun Nov 10 18:27:14 2024]
localrule sbm_pyr:
    input: results/__cythonized__
    output: results/synthetic/sbm/exp=0 r=0.5 d=False/pyr/s=1000 sp=None/run/pyr_6.csv
    jobid: 48
    reason: Missing output files: results/synthetic/sbm/exp=0 r=0.5 d=False/pyr/s=1000 sp=None/run/pyr_6.csv; Input files updated by another job: results/__cythonized__
    wildcards: exp=0, neg_edge_prob=0.5, n_samples=1000, pyr_spec_edge_prob=None, run=6
    resources: tmpdir=/var/folders/dj/14c985vd1ng7gf0vvw_ytrpw0000gn/T

[Sun Nov 10 18:27:14 2024]
Finished job 50.
70 of 89 steps (79%) done
Select jobs to execute...
Execute 1 jobs...

[Sun Nov 10 18:27:14 2024]
localrule random_pyr:
    input: results/__cythonized__
    output: results/synthetic/random/n=20 m=50 r=0.5 d=False/pyr/s=1000 sp=1/run/pyr_2.csv
    jobid: 31
    reason: Missing output files: results/synthetic/random/n=20 m=50 r=0.5 d=False/pyr/s=1000 sp=1/run/pyr_2.csv; Input files updated by another job: results/__cythonized__
    wildcards: n_nodes=20, n_edges=50, neg_edge_prob=0.5, n_samples=1000, pyr_spec_edge_prob=1, run=2
    resources: tmpdir=/var/folders/dj/14c985vd1ng7gf0vvw_ytrpw0000gn/T

[Sun Nov 10 18:27:14 2024]
Finished job 34.
71 of 89 steps (80%) done
Select jobs to execute...
Execute 1 jobs...

[Sun Nov 10 18:27:14 2024]
localrule combine_exps:
    input: results/synthetic/sbm/exp=0 r=0.5 d=False/cx/e=False p=False l=10 s=20/run/cx_0.csv, results/synthetic/sbm/exp=0 r=0.5 d=False/cx/e=False p=False l=10 s=20/run/cx_1.csv, results/synthetic/sbm/exp=0 r=0.5 d=False/cx/e=False p=False l=10 s=20/run/cx_2.csv, results/synthetic/sbm/exp=0 r=0.5 d=False/cx/e=False p=False l=10 s=20/run/cx_3.csv, results/synthetic/sbm/exp=0 r=0.5 d=False/cx/e=False p=False l=10 s=20/run/cx_4.csv, results/synthetic/sbm/exp=0 r=0.5 d=False/cx/e=False p=False l=10 s=20/run/cx_5.csv, results/synthetic/sbm/exp=0 r=0.5 d=False/cx/e=False p=False l=10 s=20/run/cx_6.csv, results/synthetic/sbm/exp=0 r=0.5 d=False/cx/e=False p=False l=10 s=20/run/cx_7.csv, results/synthetic/sbm/exp=0 r=0.5 d=False/cx/e=False p=False l=10 s=20/run/cx_8.csv, results/synthetic/sbm/exp=0 r=0.5 d=False/cx/e=False p=False l=10 s=20/run/cx_9.csv, results/synthetic/sbm/exp=0 r=0.5 d=False/cx/e=False p=False l=10 s=20/run/cx_10.csv
    output: results/synthetic/sbm/exp=0 r=0.5 d=False/cx/e=False p=False l=10 s=20/cx_10_combined.csv
    jobid: 65
    reason: Missing output files: results/synthetic/sbm/exp=0 r=0.5 d=False/cx/e=False p=False l=10 s=20/cx_10_combined.csv; Input files updated by another job: results/synthetic/sbm/exp=0 r=0.5 d=False/cx/e=False p=False l=10 s=20/run/cx_6.csv, results/synthetic/sbm/exp=0 r=0.5 d=False/cx/e=False p=False l=10 s=20/run/cx_2.csv, results/synthetic/sbm/exp=0 r=0.5 d=False/cx/e=False p=False l=10 s=20/run/cx_3.csv, results/synthetic/sbm/exp=0 r=0.5 d=False/cx/e=False p=False l=10 s=20/run/cx_7.csv, results/synthetic/sbm/exp=0 r=0.5 d=False/cx/e=False p=False l=10 s=20/run/cx_8.csv, results/synthetic/sbm/exp=0 r=0.5 d=False/cx/e=False p=False l=10 s=20/run/cx_1.csv, results/synthetic/sbm/exp=0 r=0.5 d=False/cx/e=False p=False l=10 s=20/run/cx_0.csv, results/synthetic/sbm/exp=0 r=0.5 d=False/cx/e=False p=False l=10 s=20/run/cx_9.csv, results/synthetic/sbm/exp=0 r=0.5 d=False/cx/e=False p=False l=10 s=20/run/cx_10.csv, results/synthetic/sbm/exp=0 r=0.5 d=False/cx/e=False p=False l=10 s=20/run/cx_5.csv, results/synthetic/sbm/exp=0 r=0.5 d=False/cx/e=False p=False l=10 s=20/run/cx_4.csv
    wildcards: path=results/synthetic/sbm/exp=0 r=0.5 d=False/cx/e=False p=False l=10 s=20, alg=cx, runs=10
    resources: tmpdir=/var/folders/dj/14c985vd1ng7gf0vvw_ytrpw0000gn/T

[Sun Nov 10 18:27:15 2024]
Finished job 10.
72 of 89 steps (81%) done
Select jobs to execute...
Execute 1 jobs...

[Sun Nov 10 18:27:15 2024]
localrule sbm_pyr:
    input: results/__cythonized__
    output: results/synthetic/sbm/exp=0 r=0.5 d=False/pyr/s=1000 sp=None/run/pyr_7.csv
    jobid: 49
    reason: Missing output files: results/synthetic/sbm/exp=0 r=0.5 d=False/pyr/s=1000 sp=None/run/pyr_7.csv; Input files updated by another job: results/__cythonized__
    wildcards: exp=0, neg_edge_prob=0.5, n_samples=1000, pyr_spec_edge_prob=None, run=7
    resources: tmpdir=/var/folders/dj/14c985vd1ng7gf0vvw_ytrpw0000gn/T

[Sun Nov 10 18:27:15 2024]
Finished job 55.
73 of 89 steps (82%) done
Select jobs to execute...
Execute 1 jobs...

[Sun Nov 10 18:27:15 2024]
localrule random_pyr:
    input: results/__cythonized__
    output: results/synthetic/random/n=20 m=50 r=0.5 d=False/pyr/s=1000 sp=1/run/pyr_7.csv
    jobid: 37
    reason: Missing output files: results/synthetic/random/n=20 m=50 r=0.5 d=False/pyr/s=1000 sp=1/run/pyr_7.csv; Input files updated by another job: results/__cythonized__
    wildcards: n_nodes=20, n_edges=50, neg_edge_prob=0.5, n_samples=1000, pyr_spec_edge_prob=1, run=7
    resources: tmpdir=/var/folders/dj/14c985vd1ng7gf0vvw_ytrpw0000gn/T

[Sun Nov 10 18:27:15 2024]
Finished job 36.
74 of 89 steps (83%) done
Select jobs to execute...
Execute 1 jobs...

[Sun Nov 10 18:27:15 2024]
localrule sbm_pyr:
    input: results/__cythonized__
    output: results/synthetic/sbm/exp=0 r=0.5 d=False/pyr/s=1000 sp=None/run/pyr_10.csv
    jobid: 52
    reason: Missing output files: results/synthetic/sbm/exp=0 r=0.5 d=False/pyr/s=1000 sp=None/run/pyr_10.csv; Input files updated by another job: results/__cythonized__
    wildcards: exp=0, neg_edge_prob=0.5, n_samples=1000, pyr_spec_edge_prob=None, run=10
    resources: tmpdir=/var/folders/dj/14c985vd1ng7gf0vvw_ytrpw0000gn/T

[Sun Nov 10 18:27:16 2024]
Finished job 54.
75 of 89 steps (84%) done
Select jobs to execute...
Execute 1 jobs...

[Sun Nov 10 18:27:16 2024]
localrule complete_pyr:
    input: results/__cythonized__
    output: results/synthetic/complete/n=20 r=0.5 d=False/pyr/s=1000 sp=1/run/pyr_1.csv
    jobid: 24
    reason: Missing output files: results/synthetic/complete/n=20 r=0.5 d=False/pyr/s=1000 sp=1/run/pyr_1.csv; Input files updated by another job: results/__cythonized__
    wildcards: n_nodes=20, neg_edge_prob=0.5, n_samples=1000, pyr_spec_edge_prob=1, run=1
    resources: tmpdir=/var/folders/dj/14c985vd1ng7gf0vvw_ytrpw0000gn/T

[Sun Nov 10 18:27:16 2024]
Finished job 65.
76 of 89 steps (85%) done
[Sun Nov 10 18:27:17 2024]
Finished job 64.
77 of 89 steps (87%) done
Select jobs to execute...
Execute 1 jobs...

[Sun Nov 10 18:27:17 2024]
localrule combine_exps:
    input: results/synthetic/sbm/exp=1 r=0.5 d=False/pyr/s=1000 sp=None/run/pyr_0.csv, results/synthetic/sbm/exp=1 r=0.5 d=False/pyr/s=1000 sp=None/run/pyr_1.csv, results/synthetic/sbm/exp=1 r=0.5 d=False/pyr/s=1000 sp=None/run/pyr_2.csv, results/synthetic/sbm/exp=1 r=0.5 d=False/pyr/s=1000 sp=None/run/pyr_3.csv, results/synthetic/sbm/exp=1 r=0.5 d=False/pyr/s=1000 sp=None/run/pyr_4.csv, results/synthetic/sbm/exp=1 r=0.5 d=False/pyr/s=1000 sp=None/run/pyr_5.csv, results/synthetic/sbm/exp=1 r=0.5 d=False/pyr/s=1000 sp=None/run/pyr_6.csv, results/synthetic/sbm/exp=1 r=0.5 d=False/pyr/s=1000 sp=None/run/pyr_7.csv, results/synthetic/sbm/exp=1 r=0.5 d=False/pyr/s=1000 sp=None/run/pyr_8.csv, results/synthetic/sbm/exp=1 r=0.5 d=False/pyr/s=1000 sp=None/run/pyr_9.csv, results/synthetic/sbm/exp=1 r=0.5 d=False/pyr/s=1000 sp=None/run/pyr_10.csv
    output: results/synthetic/sbm/exp=1 r=0.5 d=False/pyr/s=1000 sp=None/pyr_10_combined.csv
    jobid: 53
    reason: Missing output files: results/synthetic/sbm/exp=1 r=0.5 d=False/pyr/s=1000 sp=None/pyr_10_combined.csv; Input files updated by another job: results/synthetic/sbm/exp=1 r=0.5 d=False/pyr/s=1000 sp=None/run/pyr_5.csv, results/synthetic/sbm/exp=1 r=0.5 d=False/pyr/s=1000 sp=None/run/pyr_3.csv, results/synthetic/sbm/exp=1 r=0.5 d=False/pyr/s=1000 sp=None/run/pyr_4.csv, results/synthetic/sbm/exp=1 r=0.5 d=False/pyr/s=1000 sp=None/run/pyr_1.csv, results/synthetic/sbm/exp=1 r=0.5 d=False/pyr/s=1000 sp=None/run/pyr_9.csv, results/synthetic/sbm/exp=1 r=0.5 d=False/pyr/s=1000 sp=None/run/pyr_8.csv, results/synthetic/sbm/exp=1 r=0.5 d=False/pyr/s=1000 sp=None/run/pyr_10.csv, results/synthetic/sbm/exp=1 r=0.5 d=False/pyr/s=1000 sp=None/run/pyr_2.csv, results/synthetic/sbm/exp=1 r=0.5 d=False/pyr/s=1000 sp=None/run/pyr_6.csv, results/synthetic/sbm/exp=1 r=0.5 d=False/pyr/s=1000 sp=None/run/pyr_7.csv, results/synthetic/sbm/exp=1 r=0.5 d=False/pyr/s=1000 sp=None/run/pyr_0.csv
    wildcards: path=results/synthetic/sbm/exp=1 r=0.5 d=False/pyr/s=1000 sp=None, alg=pyr, runs=10
    resources: tmpdir=/var/folders/dj/14c985vd1ng7gf0vvw_ytrpw0000gn/T

[Sun Nov 10 18:27:18 2024]
Finished job 48.
78 of 89 steps (88%) done
[Sun Nov 10 18:27:18 2024]
Finished job 31.
79 of 89 steps (89%) done
Select jobs to execute...
Execute 1 jobs...

[Sun Nov 10 18:27:18 2024]
localrule combine_exps:
    input: results/synthetic/random/n=20 m=50 r=0.5 d=False/pyr/s=1000 sp=1/run/pyr_0.csv, results/synthetic/random/n=20 m=50 r=0.5 d=False/pyr/s=1000 sp=1/run/pyr_1.csv, results/synthetic/random/n=20 m=50 r=0.5 d=False/pyr/s=1000 sp=1/run/pyr_2.csv, results/synthetic/random/n=20 m=50 r=0.5 d=False/pyr/s=1000 sp=1/run/pyr_3.csv
    output: results/synthetic/random/n=20 m=50 r=0.5 d=False/pyr/s=1000 sp=1/pyr_3_combined.csv
    jobid: 28
    reason: Missing output files: results/synthetic/random/n=20 m=50 r=0.5 d=False/pyr/s=1000 sp=1/pyr_3_combined.csv; Input files updated by another job: results/synthetic/random/n=20 m=50 r=0.5 d=False/pyr/s=1000 sp=1/run/pyr_0.csv, results/synthetic/random/n=20 m=50 r=0.5 d=False/pyr/s=1000 sp=1/run/pyr_2.csv, results/synthetic/random/n=20 m=50 r=0.5 d=False/pyr/s=1000 sp=1/run/pyr_3.csv, results/synthetic/random/n=20 m=50 r=0.5 d=False/pyr/s=1000 sp=1/run/pyr_1.csv
    wildcards: path=results/synthetic/random/n=20 m=50 r=0.5 d=False/pyr/s=1000 sp=1, alg=pyr, runs=3
    resources: tmpdir=/var/folders/dj/14c985vd1ng7gf0vvw_ytrpw0000gn/T

[Sun Nov 10 18:27:19 2024]
Finished job 49.
80 of 89 steps (90%) done
[Sun Nov 10 18:27:19 2024]
Finished job 37.
81 of 89 steps (91%) done
Select jobs to execute...
Execute 1 jobs...

[Sun Nov 10 18:27:19 2024]
localrule combine_exps:
    input: results/synthetic/random/n=20 m=50 r=0.5 d=False/pyr/s=1000 sp=1/run/pyr_0.csv, results/synthetic/random/n=20 m=50 r=0.5 d=False/pyr/s=1000 sp=1/run/pyr_1.csv, results/synthetic/random/n=20 m=50 r=0.5 d=False/pyr/s=1000 sp=1/run/pyr_2.csv, results/synthetic/random/n=20 m=50 r=0.5 d=False/pyr/s=1000 sp=1/run/pyr_3.csv, results/synthetic/random/n=20 m=50 r=0.5 d=False/pyr/s=1000 sp=1/run/pyr_4.csv, results/synthetic/random/n=20 m=50 r=0.5 d=False/pyr/s=1000 sp=1/run/pyr_5.csv, results/synthetic/random/n=20 m=50 r=0.5 d=False/pyr/s=1000 sp=1/run/pyr_6.csv, results/synthetic/random/n=20 m=50 r=0.5 d=False/pyr/s=1000 sp=1/run/pyr_7.csv, results/synthetic/random/n=20 m=50 r=0.5 d=False/pyr/s=1000 sp=1/run/pyr_8.csv, results/synthetic/random/n=20 m=50 r=0.5 d=False/pyr/s=1000 sp=1/run/pyr_9.csv, results/synthetic/random/n=20 m=50 r=0.5 d=False/pyr/s=1000 sp=1/run/pyr_10.csv
    output: results/synthetic/random/n=20 m=50 r=0.5 d=False/pyr/s=1000 sp=1/pyr_10_combined.csv
    jobid: 33
    reason: Missing output files: results/synthetic/random/n=20 m=50 r=0.5 d=False/pyr/s=1000 sp=1/pyr_10_combined.csv; Input files updated by another job: results/synthetic/random/n=20 m=50 r=0.5 d=False/pyr/s=1000 sp=1/run/pyr_6.csv, results/synthetic/random/n=20 m=50 r=0.5 d=False/pyr/s=1000 sp=1/run/pyr_8.csv, results/synthetic/random/n=20 m=50 r=0.5 d=False/pyr/s=1000 sp=1/run/pyr_0.csv, results/synthetic/random/n=20 m=50 r=0.5 d=False/pyr/s=1000 sp=1/run/pyr_2.csv, results/synthetic/random/n=20 m=50 r=0.5 d=False/pyr/s=1000 sp=1/run/pyr_1.csv, results/synthetic/random/n=20 m=50 r=0.5 d=False/pyr/s=1000 sp=1/run/pyr_3.csv, results/synthetic/random/n=20 m=50 r=0.5 d=False/pyr/s=1000 sp=1/run/pyr_4.csv, results/synthetic/random/n=20 m=50 r=0.5 d=False/pyr/s=1000 sp=1/run/pyr_5.csv, results/synthetic/random/n=20 m=50 r=0.5 d=False/pyr/s=1000 sp=1/run/pyr_9.csv, results/synthetic/random/n=20 m=50 r=0.5 d=False/pyr/s=1000 sp=1/run/pyr_10.csv, results/synthetic/random/n=20 m=50 r=0.5 d=False/pyr/s=1000 sp=1/run/pyr_7.csv; Code has changed since last execution
    wildcards: path=results/synthetic/random/n=20 m=50 r=0.5 d=False/pyr/s=1000 sp=1, alg=pyr, runs=10
    resources: tmpdir=/var/folders/dj/14c985vd1ng7gf0vvw_ytrpw0000gn/T

[Sun Nov 10 18:27:19 2024]
Finished job 52.
82 of 89 steps (92%) done
Select jobs to execute...
Execute 1 jobs...

[Sun Nov 10 18:27:19 2024]
localrule combine_exps:
    input: results/synthetic/sbm/exp=0 r=0.5 d=False/pyr/s=1000 sp=None/run/pyr_0.csv, results/synthetic/sbm/exp=0 r=0.5 d=False/pyr/s=1000 sp=None/run/pyr_1.csv, results/synthetic/sbm/exp=0 r=0.5 d=False/pyr/s=1000 sp=None/run/pyr_2.csv, results/synthetic/sbm/exp=0 r=0.5 d=False/pyr/s=1000 sp=None/run/pyr_3.csv, results/synthetic/sbm/exp=0 r=0.5 d=False/pyr/s=1000 sp=None/run/pyr_4.csv, results/synthetic/sbm/exp=0 r=0.5 d=False/pyr/s=1000 sp=None/run/pyr_5.csv, results/synthetic/sbm/exp=0 r=0.5 d=False/pyr/s=1000 sp=None/run/pyr_6.csv, results/synthetic/sbm/exp=0 r=0.5 d=False/pyr/s=1000 sp=None/run/pyr_7.csv, results/synthetic/sbm/exp=0 r=0.5 d=False/pyr/s=1000 sp=None/run/pyr_8.csv, results/synthetic/sbm/exp=0 r=0.5 d=False/pyr/s=1000 sp=None/run/pyr_9.csv, results/synthetic/sbm/exp=0 r=0.5 d=False/pyr/s=1000 sp=None/run/pyr_10.csv
    output: results/synthetic/sbm/exp=0 r=0.5 d=False/pyr/s=1000 sp=None/pyr_10_combined.csv
    jobid: 41
    reason: Missing output files: results/synthetic/sbm/exp=0 r=0.5 d=False/pyr/s=1000 sp=None/pyr_10_combined.csv; Input files updated by another job: results/synthetic/sbm/exp=0 r=0.5 d=False/pyr/s=1000 sp=None/run/pyr_3.csv, results/synthetic/sbm/exp=0 r=0.5 d=False/pyr/s=1000 sp=None/run/pyr_6.csv, results/synthetic/sbm/exp=0 r=0.5 d=False/pyr/s=1000 sp=None/run/pyr_1.csv, results/synthetic/sbm/exp=0 r=0.5 d=False/pyr/s=1000 sp=None/run/pyr_4.csv, results/synthetic/sbm/exp=0 r=0.5 d=False/pyr/s=1000 sp=None/run/pyr_7.csv, results/synthetic/sbm/exp=0 r=0.5 d=False/pyr/s=1000 sp=None/run/pyr_5.csv, results/synthetic/sbm/exp=0 r=0.5 d=False/pyr/s=1000 sp=None/run/pyr_9.csv, results/synthetic/sbm/exp=0 r=0.5 d=False/pyr/s=1000 sp=None/run/pyr_2.csv, results/synthetic/sbm/exp=0 r=0.5 d=False/pyr/s=1000 sp=None/run/pyr_8.csv, results/synthetic/sbm/exp=0 r=0.5 d=False/pyr/s=1000 sp=None/run/pyr_10.csv, results/synthetic/sbm/exp=0 r=0.5 d=False/pyr/s=1000 sp=None/run/pyr_0.csv; Code has changed since last execution
    wildcards: path=results/synthetic/sbm/exp=0 r=0.5 d=False/pyr/s=1000 sp=None, alg=pyr, runs=10
    resources: tmpdir=/var/folders/dj/14c985vd1ng7gf0vvw_ytrpw0000gn/T

[Sun Nov 10 18:27:20 2024]
Finished job 53.
83 of 89 steps (93%) done
[Sun Nov 10 18:27:20 2024]
Finished job 28.
84 of 89 steps (94%) done
[Sun Nov 10 18:27:21 2024]
Finished job 33.
85 of 89 steps (96%) done
[Sun Nov 10 18:27:21 2024]
Finished job 41.
86 of 89 steps (97%) done
[Sun Nov 10 18:27:22 2024]
Finished job 24.
87 of 89 steps (98%) done
Select jobs to execute...
Execute 1 jobs...

[Sun Nov 10 18:27:22 2024]
localrule combine_exps:
    input: results/synthetic/complete/n=20 r=0.5 d=False/pyr/s=1000 sp=1/run/pyr_0.csv, results/synthetic/complete/n=20 r=0.5 d=False/pyr/s=1000 sp=1/run/pyr_1.csv, results/synthetic/complete/n=20 r=0.5 d=False/pyr/s=1000 sp=1/run/pyr_2.csv
    output: results/synthetic/complete/n=20 r=0.5 d=False/pyr/s=1000 sp=1/pyr_2_combined.csv
    jobid: 22
    reason: Missing output files: results/synthetic/complete/n=20 r=0.5 d=False/pyr/s=1000 sp=1/pyr_2_combined.csv; Input files updated by another job: results/synthetic/complete/n=20 r=0.5 d=False/pyr/s=1000 sp=1/run/pyr_0.csv, results/synthetic/complete/n=20 r=0.5 d=False/pyr/s=1000 sp=1/run/pyr_2.csv, results/synthetic/complete/n=20 r=0.5 d=False/pyr/s=1000 sp=1/run/pyr_1.csv
    wildcards: path=results/synthetic/complete/n=20 r=0.5 d=False/pyr/s=1000 sp=1, alg=pyr, runs=2
    resources: tmpdir=/var/folders/dj/14c985vd1ng7gf0vvw_ytrpw0000gn/T

[Sun Nov 10 18:27:23 2024]
Finished job 22.
88 of 89 steps (99%) done
Select jobs to execute...
Execute 1 jobs...

[Sun Nov 10 18:27:23 2024]
localrule all:
    input: results/__cythonized__, results/synthetic/er/n=10 p=0.5 r=0.5 d=False/cx/e=True p=False l=10 s=1/cx_2_combined.csv, results/synthetic/er/n=10 p=0.5 r=0.5 d=True/cx/e=True p=False l=10 s=1/cx_2_combined.csv, results/synthetic/er/n=10 p=0.5 r=0.5 d=False/cx/e=False p=False l=10 s=20/cx_2_combined.csv, results/synthetic/er/n=10 p=0.5 r=0.5 d=True/cx/e=False p=False l=10 s=20/cx_2_combined.csv, results/synthetic/complete/n=20 r=0.5 d=False/cx/e=False p=False l=10 s=20/cx_2_combined.csv, results/synthetic/complete/n=20 r=0.5 d=False/pyr/s=1000 sp=1/pyr_2_combined.csv, results/synthetic/random/n=20 m=50 r=0.5 d=False/cx/e=False p=False l=10 s=20/cx_0_combined.csv, results/synthetic/random/n=20 m=50 r=0.5 d=False/pyr/s=1000 sp=1/pyr_3_combined.csv, results/synthetic/random/n=20 m=50 r=0.5 d=False/pyr/s=1000 sp=1/pyr_10_combined.csv, results/synthetic/random/n=20 m=50 r=0.5 d=False/pyr/s=1000 sp=1/pyr_10_combined.csv, results/synthetic/sbm/exp=0 r=0.5 d=False/pyr/s=1000 sp=None/pyr_10_combined.csv, results/synthetic/sbm/exp=1 r=0.5 d=False/pyr/s=1000 sp=None/pyr_10_combined.csv, results/synthetic/sbm/exp=0 r=0.5 d=False/cx/e=False p=False l=10 s=20/cx_10_combined.csv, results/synthetic/sbm/exp=1 r=0.5 d=False/cx/e=False p=False l=10 s=20/cx_10_combined.csv
    jobid: 0
    reason: Input files updated by another job: results/synthetic/random/n=20 m=50 r=0.5 d=False/pyr/s=1000 sp=1/pyr_3_combined.csv, results/synthetic/sbm/exp=1 r=0.5 d=False/pyr/s=1000 sp=None/pyr_10_combined.csv, results/__cythonized__, results/synthetic/complete/n=20 r=0.5 d=False/cx/e=False p=False l=10 s=20/cx_2_combined.csv, results/synthetic/er/n=10 p=0.5 r=0.5 d=True/cx/e=False p=False l=10 s=20/cx_2_combined.csv, results/synthetic/er/n=10 p=0.5 r=0.5 d=True/cx/e=True p=False l=10 s=1/cx_2_combined.csv, results/synthetic/sbm/exp=0 r=0.5 d=False/pyr/s=1000 sp=None/pyr_10_combined.csv, results/synthetic/random/n=20 m=50 r=0.5 d=False/pyr/s=1000 sp=1/pyr_10_combined.csv, results/synthetic/complete/n=20 r=0.5 d=False/pyr/s=1000 sp=1/pyr_2_combined.csv, results/synthetic/random/n=20 m=50 r=0.5 d=False/cx/e=False p=False l=10 s=20/cx_0_combined.csv, results/synthetic/sbm/exp=1 r=0.5 d=False/cx/e=False p=False l=10 s=20/cx_10_combined.csv, results/synthetic/er/n=10 p=0.5 r=0.5 d=False/cx/e=False p=False l=10 s=20/cx_2_combined.csv, results/synthetic/er/n=10 p=0.5 r=0.5 d=False/cx/e=True p=False l=10 s=1/cx_2_combined.csv, results/synthetic/sbm/exp=0 r=0.5 d=False/cx/e=False p=False l=10 s=20/cx_10_combined.csv
    resources: tmpdir=/var/folders/dj/14c985vd1ng7gf0vvw_ytrpw0000gn/T

[Sun Nov 10 18:27:23 2024]
Finished job 0.
89 of 89 steps (100%) done
Complete log: .snakemake/log/2024-11-10T182527.726377.snakemake.log
