host: fredduuxd
Building DAG of jobs...
Provided cores: 16
Rules claiming more threads will be scaled down.
Job stats:
job             count
------------  -------
all                 1
combine_exps       13
complete_cx         3
complete_pyr        3
cythonize           1
er_cx              12
random_cx           1
random_pyr         11
sbm_cx             22
sbm_pyr            22
total              89

Select jobs to execute...
Execute 16 jobs...

[Mon Nov 11 01:49:41 2024]
localrule er_cx:
    output: results/synthetic/er/n=10 p=0.5 r=0.5 d=True/cx/e=True p=False l=10 s=1/run/cx_2.csv
    jobid: 9
    reason: Missing output files: results/synthetic/er/n=10 p=0.5 r=0.5 d=True/cx/e=True p=False l=10 s=1/run/cx_2.csv
    wildcards: n_nodes=10, prob_p=0.5, neg_edge_prob=0.5, directed=True, exact=True, parallel=False, max_length=10, n_samples=1, run=2
    resources: tmpdir=C:\Users\FREDDU~1\AppData\Local\Temp

[Mon Nov 11 01:49:41 2024]
localrule sbm_cx:
    output: results/synthetic/sbm/exp=0 r=0.5 d=False/cx/e=False p=False l=10 s=20/run/cx_7.csv
    jobid: 73
    reason: Missing output files: results/synthetic/sbm/exp=0 r=0.5 d=False/cx/e=False p=False l=10 s=20/run/cx_7.csv
    wildcards: exp=0, neg_edge_prob=0.5, directed=False, exact=False, parallel=False, max_length=10, n_samples=20, run=7
    resources: tmpdir=C:\Users\FREDDU~1\AppData\Local\Temp

[Mon Nov 11 01:49:41 2024]
localrule er_cx:
    output: results/synthetic/er/n=10 p=0.5 r=0.5 d=False/cx/e=True p=False l=10 s=1/run/cx_0.csv
    jobid: 3
    reason: Missing output files: results/synthetic/er/n=10 p=0.5 r=0.5 d=False/cx/e=True p=False l=10 s=1/run/cx_0.csv
    wildcards: n_nodes=10, prob_p=0.5, neg_edge_prob=0.5, directed=False, exact=True, parallel=False, max_length=10, n_samples=1, run=0
    resources: tmpdir=C:\Users\FREDDU~1\AppData\Local\Temp

[Mon Nov 11 01:49:41 2024]
localrule er_cx:
    output: results/synthetic/er/n=10 p=0.5 r=0.5 d=True/cx/e=False p=False l=10 s=20/run/cx_1.csv
    jobid: 16
    reason: Missing output files: results/synthetic/er/n=10 p=0.5 r=0.5 d=True/cx/e=False p=False l=10 s=20/run/cx_1.csv
    wildcards: n_nodes=10, prob_p=0.5, neg_edge_prob=0.5, directed=True, exact=False, parallel=False, max_length=10, n_samples=20, run=1
    resources: tmpdir=C:\Users\FREDDU~1\AppData\Local\Temp

[Mon Nov 11 01:49:41 2024]
localrule sbm_cx:
    output: results/synthetic/sbm/exp=0 r=0.5 d=False/cx/e=False p=False l=10 s=20/run/cx_2.csv
    jobid: 68
    reason: Missing output files: results/synthetic/sbm/exp=0 r=0.5 d=False/cx/e=False p=False l=10 s=20/run/cx_2.csv
    wildcards: exp=0, neg_edge_prob=0.5, directed=False, exact=False, parallel=False, max_length=10, n_samples=20, run=2
    resources: tmpdir=C:\Users\FREDDU~1\AppData\Local\Temp

[Mon Nov 11 01:49:41 2024]
localrule sbm_cx:
    output: results/synthetic/sbm/exp=1 r=0.5 d=False/cx/e=False p=False l=10 s=20/run/cx_1.csv
    jobid: 79
    reason: Missing output files: results/synthetic/sbm/exp=1 r=0.5 d=False/cx/e=False p=False l=10 s=20/run/cx_1.csv
    wildcards: exp=1, neg_edge_prob=0.5, directed=False, exact=False, parallel=False, max_length=10, n_samples=20, run=1
    resources: tmpdir=C:\Users\FREDDU~1\AppData\Local\Temp

[Mon Nov 11 01:49:41 2024]
localrule sbm_cx:
    output: results/synthetic/sbm/exp=1 r=0.5 d=False/cx/e=False p=False l=10 s=20/run/cx_6.csv
    jobid: 84
    reason: Missing output files: results/synthetic/sbm/exp=1 r=0.5 d=False/cx/e=False p=False l=10 s=20/run/cx_6.csv
    wildcards: exp=1, neg_edge_prob=0.5, directed=False, exact=False, parallel=False, max_length=10, n_samples=20, run=6
    resources: tmpdir=C:\Users\FREDDU~1\AppData\Local\Temp

[Mon Nov 11 01:49:41 2024]
localrule er_cx:
    output: results/synthetic/er/n=10 p=0.5 r=0.5 d=False/cx/e=True p=False l=10 s=1/run/cx_1.csv
    jobid: 4
    reason: Missing output files: results/synthetic/er/n=10 p=0.5 r=0.5 d=False/cx/e=True p=False l=10 s=1/run/cx_1.csv
    wildcards: n_nodes=10, prob_p=0.5, neg_edge_prob=0.5, directed=False, exact=True, parallel=False, max_length=10, n_samples=1, run=1
    resources: tmpdir=C:\Users\FREDDU~1\AppData\Local\Temp

[Mon Nov 11 01:49:41 2024]
localrule er_cx:
    output: results/synthetic/er/n=10 p=0.5 r=0.5 d=True/cx/e=False p=False l=10 s=20/run/cx_2.csv
    jobid: 17
    reason: Missing output files: results/synthetic/er/n=10 p=0.5 r=0.5 d=True/cx/e=False p=False l=10 s=20/run/cx_2.csv
    wildcards: n_nodes=10, prob_p=0.5, neg_edge_prob=0.5, directed=True, exact=False, parallel=False, max_length=10, n_samples=20, run=2
    resources: tmpdir=C:\Users\FREDDU~1\AppData\Local\Temp

[Mon Nov 11 01:49:41 2024]
localrule sbm_cx:
    output: results/synthetic/sbm/exp=0 r=0.5 d=False/cx/e=False p=False l=10 s=20/run/cx_3.csv
    jobid: 69
    reason: Missing output files: results/synthetic/sbm/exp=0 r=0.5 d=False/cx/e=False p=False l=10 s=20/run/cx_3.csv
    wildcards: exp=0, neg_edge_prob=0.5, directed=False, exact=False, parallel=False, max_length=10, n_samples=20, run=3
    resources: tmpdir=C:\Users\FREDDU~1\AppData\Local\Temp

[Mon Nov 11 01:49:41 2024]
localrule er_cx:
    output: results/synthetic/er/n=10 p=0.5 r=0.5 d=False/cx/e=False p=False l=10 s=20/run/cx_0.csv
    jobid: 11
    reason: Missing output files: results/synthetic/er/n=10 p=0.5 r=0.5 d=False/cx/e=False p=False l=10 s=20/run/cx_0.csv
    wildcards: n_nodes=10, prob_p=0.5, neg_edge_prob=0.5, directed=False, exact=False, parallel=False, max_length=10, n_samples=20, run=0
    resources: tmpdir=C:\Users\FREDDU~1\AppData\Local\Temp

[Mon Nov 11 01:49:41 2024]
localrule sbm_cx:
    output: results/synthetic/sbm/exp=0 r=0.5 d=False/cx/e=False p=False l=10 s=20/run/cx_8.csv
    jobid: 74
    reason: Missing output files: results/synthetic/sbm/exp=0 r=0.5 d=False/cx/e=False p=False l=10 s=20/run/cx_8.csv
    wildcards: exp=0, neg_edge_prob=0.5, directed=False, exact=False, parallel=False, max_length=10, n_samples=20, run=8
    resources: tmpdir=C:\Users\FREDDU~1\AppData\Local\Temp

[Mon Nov 11 01:49:41 2024]
localrule sbm_cx:
    output: results/synthetic/sbm/exp=1 r=0.5 d=False/cx/e=False p=False l=10 s=20/run/cx_2.csv
    jobid: 80
    reason: Missing output files: results/synthetic/sbm/exp=1 r=0.5 d=False/cx/e=False p=False l=10 s=20/run/cx_2.csv
    wildcards: exp=1, neg_edge_prob=0.5, directed=False, exact=False, parallel=False, max_length=10, n_samples=20, run=2
    resources: tmpdir=C:\Users\FREDDU~1\AppData\Local\Temp

[Mon Nov 11 01:49:41 2024]
localrule sbm_cx:
    output: results/synthetic/sbm/exp=1 r=0.5 d=False/cx/e=False p=False l=10 s=20/run/cx_7.csv
    jobid: 85
    reason: Missing output files: results/synthetic/sbm/exp=1 r=0.5 d=False/cx/e=False p=False l=10 s=20/run/cx_7.csv
    wildcards: exp=1, neg_edge_prob=0.5, directed=False, exact=False, parallel=False, max_length=10, n_samples=20, run=7
    resources: tmpdir=C:\Users\FREDDU~1\AppData\Local\Temp

[Mon Nov 11 01:49:41 2024]
localrule random_cx:
    output: results/synthetic/random/n=20 m=50 r=0.5 d=False/cx/e=False p=False l=10 s=20/run/cx_0.csv
    jobid: 27
    reason: Missing output files: results/synthetic/random/n=20 m=50 r=0.5 d=False/cx/e=False p=False l=10 s=20/run/cx_0.csv
    wildcards: n_nodes=20, n_edges=50, neg_edge_prob=0.5, directed=False, exact=False, parallel=False, max_length=10, n_samples=20, run=0
    resources: tmpdir=C:\Users\FREDDU~1\AppData\Local\Temp

[Mon Nov 11 01:49:41 2024]
localrule cythonize:
    input: src/py_raccoon/balance_sampling.pyx, src/py_raccoon/balance_spanning_trees.pyx
    output: results/__cythonized__
    jobid: 1
    reason: Missing output files: results/__cythonized__
    resources: tmpdir=C:\Users\FREDDU~1\AppData\Local\Temp

[Mon Nov 11 01:49:43 2024]
Finished job 1.
1 of 89 steps (1%) done
Select jobs to execute...
Execute 1 jobs...

[Mon Nov 11 01:49:43 2024]
localrule sbm_pyr:
    input: results/__cythonized__
    output: results/synthetic/sbm/exp=1 r=0.5 d=False/pyr/s=1000 sp=None/run/pyr_7.csv
    jobid: 61
    reason: Missing output files: results/synthetic/sbm/exp=1 r=0.5 d=False/pyr/s=1000 sp=None/run/pyr_7.csv; Input files updated by another job: results/__cythonized__
    wildcards: exp=1, neg_edge_prob=0.5, n_samples=1000, pyr_spec_edge_prob=None, run=7
    resources: tmpdir=C:\Users\FREDDU~1\AppData\Local\Temp

[Mon Nov 11 01:49:44 2024]
Finished job 3.
2 of 89 steps (2%) done
Select jobs to execute...
Execute 1 jobs...

[Mon Nov 11 01:49:44 2024]
localrule sbm_pyr:
    input: results/__cythonized__
    output: results/synthetic/sbm/exp=0 r=0.5 d=False/pyr/s=1000 sp=None/run/pyr_3.csv
    jobid: 45
    reason: Missing output files: results/synthetic/sbm/exp=0 r=0.5 d=False/pyr/s=1000 sp=None/run/pyr_3.csv; Input files updated by another job: results/__cythonized__
    wildcards: exp=0, neg_edge_prob=0.5, n_samples=1000, pyr_spec_edge_prob=None, run=3
    resources: tmpdir=C:\Users\FREDDU~1\AppData\Local\Temp

[Mon Nov 11 01:49:44 2024]
Finished job 4.
3 of 89 steps (3%) done
Select jobs to execute...
Execute 1 jobs...

[Mon Nov 11 01:49:44 2024]
localrule sbm_pyr:
    input: results/__cythonized__
    output: results/synthetic/sbm/exp=0 r=0.5 d=False/pyr/s=1000 sp=None/run/pyr_2.csv
    jobid: 44
    reason: Missing output files: results/synthetic/sbm/exp=0 r=0.5 d=False/pyr/s=1000 sp=None/run/pyr_2.csv; Input files updated by another job: results/__cythonized__
    wildcards: exp=0, neg_edge_prob=0.5, n_samples=1000, pyr_spec_edge_prob=None, run=2
    resources: tmpdir=C:\Users\FREDDU~1\AppData\Local\Temp

[Mon Nov 11 01:49:44 2024]
Finished job 9.
4 of 89 steps (4%) done
Select jobs to execute...
Execute 1 jobs...

[Mon Nov 11 01:49:44 2024]
localrule sbm_pyr:
    input: results/__cythonized__
    output: results/synthetic/sbm/exp=1 r=0.5 d=False/pyr/s=1000 sp=None/run/pyr_6.csv
    jobid: 60
    reason: Missing output files: results/synthetic/sbm/exp=1 r=0.5 d=False/pyr/s=1000 sp=None/run/pyr_6.csv; Input files updated by another job: results/__cythonized__
    wildcards: exp=1, neg_edge_prob=0.5, n_samples=1000, pyr_spec_edge_prob=None, run=6
    resources: tmpdir=C:\Users\FREDDU~1\AppData\Local\Temp

[Mon Nov 11 01:49:47 2024]
Finished job 61.
5 of 89 steps (6%) done
Select jobs to execute...
Execute 1 jobs...

[Mon Nov 11 01:49:47 2024]
localrule sbm_pyr:
    input: results/__cythonized__
    output: results/synthetic/sbm/exp=0 r=0.5 d=False/pyr/s=1000 sp=None/run/pyr_1.csv
    jobid: 43
    reason: Missing output files: results/synthetic/sbm/exp=0 r=0.5 d=False/pyr/s=1000 sp=None/run/pyr_1.csv; Input files updated by another job: results/__cythonized__
    wildcards: exp=0, neg_edge_prob=0.5, n_samples=1000, pyr_spec_edge_prob=None, run=1
    resources: tmpdir=C:\Users\FREDDU~1\AppData\Local\Temp

[Mon Nov 11 01:49:47 2024]
Finished job 27.
6 of 89 steps (7%) done
Select jobs to execute...
Execute 1 jobs...

[Mon Nov 11 01:49:47 2024]
localrule combine_exps:
    input: results/synthetic/random/n=20 m=50 r=0.5 d=False/cx/e=False p=False l=10 s=20/run/cx_0.csv
    output: results/synthetic/random/n=20 m=50 r=0.5 d=False/cx/e=False p=False l=10 s=20/cx_0_combined.csv
    jobid: 26
    reason: Missing output files: results/synthetic/random/n=20 m=50 r=0.5 d=False/cx/e=False p=False l=10 s=20/cx_0_combined.csv; Input files updated by another job: results/synthetic/random/n=20 m=50 r=0.5 d=False/cx/e=False p=False l=10 s=20/run/cx_0.csv
    wildcards: path=results/synthetic/random/n=20 m=50 r=0.5 d=False/cx/e=False p=False l=10 s=20, alg=cx, runs=0
    resources: tmpdir=C:\Users\FREDDU~1\AppData\Local\Temp

[Mon Nov 11 01:49:47 2024]
Finished job 26.
7 of 89 steps (8%) done
Select jobs to execute...
Execute 1 jobs...

[Mon Nov 11 01:49:47 2024]
localrule sbm_pyr:
    input: results/__cythonized__
    output: results/synthetic/sbm/exp=1 r=0.5 d=False/pyr/s=1000 sp=None/run/pyr_5.csv
    jobid: 59
    reason: Missing output files: results/synthetic/sbm/exp=1 r=0.5 d=False/pyr/s=1000 sp=None/run/pyr_5.csv; Input files updated by another job: results/__cythonized__
    wildcards: exp=1, neg_edge_prob=0.5, n_samples=1000, pyr_spec_edge_prob=None, run=5
    resources: tmpdir=C:\Users\FREDDU~1\AppData\Local\Temp

[Mon Nov 11 01:49:47 2024]
Finished job 45.
8 of 89 steps (9%) done
Select jobs to execute...
Execute 1 jobs...

[Mon Nov 11 01:49:47 2024]
localrule sbm_pyr:
    input: results/__cythonized__
    output: results/synthetic/sbm/exp=0 r=0.5 d=False/pyr/s=1000 sp=None/run/pyr_0.csv
    jobid: 42
    reason: Missing output files: results/synthetic/sbm/exp=0 r=0.5 d=False/pyr/s=1000 sp=None/run/pyr_0.csv; Input files updated by another job: results/__cythonized__
    wildcards: exp=0, neg_edge_prob=0.5, n_samples=1000, pyr_spec_edge_prob=None, run=0
    resources: tmpdir=C:\Users\FREDDU~1\AppData\Local\Temp

[Mon Nov 11 01:49:47 2024]
Finished job 44.
9 of 89 steps (10%) done
Select jobs to execute...
Execute 1 jobs...

[Mon Nov 11 01:49:47 2024]
localrule sbm_pyr:
    input: results/__cythonized__
    output: results/synthetic/sbm/exp=1 r=0.5 d=False/pyr/s=1000 sp=None/run/pyr_4.csv
    jobid: 58
    reason: Missing output files: results/synthetic/sbm/exp=1 r=0.5 d=False/pyr/s=1000 sp=None/run/pyr_4.csv; Input files updated by another job: results/__cythonized__
    wildcards: exp=1, neg_edge_prob=0.5, n_samples=1000, pyr_spec_edge_prob=None, run=4
    resources: tmpdir=C:\Users\FREDDU~1\AppData\Local\Temp

[Mon Nov 11 01:49:48 2024]
Finished job 73.
10 of 89 steps (11%) done
Select jobs to execute...
Execute 1 jobs...

[Mon Nov 11 01:49:48 2024]
localrule complete_pyr:
    input: results/__cythonized__
    output: results/synthetic/complete/n=20 r=0.5 d=False/pyr/s=1000 sp=1/run/pyr_2.csv
    jobid: 25
    reason: Missing output files: results/synthetic/complete/n=20 r=0.5 d=False/pyr/s=1000 sp=1/run/pyr_2.csv; Input files updated by another job: results/__cythonized__
    wildcards: n_nodes=20, neg_edge_prob=0.5, n_samples=1000, pyr_spec_edge_prob=1, run=2
    resources: tmpdir=C:\Users\FREDDU~1\AppData\Local\Temp

[Mon Nov 11 01:49:48 2024]
Finished job 60.
11 of 89 steps (12%) done
Select jobs to execute...
Execute 1 jobs...

[Mon Nov 11 01:49:48 2024]
localrule random_pyr:
    input: results/__cythonized__
    output: results/synthetic/random/n=20 m=50 r=0.5 d=False/pyr/s=1000 sp=1/run/pyr_10.csv
    jobid: 40
    reason: Missing output files: results/synthetic/random/n=20 m=50 r=0.5 d=False/pyr/s=1000 sp=1/run/pyr_10.csv; Input files updated by another job: results/__cythonized__
    wildcards: n_nodes=20, n_edges=50, neg_edge_prob=0.5, n_samples=1000, pyr_spec_edge_prob=1, run=10
    resources: tmpdir=C:\Users\FREDDU~1\AppData\Local\Temp

[Mon Nov 11 01:49:48 2024]
Finished job 68.
12 of 89 steps (13%) done
Select jobs to execute...
Execute 1 jobs...

[Mon Nov 11 01:49:48 2024]
localrule sbm_pyr:
    input: results/__cythonized__
    output: results/synthetic/sbm/exp=1 r=0.5 d=False/pyr/s=1000 sp=None/run/pyr_3.csv
    jobid: 57
    reason: Missing output files: results/synthetic/sbm/exp=1 r=0.5 d=False/pyr/s=1000 sp=None/run/pyr_3.csv; Input files updated by another job: results/__cythonized__
    wildcards: exp=1, neg_edge_prob=0.5, n_samples=1000, pyr_spec_edge_prob=None, run=3
    resources: tmpdir=C:\Users\FREDDU~1\AppData\Local\Temp

[Mon Nov 11 01:49:49 2024]
Finished job 74.
13 of 89 steps (15%) done
Select jobs to execute...
Execute 1 jobs...

[Mon Nov 11 01:49:49 2024]
localrule complete_pyr:
    input: results/__cythonized__
    output: results/synthetic/complete/n=20 r=0.5 d=False/pyr/s=1000 sp=1/run/pyr_1.csv
    jobid: 24
    reason: Missing output files: results/synthetic/complete/n=20 r=0.5 d=False/pyr/s=1000 sp=1/run/pyr_1.csv; Input files updated by another job: results/__cythonized__
    wildcards: n_nodes=20, neg_edge_prob=0.5, n_samples=1000, pyr_spec_edge_prob=1, run=1
    resources: tmpdir=C:\Users\FREDDU~1\AppData\Local\Temp

RuleException:
CalledProcessError in file C:\Users\fredduuxd\Desktop\Thesis\py-raccoon\workflow\Snakefile, line 134:
Command 'C:/Users/fredduuxd/miniforge3/envs/py-raccoon/python.exe "C:\Users\fredduuxd\Desktop\Thesis\py-raccoon\.snakemake\scripts\tmpsxd5wndy.experiment.py"' returned non-zero exit status 3221225786.
[Mon Nov 11 01:49:49 2024]
RuleException:
CalledProcessError in file C:\Users\fredduuxd\Desktop\Thesis\py-raccoon\workflow\Snakefile, line 123:
Command 'C:/Users/fredduuxd/miniforge3/envs/py-raccoon/python.exe "C:\Users\fredduuxd\Desktop\Thesis\py-raccoon\.snakemake\scripts\tmpl0ogk7o_.experiment.py"' returned non-zero exit status 3221225786.
Error in rule sbm_cx:
    jobid: 84
    output: results/synthetic/sbm/exp=1 r=0.5 d=False/cx/e=False p=False l=10 s=20/run/cx_6.csv

[Mon Nov 11 01:49:49 2024]
Terminating processes on user request, this might take some time.
Error in rule sbm_pyr:
    jobid: 57
    input: results/__cythonized__
    output: results/synthetic/sbm/exp=1 r=0.5 d=False/pyr/s=1000 sp=None/run/pyr_3.csv

RuleException:
CalledProcessError in file C:\Users\fredduuxd\Desktop\Thesis\py-raccoon\workflow\Snakefile, line 81:
Command 'C:/Users/fredduuxd/miniforge3/envs/py-raccoon/python.exe "C:\Users\fredduuxd\Desktop\Thesis\py-raccoon\.snakemake\scripts\tmp3y7dkqgx.experiment.py"' returned non-zero exit status 3221225786.
[Mon Nov 11 01:49:49 2024]
Error in rule complete_pyr:
    jobid: 24
    input: results/__cythonized__
    output: results/synthetic/complete/n=20 r=0.5 d=False/pyr/s=1000 sp=1/run/pyr_1.csv

RuleException:
CalledProcessError in file C:\Users\fredduuxd\Desktop\Thesis\py-raccoon\workflow\Snakefile, line 61:
Command 'C:/Users/fredduuxd/miniforge3/envs/py-raccoon/python.exe "C:\Users\fredduuxd\Desktop\Thesis\py-raccoon\.snakemake\scripts\tmpk83y9_r5.experiment.py"' returned non-zero exit status 3221225786.
[Mon Nov 11 01:49:49 2024]
Error in rule random_pyr:
    jobid: 40
    input: results/__cythonized__
    output: results/synthetic/random/n=20 m=50 r=0.5 d=False/pyr/s=1000 sp=1/run/pyr_10.csv

RuleException:
CalledProcessError in file C:\Users\fredduuxd\Desktop\Thesis\py-raccoon\workflow\Snakefile, line 123:
Command 'C:/Users/fredduuxd/miniforge3/envs/py-raccoon/python.exe "C:\Users\fredduuxd\Desktop\Thesis\py-raccoon\.snakemake\scripts\tmp5nxk3t5f.experiment.py"' returned non-zero exit status 3221225786.
[Mon Nov 11 01:49:49 2024]
Error in rule sbm_pyr:
    jobid: 42
    input: results/__cythonized__
    output: results/synthetic/sbm/exp=0 r=0.5 d=False/pyr/s=1000 sp=None/run/pyr_0.csv

RuleException:
CalledProcessError in file C:\Users\fredduuxd\Desktop\Thesis\py-raccoon\workflow\Snakefile, line 123:
Command 'C:/Users/fredduuxd/miniforge3/envs/py-raccoon/python.exe "C:\Users\fredduuxd\Desktop\Thesis\py-raccoon\.snakemake\scripts\tmpijrdyecd.experiment.py"' returned non-zero exit status 3221225786.
[Mon Nov 11 01:49:49 2024]
Error in rule sbm_pyr:
    jobid: 58
    input: results/__cythonized__
    output: results/synthetic/sbm/exp=1 r=0.5 d=False/pyr/s=1000 sp=None/run/pyr_4.csv

RuleException:
CalledProcessError in file C:\Users\fredduuxd\Desktop\Thesis\py-raccoon\workflow\Snakefile, line 81:
Command 'C:/Users/fredduuxd/miniforge3/envs/py-raccoon/python.exe "C:\Users\fredduuxd\Desktop\Thesis\py-raccoon\.snakemake\scripts\tmpmdj03r1l.experiment.py"' returned non-zero exit status 3221225786.
[Mon Nov 11 01:49:49 2024]
Error in rule complete_pyr:
    jobid: 25
    input: results/__cythonized__
    output: results/synthetic/complete/n=20 r=0.5 d=False/pyr/s=1000 sp=1/run/pyr_2.csv

RuleException:
CalledProcessError in file C:\Users\fredduuxd\Desktop\Thesis\py-raccoon\workflow\Snakefile, line 123:
Command 'C:/Users/fredduuxd/miniforge3/envs/py-raccoon/python.exe "C:\Users\fredduuxd\Desktop\Thesis\py-raccoon\.snakemake\scripts\tmpewgeabs9.experiment.py"' returned non-zero exit status 3221225786.
[Mon Nov 11 01:49:49 2024]
Error in rule sbm_pyr:
    jobid: 43
    input: results/__cythonized__
    output: results/synthetic/sbm/exp=0 r=0.5 d=False/pyr/s=1000 sp=None/run/pyr_1.csv

RuleException:
CalledProcessError in file C:\Users\fredduuxd\Desktop\Thesis\py-raccoon\workflow\Snakefile, line 123:
Command 'C:/Users/fredduuxd/miniforge3/envs/py-raccoon/python.exe "C:\Users\fredduuxd\Desktop\Thesis\py-raccoon\.snakemake\scripts\tmp6r48fdpj.experiment.py"' returned non-zero exit status 3221225786.
[Mon Nov 11 01:49:49 2024]
Error in rule sbm_pyr:
    jobid: 59
    input: results/__cythonized__
    output: results/synthetic/sbm/exp=1 r=0.5 d=False/pyr/s=1000 sp=None/run/pyr_5.csv

RuleException:
CalledProcessError in file C:\Users\fredduuxd\Desktop\Thesis\py-raccoon\workflow\Snakefile, line 134:
Command 'C:/Users/fredduuxd/miniforge3/envs/py-raccoon/python.exe "C:\Users\fredduuxd\Desktop\Thesis\py-raccoon\.snakemake\scripts\tmpcxxu4nac.experiment.py"' returned non-zero exit status 1.
[Mon Nov 11 01:49:49 2024]
Error in rule sbm_cx:
    jobid: 79
    output: results/synthetic/sbm/exp=1 r=0.5 d=False/cx/e=False p=False l=10 s=20/run/cx_1.csv

RuleException:
CalledProcessError in file C:\Users\fredduuxd\Desktop\Thesis\py-raccoon\workflow\Snakefile, line 110:
Command 'C:/Users/fredduuxd/miniforge3/envs/py-raccoon/python.exe "C:\Users\fredduuxd\Desktop\Thesis\py-raccoon\.snakemake\scripts\tmp87sqfsch.experiment.py"' returned non-zero exit status 1.
RuleException:
CalledProcessError in file C:\Users\fredduuxd\Desktop\Thesis\py-raccoon\workflow\Snakefile, line 110:
Command 'C:/Users/fredduuxd/miniforge3/envs/py-raccoon/python.exe "C:\Users\fredduuxd\Desktop\Thesis\py-raccoon\.snakemake\scripts\tmpu8qlsd1q.experiment.py"' returned non-zero exit status 1.
[Mon Nov 11 01:49:49 2024]
[Mon Nov 11 01:49:49 2024]
Error in rule er_cx:
    jobid: 17
    output: results/synthetic/er/n=10 p=0.5 r=0.5 d=True/cx/e=False p=False l=10 s=20/run/cx_2.csv

RuleException:
CalledProcessError in file C:\Users\fredduuxd\Desktop\Thesis\py-raccoon\workflow\Snakefile, line 110:
Command 'C:/Users/fredduuxd/miniforge3/envs/py-raccoon/python.exe "C:\Users\fredduuxd\Desktop\Thesis\py-raccoon\.snakemake\scripts\tmpsiiovfqy.experiment.py"' returned non-zero exit status 1.
RuleException:
CalledProcessError in file C:\Users\fredduuxd\Desktop\Thesis\py-raccoon\workflow\Snakefile, line 134:
Command 'C:/Users/fredduuxd/miniforge3/envs/py-raccoon/python.exe "C:\Users\fredduuxd\Desktop\Thesis\py-raccoon\.snakemake\scripts\tmp2dk19wk1.experiment.py"' returned non-zero exit status 1.
Error in rule er_cx:
    jobid: 11
    output: results/synthetic/er/n=10 p=0.5 r=0.5 d=False/cx/e=False p=False l=10 s=20/run/cx_0.csv

RuleException:
CalledProcessError in file C:\Users\fredduuxd\Desktop\Thesis\py-raccoon\workflow\Snakefile, line 134:
Command 'C:/Users/fredduuxd/miniforge3/envs/py-raccoon/python.exe "C:\Users\fredduuxd\Desktop\Thesis\py-raccoon\.snakemake\scripts\tmppblyprxq.experiment.py"' returned non-zero exit status 1.
RuleException:
CalledProcessError in file C:\Users\fredduuxd\Desktop\Thesis\py-raccoon\workflow\Snakefile, line 134:
Command 'C:/Users/fredduuxd/miniforge3/envs/py-raccoon/python.exe "C:\Users\fredduuxd\Desktop\Thesis\py-raccoon\.snakemake\scripts\tmp4qb_qq27.experiment.py"' returned non-zero exit status 1.
[Mon Nov 11 01:49:50 2024]
[Mon Nov 11 01:49:50 2024]
[Mon Nov 11 01:49:50 2024]
[Mon Nov 11 01:49:50 2024]
Error in rule er_cx:
    jobid: 16
    output: results/synthetic/er/n=10 p=0.5 r=0.5 d=True/cx/e=False p=False l=10 s=20/run/cx_1.csv

Error in rule sbm_cx:
    jobid: 85
    output: results/synthetic/sbm/exp=1 r=0.5 d=False/cx/e=False p=False l=10 s=20/run/cx_7.csv

Error in rule sbm_cx:
    jobid: 80
    output: results/synthetic/sbm/exp=1 r=0.5 d=False/cx/e=False p=False l=10 s=20/run/cx_2.csv

Error in rule sbm_cx:
    jobid: 69
    output: results/synthetic/sbm/exp=0 r=0.5 d=False/cx/e=False p=False l=10 s=20/run/cx_3.csv

Complete log: .snakemake\log\2024-11-11T014941.473609.snakemake.log
WorkflowError:
At least one job did not complete successfully.
