host: MacBook-Pro-von-Frederic.local
Building DAG of jobs...
Using shell: /opt/local/bin/bash
Provided cores: 8
Rules claiming more threads will be scaled down.
Job stats:
job                      count
---------------------  -------
combine_exps                 2
cythonize                    1
dataset_pyr                  2
wikielections_exp_pyr        1
total                        6

Select jobs to execute...
Execute 1 jobs...

[Mon Dec  9 03:19:51 2024]
localrule cythonize:
    input: src/py_raccoon/balance_sampling.pyx, src/py_raccoon/balance_spanning_trees.pyx
    output: results/__cythonized__
    jobid: 3
    reason: Missing output files: results/__cythonized__
    resources: tmpdir=/var/folders/dj/14c985vd1ng7gf0vvw_ytrpw0000gn/T

[Mon Dec  9 03:19:52 2024]
Finished job 3.
1 of 6 steps (17%) done
Select jobs to execute...
Execute 2 jobs...

[Mon Dec  9 03:19:53 2024]
localrule dataset_pyr:
    input: results/__cythonized__
    output: results/real/wikielections/null_model=False d=False/pyr/s=1500 sp=None/run/pyr_0.csv
    jobid: 5
    reason: Missing output files: results/real/wikielections/null_model=False d=False/pyr/s=1500 sp=None/run/pyr_0.csv; Input files updated by another job: results/__cythonized__
    wildcards: dataset=wikielections, null_model=False, directed=False, n_samples=1500, pyr_spec_edge_prob=None, run=0
    resources: tmpdir=/var/folders/dj/14c985vd1ng7gf0vvw_ytrpw0000gn/T

[Mon Dec  9 03:19:53 2024]
localrule dataset_pyr:
    input: results/__cythonized__
    output: results/real/wikielections/null_model=True d=False/pyr/s=1500 sp=None/run/pyr_0.csv
    jobid: 2
    reason: Missing output files: results/real/wikielections/null_model=True d=False/pyr/s=1500 sp=None/run/pyr_0.csv; Input files updated by another job: results/__cythonized__
    wildcards: dataset=wikielections, null_model=True, directed=False, n_samples=1500, pyr_spec_edge_prob=None, run=0
    resources: tmpdir=/var/folders/dj/14c985vd1ng7gf0vvw_ytrpw0000gn/T

Terminating processes on user request, this might take some time.
RuleException:
CalledProcessError in file /Users/fredericbusch/Desktop/Thesis/forks/py-raccoon/workflow/Snakefile, line 163:
Command 'set -euo pipefail;  /Users/fredericbusch/miniforge3/envs/py-raccoon/bin/python3.12 /Users/fredericbusch/Desktop/Thesis/forks/py-raccoon/.snakemake/scripts/tmp8gykbnsw.experiment.py' died with <Signals.SIGINT: 2>.
[Mon Dec  9 07:06:30 2024]
Error in rule dataset_pyr:
    jobid: 5
    input: results/__cythonized__
    output: results/real/wikielections/null_model=False d=False/pyr/s=1500 sp=None/run/pyr_0.csv

RuleException:
CalledProcessError in file /Users/fredericbusch/Desktop/Thesis/forks/py-raccoon/workflow/Snakefile, line 163:
Command 'set -euo pipefail;  /Users/fredericbusch/miniforge3/envs/py-raccoon/bin/python3.12 /Users/fredericbusch/Desktop/Thesis/forks/py-raccoon/.snakemake/scripts/tmponq4qwyx.experiment.py' died with <Signals.SIGINT: 2>.
[Mon Dec  9 07:06:30 2024]
Error in rule dataset_pyr:
    jobid: 2
    input: results/__cythonized__
    output: results/real/wikielections/null_model=True d=False/pyr/s=1500 sp=None/run/pyr_0.csv

Complete log: .snakemake/log/2024-12-09T031950.968904.snakemake.log
WorkflowError:
At least one job did not complete successfully.
