host: MBPvonFrederic
Building DAG of jobs...
Using shell: /opt/local/bin/bash
Provided cores: 8
Rules claiming more threads will be scaled down.
Job stats:
job                 count
----------------  -------
all                     1
first_experiment        1
total                   2

Select jobs to execute...
Execute 1 jobs...

[Wed Sep 18 12:35:35 2024]
localrule first_experiment:
    output: my_first_output.csv
    jobid: 2
    reason: Missing output files: my_first_output.csv
    resources: tmpdir=/var/folders/dj/14c985vd1ng7gf0vvw_ytrpw0000gn/T

[Wed Sep 18 12:35:39 2024]
Finished job 2.
1 of 2 steps (50%) done
Select jobs to execute...
Execute 1 jobs...

[Wed Sep 18 12:35:39 2024]
localrule all:
    input: __cythonized__, my_first_output.csv
    jobid: 0
    reason: Input files updated by another job: my_first_output.csv
    resources: tmpdir=/var/folders/dj/14c985vd1ng7gf0vvw_ytrpw0000gn/T

[Wed Sep 18 12:35:39 2024]
Finished job 0.
2 of 2 steps (100%) done
Complete log: .snakemake/log/2024-09-18T123535.539904.snakemake.log
