host: MacBook-Pro-von-Frederic.local
Building DAG of jobs...
Using shell: /opt/local/bin/bash
Provided cores: 8
Rules claiming more threads will be scaled down.
Job stats:
job        count
-------  -------
all            1
pyr_exp        1
total          2

Select jobs to execute...
Execute 1 jobs...

[Wed Nov  6 17:25:21 2024]
localrule pyr_exp:
    input: results/__cythonized__
    output: results/synthetic/er/nodes=10 p=0.5 r=0.5/pyr/samples=100 spec_p=0.5/pyr_1.csv
    jobid: 2
    reason: Missing output files: results/synthetic/er/nodes=10 p=0.5 r=0.5/pyr/samples=100 spec_p=0.5/pyr_1.csv
    wildcards: kind=er, n_nodes=10, prob_p=0.5, prob_r=0.5, n_samples=100, pyr_spec_edge_prob=0.5, run=1
    resources: tmpdir=/var/folders/dj/14c985vd1ng7gf0vvw_ytrpw0000gn/T

[Wed Nov  6 17:25:23 2024]
Finished job 2.
1 of 2 steps (50%) done
Select jobs to execute...
Execute 1 jobs...

[Wed Nov  6 17:25:23 2024]
localrule all:
    input: results/__cythonized__, results/synthetic/er/nodes=10 p=0.5 r=0.5/pyr/samples=100 spec_p=0.5/pyr_1.csv
    jobid: 0
    reason: Input files updated by another job: results/synthetic/er/nodes=10 p=0.5 r=0.5/pyr/samples=100 spec_p=0.5/pyr_1.csv
    resources: tmpdir=/var/folders/dj/14c985vd1ng7gf0vvw_ytrpw0000gn/T

[Wed Nov  6 17:25:23 2024]
Finished job 0.
2 of 2 steps (100%) done
Complete log: .snakemake/log/2024-11-06T172521.204768.snakemake.log
