host: fredduuxd
Building DAG of jobs...
Provided cores: 16
Rules claiming more threads will be scaled down.
Job stats:
job          count
---------  -------
cythonize        1
total            1

Select jobs to execute...
Execute 1 jobs...

[Mon Nov 11 00:56:12 2024]
localrule cythonize:
    input: src/py_raccoon/balance_sampling.pyx, src/py_raccoon/balance_spanning_trees.pyx
    output: results/__cythonized__
    jobid: 0
    reason: Missing output files: results/__cythonized__
    resources: tmpdir=C:\Users\FREDDU~1\AppData\Local\Temp

[Mon Nov 11 00:56:15 2024]
Error in rule cythonize:
    jobid: 0
    input: src/py_raccoon/balance_sampling.pyx, src/py_raccoon/balance_spanning_trees.pyx
    output: results/__cythonized__
    shell:
        python setup_balance.py build_ext --inplace && type NUL > results/__cythonized__
        (one of the commands exited with non-zero exit code; note that snakemake uses bash strict mode!)

Shutting down, this might take some time.
Exiting because a job execution failed. Look above for error message
Complete log: .snakemake\log\2024-11-11T005612.896390.snakemake.log
WorkflowError:
At least one job did not complete successfully.
