host: fredduuxd
Building DAG of jobs...
Provided cores: 16
Rules claiming more threads will be scaled down.
Job stats:
job             count
------------  -------
all                 1
combine_exps       13
complete_cx         3
complete_pyr        3
cythonize           1
er_cx              12
random_cx           1
random_pyr         11
sbm_cx             22
sbm_pyr            22
total              89

Select jobs to execute...
Execute 16 jobs...

[Mon Nov 11 01:17:36 2024]
localrule er_cx:
    output: results/synthetic/er/n=10 p=0.5 r=0.5 d=True/cx/e=True p=False l=10 s=1/run/cx_2.csv
    jobid: 9
    reason: Missing output files: results/synthetic/er/n=10 p=0.5 r=0.5 d=True/cx/e=True p=False l=10 s=1/run/cx_2.csv
    wildcards: n_nodes=10, prob_p=0.5, neg_edge_prob=0.5, directed=True, exact=True, parallel=False, max_length=10, n_samples=1, run=2
    resources: tmpdir=C:\Users\FREDDU~1\AppData\Local\Temp

[Mon Nov 11 01:17:36 2024]
localrule sbm_cx:
    output: results/synthetic/sbm/exp=0 r=0.5 d=False/cx/e=False p=False l=10 s=20/run/cx_7.csv
    jobid: 73
    reason: Missing output files: results/synthetic/sbm/exp=0 r=0.5 d=False/cx/e=False p=False l=10 s=20/run/cx_7.csv
    wildcards: exp=0, neg_edge_prob=0.5, directed=False, exact=False, parallel=False, max_length=10, n_samples=20, run=7
    resources: tmpdir=C:\Users\FREDDU~1\AppData\Local\Temp

[Mon Nov 11 01:17:36 2024]
localrule er_cx:
    output: results/synthetic/er/n=10 p=0.5 r=0.5 d=False/cx/e=True p=False l=10 s=1/run/cx_0.csv
    jobid: 3
    reason: Missing output files: results/synthetic/er/n=10 p=0.5 r=0.5 d=False/cx/e=True p=False l=10 s=1/run/cx_0.csv
    wildcards: n_nodes=10, prob_p=0.5, neg_edge_prob=0.5, directed=False, exact=True, parallel=False, max_length=10, n_samples=1, run=0
    resources: tmpdir=C:\Users\FREDDU~1\AppData\Local\Temp

[Mon Nov 11 01:17:36 2024]
localrule er_cx:
    output: results/synthetic/er/n=10 p=0.5 r=0.5 d=True/cx/e=False p=False l=10 s=20/run/cx_1.csv
    jobid: 16
    reason: Missing output files: results/synthetic/er/n=10 p=0.5 r=0.5 d=True/cx/e=False p=False l=10 s=20/run/cx_1.csv
    wildcards: n_nodes=10, prob_p=0.5, neg_edge_prob=0.5, directed=True, exact=False, parallel=False, max_length=10, n_samples=20, run=1
    resources: tmpdir=C:\Users\FREDDU~1\AppData\Local\Temp

[Mon Nov 11 01:17:36 2024]
localrule sbm_cx:
    output: results/synthetic/sbm/exp=0 r=0.5 d=False/cx/e=False p=False l=10 s=20/run/cx_2.csv
    jobid: 68
    reason: Missing output files: results/synthetic/sbm/exp=0 r=0.5 d=False/cx/e=False p=False l=10 s=20/run/cx_2.csv
    wildcards: exp=0, neg_edge_prob=0.5, directed=False, exact=False, parallel=False, max_length=10, n_samples=20, run=2
    resources: tmpdir=C:\Users\FREDDU~1\AppData\Local\Temp

[Mon Nov 11 01:17:36 2024]
localrule sbm_cx:
    output: results/synthetic/sbm/exp=1 r=0.5 d=False/cx/e=False p=False l=10 s=20/run/cx_1.csv
    jobid: 79
    reason: Missing output files: results/synthetic/sbm/exp=1 r=0.5 d=False/cx/e=False p=False l=10 s=20/run/cx_1.csv
    wildcards: exp=1, neg_edge_prob=0.5, directed=False, exact=False, parallel=False, max_length=10, n_samples=20, run=1
    resources: tmpdir=C:\Users\FREDDU~1\AppData\Local\Temp

[Mon Nov 11 01:17:36 2024]
localrule sbm_cx:
    output: results/synthetic/sbm/exp=0 r=0.5 d=False/cx/e=False p=False l=10 s=20/run/cx_3.csv
    jobid: 69
    reason: Missing output files: results/synthetic/sbm/exp=0 r=0.5 d=False/cx/e=False p=False l=10 s=20/run/cx_3.csv
    wildcards: exp=0, neg_edge_prob=0.5, directed=False, exact=False, parallel=False, max_length=10, n_samples=20, run=3
    resources: tmpdir=C:\Users\FREDDU~1\AppData\Local\Temp

[Mon Nov 11 01:17:36 2024]
localrule er_cx:
    output: results/synthetic/er/n=10 p=0.5 r=0.5 d=False/cx/e=True p=False l=10 s=1/run/cx_1.csv
    jobid: 4
    reason: Missing output files: results/synthetic/er/n=10 p=0.5 r=0.5 d=False/cx/e=True p=False l=10 s=1/run/cx_1.csv
    wildcards: n_nodes=10, prob_p=0.5, neg_edge_prob=0.5, directed=False, exact=True, parallel=False, max_length=10, n_samples=1, run=1
    resources: tmpdir=C:\Users\FREDDU~1\AppData\Local\Temp

[Mon Nov 11 01:17:36 2024]
localrule er_cx:
    output: results/synthetic/er/n=10 p=0.5 r=0.5 d=True/cx/e=False p=False l=10 s=20/run/cx_2.csv
    jobid: 17
    reason: Missing output files: results/synthetic/er/n=10 p=0.5 r=0.5 d=True/cx/e=False p=False l=10 s=20/run/cx_2.csv
    wildcards: n_nodes=10, prob_p=0.5, neg_edge_prob=0.5, directed=True, exact=False, parallel=False, max_length=10, n_samples=20, run=2
    resources: tmpdir=C:\Users\FREDDU~1\AppData\Local\Temp

[Mon Nov 11 01:17:36 2024]
localrule er_cx:
    output: results/synthetic/er/n=10 p=0.5 r=0.5 d=False/cx/e=False p=False l=10 s=20/run/cx_0.csv
    jobid: 11
    reason: Missing output files: results/synthetic/er/n=10 p=0.5 r=0.5 d=False/cx/e=False p=False l=10 s=20/run/cx_0.csv
    wildcards: n_nodes=10, prob_p=0.5, neg_edge_prob=0.5, directed=False, exact=False, parallel=False, max_length=10, n_samples=20, run=0
    resources: tmpdir=C:\Users\FREDDU~1\AppData\Local\Temp

[Mon Nov 11 01:17:36 2024]
localrule sbm_cx:
    output: results/synthetic/sbm/exp=0 r=0.5 d=False/cx/e=False p=False l=10 s=20/run/cx_8.csv
    jobid: 74
    reason: Missing output files: results/synthetic/sbm/exp=0 r=0.5 d=False/cx/e=False p=False l=10 s=20/run/cx_8.csv
    wildcards: exp=0, neg_edge_prob=0.5, directed=False, exact=False, parallel=False, max_length=10, n_samples=20, run=8
    resources: tmpdir=C:\Users\FREDDU~1\AppData\Local\Temp

[Mon Nov 11 01:17:36 2024]
localrule sbm_cx:
    output: results/synthetic/sbm/exp=1 r=0.5 d=False/cx/e=False p=False l=10 s=20/run/cx_2.csv
    jobid: 80
    reason: Missing output files: results/synthetic/sbm/exp=1 r=0.5 d=False/cx/e=False p=False l=10 s=20/run/cx_2.csv
    wildcards: exp=1, neg_edge_prob=0.5, directed=False, exact=False, parallel=False, max_length=10, n_samples=20, run=2
    resources: tmpdir=C:\Users\FREDDU~1\AppData\Local\Temp

[Mon Nov 11 01:17:36 2024]
localrule sbm_cx:
    output: results/synthetic/sbm/exp=1 r=0.5 d=False/cx/e=False p=False l=10 s=20/run/cx_7.csv
    jobid: 85
    reason: Missing output files: results/synthetic/sbm/exp=1 r=0.5 d=False/cx/e=False p=False l=10 s=20/run/cx_7.csv
    wildcards: exp=1, neg_edge_prob=0.5, directed=False, exact=False, parallel=False, max_length=10, n_samples=20, run=7
    resources: tmpdir=C:\Users\FREDDU~1\AppData\Local\Temp

[Mon Nov 11 01:17:36 2024]
localrule random_cx:
    output: results/synthetic/random/n=20 m=50 r=0.5 d=False/cx/e=False p=False l=10 s=20/run/cx_0.csv
    jobid: 27
    reason: Missing output files: results/synthetic/random/n=20 m=50 r=0.5 d=False/cx/e=False p=False l=10 s=20/run/cx_0.csv
    wildcards: n_nodes=20, n_edges=50, neg_edge_prob=0.5, directed=False, exact=False, parallel=False, max_length=10, n_samples=20, run=0
    resources: tmpdir=C:\Users\FREDDU~1\AppData\Local\Temp

[Mon Nov 11 01:17:36 2024]
localrule sbm_cx:
    output: results/synthetic/sbm/exp=0 r=0.5 d=False/cx/e=False p=False l=10 s=20/run/cx_9.csv
    jobid: 75
    reason: Missing output files: results/synthetic/sbm/exp=0 r=0.5 d=False/cx/e=False p=False l=10 s=20/run/cx_9.csv
    wildcards: exp=0, neg_edge_prob=0.5, directed=False, exact=False, parallel=False, max_length=10, n_samples=20, run=9
    resources: tmpdir=C:\Users\FREDDU~1\AppData\Local\Temp

[Mon Nov 11 01:17:36 2024]
localrule cythonize:
    input: src/py_raccoon/balance_sampling.pyx, src/py_raccoon/balance_spanning_trees.pyx
    output: results/__cythonized__
    jobid: 1
    reason: Missing output files: results/__cythonized__
    resources: tmpdir=C:\Users\FREDDU~1\AppData\Local\Temp

[Mon Nov 11 01:17:38 2024]
Finished job 1.
1 of 89 steps (1%) done
Select jobs to execute...
Execute 1 jobs...

[Mon Nov 11 01:17:38 2024]
localrule sbm_pyr:
    input: results/__cythonized__
    output: results/synthetic/sbm/exp=1 r=0.5 d=False/pyr/s=1000 sp=None/run/pyr_7.csv
    jobid: 61
    reason: Missing output files: results/synthetic/sbm/exp=1 r=0.5 d=False/pyr/s=1000 sp=None/run/pyr_7.csv; Input files updated by another job: results/__cythonized__
    wildcards: exp=1, neg_edge_prob=0.5, n_samples=1000, pyr_spec_edge_prob=None, run=7
    resources: tmpdir=C:\Users\FREDDU~1\AppData\Local\Temp

RuleException:
CalledProcessError in file C:\Users\fredduuxd\Desktop\Thesis\py-raccoon\workflow\Snakefile, line 134:
Command 'C:/Users/fredduuxd/miniforge3/envs/py-raccoon/python.exe "C:\Users\fredduuxd\Desktop\Thesis\py-raccoon\.snakemake\scripts\tmp3nqu73py.experiment.py"' returned non-zero exit status 1.
RuleException:
CalledProcessError in file C:\Users\fredduuxd\Desktop\Thesis\py-raccoon\workflow\Snakefile, line 110:
Command 'C:/Users/fredduuxd/miniforge3/envs/py-raccoon/python.exe "C:\Users\fredduuxd\Desktop\Thesis\py-raccoon\.snakemake\scripts\tmp62nbbbd6.experiment.py"' returned non-zero exit status 1.
RuleException:
CalledProcessError in file C:\Users\fredduuxd\Desktop\Thesis\py-raccoon\workflow\Snakefile, line 110:
Command 'C:/Users/fredduuxd/miniforge3/envs/py-raccoon/python.exe "C:\Users\fredduuxd\Desktop\Thesis\py-raccoon\.snakemake\scripts\tmp_ym1nvft.experiment.py"' returned non-zero exit status 1.
RuleException:
CalledProcessError in file C:\Users\fredduuxd\Desktop\Thesis\py-raccoon\workflow\Snakefile, line 110:
Command 'C:/Users/fredduuxd/miniforge3/envs/py-raccoon/python.exe "C:\Users\fredduuxd\Desktop\Thesis\py-raccoon\.snakemake\scripts\tmpafqlat97.experiment.py"' returned non-zero exit status 1.
RuleException:
CalledProcessError in file C:\Users\fredduuxd\Desktop\Thesis\py-raccoon\workflow\Snakefile, line 110:
Command 'C:/Users/fredduuxd/miniforge3/envs/py-raccoon/python.exe "C:\Users\fredduuxd\Desktop\Thesis\py-raccoon\.snakemake\scripts\tmpicy4zyxf.experiment.py"' returned non-zero exit status 1.
[Mon Nov 11 01:17:39 2024]
[Mon Nov 11 01:17:39 2024]
[Mon Nov 11 01:17:39 2024]
[Mon Nov 11 01:17:39 2024]
[Mon Nov 11 01:17:39 2024]
Error in rule sbm_cx:
    jobid: 80
    output: results/synthetic/sbm/exp=1 r=0.5 d=False/cx/e=False p=False l=10 s=20/run/cx_2.csv

Error in rule er_cx:
    jobid: 4
    output: results/synthetic/er/n=10 p=0.5 r=0.5 d=False/cx/e=True p=False l=10 s=1/run/cx_1.csv

Error in rule er_cx:
    jobid: 11
    output: results/synthetic/er/n=10 p=0.5 r=0.5 d=False/cx/e=False p=False l=10 s=20/run/cx_0.csv

Error in rule er_cx:
    jobid: 9
    output: results/synthetic/er/n=10 p=0.5 r=0.5 d=True/cx/e=True p=False l=10 s=1/run/cx_2.csv

Error in rule er_cx:
    jobid: 17
    output: results/synthetic/er/n=10 p=0.5 r=0.5 d=True/cx/e=False p=False l=10 s=20/run/cx_2.csv

RuleException:
CalledProcessError in file C:\Users\fredduuxd\Desktop\Thesis\py-raccoon\workflow\Snakefile, line 110:
Command 'C:/Users/fredduuxd/miniforge3/envs/py-raccoon/python.exe "C:\Users\fredduuxd\Desktop\Thesis\py-raccoon\.snakemake\scripts\tmp5bslolth.experiment.py"' returned non-zero exit status 1.
[Mon Nov 11 01:17:39 2024]
Error in rule er_cx:
    jobid: 16
    output: results/synthetic/er/n=10 p=0.5 r=0.5 d=True/cx/e=False p=False l=10 s=20/run/cx_1.csv

RuleException:
CalledProcessError in file C:\Users\fredduuxd\Desktop\Thesis\py-raccoon\workflow\Snakefile, line 110:
Command 'C:/Users/fredduuxd/miniforge3/envs/py-raccoon/python.exe "C:\Users\fredduuxd\Desktop\Thesis\py-raccoon\.snakemake\scripts\tmpe8vfbbwk.experiment.py"' returned non-zero exit status 1.
[Mon Nov 11 01:17:39 2024]
Error in rule er_cx:
    jobid: 3
    output: results/synthetic/er/n=10 p=0.5 r=0.5 d=False/cx/e=True p=False l=10 s=1/run/cx_0.csv

RuleException:
CalledProcessError in file C:\Users\fredduuxd\Desktop\Thesis\py-raccoon\workflow\Snakefile, line 134:
Command 'C:/Users/fredduuxd/miniforge3/envs/py-raccoon/python.exe "C:\Users\fredduuxd\Desktop\Thesis\py-raccoon\.snakemake\scripts\tmpmh_lgbu2.experiment.py"' returned non-zero exit status 1.
[Mon Nov 11 01:17:39 2024]
Error in rule sbm_cx:
    jobid: 68
    output: results/synthetic/sbm/exp=0 r=0.5 d=False/cx/e=False p=False l=10 s=20/run/cx_2.csv

RuleException:
CalledProcessError in file C:\Users\fredduuxd\Desktop\Thesis\py-raccoon\workflow\Snakefile, line 134:
Command 'C:/Users/fredduuxd/miniforge3/envs/py-raccoon/python.exe "C:\Users\fredduuxd\Desktop\Thesis\py-raccoon\.snakemake\scripts\tmp4a789cw6.experiment.py"' returned non-zero exit status 1.
[Mon Nov 11 01:17:39 2024]
Error in rule sbm_cx:
    jobid: 69
    output: results/synthetic/sbm/exp=0 r=0.5 d=False/cx/e=False p=False l=10 s=20/run/cx_3.csv

RuleException:
CalledProcessError in file C:\Users\fredduuxd\Desktop\Thesis\py-raccoon\workflow\Snakefile, line 134:
Command 'C:/Users/fredduuxd/miniforge3/envs/py-raccoon/python.exe "C:\Users\fredduuxd\Desktop\Thesis\py-raccoon\.snakemake\scripts\tmpo61cf4dz.experiment.py"' returned non-zero exit status 1.
RuleException:
CalledProcessError in file C:\Users\fredduuxd\Desktop\Thesis\py-raccoon\workflow\Snakefile, line 134:
Command 'C:/Users/fredduuxd/miniforge3/envs/py-raccoon/python.exe "C:\Users\fredduuxd\Desktop\Thesis\py-raccoon\.snakemake\scripts\tmp7q2gmb5i.experiment.py"' returned non-zero exit status 1.
[Mon Nov 11 01:17:39 2024]
[Mon Nov 11 01:17:39 2024]
Error in rule sbm_cx:
    jobid: 85
    output: results/synthetic/sbm/exp=1 r=0.5 d=False/cx/e=False p=False l=10 s=20/run/cx_7.csv

Error in rule sbm_cx:
    jobid: 73
    output: results/synthetic/sbm/exp=0 r=0.5 d=False/cx/e=False p=False l=10 s=20/run/cx_7.csv

RuleException:
CalledProcessError in file C:\Users\fredduuxd\Desktop\Thesis\py-raccoon\workflow\Snakefile, line 70:
Command 'C:/Users/fredduuxd/miniforge3/envs/py-raccoon/python.exe "C:\Users\fredduuxd\Desktop\Thesis\py-raccoon\.snakemake\scripts\tmpfbjamqtj.experiment.py"' returned non-zero exit status 1.
[Mon Nov 11 01:17:39 2024]
Error in rule random_cx:
    jobid: 27
    output: results/synthetic/random/n=20 m=50 r=0.5 d=False/cx/e=False p=False l=10 s=20/run/cx_0.csv

RuleException:
CalledProcessError in file C:\Users\fredduuxd\Desktop\Thesis\py-raccoon\workflow\Snakefile, line 134:
Command 'C:/Users/fredduuxd/miniforge3/envs/py-raccoon/python.exe "C:\Users\fredduuxd\Desktop\Thesis\py-raccoon\.snakemake\scripts\tmpmmy3y03m.experiment.py"' returned non-zero exit status 1.
[Mon Nov 11 01:17:39 2024]
Error in rule sbm_cx:
    jobid: 79
    output: results/synthetic/sbm/exp=1 r=0.5 d=False/cx/e=False p=False l=10 s=20/run/cx_1.csv

RuleException:
CalledProcessError in file C:\Users\fredduuxd\Desktop\Thesis\py-raccoon\workflow\Snakefile, line 134:
Command 'C:/Users/fredduuxd/miniforge3/envs/py-raccoon/python.exe "C:\Users\fredduuxd\Desktop\Thesis\py-raccoon\.snakemake\scripts\tmpkvzeprz2.experiment.py"' returned non-zero exit status 1.
[Mon Nov 11 01:17:39 2024]
Error in rule sbm_cx:
    jobid: 74
    output: results/synthetic/sbm/exp=0 r=0.5 d=False/cx/e=False p=False l=10 s=20/run/cx_8.csv

RuleException:
CalledProcessError in file C:\Users\fredduuxd\Desktop\Thesis\py-raccoon\workflow\Snakefile, line 134:
Command 'C:/Users/fredduuxd/miniforge3/envs/py-raccoon/python.exe "C:\Users\fredduuxd\Desktop\Thesis\py-raccoon\.snakemake\scripts\tmpo9jhk8lo.experiment.py"' returned non-zero exit status 1.
[Mon Nov 11 01:17:39 2024]
Error in rule sbm_cx:
    jobid: 75
    output: results/synthetic/sbm/exp=0 r=0.5 d=False/cx/e=False p=False l=10 s=20/run/cx_9.csv

RuleException:
CalledProcessError in file C:\Users\fredduuxd\Desktop\Thesis\py-raccoon\workflow\Snakefile, line 123:
Command 'C:/Users/fredduuxd/miniforge3/envs/py-raccoon/python.exe "C:\Users\fredduuxd\Desktop\Thesis\py-raccoon\.snakemake\scripts\tmpsfw9qisb.experiment.py"' returned non-zero exit status 1.
[Mon Nov 11 01:17:40 2024]
Error in rule sbm_pyr:
    jobid: 61
    input: results/__cythonized__
    output: results/synthetic/sbm/exp=1 r=0.5 d=False/pyr/s=1000 sp=None/run/pyr_7.csv

Shutting down, this might take some time.
Exiting because a job execution failed. Look above for error message
Complete log: .snakemake\log\2024-11-11T011736.200798.snakemake.log
WorkflowError:
At least one job did not complete successfully.
