host: MBPvonFrederic
Building DAG of jobs...
Using shell: /opt/local/bin/bash
Provided cores: 8
Rules claiming more threads will be scaled down.
Job stats:
job          count
---------  -------
all              1
cythonize        1
exp              2
total            4

Select jobs to execute...
Execute 1 jobs...

[Tue Oct 22 13:41:45 2024]
localrule cythonize:
    input: src/py_raccoon/balance_sampling.pyx, src/py_raccoon/balance_spanning_trees.pyx
    output: results/__cythonized__
    jobid: 1
    reason: Missing output files: results/__cythonized__
    resources: tmpdir=/var/folders/dj/14c985vd1ng7gf0vvw_ytrpw0000gn/T

[Tue Oct 22 13:42:00 2024]
Finished job 1.
1 of 4 steps (25%) done
Select jobs to execute...
Execute 2 jobs...

[Tue Oct 22 13:42:00 2024]
localrule exp:
    input: results/__cythonized__
    output: results/pyr.csv
    jobid: 2
    reason: Missing output files: results/pyr.csv; Input files updated by another job: results/__cythonized__
    wildcards: alg=pyr
    resources: tmpdir=/var/folders/dj/14c985vd1ng7gf0vvw_ytrpw0000gn/T

[Tue Oct 22 13:42:00 2024]
localrule exp:
    input: results/__cythonized__
    output: results/cx.csv
    jobid: 3
    reason: Missing output files: results/cx.csv; Input files updated by another job: results/__cythonized__
    wildcards: alg=cx
    resources: tmpdir=/var/folders/dj/14c985vd1ng7gf0vvw_ytrpw0000gn/T

[Tue Oct 22 13:42:05 2024]
Finished job 2.
2 of 4 steps (50%) done
[Tue Oct 22 13:42:13 2024]
Finished job 3.
3 of 4 steps (75%) done
Select jobs to execute...
Execute 1 jobs...

[Tue Oct 22 13:42:13 2024]
localrule all:
    input: results/__cythonized__, results/pyr.csv, results/cx.csv
    jobid: 0
    reason: Input files updated by another job: results/cx.csv, results/__cythonized__, results/pyr.csv
    resources: tmpdir=/var/folders/dj/14c985vd1ng7gf0vvw_ytrpw0000gn/T

[Tue Oct 22 13:42:13 2024]
Finished job 0.
4 of 4 steps (100%) done
Complete log: .snakemake/log/2024-10-22T134145.452588.snakemake.log
