host: MacBook-Pro-von-Frederic.local
Building DAG of jobs...
Using shell: /opt/local/bin/bash
Provided cores: 8
Rules claiming more threads will be scaled down.
Job stats:
job             count
------------  -------
combine_exps        1
random_pyr          1
test                1
total               3

Select jobs to execute...
Execute 1 jobs...

[Mon Nov 11 21:21:22 2024]
localrule random_pyr:
    input: results/__cythonized__
    output: results/synthetic/random/n=10 m=10 r=0.5 re=True d=False/pyr/s=1000 sp=None/run/pyr_0.csv
    jobid: 2
    reason: Missing output files: results/synthetic/random/n=10 m=10 r=0.5 re=True d=False/pyr/s=1000 sp=None/run/pyr_0.csv
    wildcards: n_nodes=10, n_edges=10, neg_edge_prob=0.5, neg_edge_dist_exact=True, directed=False, n_samples=1000, pyr_spec_edge_prob=None, run=0
    resources: tmpdir=/var/folders/dj/14c985vd1ng7gf0vvw_ytrpw0000gn/T

[Mon Nov 11 21:21:26 2024]
Finished job 2.
1 of 3 steps (33%) done
Select jobs to execute...
Execute 1 jobs...

[Mon Nov 11 21:21:26 2024]
localrule combine_exps:
    input: results/synthetic/random/n=10 m=10 r=0.5 re=True d=False/pyr/s=1000 sp=None/run/pyr_0.csv
    output: results/synthetic/random/n=10 m=10 r=0.5 re=True d=False/pyr/s=1000 sp=None/pyr_0_combined.csv
    jobid: 1
    reason: Missing output files: results/synthetic/random/n=10 m=10 r=0.5 re=True d=False/pyr/s=1000 sp=None/pyr_0_combined.csv; Input files updated by another job: results/synthetic/random/n=10 m=10 r=0.5 re=True d=False/pyr/s=1000 sp=None/run/pyr_0.csv
    wildcards: path=results/synthetic/random/n=10 m=10 r=0.5 re=True d=False/pyr/s=1000 sp=None, alg=pyr, runs=0
    resources: tmpdir=/var/folders/dj/14c985vd1ng7gf0vvw_ytrpw0000gn/T

[Mon Nov 11 21:21:27 2024]
Finished job 1.
2 of 3 steps (67%) done
Select jobs to execute...
Execute 1 jobs...

[Mon Nov 11 21:21:27 2024]
localrule test:
    input: results/synthetic/random/n=10 m=10 r=0.5 re=True d=False/pyr/s=1000 sp=None/pyr_0_combined.csv
    jobid: 0
    reason: Input files updated by another job: results/synthetic/random/n=10 m=10 r=0.5 re=True d=False/pyr/s=1000 sp=None/pyr_0_combined.csv
    resources: tmpdir=/var/folders/dj/14c985vd1ng7gf0vvw_ytrpw0000gn/T

[Mon Nov 11 21:21:27 2024]
Finished job 0.
3 of 3 steps (100%) done
Complete log: .snakemake/log/2024-11-11T212122.844726.snakemake.log
