host: MacBook-Pro-von-Frederic.local
Building DAG of jobs...
Using shell: /opt/local/bin/bash
Provided cores: 8
Rules claiming more threads will be scaled down.
Job stats:
job             count
------------  -------
combine_exps        4
sbm_pyr             4
sbm_test            1
total               9

Select jobs to execute...
Execute 4 jobs...

[Tue Nov 12 00:02:36 2024]
localrule sbm_pyr:
    input: results/__cythonized__
    output: results/synthetic/sbm/exp=1 re=False d=False/pyr/s=1000 sp=None/run/pyr_0.csv
    jobid: 17
    reason: Missing output files: results/synthetic/sbm/exp=1 re=False d=False/pyr/s=1000 sp=None/run/pyr_0.csv
    wildcards: exp=1, neg_edge_dist_exact=False, directed=False, n_samples=1000, pyr_spec_edge_prob=None, run=0
    resources: tmpdir=/var/folders/dj/14c985vd1ng7gf0vvw_ytrpw0000gn/T

[Tue Nov 12 00:02:36 2024]
localrule sbm_pyr:
    input: results/__cythonized__
    output: results/synthetic/sbm/exp=1 re=True d=False/pyr/s=1000 sp=None/run/pyr_0.csv
    jobid: 15
    reason: Missing output files: results/synthetic/sbm/exp=1 re=True d=False/pyr/s=1000 sp=None/run/pyr_0.csv
    wildcards: exp=1, neg_edge_dist_exact=True, directed=False, n_samples=1000, pyr_spec_edge_prob=None, run=0
    resources: tmpdir=/var/folders/dj/14c985vd1ng7gf0vvw_ytrpw0000gn/T

[Tue Nov 12 00:02:36 2024]
localrule sbm_pyr:
    input: results/__cythonized__
    output: results/synthetic/sbm/exp=0 re=False d=False/pyr/s=1000 sp=None/run/pyr_0.csv
    jobid: 13
    reason: Missing output files: results/synthetic/sbm/exp=0 re=False d=False/pyr/s=1000 sp=None/run/pyr_0.csv
    wildcards: exp=0, neg_edge_dist_exact=False, directed=False, n_samples=1000, pyr_spec_edge_prob=None, run=0
    resources: tmpdir=/var/folders/dj/14c985vd1ng7gf0vvw_ytrpw0000gn/T

[Tue Nov 12 00:02:36 2024]
localrule sbm_pyr:
    input: results/__cythonized__
    output: results/synthetic/sbm/exp=0 re=True d=False/pyr/s=1000 sp=None/run/pyr_0.csv
    jobid: 11
    reason: Missing output files: results/synthetic/sbm/exp=0 re=True d=False/pyr/s=1000 sp=None/run/pyr_0.csv
    wildcards: exp=0, neg_edge_dist_exact=True, directed=False, n_samples=1000, pyr_spec_edge_prob=None, run=0
    resources: tmpdir=/var/folders/dj/14c985vd1ng7gf0vvw_ytrpw0000gn/T

[Tue Nov 12 00:02:40 2024]
Finished job 11.
1 of 9 steps (11%) done
Select jobs to execute...
Execute 1 jobs...

[Tue Nov 12 00:02:40 2024]
localrule combine_exps:
    input: results/synthetic/sbm/exp=0 re=True d=False/pyr/s=1000 sp=None/run/pyr_0.csv
    output: results/synthetic/sbm/exp=0 re=True d=False/pyr/s=1000 sp=None/pyr_0_combined.csv
    jobid: 10
    reason: Missing output files: results/synthetic/sbm/exp=0 re=True d=False/pyr/s=1000 sp=None/pyr_0_combined.csv; Input files updated by another job: results/synthetic/sbm/exp=0 re=True d=False/pyr/s=1000 sp=None/run/pyr_0.csv
    wildcards: path=results/synthetic/sbm/exp=0 re=True d=False/pyr/s=1000 sp=None, alg=pyr, runs=0
    resources: tmpdir=/var/folders/dj/14c985vd1ng7gf0vvw_ytrpw0000gn/T

[Tue Nov 12 00:02:40 2024]
Finished job 13.
2 of 9 steps (22%) done
Select jobs to execute...
Execute 1 jobs...

[Tue Nov 12 00:02:40 2024]
localrule combine_exps:
    input: results/synthetic/sbm/exp=0 re=False d=False/pyr/s=1000 sp=None/run/pyr_0.csv
    output: results/synthetic/sbm/exp=0 re=False d=False/pyr/s=1000 sp=None/pyr_0_combined.csv
    jobid: 12
    reason: Missing output files: results/synthetic/sbm/exp=0 re=False d=False/pyr/s=1000 sp=None/pyr_0_combined.csv; Input files updated by another job: results/synthetic/sbm/exp=0 re=False d=False/pyr/s=1000 sp=None/run/pyr_0.csv
    wildcards: path=results/synthetic/sbm/exp=0 re=False d=False/pyr/s=1000 sp=None, alg=pyr, runs=0
    resources: tmpdir=/var/folders/dj/14c985vd1ng7gf0vvw_ytrpw0000gn/T

[Tue Nov 12 00:02:41 2024]
Finished job 15.
3 of 9 steps (33%) done
Select jobs to execute...
Execute 1 jobs...

[Tue Nov 12 00:02:41 2024]
localrule combine_exps:
    input: results/synthetic/sbm/exp=1 re=True d=False/pyr/s=1000 sp=None/run/pyr_0.csv
    output: results/synthetic/sbm/exp=1 re=True d=False/pyr/s=1000 sp=None/pyr_0_combined.csv
    jobid: 14
    reason: Missing output files: results/synthetic/sbm/exp=1 re=True d=False/pyr/s=1000 sp=None/pyr_0_combined.csv; Input files updated by another job: results/synthetic/sbm/exp=1 re=True d=False/pyr/s=1000 sp=None/run/pyr_0.csv
    wildcards: path=results/synthetic/sbm/exp=1 re=True d=False/pyr/s=1000 sp=None, alg=pyr, runs=0
    resources: tmpdir=/var/folders/dj/14c985vd1ng7gf0vvw_ytrpw0000gn/T

[Tue Nov 12 00:02:41 2024]
Finished job 17.
4 of 9 steps (44%) done
Select jobs to execute...
Execute 1 jobs...

[Tue Nov 12 00:02:41 2024]
localrule combine_exps:
    input: results/synthetic/sbm/exp=1 re=False d=False/pyr/s=1000 sp=None/run/pyr_0.csv
    output: results/synthetic/sbm/exp=1 re=False d=False/pyr/s=1000 sp=None/pyr_0_combined.csv
    jobid: 16
    reason: Missing output files: results/synthetic/sbm/exp=1 re=False d=False/pyr/s=1000 sp=None/pyr_0_combined.csv; Input files updated by another job: results/synthetic/sbm/exp=1 re=False d=False/pyr/s=1000 sp=None/run/pyr_0.csv
    wildcards: path=results/synthetic/sbm/exp=1 re=False d=False/pyr/s=1000 sp=None, alg=pyr, runs=0
    resources: tmpdir=/var/folders/dj/14c985vd1ng7gf0vvw_ytrpw0000gn/T

[Tue Nov 12 00:02:41 2024]
Finished job 10.
5 of 9 steps (56%) done
[Tue Nov 12 00:02:41 2024]
Finished job 12.
6 of 9 steps (67%) done
[Tue Nov 12 00:02:42 2024]
Finished job 14.
7 of 9 steps (78%) done
[Tue Nov 12 00:02:42 2024]
Finished job 16.
8 of 9 steps (89%) done
Select jobs to execute...
Execute 1 jobs...

[Tue Nov 12 00:02:42 2024]
localrule sbm_test:
    input: results/synthetic/sbm/exp=0 re=True d=False/cx/e=False p=False l=10 s=20/cx_0_combined.csv, results/synthetic/sbm/exp=0 re=False d=False/cx/e=False p=False l=10 s=20/cx_0_combined.csv, results/synthetic/sbm/exp=1 re=True d=False/cx/e=False p=False l=10 s=20/cx_0_combined.csv, results/synthetic/sbm/exp=1 re=False d=False/cx/e=False p=False l=10 s=20/cx_0_combined.csv, results/synthetic/sbm/exp=0 re=True d=False/pyr/s=1000 sp=None/pyr_0_combined.csv, results/synthetic/sbm/exp=0 re=False d=False/pyr/s=1000 sp=None/pyr_0_combined.csv, results/synthetic/sbm/exp=1 re=True d=False/pyr/s=1000 sp=None/pyr_0_combined.csv, results/synthetic/sbm/exp=1 re=False d=False/pyr/s=1000 sp=None/pyr_0_combined.csv
    jobid: 0
    reason: Input files updated by another job: results/synthetic/sbm/exp=0 re=True d=False/pyr/s=1000 sp=None/pyr_0_combined.csv, results/synthetic/sbm/exp=0 re=False d=False/pyr/s=1000 sp=None/pyr_0_combined.csv, results/synthetic/sbm/exp=1 re=False d=False/pyr/s=1000 sp=None/pyr_0_combined.csv, results/synthetic/sbm/exp=1 re=True d=False/pyr/s=1000 sp=None/pyr_0_combined.csv
    resources: tmpdir=/var/folders/dj/14c985vd1ng7gf0vvw_ytrpw0000gn/T

[Tue Nov 12 00:02:42 2024]
Finished job 0.
9 of 9 steps (100%) done
Complete log: .snakemake/log/2024-11-12T000235.934185.snakemake.log
