host: MacBook-Pro-von-Frederic.local
Building DAG of jobs...
Using shell: /opt/local/bin/bash
Provided cores: 8
Rules claiming more threads will be scaled down.
Job stats:
job             count
------------  -------
combine_exps        2
er_cx               1
er_pyr              1
test_exp            1
total               5

Select jobs to execute...
Execute 2 jobs...

[Sat Dec  7 12:26:22 2024]
localrule er_cx:
    input: results/__cythonized__
    output: results/synthetic/er/n=100 p=0.5 r=0.5 re=False d=False/cx/e=False p=False l=10 s=5/run/cx_0.csv
    jobid: 5
    reason: Missing output files: results/synthetic/er/n=100 p=0.5 r=0.5 re=False d=False/cx/e=False p=False l=10 s=5/run/cx_0.csv
    wildcards: n_nodes=100, prob_p=0.5, neg_edge_prob=0.5, neg_edge_dist_exact=False, directed=False, exact=False, parallel=False, max_length=10, n_samples=5, run=0
    resources: tmpdir=/var/folders/dj/14c985vd1ng7gf0vvw_ytrpw0000gn/T

[Sat Dec  7 12:26:22 2024]
localrule er_pyr:
    input: results/__cythonized__
    output: results/synthetic/er/n=100 p=0.5 r=0.5 re=False d=False/pyr/s=10 sp=None/run/pyr_0.csv
    jobid: 2
    reason: Missing output files: results/synthetic/er/n=100 p=0.5 r=0.5 re=False d=False/pyr/s=10 sp=None/run/pyr_0.csv
    wildcards: n_nodes=100, prob_p=0.5, neg_edge_prob=0.5, neg_edge_dist_exact=False, directed=False, n_samples=10, pyr_spec_edge_prob=None, run=0
    resources: tmpdir=/var/folders/dj/14c985vd1ng7gf0vvw_ytrpw0000gn/T

[Sat Dec  7 12:26:26 2024]
Finished job 2.
1 of 5 steps (20%) done
Select jobs to execute...
Execute 1 jobs...

[Sat Dec  7 12:26:26 2024]
localrule combine_exps:
    input: results/synthetic/er/n=100 p=0.5 r=0.5 re=False d=False/pyr/s=10 sp=None/run/pyr_0.csv
    output: results/synthetic/er/n=100 p=0.5 r=0.5 re=False d=False/pyr/s=10 sp=None/pyr_0_combined.csv
    jobid: 1
    reason: Missing output files: results/synthetic/er/n=100 p=0.5 r=0.5 re=False d=False/pyr/s=10 sp=None/pyr_0_combined.csv; Input files updated by another job: results/synthetic/er/n=100 p=0.5 r=0.5 re=False d=False/pyr/s=10 sp=None/run/pyr_0.csv
    wildcards: path=results/synthetic/er/n=100 p=0.5 r=0.5 re=False d=False/pyr/s=10 sp=None, alg=pyr, runs=0
    resources: tmpdir=/var/folders/dj/14c985vd1ng7gf0vvw_ytrpw0000gn/T

[Sat Dec  7 12:26:28 2024]
Finished job 1.
2 of 5 steps (40%) done
[Sat Dec  7 12:26:31 2024]
Finished job 5.
3 of 5 steps (60%) done
Select jobs to execute...
Execute 1 jobs...

[Sat Dec  7 12:26:31 2024]
localrule combine_exps:
    input: results/synthetic/er/n=100 p=0.5 r=0.5 re=False d=False/cx/e=False p=False l=10 s=5/run/cx_0.csv
    output: results/synthetic/er/n=100 p=0.5 r=0.5 re=False d=False/cx/e=False p=False l=10 s=5/cx_0_combined.csv
    jobid: 4
    reason: Missing output files: results/synthetic/er/n=100 p=0.5 r=0.5 re=False d=False/cx/e=False p=False l=10 s=5/cx_0_combined.csv; Input files updated by another job: results/synthetic/er/n=100 p=0.5 r=0.5 re=False d=False/cx/e=False p=False l=10 s=5/run/cx_0.csv
    wildcards: path=results/synthetic/er/n=100 p=0.5 r=0.5 re=False d=False/cx/e=False p=False l=10 s=5, alg=cx, runs=0
    resources: tmpdir=/var/folders/dj/14c985vd1ng7gf0vvw_ytrpw0000gn/T

[Sat Dec  7 12:26:33 2024]
Finished job 4.
4 of 5 steps (80%) done
Select jobs to execute...
Execute 1 jobs...

[Sat Dec  7 12:26:33 2024]
localrule test_exp:
    input: results/synthetic/er/n=100 p=0.5 r=0.5 re=False d=False/pyr/s=10 sp=None/pyr_0_combined.csv, results/synthetic/er/n=100 p=0.5 r=0.5 re=False d=False/cx/e=False p=False l=10 s=5/cx_0_combined.csv
    jobid: 0
    reason: Input files updated by another job: results/synthetic/er/n=100 p=0.5 r=0.5 re=False d=False/cx/e=False p=False l=10 s=5/cx_0_combined.csv, results/synthetic/er/n=100 p=0.5 r=0.5 re=False d=False/pyr/s=10 sp=None/pyr_0_combined.csv
    resources: tmpdir=/var/folders/dj/14c985vd1ng7gf0vvw_ytrpw0000gn/T

[Sat Dec  7 12:26:33 2024]
Finished job 0.
5 of 5 steps (100%) done
Complete log: .snakemake/log/2024-12-07T122621.825527.snakemake.log
