host: MacBook-Pro-von-Frederic.local
Building DAG of jobs...
Using shell: /opt/local/bin/bash
Provided cores: 8
Rules claiming more threads will be scaled down.
Job stats:
job       count
------  -------
er_cx         1
er_exp        1
er_pyr        1
total         3

Select jobs to execute...
Execute 2 jobs...

[Fri Nov  8 16:32:23 2024]
localrule er_cx:
    input: results/__cythonized__
    output: results/synthetic/er/nodes=10 p=0.5 r=0.5/cx/samples=10 length=10 exact=False directed=False parallel=False/cx_1.csv
    jobid: 3
    reason: Code has changed since last execution
    wildcards: kind=er, n_nodes=10, prob_p=0.5, neg_edge_prob=0.5, n_samples=10, max_length=10, exact=False, directed=False, parallel=False, run=1
    resources: tmpdir=/var/folders/dj/14c985vd1ng7gf0vvw_ytrpw0000gn/T

[Fri Nov  8 16:32:23 2024]
localrule er_pyr:
    input: results/__cythonized__
    output: results/synthetic/er/nodes=10 p=0.5 r=0.5/pyr/samples=100 specified_p=0.5/pyr_0.csv
    jobid: 1
    reason: Missing output files: results/synthetic/er/nodes=10 p=0.5 r=0.5/pyr/samples=100 specified_p=0.5/pyr_0.csv
    wildcards: kind=er, n_nodes=10, prob_p=0.5, neg_edge_prob=0.5, n_samples=100, pyr_spec_edge_prob=0.5, run=0
    resources: tmpdir=/var/folders/dj/14c985vd1ng7gf0vvw_ytrpw0000gn/T

[Fri Nov  8 16:32:25 2024]
Finished job 1.
1 of 3 steps (33%) done
[Fri Nov  8 16:32:31 2024]
Finished job 3.
2 of 3 steps (67%) done
Select jobs to execute...
Execute 1 jobs...

[Fri Nov  8 16:32:31 2024]
localrule er_exp:
    input: results/synthetic/er/nodes=10 p=0.5 r=0.5/pyr/samples=100 specified_p=0.5/pyr_0.csv, results/synthetic/er/nodes=10 p=0.5 r=0.5/cx/samples=10 length=10 exact=False directed=False parallel=False/cx_1.csv
    jobid: 0
    reason: Input files updated by another job: results/synthetic/er/nodes=10 p=0.5 r=0.5/pyr/samples=100 specified_p=0.5/pyr_0.csv, results/synthetic/er/nodes=10 p=0.5 r=0.5/cx/samples=10 length=10 exact=False directed=False parallel=False/cx_1.csv
    resources: tmpdir=/var/folders/dj/14c985vd1ng7gf0vvw_ytrpw0000gn/T

[Fri Nov  8 16:32:31 2024]
Finished job 0.
3 of 3 steps (100%) done
Complete log: .snakemake/log/2024-11-08T163222.675156.snakemake.log
