host: MBPvonFrederic
Building DAG of jobs...
Using shell: /opt/local/bin/bash
Provided cores: 8
Rules claiming more threads will be scaled down.
Job stats:
job                 count
----------------  -------
all                     1
first_experiment        1
total                   2

Select jobs to execute...
Execute 1 jobs...

[Wed Sep 18 12:34:33 2024]
localrule first_experiment:
    output: my_first_output.csv
    jobid: 2
    reason: Missing output files: my_first_output.csv
    resources: tmpdir=/var/folders/dj/14c985vd1ng7gf0vvw_ytrpw0000gn/T

RuleException:
CalledProcessError in file /Users/fredericbusch/Desktop/Thesis/py-raccoon_fork/py-raccoon/workflow/Snakefile, line 24:
Command 'set -euo pipefail;  /Users/fredericbusch/miniforge3/envs/py-raccoon/bin/python3.12 /Users/fredericbusch/Desktop/Thesis/py-raccoon_fork/py-raccoon/.snakemake/scripts/tmpy6xkl6t5.random_graph_csv.py' returned non-zero exit status 1.
[Wed Sep 18 12:34:37 2024]
Error in rule first_experiment:
    jobid: 2
    output: my_first_output.csv

Shutting down, this might take some time.
Exiting because a job execution failed. Look above for error message
Complete log: .snakemake/log/2024-09-18T123433.344134.snakemake.log
WorkflowError:
At least one job did not complete successfully.
