host: MacBook-Pro-von-Frederic.local
Building DAG of jobs...
Using shell: /opt/local/bin/bash
Provided cores: 8
Rules claiming more threads will be scaled down.
Job stats:
job          count
---------  -------
cythonize        1
er_cx            1
er_exp           1
total            3

Select jobs to execute...
Execute 1 jobs...

[Fri Nov  8 17:56:06 2024]
localrule cythonize:
    input: src/py_raccoon/balance_sampling.pyx, src/py_raccoon/balance_spanning_trees.pyx
    output: results/__cythonized__
    jobid: 2
    reason: Missing output files: results/__cythonized__
    resources: tmpdir=/var/folders/dj/14c985vd1ng7gf0vvw_ytrpw0000gn/T

[Fri Nov  8 17:56:08 2024]
Finished job 2.
1 of 3 steps (33%) done
Select jobs to execute...
Execute 1 jobs...

[Fri Nov  8 17:56:08 2024]
localrule er_cx:
    input: results/__cythonized__
    output: results/synthetic/er/nodes=20 p=0.2 r=0.5/cx/samples=10 length=10 exact=False directed=True parallel=False/cx_0.csv
    jobid: 1
    reason: Missing output files: results/synthetic/er/nodes=20 p=0.2 r=0.5/cx/samples=10 length=10 exact=False directed=True parallel=False/cx_0.csv; Input files updated by another job: results/__cythonized__
    wildcards: kind=er, n_nodes=20, prob_p=0.2, neg_edge_prob=0.5, n_samples=10, max_length=10, exact=False, directed=True, parallel=False, run=0
    resources: tmpdir=/var/folders/dj/14c985vd1ng7gf0vvw_ytrpw0000gn/T

[Fri Nov  8 17:56:13 2024]
Finished job 1.
2 of 3 steps (67%) done
Select jobs to execute...
Execute 1 jobs...

[Fri Nov  8 17:56:13 2024]
localrule er_exp:
    input: results/synthetic/er/nodes=20 p=0.2 r=0.5/cx/samples=10 length=10 exact=False directed=True parallel=False/cx_0.csv
    jobid: 0
    reason: Input files updated by another job: results/synthetic/er/nodes=20 p=0.2 r=0.5/cx/samples=10 length=10 exact=False directed=True parallel=False/cx_0.csv
    resources: tmpdir=/var/folders/dj/14c985vd1ng7gf0vvw_ytrpw0000gn/T

[Fri Nov  8 17:56:13 2024]
Finished job 0.
3 of 3 steps (100%) done
Complete log: .snakemake/log/2024-11-08T175606.408722.snakemake.log
