host: fredduuxd
Building DAG of jobs...
Provided cores: 16
Rules claiming more threads will be scaled down.
Job stats:
job             count
------------  -------
all                 1
combine_exps       13
complete_cx         3
complete_pyr        3
er_cx               9
random_cx           1
random_pyr         11
sbm_cx             17
sbm_pyr            22
total              80

Select jobs to execute...
Execute 16 jobs...

[Mon Nov 11 01:21:48 2024]
localrule sbm_pyr:
    input: results/__cythonized__
    output: results/synthetic/sbm/exp=1 r=0.5 d=False/pyr/s=1000 sp=None/run/pyr_7.csv
    jobid: 61
    reason: Missing output files: results/synthetic/sbm/exp=1 r=0.5 d=False/pyr/s=1000 sp=None/run/pyr_7.csv
    wildcards: exp=1, neg_edge_prob=0.5, n_samples=1000, pyr_spec_edge_prob=None, run=7
    resources: tmpdir=C:\Users\FREDDU~1\AppData\Local\Temp

[Mon Nov 11 01:21:48 2024]
localrule sbm_pyr:
    input: results/__cythonized__
    output: results/synthetic/sbm/exp=0 r=0.5 d=False/pyr/s=1000 sp=None/run/pyr_3.csv
    jobid: 45
    reason: Missing output files: results/synthetic/sbm/exp=0 r=0.5 d=False/pyr/s=1000 sp=None/run/pyr_3.csv
    wildcards: exp=0, neg_edge_prob=0.5, n_samples=1000, pyr_spec_edge_prob=None, run=3
    resources: tmpdir=C:\Users\FREDDU~1\AppData\Local\Temp

[Mon Nov 11 01:21:48 2024]
localrule random_pyr:
    input: results/__cythonized__
    output: results/synthetic/random/n=20 m=50 r=0.5 d=False/pyr/s=1000 sp=1/run/pyr_10.csv
    jobid: 40
    reason: Missing output files: results/synthetic/random/n=20 m=50 r=0.5 d=False/pyr/s=1000 sp=1/run/pyr_10.csv
    wildcards: n_nodes=20, n_edges=50, neg_edge_prob=0.5, n_samples=1000, pyr_spec_edge_prob=1, run=10
    resources: tmpdir=C:\Users\FREDDU~1\AppData\Local\Temp

[Mon Nov 11 01:21:48 2024]
localrule sbm_pyr:
    input: results/__cythonized__
    output: results/synthetic/sbm/exp=1 r=0.5 d=False/pyr/s=1000 sp=None/run/pyr_3.csv
    jobid: 57
    reason: Missing output files: results/synthetic/sbm/exp=1 r=0.5 d=False/pyr/s=1000 sp=None/run/pyr_3.csv
    wildcards: exp=1, neg_edge_prob=0.5, n_samples=1000, pyr_spec_edge_prob=None, run=3
    resources: tmpdir=C:\Users\FREDDU~1\AppData\Local\Temp

[Mon Nov 11 01:21:48 2024]
localrule complete_pyr:
    input: results/__cythonized__
    output: results/synthetic/complete/n=20 r=0.5 d=False/pyr/s=1000 sp=1/run/pyr_1.csv
    jobid: 24
    reason: Missing output files: results/synthetic/complete/n=20 r=0.5 d=False/pyr/s=1000 sp=1/run/pyr_1.csv
    wildcards: n_nodes=20, neg_edge_prob=0.5, n_samples=1000, pyr_spec_edge_prob=1, run=1
    resources: tmpdir=C:\Users\FREDDU~1\AppData\Local\Temp

[Mon Nov 11 01:21:48 2024]
localrule sbm_pyr:
    input: results/__cythonized__
    output: results/synthetic/sbm/exp=0 r=0.5 d=False/pyr/s=1000 sp=None/run/pyr_2.csv
    jobid: 44
    reason: Missing output files: results/synthetic/sbm/exp=0 r=0.5 d=False/pyr/s=1000 sp=None/run/pyr_2.csv
    wildcards: exp=0, neg_edge_prob=0.5, n_samples=1000, pyr_spec_edge_prob=None, run=2
    resources: tmpdir=C:\Users\FREDDU~1\AppData\Local\Temp

[Mon Nov 11 01:21:48 2024]
localrule sbm_pyr:
    input: results/__cythonized__
    output: results/synthetic/sbm/exp=1 r=0.5 d=False/pyr/s=1000 sp=None/run/pyr_6.csv
    jobid: 60
    reason: Missing output files: results/synthetic/sbm/exp=1 r=0.5 d=False/pyr/s=1000 sp=None/run/pyr_6.csv
    wildcards: exp=1, neg_edge_prob=0.5, n_samples=1000, pyr_spec_edge_prob=None, run=6
    resources: tmpdir=C:\Users\FREDDU~1\AppData\Local\Temp

[Mon Nov 11 01:21:48 2024]
localrule sbm_cx:
    output: results/synthetic/sbm/exp=1 r=0.5 d=False/cx/e=False p=False l=10 s=20/run/cx_6.csv
    jobid: 84
    reason: Missing output files: results/synthetic/sbm/exp=1 r=0.5 d=False/cx/e=False p=False l=10 s=20/run/cx_6.csv
    wildcards: exp=1, neg_edge_prob=0.5, directed=False, exact=False, parallel=False, max_length=10, n_samples=20, run=6
    resources: tmpdir=C:\Users\FREDDU~1\AppData\Local\Temp

[Mon Nov 11 01:21:48 2024]
localrule er_cx:
    output: results/synthetic/er/n=10 p=0.5 r=0.5 d=True/cx/e=True p=False l=10 s=1/run/cx_2.csv
    jobid: 9
    reason: Missing output files: results/synthetic/er/n=10 p=0.5 r=0.5 d=True/cx/e=True p=False l=10 s=1/run/cx_2.csv
    wildcards: n_nodes=10, prob_p=0.5, neg_edge_prob=0.5, directed=True, exact=True, parallel=False, max_length=10, n_samples=1, run=2
    resources: tmpdir=C:\Users\FREDDU~1\AppData\Local\Temp

[Mon Nov 11 01:21:48 2024]
localrule sbm_cx:
    output: results/synthetic/sbm/exp=1 r=0.5 d=False/cx/e=False p=False l=10 s=20/run/cx_1.csv
    jobid: 79
    reason: Missing output files: results/synthetic/sbm/exp=1 r=0.5 d=False/cx/e=False p=False l=10 s=20/run/cx_1.csv
    wildcards: exp=1, neg_edge_prob=0.5, directed=False, exact=False, parallel=False, max_length=10, n_samples=20, run=1
    resources: tmpdir=C:\Users\FREDDU~1\AppData\Local\Temp

[Mon Nov 11 01:21:48 2024]
localrule sbm_pyr:
    input: results/__cythonized__
    output: results/synthetic/sbm/exp=0 r=0.5 d=False/pyr/s=1000 sp=None/run/pyr_1.csv
    jobid: 43
    reason: Missing output files: results/synthetic/sbm/exp=0 r=0.5 d=False/pyr/s=1000 sp=None/run/pyr_1.csv
    wildcards: exp=0, neg_edge_prob=0.5, n_samples=1000, pyr_spec_edge_prob=None, run=1
    resources: tmpdir=C:\Users\FREDDU~1\AppData\Local\Temp

[Mon Nov 11 01:21:48 2024]
localrule sbm_pyr:
    input: results/__cythonized__
    output: results/synthetic/sbm/exp=1 r=0.5 d=False/pyr/s=1000 sp=None/run/pyr_5.csv
    jobid: 59
    reason: Missing output files: results/synthetic/sbm/exp=1 r=0.5 d=False/pyr/s=1000 sp=None/run/pyr_5.csv
    wildcards: exp=1, neg_edge_prob=0.5, n_samples=1000, pyr_spec_edge_prob=None, run=5
    resources: tmpdir=C:\Users\FREDDU~1\AppData\Local\Temp

[Mon Nov 11 01:21:48 2024]
localrule random_cx:
    output: results/synthetic/random/n=20 m=50 r=0.5 d=False/cx/e=False p=False l=10 s=20/run/cx_0.csv
    jobid: 27
    reason: Missing output files: results/synthetic/random/n=20 m=50 r=0.5 d=False/cx/e=False p=False l=10 s=20/run/cx_0.csv
    wildcards: n_nodes=20, n_edges=50, neg_edge_prob=0.5, directed=False, exact=False, parallel=False, max_length=10, n_samples=20, run=0
    resources: tmpdir=C:\Users\FREDDU~1\AppData\Local\Temp

[Mon Nov 11 01:21:48 2024]
localrule sbm_pyr:
    input: results/__cythonized__
    output: results/synthetic/sbm/exp=0 r=0.5 d=False/pyr/s=1000 sp=None/run/pyr_0.csv
    jobid: 42
    reason: Missing output files: results/synthetic/sbm/exp=0 r=0.5 d=False/pyr/s=1000 sp=None/run/pyr_0.csv
    wildcards: exp=0, neg_edge_prob=0.5, n_samples=1000, pyr_spec_edge_prob=None, run=0
    resources: tmpdir=C:\Users\FREDDU~1\AppData\Local\Temp

[Mon Nov 11 01:21:48 2024]
localrule sbm_pyr:
    input: results/__cythonized__
    output: results/synthetic/sbm/exp=1 r=0.5 d=False/pyr/s=1000 sp=None/run/pyr_4.csv
    jobid: 58
    reason: Missing output files: results/synthetic/sbm/exp=1 r=0.5 d=False/pyr/s=1000 sp=None/run/pyr_4.csv
    wildcards: exp=1, neg_edge_prob=0.5, n_samples=1000, pyr_spec_edge_prob=None, run=4
    resources: tmpdir=C:\Users\FREDDU~1\AppData\Local\Temp

[Mon Nov 11 01:21:48 2024]
localrule complete_pyr:
    input: results/__cythonized__
    output: results/synthetic/complete/n=20 r=0.5 d=False/pyr/s=1000 sp=1/run/pyr_2.csv
    jobid: 25
    reason: Missing output files: results/synthetic/complete/n=20 r=0.5 d=False/pyr/s=1000 sp=1/run/pyr_2.csv
    wildcards: n_nodes=20, neg_edge_prob=0.5, n_samples=1000, pyr_spec_edge_prob=1, run=2
    resources: tmpdir=C:\Users\FREDDU~1\AppData\Local\Temp

RuleException:
CalledProcessError in file C:\Users\fredduuxd\Desktop\Thesis\py-raccoon\workflow\Snakefile, line 123:
Command 'C:/Users/fredduuxd/miniforge3/envs/py-raccoon/python.exe "C:\Users\fredduuxd\Desktop\Thesis\py-raccoon\.snakemake\scripts\tmpcwzptcyk.experiment.py"' returned non-zero exit status 1.
[Mon Nov 11 01:21:51 2024]
Error in rule sbm_pyr:
    jobid: 44
    input: results/__cythonized__
    output: results/synthetic/sbm/exp=0 r=0.5 d=False/pyr/s=1000 sp=None/run/pyr_2.csv

RuleException:
CalledProcessError in file C:\Users\fredduuxd\Desktop\Thesis\py-raccoon\workflow\Snakefile, line 123:
Command 'C:/Users/fredduuxd/miniforge3/envs/py-raccoon/python.exe "C:\Users\fredduuxd\Desktop\Thesis\py-raccoon\.snakemake\scripts\tmp3r8otoiq.experiment.py"' returned non-zero exit status 1.
[Mon Nov 11 01:21:51 2024]
Error in rule sbm_pyr:
    jobid: 42
    input: results/__cythonized__
    output: results/synthetic/sbm/exp=0 r=0.5 d=False/pyr/s=1000 sp=None/run/pyr_0.csv

RuleException:
CalledProcessError in file C:\Users\fredduuxd\Desktop\Thesis\py-raccoon\workflow\Snakefile, line 81:
Command 'C:/Users/fredduuxd/miniforge3/envs/py-raccoon/python.exe "C:\Users\fredduuxd\Desktop\Thesis\py-raccoon\.snakemake\scripts\tmph00yy7ua.experiment.py"' returned non-zero exit status 1.
[Mon Nov 11 01:21:51 2024]
Error in rule complete_pyr:
    jobid: 24
    input: results/__cythonized__
    output: results/synthetic/complete/n=20 r=0.5 d=False/pyr/s=1000 sp=1/run/pyr_1.csv

RuleException:
CalledProcessError in file C:\Users\fredduuxd\Desktop\Thesis\py-raccoon\workflow\Snakefile, line 123:
Command 'C:/Users/fredduuxd/miniforge3/envs/py-raccoon/python.exe "C:\Users\fredduuxd\Desktop\Thesis\py-raccoon\.snakemake\scripts\tmphgqbp7xc.experiment.py"' returned non-zero exit status 1.
RuleException:
CalledProcessError in file C:\Users\fredduuxd\Desktop\Thesis\py-raccoon\workflow\Snakefile, line 123:
Command 'C:/Users/fredduuxd/miniforge3/envs/py-raccoon/python.exe "C:\Users\fredduuxd\Desktop\Thesis\py-raccoon\.snakemake\scripts\tmpt96525wy.experiment.py"' returned non-zero exit status 1.
RuleException:
CalledProcessError in file C:\Users\fredduuxd\Desktop\Thesis\py-raccoon\workflow\Snakefile, line 123:
Command 'C:/Users/fredduuxd/miniforge3/envs/py-raccoon/python.exe "C:\Users\fredduuxd\Desktop\Thesis\py-raccoon\.snakemake\scripts\tmpg8u9qgz7.experiment.py"' returned non-zero exit status 1.
[Mon Nov 11 01:21:51 2024]
RuleException:
CalledProcessError in file C:\Users\fredduuxd\Desktop\Thesis\py-raccoon\workflow\Snakefile, line 61:
Command 'C:/Users/fredduuxd/miniforge3/envs/py-raccoon/python.exe "C:\Users\fredduuxd\Desktop\Thesis\py-raccoon\.snakemake\scripts\tmpy529ew3z.experiment.py"' returned non-zero exit status 1.
[Mon Nov 11 01:21:51 2024]
[Mon Nov 11 01:21:51 2024]
Error in rule sbm_pyr:
    jobid: 59
    input: results/__cythonized__
    output: results/synthetic/sbm/exp=1 r=0.5 d=False/pyr/s=1000 sp=None/run/pyr_5.csv

[Mon Nov 11 01:21:51 2024]
RuleException:
CalledProcessError in file C:\Users\fredduuxd\Desktop\Thesis\py-raccoon\workflow\Snakefile, line 123:
Command 'C:/Users/fredduuxd/miniforge3/envs/py-raccoon/python.exe "C:\Users\fredduuxd\Desktop\Thesis\py-raccoon\.snakemake\scripts\tmpbw2em7jv.experiment.py"' returned non-zero exit status 1.
Error in rule sbm_pyr:
    jobid: 58
    input: results/__cythonized__
    output: results/synthetic/sbm/exp=1 r=0.5 d=False/pyr/s=1000 sp=None/run/pyr_4.csv

Error in rule sbm_pyr:
    jobid: 61
    input: results/__cythonized__
    output: results/synthetic/sbm/exp=1 r=0.5 d=False/pyr/s=1000 sp=None/run/pyr_7.csv

Error in rule random_pyr:
    jobid: 40
    input: results/__cythonized__
    output: results/synthetic/random/n=20 m=50 r=0.5 d=False/pyr/s=1000 sp=1/run/pyr_10.csv

[Mon Nov 11 01:21:51 2024]
Error in rule sbm_pyr:
    jobid: 60
    input: results/__cythonized__
    output: results/synthetic/sbm/exp=1 r=0.5 d=False/pyr/s=1000 sp=None/run/pyr_6.csv

RuleException:
CalledProcessError in file C:\Users\fredduuxd\Desktop\Thesis\py-raccoon\workflow\Snakefile, line 123:
Command 'C:/Users/fredduuxd/miniforge3/envs/py-raccoon/python.exe "C:\Users\fredduuxd\Desktop\Thesis\py-raccoon\.snakemake\scripts\tmpqkdixs9p.experiment.py"' returned non-zero exit status 1.
RuleException:
CalledProcessError in file C:\Users\fredduuxd\Desktop\Thesis\py-raccoon\workflow\Snakefile, line 81:
Command 'C:/Users/fredduuxd/miniforge3/envs/py-raccoon/python.exe "C:\Users\fredduuxd\Desktop\Thesis\py-raccoon\.snakemake\scripts\tmp1qgl_tuy.experiment.py"' returned non-zero exit status 1.
RuleException:
CalledProcessError in file C:\Users\fredduuxd\Desktop\Thesis\py-raccoon\workflow\Snakefile, line 123:
Command 'C:/Users/fredduuxd/miniforge3/envs/py-raccoon/python.exe "C:\Users\fredduuxd\Desktop\Thesis\py-raccoon\.snakemake\scripts\tmp0gba2ie6.experiment.py"' returned non-zero exit status 1.
[Mon Nov 11 01:21:51 2024]
[Mon Nov 11 01:21:51 2024]
RuleException:
CalledProcessError in file C:\Users\fredduuxd\Desktop\Thesis\py-raccoon\workflow\Snakefile, line 123:
Command 'C:/Users/fredduuxd/miniforge3/envs/py-raccoon/python.exe "C:\Users\fredduuxd\Desktop\Thesis\py-raccoon\.snakemake\scripts\tmps7xaonpr.experiment.py"' returned non-zero exit status 1.
[Mon Nov 11 01:21:51 2024]
Error in rule sbm_pyr:
    jobid: 45
    input: results/__cythonized__
    output: results/synthetic/sbm/exp=0 r=0.5 d=False/pyr/s=1000 sp=None/run/pyr_3.csv

Error in rule complete_pyr:
    jobid: 25
    input: results/__cythonized__
    output: results/synthetic/complete/n=20 r=0.5 d=False/pyr/s=1000 sp=1/run/pyr_2.csv

[Mon Nov 11 01:21:51 2024]
Error in rule sbm_pyr:
    jobid: 43
    input: results/__cythonized__
    output: results/synthetic/sbm/exp=0 r=0.5 d=False/pyr/s=1000 sp=None/run/pyr_1.csv

Error in rule sbm_pyr:
    jobid: 57
    input: results/__cythonized__
    output: results/synthetic/sbm/exp=1 r=0.5 d=False/pyr/s=1000 sp=None/run/pyr_3.csv

[Mon Nov 11 01:21:51 2024]
Finished job 9.
1 of 80 steps (1%) done
[Mon Nov 11 01:21:53 2024]
Finished job 27.
2 of 80 steps (2%) done
[Mon Nov 11 01:21:54 2024]
Finished job 84.
3 of 80 steps (4%) done
[Mon Nov 11 01:21:55 2024]
Finished job 79.
4 of 80 steps (5%) done
Shutting down, this might take some time.
Exiting because a job execution failed. Look above for error message
Complete log: .snakemake\log\2024-11-11T012148.188692.snakemake.log
WorkflowError:
At least one job did not complete successfully.
