host: MacBook-Pro-von-Frederic.local
Building DAG of jobs...
Using shell: /opt/local/bin/bash
Provided cores: 8
Rules claiming more threads will be scaled down.
Job stats:
job             count
------------  -------
combine_exps        6
complete_exp        1
complete_pyr       13
total              20

Select jobs to execute...
Execute 8 jobs...

[Tue Nov 12 01:48:11 2024]
localrule complete_pyr:
    input: results/__cythonized__
    output: results/synthetic/complete/n=5 r=0.1 re=True d=False/pyr/s=1000 sp=None/run/pyr_1.csv
    jobid: 8
    reason: Missing output files: results/synthetic/complete/n=5 r=0.1 re=True d=False/pyr/s=1000 sp=None/run/pyr_1.csv
    wildcards: n_nodes=5, neg_edge_prob=0.1, neg_edge_dist_exact=True, directed=False, n_samples=1000, pyr_spec_edge_prob=None, run=1
    resources: tmpdir=/var/folders/dj/14c985vd1ng7gf0vvw_ytrpw0000gn/T

[Tue Nov 12 01:48:11 2024]
localrule complete_pyr:
    input: results/__cythonized__
    output: results/synthetic/complete/n=9 r=0.1 re=True d=False/pyr/s=1000 sp=None/run/pyr_0.csv
    jobid: 23
    reason: Missing output files: results/synthetic/complete/n=9 r=0.1 re=True d=False/pyr/s=1000 sp=None/run/pyr_0.csv
    wildcards: n_nodes=9, neg_edge_prob=0.1, neg_edge_dist_exact=True, directed=False, n_samples=1000, pyr_spec_edge_prob=None, run=0
    resources: tmpdir=/var/folders/dj/14c985vd1ng7gf0vvw_ytrpw0000gn/T

[Tue Nov 12 01:48:11 2024]
localrule complete_pyr:
    input: results/__cythonized__
    output: results/synthetic/complete/n=6 r=0.1 re=True d=False/pyr/s=1000 sp=None/run/pyr_1.csv
    jobid: 12
    reason: Missing output files: results/synthetic/complete/n=6 r=0.1 re=True d=False/pyr/s=1000 sp=None/run/pyr_1.csv
    wildcards: n_nodes=6, neg_edge_prob=0.1, neg_edge_dist_exact=True, directed=False, n_samples=1000, pyr_spec_edge_prob=None, run=1
    resources: tmpdir=/var/folders/dj/14c985vd1ng7gf0vvw_ytrpw0000gn/T

[Tue Nov 12 01:48:11 2024]
localrule complete_pyr:
    input: results/__cythonized__
    output: results/synthetic/complete/n=5 r=0.1 re=True d=False/pyr/s=1000 sp=None/run/pyr_0.csv
    jobid: 7
    reason: Missing output files: results/synthetic/complete/n=5 r=0.1 re=True d=False/pyr/s=1000 sp=None/run/pyr_0.csv
    wildcards: n_nodes=5, neg_edge_prob=0.1, neg_edge_dist_exact=True, directed=False, n_samples=1000, pyr_spec_edge_prob=None, run=0
    resources: tmpdir=/var/folders/dj/14c985vd1ng7gf0vvw_ytrpw0000gn/T

[Tue Nov 12 01:48:11 2024]
localrule complete_pyr:
    input: results/__cythonized__
    output: results/synthetic/complete/n=8 r=0.1 re=True d=False/pyr/s=1000 sp=None/run/pyr_2.csv
    jobid: 21
    reason: Missing output files: results/synthetic/complete/n=8 r=0.1 re=True d=False/pyr/s=1000 sp=None/run/pyr_2.csv
    wildcards: n_nodes=8, neg_edge_prob=0.1, neg_edge_dist_exact=True, directed=False, n_samples=1000, pyr_spec_edge_prob=None, run=2
    resources: tmpdir=/var/folders/dj/14c985vd1ng7gf0vvw_ytrpw0000gn/T

[Tue Nov 12 01:48:11 2024]
localrule complete_pyr:
    input: results/__cythonized__
    output: results/synthetic/complete/n=5 r=0.1 re=True d=False/pyr/s=1000 sp=None/run/pyr_2.csv
    jobid: 9
    reason: Missing output files: results/synthetic/complete/n=5 r=0.1 re=True d=False/pyr/s=1000 sp=None/run/pyr_2.csv
    wildcards: n_nodes=5, neg_edge_prob=0.1, neg_edge_dist_exact=True, directed=False, n_samples=1000, pyr_spec_edge_prob=None, run=2
    resources: tmpdir=/var/folders/dj/14c985vd1ng7gf0vvw_ytrpw0000gn/T

[Tue Nov 12 01:48:11 2024]
localrule complete_pyr:
    input: results/__cythonized__
    output: results/synthetic/complete/n=9 r=0.1 re=True d=False/pyr/s=1000 sp=None/run/pyr_1.csv
    jobid: 24
    reason: Missing output files: results/synthetic/complete/n=9 r=0.1 re=True d=False/pyr/s=1000 sp=None/run/pyr_1.csv
    wildcards: n_nodes=9, neg_edge_prob=0.1, neg_edge_dist_exact=True, directed=False, n_samples=1000, pyr_spec_edge_prob=None, run=1
    resources: tmpdir=/var/folders/dj/14c985vd1ng7gf0vvw_ytrpw0000gn/T

[Tue Nov 12 01:48:11 2024]
localrule complete_pyr:
    input: results/__cythonized__
    output: results/synthetic/complete/n=6 r=0.1 re=True d=False/pyr/s=1000 sp=None/run/pyr_2.csv
    jobid: 13
    reason: Missing output files: results/synthetic/complete/n=6 r=0.1 re=True d=False/pyr/s=1000 sp=None/run/pyr_2.csv
    wildcards: n_nodes=6, neg_edge_prob=0.1, neg_edge_dist_exact=True, directed=False, n_samples=1000, pyr_spec_edge_prob=None, run=2
    resources: tmpdir=/var/folders/dj/14c985vd1ng7gf0vvw_ytrpw0000gn/T

[Tue Nov 12 01:48:16 2024]
Finished job 8.
1 of 20 steps (5%) done
Select jobs to execute...
Execute 1 jobs...

[Tue Nov 12 01:48:16 2024]
localrule complete_pyr:
    input: results/__cythonized__
    output: results/synthetic/complete/n=4 r=0.1 re=True d=False/pyr/s=1000 sp=None/run/pyr_0.csv
    jobid: 2
    reason: Missing output files: results/synthetic/complete/n=4 r=0.1 re=True d=False/pyr/s=1000 sp=None/run/pyr_0.csv
    wildcards: n_nodes=4, neg_edge_prob=0.1, neg_edge_dist_exact=True, directed=False, n_samples=1000, pyr_spec_edge_prob=None, run=0
    resources: tmpdir=/var/folders/dj/14c985vd1ng7gf0vvw_ytrpw0000gn/T

[Tue Nov 12 01:48:16 2024]
Finished job 9.
2 of 20 steps (10%) done
[Tue Nov 12 01:48:16 2024]
Finished job 7.
3 of 20 steps (15%) done
Select jobs to execute...
Execute 2 jobs...

[Tue Nov 12 01:48:16 2024]
localrule complete_pyr:
    input: results/__cythonized__
    output: results/synthetic/complete/n=6 r=0.1 re=True d=False/pyr/s=1000 sp=None/run/pyr_0.csv
    jobid: 11
    reason: Missing output files: results/synthetic/complete/n=6 r=0.1 re=True d=False/pyr/s=1000 sp=None/run/pyr_0.csv
    wildcards: n_nodes=6, neg_edge_prob=0.1, neg_edge_dist_exact=True, directed=False, n_samples=1000, pyr_spec_edge_prob=None, run=0
    resources: tmpdir=/var/folders/dj/14c985vd1ng7gf0vvw_ytrpw0000gn/T

[Tue Nov 12 01:48:16 2024]
localrule complete_pyr:
    input: results/__cythonized__
    output: results/synthetic/complete/n=4 r=0.1 re=True d=False/pyr/s=1000 sp=None/run/pyr_1.csv
    jobid: 4
    reason: Missing output files: results/synthetic/complete/n=4 r=0.1 re=True d=False/pyr/s=1000 sp=None/run/pyr_1.csv
    wildcards: n_nodes=4, neg_edge_prob=0.1, neg_edge_dist_exact=True, directed=False, n_samples=1000, pyr_spec_edge_prob=None, run=1
    resources: tmpdir=/var/folders/dj/14c985vd1ng7gf0vvw_ytrpw0000gn/T

[Tue Nov 12 01:48:16 2024]
Finished job 12.
4 of 20 steps (20%) done
Select jobs to execute...
Execute 1 jobs...

[Tue Nov 12 01:48:16 2024]
localrule complete_pyr:
    input: results/__cythonized__
    output: results/synthetic/complete/n=8 r=0.1 re=True d=False/pyr/s=1000 sp=None/run/pyr_1.csv
    jobid: 20
    reason: Missing output files: results/synthetic/complete/n=8 r=0.1 re=True d=False/pyr/s=1000 sp=None/run/pyr_1.csv
    wildcards: n_nodes=8, neg_edge_prob=0.1, neg_edge_dist_exact=True, directed=False, n_samples=1000, pyr_spec_edge_prob=None, run=1
    resources: tmpdir=/var/folders/dj/14c985vd1ng7gf0vvw_ytrpw0000gn/T

[Tue Nov 12 01:48:16 2024]
Finished job 13.
5 of 20 steps (25%) done
Select jobs to execute...
Execute 1 jobs...

[Tue Nov 12 01:48:16 2024]
localrule complete_pyr:
    input: results/__cythonized__
    output: results/synthetic/complete/n=7 r=0.1 re=True d=False/pyr/s=1000 sp=None/run/pyr_0.csv
    jobid: 15
    reason: Missing output files: results/synthetic/complete/n=7 r=0.1 re=True d=False/pyr/s=1000 sp=None/run/pyr_0.csv
    wildcards: n_nodes=7, neg_edge_prob=0.1, neg_edge_dist_exact=True, directed=False, n_samples=1000, pyr_spec_edge_prob=None, run=0
    resources: tmpdir=/var/folders/dj/14c985vd1ng7gf0vvw_ytrpw0000gn/T

Select jobs to execute...
Waiting for more resources.
[Tue Nov 12 01:48:16 2024]
Finished job 21.
6 of 20 steps (30%) done
Execute 1 jobs...

[Tue Nov 12 01:48:16 2024]
localrule combine_exps:
    input: results/synthetic/complete/n=5 r=0.1 re=True d=False/pyr/s=1000 sp=None/run/pyr_0.csv, results/synthetic/complete/n=5 r=0.1 re=True d=False/pyr/s=1000 sp=None/run/pyr_1.csv, results/synthetic/complete/n=5 r=0.1 re=True d=False/pyr/s=1000 sp=None/run/pyr_2.csv
    output: results/synthetic/complete/n=5 r=0.1 re=True d=False/pyr/s=1000 sp=None/pyr_2_combined.csv
    jobid: 6
    reason: Missing output files: results/synthetic/complete/n=5 r=0.1 re=True d=False/pyr/s=1000 sp=None/pyr_2_combined.csv; Input files updated by another job: results/synthetic/complete/n=5 r=0.1 re=True d=False/pyr/s=1000 sp=None/run/pyr_0.csv, results/synthetic/complete/n=5 r=0.1 re=True d=False/pyr/s=1000 sp=None/run/pyr_1.csv, results/synthetic/complete/n=5 r=0.1 re=True d=False/pyr/s=1000 sp=None/run/pyr_2.csv
    wildcards: path=results/synthetic/complete/n=5 r=0.1 re=True d=False/pyr/s=1000 sp=None, alg=pyr, runs=2
    resources: tmpdir=/var/folders/dj/14c985vd1ng7gf0vvw_ytrpw0000gn/T

[Tue Nov 12 01:48:17 2024]
Finished job 24.
7 of 20 steps (35%) done
[Tue Nov 12 01:48:17 2024]
Finished job 23.
8 of 20 steps (40%) done
Select jobs to execute...
Execute 1 jobs...

[Tue Nov 12 01:48:17 2024]
localrule combine_exps:
    input: results/synthetic/complete/n=9 r=0.1 re=True d=False/pyr/s=1000 sp=None/run/pyr_0.csv, results/synthetic/complete/n=9 r=0.1 re=True d=False/pyr/s=1000 sp=None/run/pyr_1.csv, results/synthetic/complete/n=9 r=0.1 re=True d=False/pyr/s=1000 sp=None/run/pyr_2.csv
    output: results/synthetic/complete/n=9 r=0.1 re=True d=False/pyr/s=1000 sp=None/pyr_2_combined.csv
    jobid: 22
    reason: Missing output files: results/synthetic/complete/n=9 r=0.1 re=True d=False/pyr/s=1000 sp=None/pyr_2_combined.csv; Input files updated by another job: results/synthetic/complete/n=9 r=0.1 re=True d=False/pyr/s=1000 sp=None/run/pyr_1.csv, results/synthetic/complete/n=9 r=0.1 re=True d=False/pyr/s=1000 sp=None/run/pyr_0.csv
    wildcards: path=results/synthetic/complete/n=9 r=0.1 re=True d=False/pyr/s=1000 sp=None, alg=pyr, runs=2
    resources: tmpdir=/var/folders/dj/14c985vd1ng7gf0vvw_ytrpw0000gn/T

[Tue Nov 12 01:48:19 2024]
Finished job 6.
9 of 20 steps (45%) done
[Tue Nov 12 01:48:19 2024]
Finished job 22.
10 of 20 steps (50%) done
[Tue Nov 12 01:48:20 2024]
Finished job 2.
11 of 20 steps (55%) done
[Tue Nov 12 01:48:20 2024]
Finished job 4.
12 of 20 steps (60%) done
Select jobs to execute...
Execute 1 jobs...

[Tue Nov 12 01:48:20 2024]
localrule combine_exps:
    input: results/synthetic/complete/n=4 r=0.1 re=True d=False/pyr/s=1000 sp=None/run/pyr_0.csv, results/synthetic/complete/n=4 r=0.1 re=True d=False/pyr/s=1000 sp=None/run/pyr_1.csv, results/synthetic/complete/n=4 r=0.1 re=True d=False/pyr/s=1000 sp=None/run/pyr_2.csv
    output: results/synthetic/complete/n=4 r=0.1 re=True d=False/pyr/s=1000 sp=None/pyr_2_combined.csv
    jobid: 1
    reason: Missing output files: results/synthetic/complete/n=4 r=0.1 re=True d=False/pyr/s=1000 sp=None/pyr_2_combined.csv; Input files updated by another job: results/synthetic/complete/n=4 r=0.1 re=True d=False/pyr/s=1000 sp=None/run/pyr_0.csv, results/synthetic/complete/n=4 r=0.1 re=True d=False/pyr/s=1000 sp=None/run/pyr_1.csv
    wildcards: path=results/synthetic/complete/n=4 r=0.1 re=True d=False/pyr/s=1000 sp=None, alg=pyr, runs=2
    resources: tmpdir=/var/folders/dj/14c985vd1ng7gf0vvw_ytrpw0000gn/T

[Tue Nov 12 01:48:20 2024]
Finished job 11.
13 of 20 steps (65%) done
Select jobs to execute...
Execute 1 jobs...

[Tue Nov 12 01:48:20 2024]
localrule combine_exps:
    input: results/synthetic/complete/n=6 r=0.1 re=True d=False/pyr/s=1000 sp=None/run/pyr_0.csv, results/synthetic/complete/n=6 r=0.1 re=True d=False/pyr/s=1000 sp=None/run/pyr_1.csv, results/synthetic/complete/n=6 r=0.1 re=True d=False/pyr/s=1000 sp=None/run/pyr_2.csv
    output: results/synthetic/complete/n=6 r=0.1 re=True d=False/pyr/s=1000 sp=None/pyr_2_combined.csv
    jobid: 10
    reason: Missing output files: results/synthetic/complete/n=6 r=0.1 re=True d=False/pyr/s=1000 sp=None/pyr_2_combined.csv; Input files updated by another job: results/synthetic/complete/n=6 r=0.1 re=True d=False/pyr/s=1000 sp=None/run/pyr_2.csv, results/synthetic/complete/n=6 r=0.1 re=True d=False/pyr/s=1000 sp=None/run/pyr_1.csv, results/synthetic/complete/n=6 r=0.1 re=True d=False/pyr/s=1000 sp=None/run/pyr_0.csv
    wildcards: path=results/synthetic/complete/n=6 r=0.1 re=True d=False/pyr/s=1000 sp=None, alg=pyr, runs=2
    resources: tmpdir=/var/folders/dj/14c985vd1ng7gf0vvw_ytrpw0000gn/T

[Tue Nov 12 01:48:21 2024]
Finished job 15.
14 of 20 steps (70%) done
Select jobs to execute...
Execute 1 jobs...

[Tue Nov 12 01:48:21 2024]
localrule combine_exps:
    input: results/synthetic/complete/n=7 r=0.1 re=True d=False/pyr/s=1000 sp=None/run/pyr_0.csv, results/synthetic/complete/n=7 r=0.1 re=True d=False/pyr/s=1000 sp=None/run/pyr_1.csv, results/synthetic/complete/n=7 r=0.1 re=True d=False/pyr/s=1000 sp=None/run/pyr_2.csv
    output: results/synthetic/complete/n=7 r=0.1 re=True d=False/pyr/s=1000 sp=None/pyr_2_combined.csv
    jobid: 14
    reason: Missing output files: results/synthetic/complete/n=7 r=0.1 re=True d=False/pyr/s=1000 sp=None/pyr_2_combined.csv; Input files updated by another job: results/synthetic/complete/n=7 r=0.1 re=True d=False/pyr/s=1000 sp=None/run/pyr_0.csv
    wildcards: path=results/synthetic/complete/n=7 r=0.1 re=True d=False/pyr/s=1000 sp=None, alg=pyr, runs=2
    resources: tmpdir=/var/folders/dj/14c985vd1ng7gf0vvw_ytrpw0000gn/T

[Tue Nov 12 01:48:21 2024]
Finished job 20.
15 of 20 steps (75%) done
Select jobs to execute...
Execute 1 jobs...

[Tue Nov 12 01:48:21 2024]
localrule combine_exps:
    input: results/synthetic/complete/n=8 r=0.1 re=True d=False/pyr/s=1000 sp=None/run/pyr_0.csv, results/synthetic/complete/n=8 r=0.1 re=True d=False/pyr/s=1000 sp=None/run/pyr_1.csv, results/synthetic/complete/n=8 r=0.1 re=True d=False/pyr/s=1000 sp=None/run/pyr_2.csv
    output: results/synthetic/complete/n=8 r=0.1 re=True d=False/pyr/s=1000 sp=None/pyr_2_combined.csv
    jobid: 18
    reason: Missing output files: results/synthetic/complete/n=8 r=0.1 re=True d=False/pyr/s=1000 sp=None/pyr_2_combined.csv; Input files updated by another job: results/synthetic/complete/n=8 r=0.1 re=True d=False/pyr/s=1000 sp=None/run/pyr_2.csv, results/synthetic/complete/n=8 r=0.1 re=True d=False/pyr/s=1000 sp=None/run/pyr_1.csv
    wildcards: path=results/synthetic/complete/n=8 r=0.1 re=True d=False/pyr/s=1000 sp=None, alg=pyr, runs=2
    resources: tmpdir=/var/folders/dj/14c985vd1ng7gf0vvw_ytrpw0000gn/T

[Tue Nov 12 01:48:22 2024]
Finished job 1.
16 of 20 steps (80%) done
[Tue Nov 12 01:48:22 2024]
Finished job 10.
17 of 20 steps (85%) done
[Tue Nov 12 01:48:22 2024]
Finished job 14.
18 of 20 steps (90%) done
[Tue Nov 12 01:48:22 2024]
Finished job 18.
19 of 20 steps (95%) done
Select jobs to execute...
Execute 1 jobs...

[Tue Nov 12 01:48:22 2024]
localrule complete_exp:
    input: results/synthetic/complete/n=4 r=0.1 re=True d=False/pyr/s=1000 sp=None/pyr_2_combined.csv, results/synthetic/complete/n=5 r=0.1 re=True d=False/pyr/s=1000 sp=None/pyr_2_combined.csv, results/synthetic/complete/n=6 r=0.1 re=True d=False/pyr/s=1000 sp=None/pyr_2_combined.csv, results/synthetic/complete/n=7 r=0.1 re=True d=False/pyr/s=1000 sp=None/pyr_2_combined.csv, results/synthetic/complete/n=8 r=0.1 re=True d=False/pyr/s=1000 sp=None/pyr_2_combined.csv, results/synthetic/complete/n=9 r=0.1 re=True d=False/pyr/s=1000 sp=None/pyr_2_combined.csv
    jobid: 0
    reason: Input files updated by another job: results/synthetic/complete/n=6 r=0.1 re=True d=False/pyr/s=1000 sp=None/pyr_2_combined.csv, results/synthetic/complete/n=9 r=0.1 re=True d=False/pyr/s=1000 sp=None/pyr_2_combined.csv, results/synthetic/complete/n=7 r=0.1 re=True d=False/pyr/s=1000 sp=None/pyr_2_combined.csv, results/synthetic/complete/n=4 r=0.1 re=True d=False/pyr/s=1000 sp=None/pyr_2_combined.csv, results/synthetic/complete/n=8 r=0.1 re=True d=False/pyr/s=1000 sp=None/pyr_2_combined.csv, results/synthetic/complete/n=5 r=0.1 re=True d=False/pyr/s=1000 sp=None/pyr_2_combined.csv
    resources: tmpdir=/var/folders/dj/14c985vd1ng7gf0vvw_ytrpw0000gn/T

[Tue Nov 12 01:48:22 2024]
Finished job 0.
20 of 20 steps (100%) done
Complete log: .snakemake/log/2024-11-12T014810.996626.snakemake.log
