host: MacBook-Pro-von-Frederic.local
Building DAG of jobs...
Using shell: /opt/local/bin/bash
Provided cores: 8
Rules claiming more threads will be scaled down.
Job stats:
job             count
------------  -------
combine_exps        1
sbm_cx              1
sbm_exp             1
total               3

Select jobs to execute...
Execute 1 jobs...

[Tue Nov 12 00:45:59 2024]
localrule sbm_cx:
    input: results/__cythonized__
    output: results/synthetic/sbm/exp=2 re=True d=True/cx/e=False p=False l=10 s=20/run/cx_0.csv
    jobid: 2
    reason: Params have changed since last execution
    wildcards: exp=2, neg_edge_dist_exact=True, directed=True, exact=False, parallel=False, max_length=10, n_samples=20, run=0
    resources: tmpdir=/var/folders/dj/14c985vd1ng7gf0vvw_ytrpw0000gn/T

[Tue Nov 12 00:47:41 2024]
Finished job 2.
1 of 3 steps (33%) done
Select jobs to execute...
Execute 1 jobs...

[Tue Nov 12 00:47:41 2024]
localrule combine_exps:
    input: results/synthetic/sbm/exp=2 re=True d=True/cx/e=False p=False l=10 s=20/run/cx_0.csv
    output: results/synthetic/sbm/exp=2 re=True d=True/cx/e=False p=False l=10 s=20/cx_0_combined.csv
    jobid: 1
    reason: Input files updated by another job: results/synthetic/sbm/exp=2 re=True d=True/cx/e=False p=False l=10 s=20/run/cx_0.csv
    wildcards: path=results/synthetic/sbm/exp=2 re=True d=True/cx/e=False p=False l=10 s=20, alg=cx, runs=0
    resources: tmpdir=/var/folders/dj/14c985vd1ng7gf0vvw_ytrpw0000gn/T

[Tue Nov 12 00:47:43 2024]
Finished job 1.
2 of 3 steps (67%) done
Select jobs to execute...
Execute 1 jobs...

[Tue Nov 12 00:47:43 2024]
localrule sbm_exp:
    input: results/synthetic/sbm/exp=2 re=True d=True/cx/e=False p=False l=10 s=20/cx_0_combined.csv
    jobid: 0
    reason: Input files updated by another job: results/synthetic/sbm/exp=2 re=True d=True/cx/e=False p=False l=10 s=20/cx_0_combined.csv
    resources: tmpdir=/var/folders/dj/14c985vd1ng7gf0vvw_ytrpw0000gn/T

[Tue Nov 12 00:47:43 2024]
Finished job 0.
3 of 3 steps (100%) done
Complete log: .snakemake/log/2024-11-12T004559.075358.snakemake.log
