host: MacBook-Pro-von-Frederic.local
Building DAG of jobs...
Using shell: /opt/local/bin/bash
Provided cores: 8
Rules claiming more threads will be scaled down.
Job stats:
job          count
---------  -------
all              1
cx_exp           1
cythonize        1
pyr_exp          1
total            4

Select jobs to execute...
Execute 1 jobs...

[Wed Nov  6 22:44:41 2024]
localrule cythonize:
    input: src/py_raccoon/balance_sampling.pyx, src/py_raccoon/balance_spanning_trees.pyx
    output: results/__cythonized__
    jobid: 1
    reason: Missing output files: results/__cythonized__
    resources: tmpdir=/var/folders/dj/14c985vd1ng7gf0vvw_ytrpw0000gn/T

[Wed Nov  6 22:44:42 2024]
Finished job 1.
1 of 4 steps (25%) done
Select jobs to execute...
Execute 2 jobs...

[Wed Nov  6 22:44:42 2024]
localrule pyr_exp:
    input: results/__cythonized__
    output: results/synthetic/er/nodes=10 p=0.5 r=0.5/pyr/samples=100 specified_p=0.5/pyr_1.csv
    jobid: 2
    reason: Missing output files: results/synthetic/er/nodes=10 p=0.5 r=0.5/pyr/samples=100 specified_p=0.5/pyr_1.csv; Input files updated by another job: results/__cythonized__
    wildcards: kind=er, n_nodes=10, prob_p=0.5, prob_r=0.5, n_samples=100, pyr_spec_edge_prob=0.5, run=1
    resources: tmpdir=/var/folders/dj/14c985vd1ng7gf0vvw_ytrpw0000gn/T

[Wed Nov  6 22:44:42 2024]
localrule cx_exp:
    input: results/__cythonized__
    output: results/synthetic/er/nodes=10 p=0.5 r=0.5/cx/samples=10 exact=False parallel=False/cx_1.csv
    jobid: 3
    reason: Missing output files: results/synthetic/er/nodes=10 p=0.5 r=0.5/cx/samples=10 exact=False parallel=False/cx_1.csv; Input files updated by another job: results/__cythonized__
    wildcards: kind=er, n_nodes=10, prob_p=0.5, prob_r=0.5, n_samples=10, exact=False, parallel=False, run=1
    resources: tmpdir=/var/folders/dj/14c985vd1ng7gf0vvw_ytrpw0000gn/T

[Wed Nov  6 22:44:47 2024]
Finished job 2.
2 of 4 steps (50%) done
[Wed Nov  6 22:44:48 2024]
Finished job 3.
3 of 4 steps (75%) done
Select jobs to execute...
Execute 1 jobs...

[Wed Nov  6 22:44:48 2024]
localrule all:
    input: results/__cythonized__, results/synthetic/er/nodes=10 p=0.5 r=0.5/pyr/samples=100 specified_p=0.5/pyr_1.csv, results/synthetic/er/nodes=10 p=0.5 r=0.5/cx/samples=10 exact=False parallel=False/cx_1.csv
    jobid: 0
    reason: Input files updated by another job: results/__cythonized__, results/synthetic/er/nodes=10 p=0.5 r=0.5/pyr/samples=100 specified_p=0.5/pyr_1.csv, results/synthetic/er/nodes=10 p=0.5 r=0.5/cx/samples=10 exact=False parallel=False/cx_1.csv
    resources: tmpdir=/var/folders/dj/14c985vd1ng7gf0vvw_ytrpw0000gn/T

[Wed Nov  6 22:44:48 2024]
Finished job 0.
4 of 4 steps (100%) done
Complete log: .snakemake/log/2024-11-06T224440.687269.snakemake.log
