host: MacBook-Pro-von-Frederic.local
Building DAG of jobs...
Using shell: /opt/local/bin/bash
Provided cores: 8
Rules claiming more threads will be scaled down.
Job stats:
job             count
------------  -------
combine_exps       14
complete_cx        14
time_exp            1
total              29

Select jobs to execute...
Execute 8 jobs...

[Sun Nov 10 23:03:55 2024]
localrule complete_cx:
    output: results/synthetic/complete/n=12 r=0.5 d=False/cx/e=True p=False l=10 s=1/run/cx_0.csv
    jobid: 24
    reason: Missing output files: results/synthetic/complete/n=12 r=0.5 d=False/cx/e=True p=False l=10 s=1/run/cx_0.csv
    wildcards: n_nodes=12, neg_edge_prob=0.5, directed=False, exact=True, parallel=False, max_length=10, n_samples=1, run=0
    resources: tmpdir=/var/folders/dj/14c985vd1ng7gf0vvw_ytrpw0000gn/T

[Sun Nov 10 23:03:55 2024]
localrule complete_cx:
    output: results/synthetic/complete/n=2 r=0.5 d=False/cx/e=True p=False l=10 s=1/run/cx_0.csv
    jobid: 4
    reason: Missing output files: results/synthetic/complete/n=2 r=0.5 d=False/cx/e=True p=False l=10 s=1/run/cx_0.csv
    wildcards: n_nodes=2, neg_edge_prob=0.5, directed=False, exact=True, parallel=False, max_length=10, n_samples=1, run=0
    resources: tmpdir=/var/folders/dj/14c985vd1ng7gf0vvw_ytrpw0000gn/T

[Sun Nov 10 23:03:55 2024]
localrule complete_cx:
    output: results/synthetic/complete/n=7 r=0.5 d=False/cx/e=True p=False l=10 s=1/run/cx_0.csv
    jobid: 14
    reason: Missing output files: results/synthetic/complete/n=7 r=0.5 d=False/cx/e=True p=False l=10 s=1/run/cx_0.csv
    wildcards: n_nodes=7, neg_edge_prob=0.5, directed=False, exact=True, parallel=False, max_length=10, n_samples=1, run=0
    resources: tmpdir=/var/folders/dj/14c985vd1ng7gf0vvw_ytrpw0000gn/T

[Sun Nov 10 23:03:55 2024]
localrule complete_cx:
    output: results/synthetic/complete/n=3 r=0.5 d=False/cx/e=True p=False l=10 s=1/run/cx_0.csv
    jobid: 6
    reason: Missing output files: results/synthetic/complete/n=3 r=0.5 d=False/cx/e=True p=False l=10 s=1/run/cx_0.csv
    wildcards: n_nodes=3, neg_edge_prob=0.5, directed=False, exact=True, parallel=False, max_length=10, n_samples=1, run=0
    resources: tmpdir=/var/folders/dj/14c985vd1ng7gf0vvw_ytrpw0000gn/T

[Sun Nov 10 23:03:55 2024]
localrule complete_cx:
    output: results/synthetic/complete/n=10 r=0.5 d=False/cx/e=True p=False l=10 s=1/run/cx_0.csv
    jobid: 20
    reason: Missing output files: results/synthetic/complete/n=10 r=0.5 d=False/cx/e=True p=False l=10 s=1/run/cx_0.csv
    wildcards: n_nodes=10, neg_edge_prob=0.5, directed=False, exact=True, parallel=False, max_length=10, n_samples=1, run=0
    resources: tmpdir=/var/folders/dj/14c985vd1ng7gf0vvw_ytrpw0000gn/T

[Sun Nov 10 23:03:55 2024]
localrule complete_cx:
    output: results/synthetic/complete/n=6 r=0.5 d=False/cx/e=True p=False l=10 s=1/run/cx_0.csv
    jobid: 12
    reason: Missing output files: results/synthetic/complete/n=6 r=0.5 d=False/cx/e=True p=False l=10 s=1/run/cx_0.csv
    wildcards: n_nodes=6, neg_edge_prob=0.5, directed=False, exact=True, parallel=False, max_length=10, n_samples=1, run=0
    resources: tmpdir=/var/folders/dj/14c985vd1ng7gf0vvw_ytrpw0000gn/T

[Sun Nov 10 23:03:55 2024]
localrule complete_cx:
    output: results/synthetic/complete/n=1 r=0.5 d=False/cx/e=True p=False l=10 s=1/run/cx_0.csv
    jobid: 2
    reason: Missing output files: results/synthetic/complete/n=1 r=0.5 d=False/cx/e=True p=False l=10 s=1/run/cx_0.csv
    wildcards: n_nodes=1, neg_edge_prob=0.5, directed=False, exact=True, parallel=False, max_length=10, n_samples=1, run=0
    resources: tmpdir=/var/folders/dj/14c985vd1ng7gf0vvw_ytrpw0000gn/T

[Sun Nov 10 23:03:55 2024]
localrule complete_cx:
    output: results/synthetic/complete/n=11 r=0.5 d=False/cx/e=True p=False l=10 s=1/run/cx_0.csv
    jobid: 22
    reason: Missing output files: results/synthetic/complete/n=11 r=0.5 d=False/cx/e=True p=False l=10 s=1/run/cx_0.csv
    wildcards: n_nodes=11, neg_edge_prob=0.5, directed=False, exact=True, parallel=False, max_length=10, n_samples=1, run=0
    resources: tmpdir=/var/folders/dj/14c985vd1ng7gf0vvw_ytrpw0000gn/T

[Sun Nov 10 23:03:59 2024]
Finished job 4.
1 of 29 steps (3%) done
Select jobs to execute...
RuleException:
CalledProcessError in file /Users/fredericbusch/Desktop/Thesis/forks/py-raccoon/workflow/Snakefile, line 89:
Command 'set -euo pipefail;  /Users/fredericbusch/miniforge3/envs/py-raccoon/bin/python3.12 /Users/fredericbusch/Desktop/Thesis/forks/py-raccoon/.snakemake/scripts/tmpi_2ov5wf.experiment.py' returned non-zero exit status 1.
[Sun Nov 10 23:03:59 2024]
Error in rule complete_cx:
    jobid: 2
    output: results/synthetic/complete/n=1 r=0.5 d=False/cx/e=True p=False l=10 s=1/run/cx_0.csv

Execute 1 jobs...

[Sun Nov 10 23:03:59 2024]
localrule complete_cx:
    output: results/synthetic/complete/n=5 r=0.5 d=False/cx/e=True p=False l=10 s=1/run/cx_0.csv
    jobid: 10
    reason: Missing output files: results/synthetic/complete/n=5 r=0.5 d=False/cx/e=True p=False l=10 s=1/run/cx_0.csv
    wildcards: n_nodes=5, neg_edge_prob=0.5, directed=False, exact=True, parallel=False, max_length=10, n_samples=1, run=0
    resources: tmpdir=/var/folders/dj/14c985vd1ng7gf0vvw_ytrpw0000gn/T

[Sun Nov 10 23:03:59 2024]
Finished job 6.
2 of 29 steps (7%) done
[Sun Nov 10 23:03:59 2024]
Finished job 12.
3 of 29 steps (10%) done
[Sun Nov 10 23:04:00 2024]
Finished job 14.
4 of 29 steps (14%) done
[Sun Nov 10 23:04:00 2024]
Finished job 20.
5 of 29 steps (17%) done
[Sun Nov 10 23:04:01 2024]
Finished job 22.
6 of 29 steps (21%) done
[Sun Nov 10 23:04:01 2024]
Finished job 10.
7 of 29 steps (24%) done
[Sun Nov 10 23:04:03 2024]
Finished job 24.
8 of 29 steps (28%) done
Shutting down, this might take some time.
Exiting because a job execution failed. Look above for error message
Complete log: .snakemake/log/2024-11-10T230355.338101.snakemake.log
WorkflowError:
At least one job did not complete successfully.
