host: MacBook-Pro-von-Frederic.local
Building DAG of jobs...
Using shell: /opt/local/bin/bash
Provided cores: 8
Rules claiming more threads will be scaled down.
Job stats:
job      count
-----  -------
all          1
exp          1
total        2

Select jobs to execute...
Execute 1 jobs...

[Sun Oct 27 13:24:09 2024]
localrule exp:
    input: results/__cythonized__
    output: results/cx.csv
    jobid: 2
    reason: Code has changed since last execution
    wildcards: alg=cx
    resources: tmpdir=/var/folders/dj/14c985vd1ng7gf0vvw_ytrpw0000gn/T

RuleException:
CalledProcessError in file /Users/fredericbusch/Desktop/Thesis/forks/py-raccoon/workflow/Snakefile, line 27:
Command 'set -euo pipefail;  /Users/fredericbusch/miniforge3/envs/py-raccoon/bin/python3.12 /Users/fredericbusch/Desktop/Thesis/forks/py-raccoon/.snakemake/scripts/tmp002hqr7y.compute.py' returned non-zero exit status 1.
[Sun Oct 27 13:24:12 2024]
Error in rule exp:
    jobid: 2
    input: results/__cythonized__
    output: results/cx.csv

Shutting down, this might take some time.
Exiting because a job execution failed. Look above for error message
Complete log: .snakemake/log/2024-10-27T132409.529910.snakemake.log
WorkflowError:
At least one job did not complete successfully.
