host: MacBook-Pro-von-Frederic.local
Building DAG of jobs...
Using shell: /opt/local/bin/bash
Provided cores: 8
Rules claiming more threads will be scaled down.
Job stats:
job             count
------------  -------
combine_exps        1
epinions_exp        1
epinions_pyr        1
total               3

Select jobs to execute...
Execute 1 jobs...

[Sat Nov 30 03:45:40 2024]
localrule epinions_pyr:
    input: results/__cythonized__
    output: results/real/epinions/test/pyr/s=1 sp=None/run/pyr_0.csv
    jobid: 2
    reason: Missing output files: results/real/epinions/test/pyr/s=1 sp=None/run/pyr_0.csv
    wildcards: n_samples=1, pyr_spec_edge_prob=None, run=0
    resources: tmpdir=/var/folders/dj/14c985vd1ng7gf0vvw_ytrpw0000gn/T

[Sat Nov 30 03:45:42 2024]
Finished job 2.
1 of 3 steps (33%) done
Select jobs to execute...
Execute 1 jobs...

[Sat Nov 30 03:45:42 2024]
localrule combine_exps:
    input: results/real/epinions/test/pyr/s=1 sp=None/run/pyr_0.csv
    output: results/real/epinions/test/pyr/s=1 sp=None/pyr_0_combined.csv
    jobid: 1
    reason: Missing output files: results/real/epinions/test/pyr/s=1 sp=None/pyr_0_combined.csv; Input files updated by another job: results/real/epinions/test/pyr/s=1 sp=None/run/pyr_0.csv
    wildcards: path=results/real/epinions/test/pyr/s=1 sp=None, alg=pyr, runs=0
    resources: tmpdir=/var/folders/dj/14c985vd1ng7gf0vvw_ytrpw0000gn/T

[Sat Nov 30 03:45:44 2024]
Finished job 1.
2 of 3 steps (67%) done
Select jobs to execute...
Execute 1 jobs...

[Sat Nov 30 03:45:44 2024]
localrule epinions_exp:
    input: results/real/epinions/test/pyr/s=1 sp=None/pyr_0_combined.csv
    jobid: 0
    reason: Input files updated by another job: results/real/epinions/test/pyr/s=1 sp=None/pyr_0_combined.csv
    resources: tmpdir=/var/folders/dj/14c985vd1ng7gf0vvw_ytrpw0000gn/T

[Sat Nov 30 03:45:44 2024]
Finished job 0.
3 of 3 steps (100%) done
Complete log: .snakemake/log/2024-11-30T034540.767792.snakemake.log
