host: MacBook-Pro-von-Frederic.local
Building DAG of jobs...
Using shell: /opt/local/bin/bash
Provided cores: 8
Rules claiming more threads will be scaled down.
Job stats:
job             count
------------  -------
combine_exps       20
complete_cx        15
time_exp            1
total              36

Select jobs to execute...
Execute 8 jobs...

[Sun Nov 10 22:59:34 2024]
localrule combine_exps:
    input: results/synthetic/complete/n=12 r=0.5 d=False/cx/e=True p=False l=10 s=1/run/cx_0.csv
    output: results/synthetic/complete/n=12 r=0.5 d=False/cx/e=True p=False l=10 s=1/cx_0_combined.csv
    jobid: 23
    reason: Missing output files: results/synthetic/complete/n=12 r=0.5 d=False/cx/e=True p=False l=10 s=1/cx_0_combined.csv
    wildcards: path=results/synthetic/complete/n=12 r=0.5 d=False/cx/e=True p=False l=10 s=1, alg=cx, runs=0
    resources: tmpdir=/var/folders/dj/14c985vd1ng7gf0vvw_ytrpw0000gn/T


[Sun Nov 10 22:59:34 2024]
localrule complete_cx:
    output: results/synthetic/complete/n=10 r=0.5 d=False/cx/e=True p=False l=10 s=1/run/cx_0.csv
    jobid: 20
    reason: Missing output files: results/synthetic/complete/n=10 r=0.5 d=False/cx/e=True p=False l=10 s=1/run/cx_0.csv
    wildcards: n_nodes=10, neg_edge_prob=0.5, directed=False, exact=True, parallel=False, max_length=10, n_samples=1, run=0
    resources: tmpdir=/var/folders/dj/14c985vd1ng7gf0vvw_ytrpw0000gn/T

[Sun Nov 10 22:59:34 2024]
localrule complete_cx:
    output: results/synthetic/complete/n=20 r=0.5 d=False/cx/e=True p=False l=10 s=1/run/cx_0.csv
    jobid: 40
    reason: Missing output files: results/synthetic/complete/n=20 r=0.5 d=False/cx/e=True p=False l=10 s=1/run/cx_0.csv
    wildcards: n_nodes=20, neg_edge_prob=0.5, directed=False, exact=True, parallel=False, max_length=10, n_samples=1, run=0
    resources: tmpdir=/var/folders/dj/14c985vd1ng7gf0vvw_ytrpw0000gn/T

[Sun Nov 10 22:59:34 2024]
localrule complete_cx:
    output: results/synthetic/complete/n=23 r=0.5 d=False/cx/e=True p=False l=10 s=1/run/cx_0.csv
    jobid: 46
    reason: Missing output files: results/synthetic/complete/n=23 r=0.5 d=False/cx/e=True p=False l=10 s=1/run/cx_0.csv
    wildcards: n_nodes=23, neg_edge_prob=0.5, directed=False, exact=True, parallel=False, max_length=10, n_samples=1, run=0
    resources: tmpdir=/var/folders/dj/14c985vd1ng7gf0vvw_ytrpw0000gn/T

[Sun Nov 10 22:59:34 2024]
localrule complete_cx:
    output: results/synthetic/complete/n=3 r=0.5 d=False/cx/e=True p=False l=10 s=1/run/cx_0.csv
    jobid: 6
    reason: Missing output files: results/synthetic/complete/n=3 r=0.5 d=False/cx/e=True p=False l=10 s=1/run/cx_0.csv
    wildcards: n_nodes=3, neg_edge_prob=0.5, directed=False, exact=True, parallel=False, max_length=10, n_samples=1, run=0
    resources: tmpdir=/var/folders/dj/14c985vd1ng7gf0vvw_ytrpw0000gn/T

[Sun Nov 10 22:59:34 2024]
localrule complete_cx:
    output: results/synthetic/complete/n=13 r=0.5 d=False/cx/e=True p=False l=10 s=1/run/cx_0.csv
    jobid: 26
    reason: Missing output files: results/synthetic/complete/n=13 r=0.5 d=False/cx/e=True p=False l=10 s=1/run/cx_0.csv
    wildcards: n_nodes=13, neg_edge_prob=0.5, directed=False, exact=True, parallel=False, max_length=10, n_samples=1, run=0
    resources: tmpdir=/var/folders/dj/14c985vd1ng7gf0vvw_ytrpw0000gn/T

[Sun Nov 10 22:59:34 2024]
localrule combine_exps:
    input: results/synthetic/complete/n=16 r=0.5 d=False/cx/e=True p=False l=10 s=1/run/cx_0.csv
    output: results/synthetic/complete/n=16 r=0.5 d=False/cx/e=True p=False l=10 s=1/cx_0_combined.csv
    jobid: 31
    reason: Missing output files: results/synthetic/complete/n=16 r=0.5 d=False/cx/e=True p=False l=10 s=1/cx_0_combined.csv
    wildcards: path=results/synthetic/complete/n=16 r=0.5 d=False/cx/e=True p=False l=10 s=1, alg=cx, runs=0
    resources: tmpdir=/var/folders/dj/14c985vd1ng7gf0vvw_ytrpw0000gn/T


[Sun Nov 10 22:59:34 2024]
localrule complete_cx:
    output: results/synthetic/complete/n=18 r=0.5 d=False/cx/e=True p=False l=10 s=1/run/cx_0.csv
    jobid: 36
    reason: Missing output files: results/synthetic/complete/n=18 r=0.5 d=False/cx/e=True p=False l=10 s=1/run/cx_0.csv
    wildcards: n_nodes=18, neg_edge_prob=0.5, directed=False, exact=True, parallel=False, max_length=10, n_samples=1, run=0
    resources: tmpdir=/var/folders/dj/14c985vd1ng7gf0vvw_ytrpw0000gn/T

[Sun Nov 10 22:59:36 2024]
Finished job 23.
1 of 36 steps (3%) done
Select jobs to execute...
Execute 1 jobs...

[Sun Nov 10 22:59:36 2024]
localrule combine_exps:
    input: results/synthetic/complete/n=17 r=0.5 d=False/cx/e=True p=False l=10 s=1/run/cx_0.csv
    output: results/synthetic/complete/n=17 r=0.5 d=False/cx/e=True p=False l=10 s=1/cx_0_combined.csv
    jobid: 33
    reason: Missing output files: results/synthetic/complete/n=17 r=0.5 d=False/cx/e=True p=False l=10 s=1/cx_0_combined.csv
    wildcards: path=results/synthetic/complete/n=17 r=0.5 d=False/cx/e=True p=False l=10 s=1, alg=cx, runs=0
    resources: tmpdir=/var/folders/dj/14c985vd1ng7gf0vvw_ytrpw0000gn/T

[Sun Nov 10 22:59:36 2024]
Finished job 31.
2 of 36 steps (6%) done
Select jobs to execute...
Execute 1 jobs...

[Sun Nov 10 22:59:36 2024]
localrule combine_exps:
    input: results/synthetic/complete/n=2 r=0.5 d=False/cx/e=True p=False l=10 s=1/run/cx_0.csv
    output: results/synthetic/complete/n=2 r=0.5 d=False/cx/e=True p=False l=10 s=1/cx_0_combined.csv
    jobid: 3
    reason: Missing output files: results/synthetic/complete/n=2 r=0.5 d=False/cx/e=True p=False l=10 s=1/cx_0_combined.csv
    wildcards: path=results/synthetic/complete/n=2 r=0.5 d=False/cx/e=True p=False l=10 s=1, alg=cx, runs=0
    resources: tmpdir=/var/folders/dj/14c985vd1ng7gf0vvw_ytrpw0000gn/T

[Sun Nov 10 22:59:37 2024]
Finished job 6.
3 of 36 steps (8%) done
Select jobs to execute...
Execute 1 jobs...

[Sun Nov 10 22:59:37 2024]
localrule complete_cx:
    output: results/synthetic/complete/n=21 r=0.5 d=False/cx/e=True p=False l=10 s=1/run/cx_0.csv
    jobid: 42
    reason: Missing output files: results/synthetic/complete/n=21 r=0.5 d=False/cx/e=True p=False l=10 s=1/run/cx_0.csv
    wildcards: n_nodes=21, neg_edge_prob=0.5, directed=False, exact=True, parallel=False, max_length=10, n_samples=1, run=0
    resources: tmpdir=/var/folders/dj/14c985vd1ng7gf0vvw_ytrpw0000gn/T

[Sun Nov 10 22:59:39 2024]
Finished job 33.
4 of 36 steps (11%) done
Select jobs to execute...
Execute 1 jobs...

[Sun Nov 10 22:59:39 2024]
localrule combine_exps:
    input: results/synthetic/complete/n=24 r=0.5 d=False/cx/e=True p=False l=10 s=1/run/cx_0.csv
    output: results/synthetic/complete/n=24 r=0.5 d=False/cx/e=True p=False l=10 s=1/cx_0_combined.csv
    jobid: 47
    reason: Missing output files: results/synthetic/complete/n=24 r=0.5 d=False/cx/e=True p=False l=10 s=1/cx_0_combined.csv
    wildcards: path=results/synthetic/complete/n=24 r=0.5 d=False/cx/e=True p=False l=10 s=1, alg=cx, runs=0
    resources: tmpdir=/var/folders/dj/14c985vd1ng7gf0vvw_ytrpw0000gn/T

[Sun Nov 10 22:59:39 2024]
Finished job 3.
5 of 36 steps (14%) done
[Sun Nov 10 22:59:39 2024]
Finished job 20.
6 of 36 steps (17%) done
Select jobs to execute...
Execute 2 jobs...

[Sun Nov 10 22:59:39 2024]
localrule complete_cx:
    output: results/synthetic/complete/n=19 r=0.5 d=False/cx/e=True p=False l=10 s=1/run/cx_0.csv
    jobid: 38
    reason: Missing output files: results/synthetic/complete/n=19 r=0.5 d=False/cx/e=True p=False l=10 s=1/run/cx_0.csv
    wildcards: n_nodes=19, neg_edge_prob=0.5, directed=False, exact=True, parallel=False, max_length=10, n_samples=1, run=0
    resources: tmpdir=/var/folders/dj/14c985vd1ng7gf0vvw_ytrpw0000gn/T

[Sun Nov 10 22:59:39 2024]
localrule complete_cx:
    output: results/synthetic/complete/n=9 r=0.5 d=False/cx/e=True p=False l=10 s=1/run/cx_0.csv
    jobid: 18
    reason: Missing output files: results/synthetic/complete/n=9 r=0.5 d=False/cx/e=True p=False l=10 s=1/run/cx_0.csv
    wildcards: n_nodes=9, neg_edge_prob=0.5, directed=False, exact=True, parallel=False, max_length=10, n_samples=1, run=0
    resources: tmpdir=/var/folders/dj/14c985vd1ng7gf0vvw_ytrpw0000gn/T

Select jobs to execute...
Waiting for more resources.
[Sun Nov 10 22:59:41 2024]
Finished job 47.
7 of 36 steps (19%) done
Execute 1 jobs...

[Sun Nov 10 22:59:42 2024]
localrule complete_cx:
    output: results/synthetic/complete/n=11 r=0.5 d=False/cx/e=True p=False l=10 s=1/run/cx_0.csv
    jobid: 22
    reason: Missing output files: results/synthetic/complete/n=11 r=0.5 d=False/cx/e=True p=False l=10 s=1/run/cx_0.csv
    wildcards: n_nodes=11, neg_edge_prob=0.5, directed=False, exact=True, parallel=False, max_length=10, n_samples=1, run=0
    resources: tmpdir=/var/folders/dj/14c985vd1ng7gf0vvw_ytrpw0000gn/T

[Sun Nov 10 22:59:42 2024]
Finished job 18.
8 of 36 steps (22%) done
Select jobs to execute...
Execute 1 jobs...

[Sun Nov 10 22:59:43 2024]
localrule combine_exps:
    input: results/synthetic/complete/n=9 r=0.5 d=False/cx/e=True p=False l=10 s=1/run/cx_0.csv
    output: results/synthetic/complete/n=9 r=0.5 d=False/cx/e=True p=False l=10 s=1/cx_0_combined.csv
    jobid: 17
    reason: Missing output files: results/synthetic/complete/n=9 r=0.5 d=False/cx/e=True p=False l=10 s=1/cx_0_combined.csv; Input files updated by another job: results/synthetic/complete/n=9 r=0.5 d=False/cx/e=True p=False l=10 s=1/run/cx_0.csv
    wildcards: path=results/synthetic/complete/n=9 r=0.5 d=False/cx/e=True p=False l=10 s=1, alg=cx, runs=0
    resources: tmpdir=/var/folders/dj/14c985vd1ng7gf0vvw_ytrpw0000gn/T

[Sun Nov 10 22:59:45 2024]
Finished job 17.
9 of 36 steps (25%) done
Select jobs to execute...
Execute 1 jobs...

[Sun Nov 10 22:59:45 2024]
localrule complete_cx:
    output: results/synthetic/complete/n=1 r=0.5 d=False/cx/e=True p=False l=10 s=1/run/cx_0.csv
    jobid: 2
    reason: Missing output files: results/synthetic/complete/n=1 r=0.5 d=False/cx/e=True p=False l=10 s=1/run/cx_0.csv
    wildcards: n_nodes=1, neg_edge_prob=0.5, directed=False, exact=True, parallel=False, max_length=10, n_samples=1, run=0
    resources: tmpdir=/var/folders/dj/14c985vd1ng7gf0vvw_ytrpw0000gn/T

[Sun Nov 10 22:59:47 2024]
Finished job 22.
10 of 36 steps (28%) done
Select jobs to execute...
Execute 1 jobs...

[Sun Nov 10 22:59:47 2024]
localrule combine_exps:
    input: results/synthetic/complete/n=10 r=0.5 d=False/cx/e=True p=False l=10 s=1/run/cx_0.csv
    output: results/synthetic/complete/n=10 r=0.5 d=False/cx/e=True p=False l=10 s=1/cx_0_combined.csv
    jobid: 19
    reason: Missing output files: results/synthetic/complete/n=10 r=0.5 d=False/cx/e=True p=False l=10 s=1/cx_0_combined.csv; Input files updated by another job: results/synthetic/complete/n=10 r=0.5 d=False/cx/e=True p=False l=10 s=1/run/cx_0.csv
    wildcards: path=results/synthetic/complete/n=10 r=0.5 d=False/cx/e=True p=False l=10 s=1, alg=cx, runs=0
    resources: tmpdir=/var/folders/dj/14c985vd1ng7gf0vvw_ytrpw0000gn/T

RuleException:
CalledProcessError in file /Users/fredericbusch/Desktop/Thesis/forks/py-raccoon/workflow/Snakefile, line 90:
Command 'set -euo pipefail;  /Users/fredericbusch/miniforge3/envs/py-raccoon/bin/python3.12 /Users/fredericbusch/Desktop/Thesis/forks/py-raccoon/.snakemake/scripts/tmpqnfqsujt.experiment.py' returned non-zero exit status 1.
[Sun Nov 10 22:59:48 2024]
Error in rule complete_cx:
    jobid: 2
    output: results/synthetic/complete/n=1 r=0.5 d=False/cx/e=True p=False l=10 s=1/run/cx_0.csv

[Sun Nov 10 22:59:48 2024]
Finished job 26.
11 of 36 steps (31%) done
[Sun Nov 10 22:59:50 2024]
Finished job 19.
12 of 36 steps (33%) done
Terminating processes on user request, this might take some time.
RuleException:
CalledProcessError in file /Users/fredericbusch/Desktop/Thesis/forks/py-raccoon/workflow/Snakefile, line 90:
Command 'set -euo pipefail;  /Users/fredericbusch/miniforge3/envs/py-raccoon/bin/python3.12 /Users/fredericbusch/Desktop/Thesis/forks/py-raccoon/.snakemake/scripts/tmptmcp17h_.experiment.py' died with <Signals.SIGINT: 2>.
[Sun Nov 10 23:01:34 2024]
Error in rule complete_cx:
    jobid: 38
    output: results/synthetic/complete/n=19 r=0.5 d=False/cx/e=True p=False l=10 s=1/run/cx_0.csv

RuleException:
CalledProcessError in file /Users/fredericbusch/Desktop/Thesis/forks/py-raccoon/workflow/Snakefile, line 90:
Command 'set -euo pipefail;  /Users/fredericbusch/miniforge3/envs/py-raccoon/bin/python3.12 /Users/fredericbusch/Desktop/Thesis/forks/py-raccoon/.snakemake/scripts/tmpqu_2u8hx.experiment.py' died with <Signals.SIGINT: 2>.
[Sun Nov 10 23:01:34 2024]
Error in rule complete_cx:
    jobid: 46
    output: results/synthetic/complete/n=23 r=0.5 d=False/cx/e=True p=False l=10 s=1/run/cx_0.csv

RuleException:
CalledProcessError in file /Users/fredericbusch/Desktop/Thesis/forks/py-raccoon/workflow/Snakefile, line 90:
Command 'set -euo pipefail;  /Users/fredericbusch/miniforge3/envs/py-raccoon/bin/python3.12 /Users/fredericbusch/Desktop/Thesis/forks/py-raccoon/.snakemake/scripts/tmpt5u170s1.experiment.py' died with <Signals.SIGINT: 2>.
[Sun Nov 10 23:01:34 2024]
Error in rule complete_cx:
    jobid: 42
    output: results/synthetic/complete/n=21 r=0.5 d=False/cx/e=True p=False l=10 s=1/run/cx_0.csv

RuleException:
CalledProcessError in file /Users/fredericbusch/Desktop/Thesis/forks/py-raccoon/workflow/Snakefile, line 90:
Command 'set -euo pipefail;  /Users/fredericbusch/miniforge3/envs/py-raccoon/bin/python3.12 /Users/fredericbusch/Desktop/Thesis/forks/py-raccoon/.snakemake/scripts/tmp3peqp06e.experiment.py' died with <Signals.SIGINT: 2>.
[Sun Nov 10 23:01:34 2024]
RuleException:
CalledProcessError in file /Users/fredericbusch/Desktop/Thesis/forks/py-raccoon/workflow/Snakefile, line 90:
Command 'set -euo pipefail;  /Users/fredericbusch/miniforge3/envs/py-raccoon/bin/python3.12 /Users/fredericbusch/Desktop/Thesis/forks/py-raccoon/.snakemake/scripts/tmpll8d9eqv.experiment.py' died with <Signals.SIGINT: 2>.
Error in rule complete_cx:
    jobid: 40
    output: results/synthetic/complete/n=20 r=0.5 d=False/cx/e=True p=False l=10 s=1/run/cx_0.csv

[Sun Nov 10 23:01:34 2024]
Error in rule complete_cx:
    jobid: 36
    output: results/synthetic/complete/n=18 r=0.5 d=False/cx/e=True p=False l=10 s=1/run/cx_0.csv

Complete log: .snakemake/log/2024-11-10T225934.181302.snakemake.log
WorkflowError:
At least one job did not complete successfully.
