host: MBPvonFrederic
Building DAG of jobs...
Using shell: /opt/local/bin/bash
Provided cores: 8
Rules claiming more threads will be scaled down.
Job stats:
job      count
-----  -------
all          1
exp          1
total        2

Select jobs to execute...
Execute 1 jobs...

[Wed Oct 23 08:33:17 2024]
localrule exp:
    input: results/__cythonized__
    output: results/cx.csv
    jobid: 2
    reason: Missing output files: results/cx.csv
    wildcards: alg=cx
    resources: tmpdir=/var/folders/dj/14c985vd1ng7gf0vvw_ytrpw0000gn/T

Terminating processes on user request, this might take some time.
RuleException:
CalledProcessError in file /Users/fredericbusch/Desktop/Thesis/forks/py-raccoon/workflow/Snakefile, line 27:
Command 'set -euo pipefail;  /Users/fredericbusch/miniforge3/envs/py-raccoon/bin/python3.12 /Users/fredericbusch/Desktop/Thesis/forks/py-raccoon/.snakemake/scripts/tmpkfo13vw6.compute.py' died with <Signals.SIGINT: 2>.
[Wed Oct 23 08:35:11 2024]
Error in rule exp:
    jobid: 2
    input: results/__cythonized__
    output: results/cx.csv

Complete log: .snakemake/log/2024-10-23T083317.933167.snakemake.log
WorkflowError:
At least one job did not complete successfully.
