host: MacBook-Pro-von-Frederic.local
Building DAG of jobs...
Using shell: /opt/local/bin/bash
Provided cores: 8
Rules claiming more threads will be scaled down.
Job stats:
job             count
------------  -------
combine_exps        2
cythonize           1
er_cx               1
er_pyr              1
test_exp            1
total               6

Select jobs to execute...
Execute 1 jobs...

[Sat Dec  7 12:24:23 2024]
localrule cythonize:
    input: src/py_raccoon/balance_sampling.pyx, src/py_raccoon/balance_spanning_trees.pyx
    output: results/__cythonized__
    jobid: 3
    reason: Missing output files: results/__cythonized__
    resources: tmpdir=/var/folders/dj/14c985vd1ng7gf0vvw_ytrpw0000gn/T

[Sat Dec  7 12:24:34 2024]
Finished job 3.
1 of 6 steps (17%) done
Select jobs to execute...
Execute 2 jobs...

[Sat Dec  7 12:24:34 2024]
localrule er_cx:
    input: results/__cythonized__
    output: results/synthetic/er/n=100 p=0.5 r=0.5 re=False d=False/cx/e=False p=False l=10 s=10/run/cx_0.csv
    jobid: 5
    reason: Missing output files: results/synthetic/er/n=100 p=0.5 r=0.5 re=False d=False/cx/e=False p=False l=10 s=10/run/cx_0.csv; Input files updated by another job: results/__cythonized__
    wildcards: n_nodes=100, prob_p=0.5, neg_edge_prob=0.5, neg_edge_dist_exact=False, directed=False, exact=False, parallel=False, max_length=10, n_samples=10, run=0
    resources: tmpdir=/var/folders/dj/14c985vd1ng7gf0vvw_ytrpw0000gn/T

[Sat Dec  7 12:24:34 2024]
localrule er_pyr:
    input: results/__cythonized__
    output: results/synthetic/er/n=100 p=0.5 r=0.5 re=False d=False/pyr/s=100 sp=None/run/pyr_0.csv
    jobid: 2
    reason: Missing output files: results/synthetic/er/n=100 p=0.5 r=0.5 re=False d=False/pyr/s=100 sp=None/run/pyr_0.csv; Input files updated by another job: results/__cythonized__
    wildcards: n_nodes=100, prob_p=0.5, neg_edge_prob=0.5, neg_edge_dist_exact=False, directed=False, n_samples=100, pyr_spec_edge_prob=None, run=0
    resources: tmpdir=/var/folders/dj/14c985vd1ng7gf0vvw_ytrpw0000gn/T

[Sat Dec  7 12:24:44 2024]
Finished job 2.
2 of 6 steps (33%) done
Select jobs to execute...
Execute 1 jobs...

[Sat Dec  7 12:24:44 2024]
localrule combine_exps:
    input: results/synthetic/er/n=100 p=0.5 r=0.5 re=False d=False/pyr/s=100 sp=None/run/pyr_0.csv
    output: results/synthetic/er/n=100 p=0.5 r=0.5 re=False d=False/pyr/s=100 sp=None/pyr_0_combined.csv
    jobid: 1
    reason: Missing output files: results/synthetic/er/n=100 p=0.5 r=0.5 re=False d=False/pyr/s=100 sp=None/pyr_0_combined.csv; Input files updated by another job: results/synthetic/er/n=100 p=0.5 r=0.5 re=False d=False/pyr/s=100 sp=None/run/pyr_0.csv
    wildcards: path=results/synthetic/er/n=100 p=0.5 r=0.5 re=False d=False/pyr/s=100 sp=None, alg=pyr, runs=0
    resources: tmpdir=/var/folders/dj/14c985vd1ng7gf0vvw_ytrpw0000gn/T

RuleException:
CalledProcessError in file /Users/fredericbusch/Desktop/Thesis/forks/py-raccoon/workflow/Snakefile, line 159:
Command 'set -euo pipefail;  /Users/fredericbusch/miniforge3/envs/py-raccoon/bin/python3.12 /Users/fredericbusch/Desktop/Thesis/forks/py-raccoon/.snakemake/scripts/tmpv2obcy__.experiment.py' returned non-zero exit status 1.
[Sat Dec  7 12:24:45 2024]
Error in rule er_cx:
    jobid: 5
    input: results/__cythonized__
    output: results/synthetic/er/n=100 p=0.5 r=0.5 re=False d=False/cx/e=False p=False l=10 s=10/run/cx_0.csv

[Sat Dec  7 12:24:46 2024]
Finished job 1.
3 of 6 steps (50%) done
Shutting down, this might take some time.
Exiting because a job execution failed. Look above for error message
Complete log: .snakemake/log/2024-12-07T122423.742290.snakemake.log
WorkflowError:
At least one job did not complete successfully.
