host: MBPvonFrederic
Building DAG of jobs...
Using shell: /opt/local/bin/bash
Provided cores: 8
Rules claiming more threads will be scaled down.
Job stats:
job                    count
-------------------  -------
random_graph_to_csv        1
total                      1

Select jobs to execute...
Execute 1 jobs...

[Wed Sep 18 08:52:42 2024]
localrule random_graph_to_csv:
    input: __cythonized__
    jobid: 0
    reason: Rules with a run or shell declaration but no output are always executed.
    resources: tmpdir=/var/folders/dj/14c985vd1ng7gf0vvw_ytrpw0000gn/T

RuleException:
CalledProcessError in file /Users/fredericbusch/Desktop/Thesis/py-raccoon_fork/py-raccoon/workflow/Snakefile, line 7:
Command 'set -euo pipefail;  /Users/fredericbusch/miniforge3/envs/py-raccoon/bin/python3.12 /Users/fredericbusch/Desktop/Thesis/py-raccoon_fork/py-raccoon/.snakemake/scripts/tmpf60ojh84.random_graph_csv.py' returned non-zero exit status 1.
[Wed Sep 18 08:52:43 2024]
Error in rule random_graph_to_csv:
    jobid: 0
    input: __cythonized__

Shutting down, this might take some time.
Exiting because a job execution failed. Look above for error message
Complete log: .snakemake/log/2024-09-18T085242.768731.snakemake.log
WorkflowError:
At least one job did not complete successfully.
