host: MacBook-Pro-von-Frederic.local
Building DAG of jobs...
Using shell: /opt/local/bin/bash
Provided cores: 8
Rules claiming more threads will be scaled down.
Job stats:
job             count
------------  -------
all                 1
combine_exps        1
total               2

Select jobs to execute...
Execute 1 jobs...

[Sat Nov  9 14:09:39 2024]
localrule combine_exps:
    output: results/synthetic/random/n=20 m=50 r=0.5 d=False/pyr/s=1000 sp=1/pyr_0_combined.csv
    jobid: 10
    reason: Missing output files: results/synthetic/random/n=20 m=50 r=0.5 d=False/pyr/s=1000 sp=1/pyr_0_combined.csv
    wildcards: path=results/synthetic/random/n=20 m=50 r=0.5 d=False/pyr/s=1000 sp=1, alg=pyr, runs=0
    resources: tmpdir=/var/folders/dj/14c985vd1ng7gf0vvw_ytrpw0000gn/T

[Sat Nov  9 14:09:40 2024]
Error in rule combine_exps:
    jobid: 10
    output: results/synthetic/random/n=20 m=50 r=0.5 d=False/pyr/s=1000 sp=1/pyr_0_combined.csv

Shutting down, this might take some time.
Exiting because a job execution failed. Look above for error message
Complete log: .snakemake/log/2024-11-09T140938.963010.snakemake.log
WorkflowError:
At least one job did not complete successfully.
