host: MacBook-Pro-von-Frederic.local
Building DAG of jobs...
Using shell: /opt/local/bin/bash
Provided cores: 8
Rules claiming more threads will be scaled down.
Job stats:
job             count
------------  -------
combine_exps        1
dataset_pyr         1
test_rule           1
total               3

Select jobs to execute...
Execute 1 jobs...

[Sun Dec  8 13:45:58 2024]
localrule dataset_pyr:
    input: results/__cythonized__
    output: results/real/wikielections/null_model=False d=False/pyr/s=10000 sp=None/run/pyr_0.csv
    jobid: 2
    reason: Missing output files: results/real/wikielections/null_model=False d=False/pyr/s=10000 sp=None/run/pyr_0.csv
    wildcards: dataset=wikielections, null_model=False, directed=False, n_samples=10000, pyr_spec_edge_prob=None, run=0
    resources: tmpdir=/var/folders/dj/14c985vd1ng7gf0vvw_ytrpw0000gn/T

Terminating processes on user request, this might take some time.
RuleException:
CalledProcessError in file /Users/fredericbusch/Desktop/Thesis/forks/py-raccoon/workflow/Snakefile, line 116:
Command 'set -euo pipefail;  /Users/fredericbusch/miniforge3/envs/py-raccoon/bin/python3.12 /Users/fredericbusch/Desktop/Thesis/forks/py-raccoon/.snakemake/scripts/tmp1a6_fb6i.experiment.py' died with <Signals.SIGINT: 2>.
[Sun Dec  8 15:03:26 2024]
Error in rule dataset_pyr:
    jobid: 2
    input: results/__cythonized__
    output: results/real/wikielections/null_model=False d=False/pyr/s=10000 sp=None/run/pyr_0.csv

Complete log: .snakemake/log/2024-12-08T134558.809720.snakemake.log
WorkflowError:
At least one job did not complete successfully.
