host: MacBook-Pro-von-Frederic.local
Building DAG of jobs...
Using shell: /opt/local/bin/bash
Provided cores: 8
Rules claiming more threads will be scaled down.
Job stats:
job       count
------  -------
er_cx        28
er_exp        1
er_pyr        1
total        30

Select jobs to execute...
Execute 8 jobs...

[Thu Nov  7 00:18:28 2024]
localrule er_cx:
    input: results/__cythonized__
    output: results/synthetic/er/nodes=10 p=0.1 r=0.7/cx/samples=10 exact=False parallel=False/cx_1.csv
    jobid: 6
    reason: Code has changed since last execution
    wildcards: kind=er, n_nodes=10, prob_p=0.1, prob_r=0.7, n_samples=10, exact=False, parallel=False, run=1
    resources: tmpdir=/var/folders/dj/14c985vd1ng7gf0vvw_ytrpw0000gn/T

[Thu Nov  7 00:18:28 2024]
localrule er_cx:
    input: results/__cythonized__
    output: results/synthetic/er/nodes=15 p=0.3 r=0.7/cx/samples=10 exact=False parallel=False/cx_1.csv
    jobid: 21
    reason: Missing output files: results/synthetic/er/nodes=15 p=0.3 r=0.7/cx/samples=10 exact=False parallel=False/cx_1.csv
    wildcards: kind=er, n_nodes=15, prob_p=0.3, prob_r=0.7, n_samples=10, exact=False, parallel=False, run=1
    resources: tmpdir=/var/folders/dj/14c985vd1ng7gf0vvw_ytrpw0000gn/T

[Thu Nov  7 00:18:28 2024]
localrule er_cx:
    input: results/__cythonized__
    output: results/synthetic/er/nodes=15 p=0.1 r=0.5/cx/samples=10 exact=False parallel=False/cx_1.csv
    jobid: 13
    reason: Code has changed since last execution
    wildcards: kind=er, n_nodes=15, prob_p=0.1, prob_r=0.5, n_samples=10, exact=False, parallel=False, run=1
    resources: tmpdir=/var/folders/dj/14c985vd1ng7gf0vvw_ytrpw0000gn/T

[Thu Nov  7 00:18:28 2024]
localrule er_cx:
    input: results/__cythonized__
    output: results/synthetic/er/nodes=15 p=0.2 r=0.5/cx/samples=10 exact=False parallel=False/cx_1.csv
    jobid: 16
    reason: Code has changed since last execution
    wildcards: kind=er, n_nodes=15, prob_p=0.2, prob_r=0.5, n_samples=10, exact=False, parallel=False, run=1
    resources: tmpdir=/var/folders/dj/14c985vd1ng7gf0vvw_ytrpw0000gn/T

[Thu Nov  7 00:18:28 2024]
localrule er_cx:
    input: results/__cythonized__
    output: results/synthetic/er/nodes=15 p=0.1 r=0.7/cx/samples=10 exact=False parallel=False/cx_1.csv
    jobid: 15
    reason: Code has changed since last execution
    wildcards: kind=er, n_nodes=15, prob_p=0.1, prob_r=0.7, n_samples=10, exact=False, parallel=False, run=1
    resources: tmpdir=/var/folders/dj/14c985vd1ng7gf0vvw_ytrpw0000gn/T

[Thu Nov  7 00:18:28 2024]
localrule er_cx:
    input: results/__cythonized__
    output: results/synthetic/er/nodes=20 p=0.3 r=0.7/cx/samples=10 exact=False parallel=False/cx_1.csv
    jobid: 30
    reason: Missing output files: results/synthetic/er/nodes=20 p=0.3 r=0.7/cx/samples=10 exact=False parallel=False/cx_1.csv
    wildcards: kind=er, n_nodes=20, prob_p=0.3, prob_r=0.7, n_samples=10, exact=False, parallel=False, run=1
    resources: tmpdir=/var/folders/dj/14c985vd1ng7gf0vvw_ytrpw0000gn/T

[Thu Nov  7 00:18:28 2024]
localrule er_cx:
    input: results/__cythonized__
    output: results/synthetic/er/nodes=15 p=0.1 r=0.6/cx/samples=10 exact=False parallel=False/cx_1.csv
    jobid: 14
    reason: Code has changed since last execution
    wildcards: kind=er, n_nodes=15, prob_p=0.1, prob_r=0.6, n_samples=10, exact=False, parallel=False, run=1
    resources: tmpdir=/var/folders/dj/14c985vd1ng7gf0vvw_ytrpw0000gn/T

[Thu Nov  7 00:18:28 2024]
localrule er_cx:
    input: results/__cythonized__
    output: results/synthetic/er/nodes=20 p=0.3 r=0.6/cx/samples=10 exact=False parallel=False/cx_1.csv
    jobid: 29
    reason: Missing output files: results/synthetic/er/nodes=20 p=0.3 r=0.6/cx/samples=10 exact=False parallel=False/cx_1.csv
    wildcards: kind=er, n_nodes=20, prob_p=0.3, prob_r=0.6, n_samples=10, exact=False, parallel=False, run=1
    resources: tmpdir=/var/folders/dj/14c985vd1ng7gf0vvw_ytrpw0000gn/T

[Thu Nov  7 00:18:34 2024]
Finished job 15.
1 of 30 steps (3%) done
Select jobs to execute...
Execute 1 jobs...

[Thu Nov  7 00:18:34 2024]
localrule er_cx:
    input: results/__cythonized__
    output: results/synthetic/er/nodes=10 p=0.3 r=0.7/cx/samples=10 exact=False parallel=False/cx_1.csv
    jobid: 12
    reason: Code has changed since last execution
    wildcards: kind=er, n_nodes=10, prob_p=0.3, prob_r=0.7, n_samples=10, exact=False, parallel=False, run=1
    resources: tmpdir=/var/folders/dj/14c985vd1ng7gf0vvw_ytrpw0000gn/T

[Thu Nov  7 00:18:34 2024]
Finished job 14.
2 of 30 steps (7%) done
[Thu Nov  7 00:18:34 2024]
Finished job 13.
3 of 30 steps (10%) done
Select jobs to execute...
Execute 2 jobs...

[Thu Nov  7 00:18:34 2024]
localrule er_cx:
    input: results/__cythonized__
    output: results/synthetic/er/nodes=10 p=0.1 r=0.6/cx/samples=10 exact=False parallel=False/cx_1.csv
    jobid: 5
    reason: Code has changed since last execution
    wildcards: kind=er, n_nodes=10, prob_p=0.1, prob_r=0.6, n_samples=10, exact=False, parallel=False, run=1
    resources: tmpdir=/var/folders/dj/14c985vd1ng7gf0vvw_ytrpw0000gn/T

[Thu Nov  7 00:18:34 2024]
localrule er_cx:
    input: results/__cythonized__
    output: results/synthetic/er/nodes=15 p=0.3 r=0.6/cx/samples=10 exact=False parallel=False/cx_1.csv
    jobid: 20
    reason: Code has changed since last execution
    wildcards: kind=er, n_nodes=15, prob_p=0.3, prob_r=0.6, n_samples=10, exact=False, parallel=False, run=1
    resources: tmpdir=/var/folders/dj/14c985vd1ng7gf0vvw_ytrpw0000gn/T

[Thu Nov  7 00:18:34 2024]
Finished job 6.
4 of 30 steps (13%) done
Select jobs to execute...
Execute 1 jobs...

[Thu Nov  7 00:18:34 2024]
localrule er_cx:
    input: results/__cythonized__
    output: results/synthetic/er/nodes=20 p=0.1 r=0.6/cx/samples=10 exact=False parallel=False/cx_1.csv
    jobid: 23
    reason: Missing output files: results/synthetic/er/nodes=20 p=0.1 r=0.6/cx/samples=10 exact=False parallel=False/cx_1.csv
    wildcards: kind=er, n_nodes=20, prob_p=0.1, prob_r=0.6, n_samples=10, exact=False, parallel=False, run=1
    resources: tmpdir=/var/folders/dj/14c985vd1ng7gf0vvw_ytrpw0000gn/T

Select jobs to execute...
Waiting for more resources.
[Thu Nov  7 00:18:34 2024]
Finished job 16.
5 of 30 steps (17%) done
Execute 1 jobs...

[Thu Nov  7 00:18:35 2024]
localrule er_cx:
    input: results/__cythonized__
    output: results/synthetic/er/nodes=10 p=0.1 r=0.5/cx/samples=10 exact=False parallel=False/cx_1.csv
    jobid: 4
    reason: Code has changed since last execution
    wildcards: kind=er, n_nodes=10, prob_p=0.1, prob_r=0.5, n_samples=10, exact=False, parallel=False, run=1
    resources: tmpdir=/var/folders/dj/14c985vd1ng7gf0vvw_ytrpw0000gn/T

[Thu Nov  7 00:18:38 2024]
Finished job 29.
6 of 30 steps (20%) done
Select jobs to execute...
Execute 1 jobs...

[Thu Nov  7 00:18:38 2024]
localrule er_cx:
    input: results/__cythonized__
    output: results/synthetic/er/nodes=15 p=0.3 r=0.5/cx/samples=10 exact=False parallel=False/cx_1.csv
    jobid: 19
    reason: Missing output files: results/synthetic/er/nodes=15 p=0.3 r=0.5/cx/samples=10 exact=False parallel=False/cx_1.csv
    wildcards: kind=er, n_nodes=15, prob_p=0.3, prob_r=0.5, n_samples=10, exact=False, parallel=False, run=1
    resources: tmpdir=/var/folders/dj/14c985vd1ng7gf0vvw_ytrpw0000gn/T

[Thu Nov  7 00:18:38 2024]
Finished job 30.
7 of 30 steps (23%) done
Select jobs to execute...
Execute 1 jobs...

[Thu Nov  7 00:18:38 2024]
localrule er_cx:
    input: results/__cythonized__
    output: results/synthetic/er/nodes=20 p=0.1 r=0.5/cx/samples=10 exact=False parallel=False/cx_1.csv
    jobid: 22
    reason: Code has changed since last execution
    wildcards: kind=er, n_nodes=20, prob_p=0.1, prob_r=0.5, n_samples=10, exact=False, parallel=False, run=1
    resources: tmpdir=/var/folders/dj/14c985vd1ng7gf0vvw_ytrpw0000gn/T

[Thu Nov  7 00:18:38 2024]
Finished job 21.
8 of 30 steps (27%) done
Select jobs to execute...
Execute 1 jobs...

[Thu Nov  7 00:18:39 2024]
localrule er_cx:
    input: results/__cythonized__
    output: results/synthetic/er/nodes=10 p=0.3 r=0.6/cx/samples=10 exact=False parallel=False/cx_1.csv
    jobid: 11
    reason: Missing output files: results/synthetic/er/nodes=10 p=0.3 r=0.6/cx/samples=10 exact=False parallel=False/cx_1.csv
    wildcards: kind=er, n_nodes=10, prob_p=0.3, prob_r=0.6, n_samples=10, exact=False, parallel=False, run=1
    resources: tmpdir=/var/folders/dj/14c985vd1ng7gf0vvw_ytrpw0000gn/T

[Thu Nov  7 00:18:39 2024]
Finished job 5.
9 of 30 steps (30%) done
Select jobs to execute...
Execute 1 jobs...

[Thu Nov  7 00:18:39 2024]
localrule er_cx:
    input: results/__cythonized__
    output: results/synthetic/er/nodes=20 p=0.2 r=0.6/cx/samples=10 exact=False parallel=False/cx_1.csv
    jobid: 26
    reason: Missing output files: results/synthetic/er/nodes=20 p=0.2 r=0.6/cx/samples=10 exact=False parallel=False/cx_1.csv
    wildcards: kind=er, n_nodes=20, prob_p=0.2, prob_r=0.6, n_samples=10, exact=False, parallel=False, run=1
    resources: tmpdir=/var/folders/dj/14c985vd1ng7gf0vvw_ytrpw0000gn/T

[Thu Nov  7 00:18:39 2024]
Finished job 23.
10 of 30 steps (33%) done
Select jobs to execute...
Execute 1 jobs...

[Thu Nov  7 00:18:39 2024]
localrule er_cx:
    input: results/__cythonized__
    output: results/synthetic/er/nodes=10 p=0.5 r=0.5/cx/samples=10 exact=False parallel=False/cx_1.csv
    jobid: 3
    reason: Code has changed since last execution
    wildcards: kind=er, n_nodes=10, prob_p=0.5, prob_r=0.5, n_samples=10, exact=False, parallel=False, run=1
    resources: tmpdir=/var/folders/dj/14c985vd1ng7gf0vvw_ytrpw0000gn/T

[Thu Nov  7 00:18:40 2024]
Finished job 4.
11 of 30 steps (37%) done
Select jobs to execute...
Execute 1 jobs...

[Thu Nov  7 00:18:40 2024]
localrule er_cx:
    input: results/__cythonized__
    output: results/synthetic/er/nodes=15 p=0.2 r=0.7/cx/samples=10 exact=False parallel=False/cx_1.csv
    jobid: 18
    reason: Code has changed since last execution
    wildcards: kind=er, n_nodes=15, prob_p=0.2, prob_r=0.7, n_samples=10, exact=False, parallel=False, run=1
    resources: tmpdir=/var/folders/dj/14c985vd1ng7gf0vvw_ytrpw0000gn/T

[Thu Nov  7 00:18:40 2024]
Finished job 12.
12 of 30 steps (40%) done
Select jobs to execute...
Execute 1 jobs...

[Thu Nov  7 00:18:40 2024]
localrule er_cx:
    input: results/__cythonized__
    output: results/synthetic/er/nodes=20 p=0.2 r=0.5/cx/samples=10 exact=False parallel=False/cx_1.csv
    jobid: 25
    reason: Missing output files: results/synthetic/er/nodes=20 p=0.2 r=0.5/cx/samples=10 exact=False parallel=False/cx_1.csv
    wildcards: kind=er, n_nodes=20, prob_p=0.2, prob_r=0.5, n_samples=10, exact=False, parallel=False, run=1
    resources: tmpdir=/var/folders/dj/14c985vd1ng7gf0vvw_ytrpw0000gn/T

[Thu Nov  7 00:18:43 2024]
Finished job 22.
13 of 30 steps (43%) done
Select jobs to execute...
Execute 1 jobs...

[Thu Nov  7 00:18:43 2024]
localrule er_cx:
    input: results/__cythonized__
    output: results/synthetic/er/nodes=10 p=0.2 r=0.5/cx/samples=10 exact=False parallel=False/cx_1.csv
    jobid: 7
    reason: Code has changed since last execution
    wildcards: kind=er, n_nodes=10, prob_p=0.2, prob_r=0.5, n_samples=10, exact=False, parallel=False, run=1
    resources: tmpdir=/var/folders/dj/14c985vd1ng7gf0vvw_ytrpw0000gn/T

[Thu Nov  7 00:18:44 2024]
Finished job 20.
14 of 30 steps (47%) done
Select jobs to execute...
Execute 1 jobs...

[Thu Nov  7 00:18:44 2024]
localrule er_cx:
    input: results/__cythonized__
    output: results/synthetic/er/nodes=20 p=0.2 r=0.7/cx/samples=10 exact=False parallel=False/cx_1.csv
    jobid: 27
    reason: Missing output files: results/synthetic/er/nodes=20 p=0.2 r=0.7/cx/samples=10 exact=False parallel=False/cx_1.csv
    wildcards: kind=er, n_nodes=20, prob_p=0.2, prob_r=0.7, n_samples=10, exact=False, parallel=False, run=1
    resources: tmpdir=/var/folders/dj/14c985vd1ng7gf0vvw_ytrpw0000gn/T

[Thu Nov  7 00:18:45 2024]
Finished job 11.
15 of 30 steps (50%) done
Select jobs to execute...
Execute 1 jobs...

[Thu Nov  7 00:18:45 2024]
localrule er_cx:
    input: results/__cythonized__
    output: results/synthetic/er/nodes=10 p=0.2 r=0.6/cx/samples=10 exact=False parallel=False/cx_1.csv
    jobid: 8
    reason: Missing output files: results/synthetic/er/nodes=10 p=0.2 r=0.6/cx/samples=10 exact=False parallel=False/cx_1.csv
    wildcards: kind=er, n_nodes=10, prob_p=0.2, prob_r=0.6, n_samples=10, exact=False, parallel=False, run=1
    resources: tmpdir=/var/folders/dj/14c985vd1ng7gf0vvw_ytrpw0000gn/T

[Thu Nov  7 00:18:46 2024]
Finished job 18.
16 of 30 steps (53%) done
Select jobs to execute...
Execute 1 jobs...

[Thu Nov  7 00:18:46 2024]
localrule er_cx:
    input: results/__cythonized__
    output: results/synthetic/er/nodes=10 p=0.2 r=0.7/cx/samples=10 exact=False parallel=False/cx_1.csv
    jobid: 9
    reason: Missing output files: results/synthetic/er/nodes=10 p=0.2 r=0.7/cx/samples=10 exact=False parallel=False/cx_1.csv
    wildcards: kind=er, n_nodes=10, prob_p=0.2, prob_r=0.7, n_samples=10, exact=False, parallel=False, run=1
    resources: tmpdir=/var/folders/dj/14c985vd1ng7gf0vvw_ytrpw0000gn/T

[Thu Nov  7 00:18:46 2024]
Finished job 26.
17 of 30 steps (57%) done
Select jobs to execute...
Execute 1 jobs...

[Thu Nov  7 00:18:46 2024]
localrule er_cx:
    input: results/__cythonized__
    output: results/synthetic/er/nodes=20 p=0.1 r=0.7/cx/samples=10 exact=False parallel=False/cx_1.csv
    jobid: 24
    reason: Code has changed since last execution
    wildcards: kind=er, n_nodes=20, prob_p=0.1, prob_r=0.7, n_samples=10, exact=False, parallel=False, run=1
    resources: tmpdir=/var/folders/dj/14c985vd1ng7gf0vvw_ytrpw0000gn/T

[Thu Nov  7 00:18:47 2024]
Finished job 25.
18 of 30 steps (60%) done
Select jobs to execute...
Execute 1 jobs...

[Thu Nov  7 00:18:47 2024]
localrule er_cx:
    input: results/__cythonized__
    output: results/synthetic/er/nodes=15 p=0.2 r=0.6/cx/samples=10 exact=False parallel=False/cx_1.csv
    jobid: 17
    reason: Code has changed since last execution
    wildcards: kind=er, n_nodes=15, prob_p=0.2, prob_r=0.6, n_samples=10, exact=False, parallel=False, run=1
    resources: tmpdir=/var/folders/dj/14c985vd1ng7gf0vvw_ytrpw0000gn/T

[Thu Nov  7 00:18:48 2024]
Finished job 19.
19 of 30 steps (63%) done
Select jobs to execute...
Execute 1 jobs...

[Thu Nov  7 00:18:48 2024]
localrule er_pyr:
    input: results/__cythonized__
    output: results/synthetic/er/nodes=10 p=0.5 r=0.5/pyr/samples=100 specified_p=0.5/pyr_1.csv
    jobid: 1
    reason: Code has changed since last execution
    wildcards: kind=er, n_nodes=10, prob_p=0.5, prob_r=0.5, n_samples=100, pyr_spec_edge_prob=0.5, run=1
    resources: tmpdir=/var/folders/dj/14c985vd1ng7gf0vvw_ytrpw0000gn/T

[Thu Nov  7 00:18:50 2024]
Finished job 7.
20 of 30 steps (67%) done
Select jobs to execute...
Execute 1 jobs...

[Thu Nov  7 00:18:50 2024]
localrule er_cx:
    input: results/__cythonized__
    output: results/synthetic/er/nodes=20 p=0.3 r=0.5/cx/samples=10 exact=False parallel=False/cx_1.csv
    jobid: 28
    reason: Missing output files: results/synthetic/er/nodes=20 p=0.3 r=0.5/cx/samples=10 exact=False parallel=False/cx_1.csv
    wildcards: kind=er, n_nodes=20, prob_p=0.3, prob_r=0.5, n_samples=10, exact=False, parallel=False, run=1
    resources: tmpdir=/var/folders/dj/14c985vd1ng7gf0vvw_ytrpw0000gn/T

[Thu Nov  7 00:18:50 2024]
Finished job 27.
21 of 30 steps (70%) done
Select jobs to execute...
Execute 1 jobs...

[Thu Nov  7 00:18:50 2024]
localrule er_cx:
    input: results/__cythonized__
    output: results/synthetic/er/nodes=10 p=0.3 r=0.5/cx/samples=10 exact=False parallel=False/cx_1.csv
    jobid: 10
    reason: Code has changed since last execution
    wildcards: kind=er, n_nodes=10, prob_p=0.3, prob_r=0.5, n_samples=10, exact=False, parallel=False, run=1
    resources: tmpdir=/var/folders/dj/14c985vd1ng7gf0vvw_ytrpw0000gn/T

[Thu Nov  7 00:18:51 2024]
Finished job 24.
22 of 30 steps (73%) done
[Thu Nov  7 00:18:51 2024]
Finished job 8.
23 of 30 steps (77%) done
RuleException:
CalledProcessError in file /Users/fredericbusch/Desktop/Thesis/forks/py-raccoon/workflow/Snakefile, line 37:
Command 'set -euo pipefail;  /Users/fredericbusch/miniforge3/envs/py-raccoon/bin/python3.12 /Users/fredericbusch/Desktop/Thesis/forks/py-raccoon/.snakemake/scripts/tmpvw86s0pr.experiment.py' returned non-zero exit status 1.
[Thu Nov  7 00:18:51 2024]
Error in rule er_pyr:
    jobid: 1
    input: results/__cythonized__
    output: results/synthetic/er/nodes=10 p=0.5 r=0.5/pyr/samples=100 specified_p=0.5/pyr_1.csv

[Thu Nov  7 00:18:51 2024]
Finished job 9.
24 of 30 steps (80%) done
[Thu Nov  7 00:18:51 2024]
Finished job 17.
25 of 30 steps (83%) done
[Thu Nov  7 00:18:53 2024]
Finished job 3.
26 of 30 steps (87%) done
[Thu Nov  7 00:18:54 2024]
Finished job 10.
27 of 30 steps (90%) done
[Thu Nov  7 00:18:55 2024]
Finished job 28.
28 of 30 steps (93%) done
Shutting down, this might take some time.
Exiting because a job execution failed. Look above for error message
Complete log: .snakemake/log/2024-11-07T001827.749301.snakemake.log
WorkflowError:
At least one job did not complete successfully.
