host: fredduuxd
Building DAG of jobs...
Provided cores: 16
Rules claiming more threads will be scaled down.
Job stats:
job             count
------------  -------
combine_exps       20
complete_cx        20
time_exp            1
total              41

Select jobs to execute...
Execute 16 jobs...

[Mon Nov 11 01:46:50 2024]
localrule complete_cx:
    output: results/synthetic/complete/n=15 r=0.5 d=False/cx/e=True p=False l=10 s=1/run/cx_0.csv
    jobid: 30
    reason: Missing output files: results/synthetic/complete/n=15 r=0.5 d=False/cx/e=True p=False l=10 s=1/run/cx_0.csv
    wildcards: n_nodes=15, neg_edge_prob=0.5, directed=False, exact=True, parallel=False, max_length=10, n_samples=1, run=0
    resources: tmpdir=C:\Users\FREDDU~1\AppData\Local\Temp

[Mon Nov 11 01:46:50 2024]
localrule complete_cx:
    output: results/synthetic/complete/n=5 r=0.5 d=False/cx/e=True p=False l=10 s=1/run/cx_0.csv
    jobid: 10
    reason: Missing output files: results/synthetic/complete/n=5 r=0.5 d=False/cx/e=True p=False l=10 s=1/run/cx_0.csv
    wildcards: n_nodes=5, neg_edge_prob=0.5, directed=False, exact=True, parallel=False, max_length=10, n_samples=1, run=0
    resources: tmpdir=C:\Users\FREDDU~1\AppData\Local\Temp

[Mon Nov 11 01:46:50 2024]
localrule complete_cx:
    output: results/synthetic/complete/n=20 r=0.5 d=False/cx/e=True p=False l=10 s=1/run/cx_0.csv
    jobid: 40
    reason: Missing output files: results/synthetic/complete/n=20 r=0.5 d=False/cx/e=True p=False l=10 s=1/run/cx_0.csv
    wildcards: n_nodes=20, neg_edge_prob=0.5, directed=False, exact=True, parallel=False, max_length=10, n_samples=1, run=0
    resources: tmpdir=C:\Users\FREDDU~1\AppData\Local\Temp

[Mon Nov 11 01:46:50 2024]
localrule complete_cx:
    output: results/synthetic/complete/n=10 r=0.5 d=False/cx/e=True p=False l=10 s=1/run/cx_0.csv
    jobid: 20
    reason: Missing output files: results/synthetic/complete/n=10 r=0.5 d=False/cx/e=True p=False l=10 s=1/run/cx_0.csv
    wildcards: n_nodes=10, neg_edge_prob=0.5, directed=False, exact=True, parallel=False, max_length=10, n_samples=1, run=0
    resources: tmpdir=C:\Users\FREDDU~1\AppData\Local\Temp

[Mon Nov 11 01:46:50 2024]
localrule complete_cx:
    output: results/synthetic/complete/n=19 r=0.5 d=False/cx/e=True p=False l=10 s=1/run/cx_0.csv
    jobid: 38
    reason: Missing output files: results/synthetic/complete/n=19 r=0.5 d=False/cx/e=True p=False l=10 s=1/run/cx_0.csv
    wildcards: n_nodes=19, neg_edge_prob=0.5, directed=False, exact=True, parallel=False, max_length=10, n_samples=1, run=0
    resources: tmpdir=C:\Users\FREDDU~1\AppData\Local\Temp

[Mon Nov 11 01:46:50 2024]
localrule complete_cx:
    output: results/synthetic/complete/n=7 r=0.5 d=False/cx/e=True p=False l=10 s=1/run/cx_0.csv
    jobid: 14
    reason: Missing output files: results/synthetic/complete/n=7 r=0.5 d=False/cx/e=True p=False l=10 s=1/run/cx_0.csv
    wildcards: n_nodes=7, neg_edge_prob=0.5, directed=False, exact=True, parallel=False, max_length=10, n_samples=1, run=0
    resources: tmpdir=C:\Users\FREDDU~1\AppData\Local\Temp

[Mon Nov 11 01:46:50 2024]
localrule complete_cx:
    output: results/synthetic/complete/n=17 r=0.5 d=False/cx/e=True p=False l=10 s=1/run/cx_0.csv
    jobid: 34
    reason: Missing output files: results/synthetic/complete/n=17 r=0.5 d=False/cx/e=True p=False l=10 s=1/run/cx_0.csv
    wildcards: n_nodes=17, neg_edge_prob=0.5, directed=False, exact=True, parallel=False, max_length=10, n_samples=1, run=0
    resources: tmpdir=C:\Users\FREDDU~1\AppData\Local\Temp

[Mon Nov 11 01:46:50 2024]
localrule complete_cx:
    output: results/synthetic/complete/n=2 r=0.5 d=False/cx/e=True p=False l=10 s=1/run/cx_0.csv
    jobid: 4
    reason: Missing output files: results/synthetic/complete/n=2 r=0.5 d=False/cx/e=True p=False l=10 s=1/run/cx_0.csv
    wildcards: n_nodes=2, neg_edge_prob=0.5, directed=False, exact=True, parallel=False, max_length=10, n_samples=1, run=0
    resources: tmpdir=C:\Users\FREDDU~1\AppData\Local\Temp

[Mon Nov 11 01:46:50 2024]
localrule complete_cx:
    output: results/synthetic/complete/n=12 r=0.5 d=False/cx/e=True p=False l=10 s=1/run/cx_0.csv
    jobid: 24
    reason: Missing output files: results/synthetic/complete/n=12 r=0.5 d=False/cx/e=True p=False l=10 s=1/run/cx_0.csv
    wildcards: n_nodes=12, neg_edge_prob=0.5, directed=False, exact=True, parallel=False, max_length=10, n_samples=1, run=0
    resources: tmpdir=C:\Users\FREDDU~1\AppData\Local\Temp

[Mon Nov 11 01:46:50 2024]
localrule complete_cx:
    output: results/synthetic/complete/n=8 r=0.5 d=False/cx/e=True p=False l=10 s=1/run/cx_0.csv
    jobid: 16
    reason: Missing output files: results/synthetic/complete/n=8 r=0.5 d=False/cx/e=True p=False l=10 s=1/run/cx_0.csv
    wildcards: n_nodes=8, neg_edge_prob=0.5, directed=False, exact=True, parallel=False, max_length=10, n_samples=1, run=0
    resources: tmpdir=C:\Users\FREDDU~1\AppData\Local\Temp

[Mon Nov 11 01:46:50 2024]
localrule complete_cx:
    output: results/synthetic/complete/n=18 r=0.5 d=False/cx/e=True p=False l=10 s=1/run/cx_0.csv
    jobid: 36
    reason: Missing output files: results/synthetic/complete/n=18 r=0.5 d=False/cx/e=True p=False l=10 s=1/run/cx_0.csv
    wildcards: n_nodes=18, neg_edge_prob=0.5, directed=False, exact=True, parallel=False, max_length=10, n_samples=1, run=0
    resources: tmpdir=C:\Users\FREDDU~1\AppData\Local\Temp

[Mon Nov 11 01:46:50 2024]
localrule complete_cx:
    output: results/synthetic/complete/n=13 r=0.5 d=False/cx/e=True p=False l=10 s=1/run/cx_0.csv
    jobid: 26
    reason: Missing output files: results/synthetic/complete/n=13 r=0.5 d=False/cx/e=True p=False l=10 s=1/run/cx_0.csv
    wildcards: n_nodes=13, neg_edge_prob=0.5, directed=False, exact=True, parallel=False, max_length=10, n_samples=1, run=0
    resources: tmpdir=C:\Users\FREDDU~1\AppData\Local\Temp

[Mon Nov 11 01:46:50 2024]
localrule complete_cx:
    output: results/synthetic/complete/n=3 r=0.5 d=False/cx/e=True p=False l=10 s=1/run/cx_0.csv
    jobid: 6
    reason: Missing output files: results/synthetic/complete/n=3 r=0.5 d=False/cx/e=True p=False l=10 s=1/run/cx_0.csv
    wildcards: n_nodes=3, neg_edge_prob=0.5, directed=False, exact=True, parallel=False, max_length=10, n_samples=1, run=0
    resources: tmpdir=C:\Users\FREDDU~1\AppData\Local\Temp

[Mon Nov 11 01:46:50 2024]
localrule complete_cx:
    output: results/synthetic/complete/n=9 r=0.5 d=False/cx/e=True p=False l=10 s=1/run/cx_0.csv
    jobid: 18
    reason: Missing output files: results/synthetic/complete/n=9 r=0.5 d=False/cx/e=True p=False l=10 s=1/run/cx_0.csv
    wildcards: n_nodes=9, neg_edge_prob=0.5, directed=False, exact=True, parallel=False, max_length=10, n_samples=1, run=0
    resources: tmpdir=C:\Users\FREDDU~1\AppData\Local\Temp

[Mon Nov 11 01:46:50 2024]
localrule complete_cx:
    output: results/synthetic/complete/n=4 r=0.5 d=False/cx/e=True p=False l=10 s=1/run/cx_0.csv
    jobid: 8
    reason: Missing output files: results/synthetic/complete/n=4 r=0.5 d=False/cx/e=True p=False l=10 s=1/run/cx_0.csv
    wildcards: n_nodes=4, neg_edge_prob=0.5, directed=False, exact=True, parallel=False, max_length=10, n_samples=1, run=0
    resources: tmpdir=C:\Users\FREDDU~1\AppData\Local\Temp

[Mon Nov 11 01:46:50 2024]
localrule complete_cx:
    output: results/synthetic/complete/n=14 r=0.5 d=False/cx/e=True p=False l=10 s=1/run/cx_0.csv
    jobid: 28
    reason: Missing output files: results/synthetic/complete/n=14 r=0.5 d=False/cx/e=True p=False l=10 s=1/run/cx_0.csv
    wildcards: n_nodes=14, neg_edge_prob=0.5, directed=False, exact=True, parallel=False, max_length=10, n_samples=1, run=0
    resources: tmpdir=C:\Users\FREDDU~1\AppData\Local\Temp

[Mon Nov 11 01:46:53 2024]
Finished job 4.
1 of 41 steps (2%) done
Select jobs to execute...
Execute 1 jobs...

[Mon Nov 11 01:46:53 2024]
localrule combine_exps:
    input: results/synthetic/complete/n=2 r=0.5 d=False/cx/e=True p=False l=10 s=1/run/cx_0.csv
    output: results/synthetic/complete/n=2 r=0.5 d=False/cx/e=True p=False l=10 s=1/cx_0_combined.csv
    jobid: 3
    reason: Missing output files: results/synthetic/complete/n=2 r=0.5 d=False/cx/e=True p=False l=10 s=1/cx_0_combined.csv; Input files updated by another job: results/synthetic/complete/n=2 r=0.5 d=False/cx/e=True p=False l=10 s=1/run/cx_0.csv
    wildcards: path=results/synthetic/complete/n=2 r=0.5 d=False/cx/e=True p=False l=10 s=1, alg=cx, runs=0
    resources: tmpdir=C:\Users\FREDDU~1\AppData\Local\Temp

[Mon Nov 11 01:46:53 2024]
Finished job 6.
2 of 41 steps (5%) done
Select jobs to execute...
Execute 1 jobs...

[Mon Nov 11 01:46:53 2024]
localrule combine_exps:
    input: results/synthetic/complete/n=3 r=0.5 d=False/cx/e=True p=False l=10 s=1/run/cx_0.csv
    output: results/synthetic/complete/n=3 r=0.5 d=False/cx/e=True p=False l=10 s=1/cx_0_combined.csv
    jobid: 5
    reason: Missing output files: results/synthetic/complete/n=3 r=0.5 d=False/cx/e=True p=False l=10 s=1/cx_0_combined.csv; Input files updated by another job: results/synthetic/complete/n=3 r=0.5 d=False/cx/e=True p=False l=10 s=1/run/cx_0.csv
    wildcards: path=results/synthetic/complete/n=3 r=0.5 d=False/cx/e=True p=False l=10 s=1, alg=cx, runs=0
    resources: tmpdir=C:\Users\FREDDU~1\AppData\Local\Temp

[Mon Nov 11 01:46:53 2024]
Finished job 3.
3 of 41 steps (7%) done
[Mon Nov 11 01:46:53 2024]
Finished job 10.
4 of 41 steps (10%) done
[Mon Nov 11 01:46:53 2024]
Finished job 8.
5 of 41 steps (12%) done
[Mon Nov 11 01:46:53 2024]
Finished job 14.
6 of 41 steps (15%) done
Select jobs to execute...
Execute 4 jobs...

[Mon Nov 11 01:46:53 2024]
localrule combine_exps:
    input: results/synthetic/complete/n=7 r=0.5 d=False/cx/e=True p=False l=10 s=1/run/cx_0.csv
    output: results/synthetic/complete/n=7 r=0.5 d=False/cx/e=True p=False l=10 s=1/cx_0_combined.csv
    jobid: 13
    reason: Missing output files: results/synthetic/complete/n=7 r=0.5 d=False/cx/e=True p=False l=10 s=1/cx_0_combined.csv; Input files updated by another job: results/synthetic/complete/n=7 r=0.5 d=False/cx/e=True p=False l=10 s=1/run/cx_0.csv
    wildcards: path=results/synthetic/complete/n=7 r=0.5 d=False/cx/e=True p=False l=10 s=1, alg=cx, runs=0
    resources: tmpdir=C:\Users\FREDDU~1\AppData\Local\Temp

[Mon Nov 11 01:46:53 2024]
localrule complete_cx:
    output: results/synthetic/complete/n=16 r=0.5 d=False/cx/e=True p=False l=10 s=1/run/cx_0.csv
    jobid: 32
    reason: Missing output files: results/synthetic/complete/n=16 r=0.5 d=False/cx/e=True p=False l=10 s=1/run/cx_0.csv
    wildcards: n_nodes=16, neg_edge_prob=0.5, directed=False, exact=True, parallel=False, max_length=10, n_samples=1, run=0
    resources: tmpdir=C:\Users\FREDDU~1\AppData\Local\Temp

[Mon Nov 11 01:46:53 2024]
localrule combine_exps:
    input: results/synthetic/complete/n=5 r=0.5 d=False/cx/e=True p=False l=10 s=1/run/cx_0.csv
    output: results/synthetic/complete/n=5 r=0.5 d=False/cx/e=True p=False l=10 s=1/cx_0_combined.csv
    jobid: 9
    reason: Missing output files: results/synthetic/complete/n=5 r=0.5 d=False/cx/e=True p=False l=10 s=1/cx_0_combined.csv; Input files updated by another job: results/synthetic/complete/n=5 r=0.5 d=False/cx/e=True p=False l=10 s=1/run/cx_0.csv
    wildcards: path=results/synthetic/complete/n=5 r=0.5 d=False/cx/e=True p=False l=10 s=1, alg=cx, runs=0
    resources: tmpdir=C:\Users\FREDDU~1\AppData\Local\Temp

[Mon Nov 11 01:46:53 2024]
localrule combine_exps:
    input: results/synthetic/complete/n=4 r=0.5 d=False/cx/e=True p=False l=10 s=1/run/cx_0.csv
    output: results/synthetic/complete/n=4 r=0.5 d=False/cx/e=True p=False l=10 s=1/cx_0_combined.csv
    jobid: 7
    reason: Missing output files: results/synthetic/complete/n=4 r=0.5 d=False/cx/e=True p=False l=10 s=1/cx_0_combined.csv; Input files updated by another job: results/synthetic/complete/n=4 r=0.5 d=False/cx/e=True p=False l=10 s=1/run/cx_0.csv
    wildcards: path=results/synthetic/complete/n=4 r=0.5 d=False/cx/e=True p=False l=10 s=1, alg=cx, runs=0
    resources: tmpdir=C:\Users\FREDDU~1\AppData\Local\Temp

[Mon Nov 11 01:46:53 2024]
Finished job 5.
7 of 41 steps (17%) done
[Mon Nov 11 01:46:53 2024]
Finished job 13.
8 of 41 steps (20%) done
[Mon Nov 11 01:46:53 2024]
Finished job 9.
9 of 41 steps (22%) done
Select jobs to execute...
Execute 3 jobs...

[Mon Nov 11 01:46:53 2024]
localrule complete_cx:
    output: results/synthetic/complete/n=6 r=0.5 d=False/cx/e=True p=False l=10 s=1/run/cx_0.csv
    jobid: 12
    reason: Missing output files: results/synthetic/complete/n=6 r=0.5 d=False/cx/e=True p=False l=10 s=1/run/cx_0.csv
    wildcards: n_nodes=6, neg_edge_prob=0.5, directed=False, exact=True, parallel=False, max_length=10, n_samples=1, run=0
    resources: tmpdir=C:\Users\FREDDU~1\AppData\Local\Temp

[Mon Nov 11 01:46:53 2024]
localrule complete_cx:
    output: results/synthetic/complete/n=1 r=0.5 d=False/cx/e=True p=False l=10 s=1/run/cx_0.csv
    jobid: 2
    reason: Missing output files: results/synthetic/complete/n=1 r=0.5 d=False/cx/e=True p=False l=10 s=1/run/cx_0.csv
    wildcards: n_nodes=1, neg_edge_prob=0.5, directed=False, exact=True, parallel=False, max_length=10, n_samples=1, run=0
    resources: tmpdir=C:\Users\FREDDU~1\AppData\Local\Temp

[Mon Nov 11 01:46:53 2024]
localrule complete_cx:
    output: results/synthetic/complete/n=11 r=0.5 d=False/cx/e=True p=False l=10 s=1/run/cx_0.csv
    jobid: 22
    reason: Missing output files: results/synthetic/complete/n=11 r=0.5 d=False/cx/e=True p=False l=10 s=1/run/cx_0.csv
    wildcards: n_nodes=11, neg_edge_prob=0.5, directed=False, exact=True, parallel=False, max_length=10, n_samples=1, run=0
    resources: tmpdir=C:\Users\FREDDU~1\AppData\Local\Temp

[Mon Nov 11 01:46:53 2024]
Finished job 7.
10 of 41 steps (24%) done
[Mon Nov 11 01:46:53 2024]
Finished job 16.
11 of 41 steps (27%) done
Select jobs to execute...
Execute 1 jobs...

[Mon Nov 11 01:46:53 2024]
localrule combine_exps:
    input: results/synthetic/complete/n=8 r=0.5 d=False/cx/e=True p=False l=10 s=1/run/cx_0.csv
    output: results/synthetic/complete/n=8 r=0.5 d=False/cx/e=True p=False l=10 s=1/cx_0_combined.csv
    jobid: 15
    reason: Missing output files: results/synthetic/complete/n=8 r=0.5 d=False/cx/e=True p=False l=10 s=1/cx_0_combined.csv; Input files updated by another job: results/synthetic/complete/n=8 r=0.5 d=False/cx/e=True p=False l=10 s=1/run/cx_0.csv
    wildcards: path=results/synthetic/complete/n=8 r=0.5 d=False/cx/e=True p=False l=10 s=1, alg=cx, runs=0
    resources: tmpdir=C:\Users\FREDDU~1\AppData\Local\Temp

[Mon Nov 11 01:46:53 2024]
Finished job 15.
12 of 41 steps (29%) done
[Mon Nov 11 01:46:53 2024]
Finished job 18.
13 of 41 steps (32%) done
Select jobs to execute...
Execute 1 jobs...

[Mon Nov 11 01:46:53 2024]
localrule combine_exps:
    input: results/synthetic/complete/n=9 r=0.5 d=False/cx/e=True p=False l=10 s=1/run/cx_0.csv
    output: results/synthetic/complete/n=9 r=0.5 d=False/cx/e=True p=False l=10 s=1/cx_0_combined.csv
    jobid: 17
    reason: Missing output files: results/synthetic/complete/n=9 r=0.5 d=False/cx/e=True p=False l=10 s=1/cx_0_combined.csv; Input files updated by another job: results/synthetic/complete/n=9 r=0.5 d=False/cx/e=True p=False l=10 s=1/run/cx_0.csv
    wildcards: path=results/synthetic/complete/n=9 r=0.5 d=False/cx/e=True p=False l=10 s=1, alg=cx, runs=0
    resources: tmpdir=C:\Users\FREDDU~1\AppData\Local\Temp

[Mon Nov 11 01:46:53 2024]
Finished job 17.
14 of 41 steps (34%) done
[Mon Nov 11 01:46:53 2024]
Finished job 20.
15 of 41 steps (37%) done
Select jobs to execute...
Execute 1 jobs...

[Mon Nov 11 01:46:53 2024]
localrule combine_exps:
    input: results/synthetic/complete/n=10 r=0.5 d=False/cx/e=True p=False l=10 s=1/run/cx_0.csv
    output: results/synthetic/complete/n=10 r=0.5 d=False/cx/e=True p=False l=10 s=1/cx_0_combined.csv
    jobid: 19
    reason: Missing output files: results/synthetic/complete/n=10 r=0.5 d=False/cx/e=True p=False l=10 s=1/cx_0_combined.csv; Input files updated by another job: results/synthetic/complete/n=10 r=0.5 d=False/cx/e=True p=False l=10 s=1/run/cx_0.csv
    wildcards: path=results/synthetic/complete/n=10 r=0.5 d=False/cx/e=True p=False l=10 s=1, alg=cx, runs=0
    resources: tmpdir=C:\Users\FREDDU~1\AppData\Local\Temp

[Mon Nov 11 01:46:53 2024]
Finished job 19.
16 of 41 steps (39%) done
[Mon Nov 11 01:46:55 2024]
Finished job 2.
17 of 41 steps (41%) done
Select jobs to execute...
Execute 1 jobs...

[Mon Nov 11 01:46:55 2024]
localrule combine_exps:
    input: results/synthetic/complete/n=1 r=0.5 d=False/cx/e=True p=False l=10 s=1/run/cx_0.csv
    output: results/synthetic/complete/n=1 r=0.5 d=False/cx/e=True p=False l=10 s=1/cx_0_combined.csv
    jobid: 1
    reason: Missing output files: results/synthetic/complete/n=1 r=0.5 d=False/cx/e=True p=False l=10 s=1/cx_0_combined.csv; Input files updated by another job: results/synthetic/complete/n=1 r=0.5 d=False/cx/e=True p=False l=10 s=1/run/cx_0.csv
    wildcards: path=results/synthetic/complete/n=1 r=0.5 d=False/cx/e=True p=False l=10 s=1, alg=cx, runs=0
    resources: tmpdir=C:\Users\FREDDU~1\AppData\Local\Temp

[Mon Nov 11 01:46:55 2024]
Finished job 1.
18 of 41 steps (44%) done
[Mon Nov 11 01:46:55 2024]
Finished job 12.
19 of 41 steps (46%) done
Select jobs to execute...
Execute 1 jobs...

[Mon Nov 11 01:46:55 2024]
localrule combine_exps:
    input: results/synthetic/complete/n=6 r=0.5 d=False/cx/e=True p=False l=10 s=1/run/cx_0.csv
    output: results/synthetic/complete/n=6 r=0.5 d=False/cx/e=True p=False l=10 s=1/cx_0_combined.csv
    jobid: 11
    reason: Missing output files: results/synthetic/complete/n=6 r=0.5 d=False/cx/e=True p=False l=10 s=1/cx_0_combined.csv; Input files updated by another job: results/synthetic/complete/n=6 r=0.5 d=False/cx/e=True p=False l=10 s=1/run/cx_0.csv
    wildcards: path=results/synthetic/complete/n=6 r=0.5 d=False/cx/e=True p=False l=10 s=1, alg=cx, runs=0
    resources: tmpdir=C:\Users\FREDDU~1\AppData\Local\Temp

[Mon Nov 11 01:46:55 2024]
Finished job 11.
20 of 41 steps (49%) done
[Mon Nov 11 01:46:55 2024]
Finished job 24.
21 of 41 steps (51%) done
Select jobs to execute...
Execute 1 jobs...

[Mon Nov 11 01:46:55 2024]
localrule combine_exps:
    input: results/synthetic/complete/n=12 r=0.5 d=False/cx/e=True p=False l=10 s=1/run/cx_0.csv
    output: results/synthetic/complete/n=12 r=0.5 d=False/cx/e=True p=False l=10 s=1/cx_0_combined.csv
    jobid: 23
    reason: Missing output files: results/synthetic/complete/n=12 r=0.5 d=False/cx/e=True p=False l=10 s=1/cx_0_combined.csv; Input files updated by another job: results/synthetic/complete/n=12 r=0.5 d=False/cx/e=True p=False l=10 s=1/run/cx_0.csv
    wildcards: path=results/synthetic/complete/n=12 r=0.5 d=False/cx/e=True p=False l=10 s=1, alg=cx, runs=0
    resources: tmpdir=C:\Users\FREDDU~1\AppData\Local\Temp

[Mon Nov 11 01:46:55 2024]
Finished job 23.
22 of 41 steps (54%) done
[Mon Nov 11 01:46:56 2024]
Finished job 22.
23 of 41 steps (56%) done
Select jobs to execute...
Execute 1 jobs...

[Mon Nov 11 01:46:56 2024]
localrule combine_exps:
    input: results/synthetic/complete/n=11 r=0.5 d=False/cx/e=True p=False l=10 s=1/run/cx_0.csv
    output: results/synthetic/complete/n=11 r=0.5 d=False/cx/e=True p=False l=10 s=1/cx_0_combined.csv
    jobid: 21
    reason: Missing output files: results/synthetic/complete/n=11 r=0.5 d=False/cx/e=True p=False l=10 s=1/cx_0_combined.csv; Input files updated by another job: results/synthetic/complete/n=11 r=0.5 d=False/cx/e=True p=False l=10 s=1/run/cx_0.csv
    wildcards: path=results/synthetic/complete/n=11 r=0.5 d=False/cx/e=True p=False l=10 s=1, alg=cx, runs=0
    resources: tmpdir=C:\Users\FREDDU~1\AppData\Local\Temp

[Mon Nov 11 01:46:56 2024]
Finished job 21.
24 of 41 steps (59%) done
[Mon Nov 11 01:46:56 2024]
Finished job 26.
25 of 41 steps (61%) done
Select jobs to execute...
Execute 1 jobs...

[Mon Nov 11 01:46:56 2024]
localrule combine_exps:
    input: results/synthetic/complete/n=13 r=0.5 d=False/cx/e=True p=False l=10 s=1/run/cx_0.csv
    output: results/synthetic/complete/n=13 r=0.5 d=False/cx/e=True p=False l=10 s=1/cx_0_combined.csv
    jobid: 25
    reason: Missing output files: results/synthetic/complete/n=13 r=0.5 d=False/cx/e=True p=False l=10 s=1/cx_0_combined.csv; Input files updated by another job: results/synthetic/complete/n=13 r=0.5 d=False/cx/e=True p=False l=10 s=1/run/cx_0.csv
    wildcards: path=results/synthetic/complete/n=13 r=0.5 d=False/cx/e=True p=False l=10 s=1, alg=cx, runs=0
    resources: tmpdir=C:\Users\FREDDU~1\AppData\Local\Temp

[Mon Nov 11 01:46:56 2024]
Finished job 25.
26 of 41 steps (63%) done
[Mon Nov 11 01:46:59 2024]
Finished job 28.
27 of 41 steps (66%) done
Select jobs to execute...
Execute 1 jobs...

[Mon Nov 11 01:46:59 2024]
localrule combine_exps:
    input: results/synthetic/complete/n=14 r=0.5 d=False/cx/e=True p=False l=10 s=1/run/cx_0.csv
    output: results/synthetic/complete/n=14 r=0.5 d=False/cx/e=True p=False l=10 s=1/cx_0_combined.csv
    jobid: 27
    reason: Missing output files: results/synthetic/complete/n=14 r=0.5 d=False/cx/e=True p=False l=10 s=1/cx_0_combined.csv; Input files updated by another job: results/synthetic/complete/n=14 r=0.5 d=False/cx/e=True p=False l=10 s=1/run/cx_0.csv
    wildcards: path=results/synthetic/complete/n=14 r=0.5 d=False/cx/e=True p=False l=10 s=1, alg=cx, runs=0
    resources: tmpdir=C:\Users\FREDDU~1\AppData\Local\Temp

[Mon Nov 11 01:46:59 2024]
Finished job 27.
28 of 41 steps (68%) done
[Mon Nov 11 01:47:04 2024]
Finished job 30.
29 of 41 steps (71%) done
Select jobs to execute...
Execute 1 jobs...

[Mon Nov 11 01:47:04 2024]
localrule combine_exps:
    input: results/synthetic/complete/n=15 r=0.5 d=False/cx/e=True p=False l=10 s=1/run/cx_0.csv
    output: results/synthetic/complete/n=15 r=0.5 d=False/cx/e=True p=False l=10 s=1/cx_0_combined.csv
    jobid: 29
    reason: Missing output files: results/synthetic/complete/n=15 r=0.5 d=False/cx/e=True p=False l=10 s=1/cx_0_combined.csv; Input files updated by another job: results/synthetic/complete/n=15 r=0.5 d=False/cx/e=True p=False l=10 s=1/run/cx_0.csv
    wildcards: path=results/synthetic/complete/n=15 r=0.5 d=False/cx/e=True p=False l=10 s=1, alg=cx, runs=0
    resources: tmpdir=C:\Users\FREDDU~1\AppData\Local\Temp

[Mon Nov 11 01:47:04 2024]
Finished job 29.
30 of 41 steps (73%) done
[Mon Nov 11 01:47:15 2024]
Finished job 32.
31 of 41 steps (76%) done
Select jobs to execute...
Execute 1 jobs...

[Mon Nov 11 01:47:15 2024]
localrule combine_exps:
    input: results/synthetic/complete/n=16 r=0.5 d=False/cx/e=True p=False l=10 s=1/run/cx_0.csv
    output: results/synthetic/complete/n=16 r=0.5 d=False/cx/e=True p=False l=10 s=1/cx_0_combined.csv
    jobid: 31
    reason: Missing output files: results/synthetic/complete/n=16 r=0.5 d=False/cx/e=True p=False l=10 s=1/cx_0_combined.csv; Input files updated by another job: results/synthetic/complete/n=16 r=0.5 d=False/cx/e=True p=False l=10 s=1/run/cx_0.csv
    wildcards: path=results/synthetic/complete/n=16 r=0.5 d=False/cx/e=True p=False l=10 s=1, alg=cx, runs=0
    resources: tmpdir=C:\Users\FREDDU~1\AppData\Local\Temp

[Mon Nov 11 01:47:15 2024]
Finished job 31.
32 of 41 steps (78%) done
[Mon Nov 11 01:47:28 2024]
Finished job 34.
33 of 41 steps (80%) done
Select jobs to execute...
Execute 1 jobs...

[Mon Nov 11 01:47:28 2024]
localrule combine_exps:
    input: results/synthetic/complete/n=17 r=0.5 d=False/cx/e=True p=False l=10 s=1/run/cx_0.csv
    output: results/synthetic/complete/n=17 r=0.5 d=False/cx/e=True p=False l=10 s=1/cx_0_combined.csv
    jobid: 33
    reason: Missing output files: results/synthetic/complete/n=17 r=0.5 d=False/cx/e=True p=False l=10 s=1/cx_0_combined.csv; Input files updated by another job: results/synthetic/complete/n=17 r=0.5 d=False/cx/e=True p=False l=10 s=1/run/cx_0.csv
    wildcards: path=results/synthetic/complete/n=17 r=0.5 d=False/cx/e=True p=False l=10 s=1, alg=cx, runs=0
    resources: tmpdir=C:\Users\FREDDU~1\AppData\Local\Temp

[Mon Nov 11 01:47:28 2024]
Finished job 33.
34 of 41 steps (83%) done
[Mon Nov 11 01:47:54 2024]
Finished job 36.
35 of 41 steps (85%) done
Select jobs to execute...
Execute 1 jobs...

[Mon Nov 11 01:47:54 2024]
localrule combine_exps:
    input: results/synthetic/complete/n=18 r=0.5 d=False/cx/e=True p=False l=10 s=1/run/cx_0.csv
    output: results/synthetic/complete/n=18 r=0.5 d=False/cx/e=True p=False l=10 s=1/cx_0_combined.csv
    jobid: 35
    reason: Missing output files: results/synthetic/complete/n=18 r=0.5 d=False/cx/e=True p=False l=10 s=1/cx_0_combined.csv; Input files updated by another job: results/synthetic/complete/n=18 r=0.5 d=False/cx/e=True p=False l=10 s=1/run/cx_0.csv
    wildcards: path=results/synthetic/complete/n=18 r=0.5 d=False/cx/e=True p=False l=10 s=1, alg=cx, runs=0
    resources: tmpdir=C:\Users\FREDDU~1\AppData\Local\Temp

[Mon Nov 11 01:47:54 2024]
Finished job 35.
36 of 41 steps (88%) done
[Mon Nov 11 01:48:36 2024]
Finished job 38.
37 of 41 steps (90%) done
Select jobs to execute...
Execute 1 jobs...

[Mon Nov 11 01:48:36 2024]
localrule combine_exps:
    input: results/synthetic/complete/n=19 r=0.5 d=False/cx/e=True p=False l=10 s=1/run/cx_0.csv
    output: results/synthetic/complete/n=19 r=0.5 d=False/cx/e=True p=False l=10 s=1/cx_0_combined.csv
    jobid: 37
    reason: Missing output files: results/synthetic/complete/n=19 r=0.5 d=False/cx/e=True p=False l=10 s=1/cx_0_combined.csv; Input files updated by another job: results/synthetic/complete/n=19 r=0.5 d=False/cx/e=True p=False l=10 s=1/run/cx_0.csv
    wildcards: path=results/synthetic/complete/n=19 r=0.5 d=False/cx/e=True p=False l=10 s=1, alg=cx, runs=0
    resources: tmpdir=C:\Users\FREDDU~1\AppData\Local\Temp

[Mon Nov 11 01:48:36 2024]
Finished job 37.
38 of 41 steps (93%) done
RuleException:
CalledProcessError in file C:\Users\fredduuxd\Desktop\Thesis\py-raccoon\workflow\Snakefile, line 90:
Command 'C:/Users/fredduuxd/miniforge3/envs/py-raccoon/python.exe "C:\Users\fredduuxd\Desktop\Thesis\py-raccoon\.snakemake\scripts\tmpv28mg3al.experiment.py"' returned non-zero exit status 3221225786.
[Mon Nov 11 01:49:23 2024]
Error in rule complete_cx:
    jobid: 40
    output: results/synthetic/complete/n=20 r=0.5 d=False/cx/e=True p=False l=10 s=1/run/cx_0.csv

Terminating processes on user request, this might take some time.
Complete log: .snakemake\log\2024-11-11T014650.411038.snakemake.log
WorkflowError:
At least one job did not complete successfully.
