host: MacBook-Pro-von-Frederic.local
Building DAG of jobs...
Using shell: /opt/local/bin/bash
Provided cores: 8
Rules claiming more threads will be scaled down.
Job stats:
job             count
------------  -------
all                 1
complete_cx         1
complete_pyr        1
cythonize           1
er_cx               2
exact_er_cx         2
random_cx           1
random_pyr          1
total              10

Select jobs to execute...
Execute 7 jobs...

[Fri Nov  8 21:40:02 2024]
localrule cythonize:
    input: src/py_raccoon/balance_sampling.pyx, src/py_raccoon/balance_spanning_trees.pyx
    output: results/__cythonized__
    jobid: 1
    reason: Missing output files: results/__cythonized__
    resources: tmpdir=/var/folders/dj/14c985vd1ng7gf0vvw_ytrpw0000gn/T


[Fri Nov  8 21:40:02 2024]
localrule random_cx:
    output: results/synthetic/random/n=20 m=50 r=0.5/cx/e=False d=False p=False l=10 s=20/cx_0.csv
    jobid: 8
    reason: Missing output files: results/synthetic/random/n=20 m=50 r=0.5/cx/e=False d=False p=False l=10 s=20/cx_0.csv
    wildcards: n_nodes=20, n_edges=50, neg_edge_prob=0.5, directed=False, parallel=False, max_length=10, n_samples=20, run=0
    resources: tmpdir=/var/folders/dj/14c985vd1ng7gf0vvw_ytrpw0000gn/T

[Fri Nov  8 21:40:02 2024]
localrule complete_cx:
    output: results/synthetic/complete/n=20 r=0.5/cx/e=False d=False p=False l=10 s=20/cx_0.csv
    jobid: 6
    reason: Missing output files: results/synthetic/complete/n=20 r=0.5/cx/e=False d=False p=False l=10 s=20/cx_0.csv
    wildcards: n_nodes=20, neg_edge_prob=0.5, directed=False, parallel=False, max_length=10, n_samples=20, run=0
    resources: tmpdir=/var/folders/dj/14c985vd1ng7gf0vvw_ytrpw0000gn/T

[Fri Nov  8 21:40:02 2024]
localrule exact_er_cx:
    output: results/synthetic/er/n=10 p=0.5 r=0.5/cx/e=True d=False p=False l=10/cx_0.csv
    jobid: 2
    reason: Missing output files: results/synthetic/er/n=10 p=0.5 r=0.5/cx/e=True d=False p=False l=10/cx_0.csv
    wildcards: n_nodes=10, prob_p=0.5, neg_edge_prob=0.5, directed=False, parallel=False, max_length=10, run=0
    resources: tmpdir=/var/folders/dj/14c985vd1ng7gf0vvw_ytrpw0000gn/T

[Fri Nov  8 21:40:02 2024]
localrule er_cx:
    output: results/synthetic/er/n=10 p=0.5 r=0.5/cx/e=False d=False p=False l=10 s=20/cx_0.csv
    jobid: 3
    reason: Missing output files: results/synthetic/er/n=10 p=0.5 r=0.5/cx/e=False d=False p=False l=10 s=20/cx_0.csv
    wildcards: n_nodes=10, prob_p=0.5, neg_edge_prob=0.5, directed=False, parallel=False, max_length=10, n_samples=20, run=0
    resources: tmpdir=/var/folders/dj/14c985vd1ng7gf0vvw_ytrpw0000gn/T

[Fri Nov  8 21:40:02 2024]
localrule exact_er_cx:
    output: results/synthetic/er/n=10 p=0.5 r=0.5/cx/e=True d=True p=False l=10/cx_0.csv
    jobid: 4
    reason: Missing output files: results/synthetic/er/n=10 p=0.5 r=0.5/cx/e=True d=True p=False l=10/cx_0.csv
    wildcards: n_nodes=10, prob_p=0.5, neg_edge_prob=0.5, directed=True, parallel=False, max_length=10, run=0
    resources: tmpdir=/var/folders/dj/14c985vd1ng7gf0vvw_ytrpw0000gn/T

[Fri Nov  8 21:40:02 2024]
localrule er_cx:
    output: results/synthetic/er/n=10 p=0.5 r=0.5/cx/e=False d=True p=False l=10 s=20/cx_0.csv
    jobid: 5
    reason: Missing output files: results/synthetic/er/n=10 p=0.5 r=0.5/cx/e=False d=True p=False l=10 s=20/cx_0.csv
    wildcards: n_nodes=10, prob_p=0.5, neg_edge_prob=0.5, directed=True, parallel=False, max_length=10, n_samples=20, run=0
    resources: tmpdir=/var/folders/dj/14c985vd1ng7gf0vvw_ytrpw0000gn/T

[Fri Nov  8 21:40:03 2024]
Finished job 1.
1 of 10 steps (10%) done
Select jobs to execute...
Execute 2 jobs...

[Fri Nov  8 21:40:03 2024]
localrule random_pyr:
    input: results/__cythonized__
    output: results/synthetic/random/n=20 m=50 r=0.5/pyr/s=1000 sp=1/pyr_0.csv
    jobid: 9
    reason: Missing output files: results/synthetic/random/n=20 m=50 r=0.5/pyr/s=1000 sp=1/pyr_0.csv; Input files updated by another job: results/__cythonized__
    wildcards: n_nodes=20, n_edges=50, neg_edge_prob=0.5, n_samples=1000, pyr_spec_edge_prob=1, run=0
    resources: tmpdir=/var/folders/dj/14c985vd1ng7gf0vvw_ytrpw0000gn/T

[Fri Nov  8 21:40:03 2024]
localrule complete_pyr:
    input: results/__cythonized__
    output: results/synthetic/complete/n=20 r=0.5/pyr/s=1000 sp=1/pyr_0.csv
    jobid: 7
    reason: Missing output files: results/synthetic/complete/n=20 r=0.5/pyr/s=1000 sp=1/pyr_0.csv; Input files updated by another job: results/__cythonized__
    wildcards: n_nodes=20, neg_edge_prob=0.5, n_samples=1000, pyr_spec_edge_prob=1, run=0
    resources: tmpdir=/var/folders/dj/14c985vd1ng7gf0vvw_ytrpw0000gn/T

[Fri Nov  8 21:40:06 2024]
Finished job 2.
2 of 10 steps (20%) done
[Fri Nov  8 21:40:07 2024]
Finished job 4.
3 of 10 steps (30%) done
[Fri Nov  8 21:40:08 2024]
Finished job 9.
4 of 10 steps (40%) done
[Fri Nov  8 21:40:10 2024]
Finished job 7.
5 of 10 steps (50%) done
[Fri Nov  8 21:40:12 2024]
Finished job 8.
6 of 10 steps (60%) done
[Fri Nov  8 21:40:18 2024]
Finished job 3.
7 of 10 steps (70%) done
[Fri Nov  8 21:40:23 2024]
Finished job 6.
8 of 10 steps (80%) done
[Fri Nov  8 21:40:25 2024]
Finished job 5.
9 of 10 steps (90%) done
Select jobs to execute...
Execute 1 jobs...

[Fri Nov  8 21:40:25 2024]
localrule all:
    input: results/__cythonized__, results/synthetic/er/n=10 p=0.5 r=0.5/cx/e=True d=False p=False l=10/cx_0.csv, results/synthetic/er/n=10 p=0.5 r=0.5/cx/e=False d=False p=False l=10 s=20/cx_0.csv, results/synthetic/er/n=10 p=0.5 r=0.5/cx/e=True d=True p=False l=10/cx_0.csv, results/synthetic/er/n=10 p=0.5 r=0.5/cx/e=False d=True p=False l=10 s=20/cx_0.csv, results/synthetic/complete/n=20 r=0.5/cx/e=False d=False p=False l=10 s=20/cx_0.csv, results/synthetic/complete/n=20 r=0.5/pyr/s=1000 sp=1/pyr_0.csv, results/synthetic/random/n=20 m=50 r=0.5/cx/e=False d=False p=False l=10 s=20/cx_0.csv, results/synthetic/random/n=20 m=50 r=0.5/pyr/s=1000 sp=1/pyr_0.csv
    jobid: 0
    reason: Input files updated by another job: results/synthetic/random/n=20 m=50 r=0.5/pyr/s=1000 sp=1/pyr_0.csv, results/synthetic/complete/n=20 r=0.5/cx/e=False d=False p=False l=10 s=20/cx_0.csv, results/synthetic/er/n=10 p=0.5 r=0.5/cx/e=False d=True p=False l=10 s=20/cx_0.csv, results/synthetic/complete/n=20 r=0.5/pyr/s=1000 sp=1/pyr_0.csv, results/synthetic/er/n=10 p=0.5 r=0.5/cx/e=True d=False p=False l=10/cx_0.csv, results/__cythonized__, results/synthetic/random/n=20 m=50 r=0.5/cx/e=False d=False p=False l=10 s=20/cx_0.csv, results/synthetic/er/n=10 p=0.5 r=0.5/cx/e=False d=False p=False l=10 s=20/cx_0.csv, results/synthetic/er/n=10 p=0.5 r=0.5/cx/e=True d=True p=False l=10/cx_0.csv
    resources: tmpdir=/var/folders/dj/14c985vd1ng7gf0vvw_ytrpw0000gn/T

[Fri Nov  8 21:40:25 2024]
Finished job 0.
10 of 10 steps (100%) done
Complete log: .snakemake/log/2024-11-08T214001.599302.snakemake.log
