host: MBPvonFrederic
Building DAG of jobs...
Using shell: /opt/local/bin/bash
Provided cores: 8
Rules claiming more threads will be scaled down.
Job stats:
job      count
-----  -------
all          1
exp          2
total        3

Select jobs to execute...
Execute 2 jobs...

[Wed Oct 23 08:06:40 2024]
localrule exp:
    input: results/__cythonized__
    output: results/pyr.csv
    jobid: 2
    reason: Code has changed since last execution
    wildcards: alg=pyr
    resources: tmpdir=/var/folders/dj/14c985vd1ng7gf0vvw_ytrpw0000gn/T

[Wed Oct 23 08:06:40 2024]
localrule exp:
    input: results/__cythonized__
    output: results/cx.csv
    jobid: 3
    reason: Code has changed since last execution
    wildcards: alg=cx
    resources: tmpdir=/var/folders/dj/14c985vd1ng7gf0vvw_ytrpw0000gn/T

[Wed Oct 23 08:07:09 2024]
Finished job 3.
1 of 3 steps (33%) done
Terminating processes on user request, this might take some time.
RuleException:
CalledProcessError in file /Users/fredericbusch/Desktop/Thesis/forks/py-raccoon/workflow/Snakefile, line 27:
Command 'set -euo pipefail;  /Users/fredericbusch/miniforge3/envs/py-raccoon/bin/python3.12 /Users/fredericbusch/Desktop/Thesis/forks/py-raccoon/.snakemake/scripts/tmp8gxd618n.compute.py' died with <Signals.SIGINT: 2>.
[Wed Oct 23 08:07:19 2024]
Error in rule exp:
    jobid: 2
    input: results/__cythonized__
    output: results/pyr.csv

Complete log: .snakemake/log/2024-10-23T080640.498307.snakemake.log
WorkflowError:
At least one job did not complete successfully.
