host: MacBook-Pro-von-Frederic.local
Building DAG of jobs...
Using shell: /opt/local/bin/bash
Provided cores: 8
Rules claiming more threads will be scaled down.
Job stats:
job       count
------  -------
er_cx        28
er_exp        1
er_pyr        1
total        30

Select jobs to execute...
Execute 8 jobs...

[Fri Nov  8 14:01:23 2024]
localrule er_cx:
    input: results/__cythonized__
    output: results/synthetic/er/nodes=10 p=0.1 r=0.7/cx/samples=10 exact=True parallel=False/cx_1.csv
    jobid: 6
    reason: Missing output files: results/synthetic/er/nodes=10 p=0.1 r=0.7/cx/samples=10 exact=True parallel=False/cx_1.csv
    wildcards: kind=er, n_nodes=10, prob_p=0.1, prob_r=0.7, n_samples=10, exact=True, parallel=False, run=1
    resources: tmpdir=/var/folders/dj/14c985vd1ng7gf0vvw_ytrpw0000gn/T

[Fri Nov  8 14:01:23 2024]
localrule er_cx:
    input: results/__cythonized__
    output: results/synthetic/er/nodes=15 p=0.3 r=0.7/cx/samples=10 exact=True parallel=False/cx_1.csv
    jobid: 21
    reason: Missing output files: results/synthetic/er/nodes=15 p=0.3 r=0.7/cx/samples=10 exact=True parallel=False/cx_1.csv
    wildcards: kind=er, n_nodes=15, prob_p=0.3, prob_r=0.7, n_samples=10, exact=True, parallel=False, run=1
    resources: tmpdir=/var/folders/dj/14c985vd1ng7gf0vvw_ytrpw0000gn/T

[Fri Nov  8 14:01:23 2024]
localrule er_cx:
    input: results/__cythonized__
    output: results/synthetic/er/nodes=15 p=0.1 r=0.5/cx/samples=10 exact=True parallel=False/cx_1.csv
    jobid: 13
    reason: Missing output files: results/synthetic/er/nodes=15 p=0.1 r=0.5/cx/samples=10 exact=True parallel=False/cx_1.csv
    wildcards: kind=er, n_nodes=15, prob_p=0.1, prob_r=0.5, n_samples=10, exact=True, parallel=False, run=1
    resources: tmpdir=/var/folders/dj/14c985vd1ng7gf0vvw_ytrpw0000gn/T

[Fri Nov  8 14:01:23 2024]
localrule er_cx:
    input: results/__cythonized__
    output: results/synthetic/er/nodes=15 p=0.2 r=0.5/cx/samples=10 exact=True parallel=False/cx_1.csv
    jobid: 16
    reason: Missing output files: results/synthetic/er/nodes=15 p=0.2 r=0.5/cx/samples=10 exact=True parallel=False/cx_1.csv
    wildcards: kind=er, n_nodes=15, prob_p=0.2, prob_r=0.5, n_samples=10, exact=True, parallel=False, run=1
    resources: tmpdir=/var/folders/dj/14c985vd1ng7gf0vvw_ytrpw0000gn/T

[Fri Nov  8 14:01:23 2024]
localrule er_cx:
    input: results/__cythonized__
    output: results/synthetic/er/nodes=15 p=0.1 r=0.7/cx/samples=10 exact=True parallel=False/cx_1.csv
    jobid: 15
    reason: Missing output files: results/synthetic/er/nodes=15 p=0.1 r=0.7/cx/samples=10 exact=True parallel=False/cx_1.csv
    wildcards: kind=er, n_nodes=15, prob_p=0.1, prob_r=0.7, n_samples=10, exact=True, parallel=False, run=1
    resources: tmpdir=/var/folders/dj/14c985vd1ng7gf0vvw_ytrpw0000gn/T

[Fri Nov  8 14:01:23 2024]
localrule er_cx:
    input: results/__cythonized__
    output: results/synthetic/er/nodes=20 p=0.3 r=0.7/cx/samples=10 exact=True parallel=False/cx_1.csv
    jobid: 30
    reason: Missing output files: results/synthetic/er/nodes=20 p=0.3 r=0.7/cx/samples=10 exact=True parallel=False/cx_1.csv
    wildcards: kind=er, n_nodes=20, prob_p=0.3, prob_r=0.7, n_samples=10, exact=True, parallel=False, run=1
    resources: tmpdir=/var/folders/dj/14c985vd1ng7gf0vvw_ytrpw0000gn/T

[Fri Nov  8 14:01:23 2024]
localrule er_cx:
    input: results/__cythonized__
    output: results/synthetic/er/nodes=15 p=0.1 r=0.6/cx/samples=10 exact=True parallel=False/cx_1.csv
    jobid: 14
    reason: Missing output files: results/synthetic/er/nodes=15 p=0.1 r=0.6/cx/samples=10 exact=True parallel=False/cx_1.csv
    wildcards: kind=er, n_nodes=15, prob_p=0.1, prob_r=0.6, n_samples=10, exact=True, parallel=False, run=1
    resources: tmpdir=/var/folders/dj/14c985vd1ng7gf0vvw_ytrpw0000gn/T

[Fri Nov  8 14:01:23 2024]
localrule er_cx:
    input: results/__cythonized__
    output: results/synthetic/er/nodes=20 p=0.3 r=0.6/cx/samples=10 exact=True parallel=False/cx_1.csv
    jobid: 29
    reason: Missing output files: results/synthetic/er/nodes=20 p=0.3 r=0.6/cx/samples=10 exact=True parallel=False/cx_1.csv
    wildcards: kind=er, n_nodes=20, prob_p=0.3, prob_r=0.6, n_samples=10, exact=True, parallel=False, run=1
    resources: tmpdir=/var/folders/dj/14c985vd1ng7gf0vvw_ytrpw0000gn/T

[Fri Nov  8 14:01:28 2024]
Finished job 6.
1 of 30 steps (3%) done
Select jobs to execute...
Execute 1 jobs...

[Fri Nov  8 14:01:28 2024]
localrule er_cx:
    input: results/__cythonized__
    output: results/synthetic/er/nodes=10 p=0.3 r=0.7/cx/samples=10 exact=True parallel=False/cx_1.csv
    jobid: 12
    reason: Missing output files: results/synthetic/er/nodes=10 p=0.3 r=0.7/cx/samples=10 exact=True parallel=False/cx_1.csv
    wildcards: kind=er, n_nodes=10, prob_p=0.3, prob_r=0.7, n_samples=10, exact=True, parallel=False, run=1
    resources: tmpdir=/var/folders/dj/14c985vd1ng7gf0vvw_ytrpw0000gn/T

[Fri Nov  8 14:01:28 2024]
Finished job 14.
2 of 30 steps (7%) done
Select jobs to execute...
Execute 1 jobs...

[Fri Nov  8 14:01:28 2024]
localrule er_cx:
    input: results/__cythonized__
    output: results/synthetic/er/nodes=20 p=0.2 r=0.7/cx/samples=10 exact=True parallel=False/cx_1.csv
    jobid: 27
    reason: Missing output files: results/synthetic/er/nodes=20 p=0.2 r=0.7/cx/samples=10 exact=True parallel=False/cx_1.csv
    wildcards: kind=er, n_nodes=20, prob_p=0.2, prob_r=0.7, n_samples=10, exact=True, parallel=False, run=1
    resources: tmpdir=/var/folders/dj/14c985vd1ng7gf0vvw_ytrpw0000gn/T

[Fri Nov  8 14:01:28 2024]
Finished job 15.
3 of 30 steps (10%) done
[Fri Nov  8 14:01:28 2024]
Finished job 13.
4 of 30 steps (13%) done
Select jobs to execute...
Execute 2 jobs...

[Fri Nov  8 14:01:28 2024]
localrule er_cx:
    input: results/__cythonized__
    output: results/synthetic/er/nodes=10 p=0.1 r=0.6/cx/samples=10 exact=True parallel=False/cx_1.csv
    jobid: 5
    reason: Missing output files: results/synthetic/er/nodes=10 p=0.1 r=0.6/cx/samples=10 exact=True parallel=False/cx_1.csv
    wildcards: kind=er, n_nodes=10, prob_p=0.1, prob_r=0.6, n_samples=10, exact=True, parallel=False, run=1
    resources: tmpdir=/var/folders/dj/14c985vd1ng7gf0vvw_ytrpw0000gn/T

[Fri Nov  8 14:01:28 2024]
localrule er_cx:
    input: results/__cythonized__
    output: results/synthetic/er/nodes=15 p=0.3 r=0.6/cx/samples=10 exact=True parallel=False/cx_1.csv
    jobid: 20
    reason: Missing output files: results/synthetic/er/nodes=15 p=0.3 r=0.6/cx/samples=10 exact=True parallel=False/cx_1.csv
    wildcards: kind=er, n_nodes=15, prob_p=0.3, prob_r=0.6, n_samples=10, exact=True, parallel=False, run=1
    resources: tmpdir=/var/folders/dj/14c985vd1ng7gf0vvw_ytrpw0000gn/T

Select jobs to execute...
Waiting for more resources.
[Fri Nov  8 14:01:30 2024]
Finished job 16.
5 of 30 steps (17%) done
Execute 1 jobs...

[Fri Nov  8 14:01:30 2024]
localrule er_cx:
    input: results/__cythonized__
    output: results/synthetic/er/nodes=10 p=0.1 r=0.5/cx/samples=10 exact=True parallel=False/cx_1.csv
    jobid: 4
    reason: Missing output files: results/synthetic/er/nodes=10 p=0.1 r=0.5/cx/samples=10 exact=True parallel=False/cx_1.csv
    wildcards: kind=er, n_nodes=10, prob_p=0.1, prob_r=0.5, n_samples=10, exact=True, parallel=False, run=1
    resources: tmpdir=/var/folders/dj/14c985vd1ng7gf0vvw_ytrpw0000gn/T

[Fri Nov  8 14:01:32 2024]
Finished job 12.
6 of 30 steps (20%) done
Select jobs to execute...
Execute 1 jobs...

[Fri Nov  8 14:01:32 2024]
localrule er_cx:
    input: results/__cythonized__
    output: results/synthetic/er/nodes=15 p=0.3 r=0.5/cx/samples=10 exact=True parallel=False/cx_1.csv
    jobid: 19
    reason: Missing output files: results/synthetic/er/nodes=15 p=0.3 r=0.5/cx/samples=10 exact=True parallel=False/cx_1.csv
    wildcards: kind=er, n_nodes=15, prob_p=0.3, prob_r=0.5, n_samples=10, exact=True, parallel=False, run=1
    resources: tmpdir=/var/folders/dj/14c985vd1ng7gf0vvw_ytrpw0000gn/T

[Fri Nov  8 14:01:32 2024]
Finished job 5.
7 of 30 steps (23%) done
Select jobs to execute...
Execute 1 jobs...

[Fri Nov  8 14:01:32 2024]
localrule er_cx:
    input: results/__cythonized__
    output: results/synthetic/er/nodes=20 p=0.1 r=0.5/cx/samples=10 exact=True parallel=False/cx_1.csv
    jobid: 22
    reason: Missing output files: results/synthetic/er/nodes=20 p=0.1 r=0.5/cx/samples=10 exact=True parallel=False/cx_1.csv
    wildcards: kind=er, n_nodes=20, prob_p=0.1, prob_r=0.5, n_samples=10, exact=True, parallel=False, run=1
    resources: tmpdir=/var/folders/dj/14c985vd1ng7gf0vvw_ytrpw0000gn/T

[Fri Nov  8 14:01:34 2024]
Finished job 4.
8 of 30 steps (27%) done
Select jobs to execute...
Execute 1 jobs...

[Fri Nov  8 14:01:34 2024]
localrule er_cx:
    input: results/__cythonized__
    output: results/synthetic/er/nodes=10 p=0.3 r=0.6/cx/samples=10 exact=True parallel=False/cx_1.csv
    jobid: 11
    reason: Missing output files: results/synthetic/er/nodes=10 p=0.3 r=0.6/cx/samples=10 exact=True parallel=False/cx_1.csv
    wildcards: kind=er, n_nodes=10, prob_p=0.3, prob_r=0.6, n_samples=10, exact=True, parallel=False, run=1
    resources: tmpdir=/var/folders/dj/14c985vd1ng7gf0vvw_ytrpw0000gn/T

[Fri Nov  8 14:01:38 2024]
Finished job 11.
9 of 30 steps (30%) done
Select jobs to execute...
Execute 1 jobs...

[Fri Nov  8 14:01:38 2024]
localrule er_cx:
    input: results/__cythonized__
    output: results/synthetic/er/nodes=20 p=0.2 r=0.6/cx/samples=10 exact=True parallel=False/cx_1.csv
    jobid: 26
    reason: Missing output files: results/synthetic/er/nodes=20 p=0.2 r=0.6/cx/samples=10 exact=True parallel=False/cx_1.csv
    wildcards: kind=er, n_nodes=20, prob_p=0.2, prob_r=0.6, n_samples=10, exact=True, parallel=False, run=1
    resources: tmpdir=/var/folders/dj/14c985vd1ng7gf0vvw_ytrpw0000gn/T

[Fri Nov  8 14:01:39 2024]
Finished job 21.
10 of 30 steps (33%) done
Select jobs to execute...
Execute 1 jobs...

[Fri Nov  8 14:01:39 2024]
localrule er_cx:
    input: results/__cythonized__
    output: results/synthetic/er/nodes=10 p=0.5 r=0.5/cx/samples=10 exact=False parallel=False/cx_1.csv
    jobid: 3
    reason: Missing output files: results/synthetic/er/nodes=10 p=0.5 r=0.5/cx/samples=10 exact=False parallel=False/cx_1.csv
    wildcards: kind=er, n_nodes=10, prob_p=0.5, prob_r=0.5, n_samples=10, exact=False, parallel=False, run=1
    resources: tmpdir=/var/folders/dj/14c985vd1ng7gf0vvw_ytrpw0000gn/T

[Fri Nov  8 14:01:40 2024]
Finished job 22.
11 of 30 steps (37%) done
Select jobs to execute...
Execute 1 jobs...

[Fri Nov  8 14:01:40 2024]
localrule er_cx:
    input: results/__cythonized__
    output: results/synthetic/er/nodes=15 p=0.2 r=0.7/cx/samples=10 exact=True parallel=False/cx_1.csv
    jobid: 18
    reason: Missing output files: results/synthetic/er/nodes=15 p=0.2 r=0.7/cx/samples=10 exact=True parallel=False/cx_1.csv
    wildcards: kind=er, n_nodes=15, prob_p=0.2, prob_r=0.7, n_samples=10, exact=True, parallel=False, run=1
    resources: tmpdir=/var/folders/dj/14c985vd1ng7gf0vvw_ytrpw0000gn/T

[Fri Nov  8 14:01:44 2024]
Finished job 20.
12 of 30 steps (40%) done
Select jobs to execute...
Execute 1 jobs...

[Fri Nov  8 14:01:44 2024]
localrule er_cx:
    input: results/__cythonized__
    output: results/synthetic/er/nodes=20 p=0.2 r=0.5/cx/samples=10 exact=True parallel=False/cx_1.csv
    jobid: 25
    reason: Missing output files: results/synthetic/er/nodes=20 p=0.2 r=0.5/cx/samples=10 exact=True parallel=False/cx_1.csv
    wildcards: kind=er, n_nodes=20, prob_p=0.2, prob_r=0.5, n_samples=10, exact=True, parallel=False, run=1
    resources: tmpdir=/var/folders/dj/14c985vd1ng7gf0vvw_ytrpw0000gn/T

[Fri Nov  8 14:01:47 2024]
Finished job 19.
13 of 30 steps (43%) done
Select jobs to execute...
Execute 1 jobs...

[Fri Nov  8 14:01:47 2024]
localrule er_cx:
    input: results/__cythonized__
    output: results/synthetic/er/nodes=10 p=0.2 r=0.5/cx/samples=10 exact=True parallel=False/cx_1.csv
    jobid: 7
    reason: Missing output files: results/synthetic/er/nodes=10 p=0.2 r=0.5/cx/samples=10 exact=True parallel=False/cx_1.csv
    wildcards: kind=er, n_nodes=10, prob_p=0.2, prob_r=0.5, n_samples=10, exact=True, parallel=False, run=1
    resources: tmpdir=/var/folders/dj/14c985vd1ng7gf0vvw_ytrpw0000gn/T

[Fri Nov  8 14:01:48 2024]
Finished job 18.
14 of 30 steps (47%) done
Select jobs to execute...
Execute 1 jobs...

[Fri Nov  8 14:01:48 2024]
localrule er_cx:
    input: results/__cythonized__
    output: results/synthetic/er/nodes=20 p=0.1 r=0.6/cx/samples=10 exact=True parallel=False/cx_1.csv
    jobid: 23
    reason: Missing output files: results/synthetic/er/nodes=20 p=0.1 r=0.6/cx/samples=10 exact=True parallel=False/cx_1.csv
    wildcards: kind=er, n_nodes=20, prob_p=0.1, prob_r=0.6, n_samples=10, exact=True, parallel=False, run=1
    resources: tmpdir=/var/folders/dj/14c985vd1ng7gf0vvw_ytrpw0000gn/T

[Fri Nov  8 14:01:52 2024]
Finished job 7.
15 of 30 steps (50%) done
Select jobs to execute...
Execute 1 jobs...

[Fri Nov  8 14:01:52 2024]
localrule er_cx:
    input: results/__cythonized__
    output: results/synthetic/er/nodes=10 p=0.2 r=0.6/cx/samples=10 exact=True parallel=False/cx_1.csv
    jobid: 8
    reason: Missing output files: results/synthetic/er/nodes=10 p=0.2 r=0.6/cx/samples=10 exact=True parallel=False/cx_1.csv
    wildcards: kind=er, n_nodes=10, prob_p=0.2, prob_r=0.6, n_samples=10, exact=True, parallel=False, run=1
    resources: tmpdir=/var/folders/dj/14c985vd1ng7gf0vvw_ytrpw0000gn/T

[Fri Nov  8 14:01:55 2024]
Finished job 8.
16 of 30 steps (53%) done
Select jobs to execute...
Execute 1 jobs...

[Fri Nov  8 14:01:55 2024]
localrule er_cx:
    input: results/__cythonized__
    output: results/synthetic/er/nodes=10 p=0.2 r=0.7/cx/samples=10 exact=True parallel=False/cx_1.csv
    jobid: 9
    reason: Missing output files: results/synthetic/er/nodes=10 p=0.2 r=0.7/cx/samples=10 exact=True parallel=False/cx_1.csv
    wildcards: kind=er, n_nodes=10, prob_p=0.2, prob_r=0.7, n_samples=10, exact=True, parallel=False, run=1
    resources: tmpdir=/var/folders/dj/14c985vd1ng7gf0vvw_ytrpw0000gn/T

[Fri Nov  8 14:01:56 2024]
Finished job 23.
17 of 30 steps (57%) done
Select jobs to execute...
Execute 1 jobs...

[Fri Nov  8 14:01:56 2024]
localrule er_cx:
    input: results/__cythonized__
    output: results/synthetic/er/nodes=20 p=0.1 r=0.7/cx/samples=10 exact=True parallel=False/cx_1.csv
    jobid: 24
    reason: Missing output files: results/synthetic/er/nodes=20 p=0.1 r=0.7/cx/samples=10 exact=True parallel=False/cx_1.csv
    wildcards: kind=er, n_nodes=20, prob_p=0.1, prob_r=0.7, n_samples=10, exact=True, parallel=False, run=1
    resources: tmpdir=/var/folders/dj/14c985vd1ng7gf0vvw_ytrpw0000gn/T

[Fri Nov  8 14:01:56 2024]
Finished job 3.
18 of 30 steps (60%) done
Select jobs to execute...
Execute 1 jobs...

[Fri Nov  8 14:01:56 2024]
localrule er_cx:
    input: results/__cythonized__
    output: results/synthetic/er/nodes=15 p=0.2 r=0.6/cx/samples=10 exact=True parallel=False/cx_1.csv
    jobid: 17
    reason: Missing output files: results/synthetic/er/nodes=15 p=0.2 r=0.6/cx/samples=10 exact=True parallel=False/cx_1.csv
    wildcards: kind=er, n_nodes=15, prob_p=0.2, prob_r=0.6, n_samples=10, exact=True, parallel=False, run=1
    resources: tmpdir=/var/folders/dj/14c985vd1ng7gf0vvw_ytrpw0000gn/T

[Fri Nov  8 14:01:58 2024]
Finished job 9.
19 of 30 steps (63%) done
Select jobs to execute...
Execute 1 jobs...

[Fri Nov  8 14:01:58 2024]
localrule er_pyr:
    input: results/__cythonized__
    output: results/synthetic/er/nodes=10 p=0.5 r=0.5/pyr/samples=100 specified_p=0.5/pyr_1.csv
    jobid: 1
    reason: Missing output files: results/synthetic/er/nodes=10 p=0.5 r=0.5/pyr/samples=100 specified_p=0.5/pyr_1.csv
    wildcards: kind=er, n_nodes=10, prob_p=0.5, prob_r=0.5, n_samples=100, pyr_spec_edge_prob=0.5, run=1
    resources: tmpdir=/var/folders/dj/14c985vd1ng7gf0vvw_ytrpw0000gn/T

[Fri Nov  8 14:02:01 2024]
Finished job 17.
20 of 30 steps (67%) done
Select jobs to execute...
Execute 1 jobs...

[Fri Nov  8 14:02:01 2024]
localrule er_cx:
    input: results/__cythonized__
    output: results/synthetic/er/nodes=20 p=0.3 r=0.5/cx/samples=10 exact=True parallel=False/cx_1.csv
    jobid: 28
    reason: Missing output files: results/synthetic/er/nodes=20 p=0.3 r=0.5/cx/samples=10 exact=True parallel=False/cx_1.csv
    wildcards: kind=er, n_nodes=20, prob_p=0.3, prob_r=0.5, n_samples=10, exact=True, parallel=False, run=1
    resources: tmpdir=/var/folders/dj/14c985vd1ng7gf0vvw_ytrpw0000gn/T

[Fri Nov  8 14:02:01 2024]
Finished job 1.
21 of 30 steps (70%) done
Select jobs to execute...
Execute 1 jobs...

[Fri Nov  8 14:02:01 2024]
localrule er_cx:
    input: results/__cythonized__
    output: results/synthetic/er/nodes=10 p=0.3 r=0.5/cx/samples=10 exact=True parallel=False/cx_1.csv
    jobid: 10
    reason: Missing output files: results/synthetic/er/nodes=10 p=0.3 r=0.5/cx/samples=10 exact=True parallel=False/cx_1.csv
    wildcards: kind=er, n_nodes=10, prob_p=0.3, prob_r=0.5, n_samples=10, exact=True, parallel=False, run=1
    resources: tmpdir=/var/folders/dj/14c985vd1ng7gf0vvw_ytrpw0000gn/T

[Fri Nov  8 14:02:02 2024]
Finished job 24.
22 of 30 steps (73%) done
[Fri Nov  8 14:02:04 2024]
Finished job 10.
23 of 30 steps (77%) done
[Fri Nov  8 14:02:32 2024]
Finished job 27.
24 of 30 steps (80%) done
[Fri Nov  8 14:02:36 2024]
Finished job 26.
25 of 30 steps (83%) done
[Fri Nov  8 14:02:38 2024]
Finished job 25.
26 of 30 steps (87%) done
[Fri Nov  8 14:14:30 2024]
Finished job 30.
27 of 30 steps (90%) done
[Fri Nov  8 14:14:31 2024]
Finished job 29.
28 of 30 steps (93%) done
[Fri Nov  8 14:14:46 2024]
Finished job 28.
29 of 30 steps (97%) done
Select jobs to execute...
Execute 1 jobs...

[Fri Nov  8 14:14:46 2024]
localrule er_exp:
    input: results/synthetic/er/nodes=10 p=0.5 r=0.5/pyr/samples=100 specified_p=0.5/pyr_1.csv, results/synthetic/er/nodes=10 p=0.5 r=0.5/cx/samples=10 exact=False parallel=False/cx_1.csv, results/synthetic/er/nodes=10 p=0.1 r=0.5/cx/samples=10 exact=True parallel=False/cx_1.csv, results/synthetic/er/nodes=10 p=0.1 r=0.6/cx/samples=10 exact=True parallel=False/cx_1.csv, results/synthetic/er/nodes=10 p=0.1 r=0.7/cx/samples=10 exact=True parallel=False/cx_1.csv, results/synthetic/er/nodes=10 p=0.2 r=0.5/cx/samples=10 exact=True parallel=False/cx_1.csv, results/synthetic/er/nodes=10 p=0.2 r=0.6/cx/samples=10 exact=True parallel=False/cx_1.csv, results/synthetic/er/nodes=10 p=0.2 r=0.7/cx/samples=10 exact=True parallel=False/cx_1.csv, results/synthetic/er/nodes=10 p=0.3 r=0.5/cx/samples=10 exact=True parallel=False/cx_1.csv, results/synthetic/er/nodes=10 p=0.3 r=0.6/cx/samples=10 exact=True parallel=False/cx_1.csv, results/synthetic/er/nodes=10 p=0.3 r=0.7/cx/samples=10 exact=True parallel=False/cx_1.csv, results/synthetic/er/nodes=15 p=0.1 r=0.5/cx/samples=10 exact=True parallel=False/cx_1.csv, results/synthetic/er/nodes=15 p=0.1 r=0.6/cx/samples=10 exact=True parallel=False/cx_1.csv, results/synthetic/er/nodes=15 p=0.1 r=0.7/cx/samples=10 exact=True parallel=False/cx_1.csv, results/synthetic/er/nodes=15 p=0.2 r=0.5/cx/samples=10 exact=True parallel=False/cx_1.csv, results/synthetic/er/nodes=15 p=0.2 r=0.6/cx/samples=10 exact=True parallel=False/cx_1.csv, results/synthetic/er/nodes=15 p=0.2 r=0.7/cx/samples=10 exact=True parallel=False/cx_1.csv, results/synthetic/er/nodes=15 p=0.3 r=0.5/cx/samples=10 exact=True parallel=False/cx_1.csv, results/synthetic/er/nodes=15 p=0.3 r=0.6/cx/samples=10 exact=True parallel=False/cx_1.csv, results/synthetic/er/nodes=15 p=0.3 r=0.7/cx/samples=10 exact=True parallel=False/cx_1.csv, results/synthetic/er/nodes=20 p=0.1 r=0.5/cx/samples=10 exact=True parallel=False/cx_1.csv, results/synthetic/er/nodes=20 p=0.1 r=0.6/cx/samples=10 exact=True parallel=False/cx_1.csv, results/synthetic/er/nodes=20 p=0.1 r=0.7/cx/samples=10 exact=True parallel=False/cx_1.csv, results/synthetic/er/nodes=20 p=0.2 r=0.5/cx/samples=10 exact=True parallel=False/cx_1.csv, results/synthetic/er/nodes=20 p=0.2 r=0.6/cx/samples=10 exact=True parallel=False/cx_1.csv, results/synthetic/er/nodes=20 p=0.2 r=0.7/cx/samples=10 exact=True parallel=False/cx_1.csv, results/synthetic/er/nodes=20 p=0.3 r=0.5/cx/samples=10 exact=True parallel=False/cx_1.csv, results/synthetic/er/nodes=20 p=0.3 r=0.6/cx/samples=10 exact=True parallel=False/cx_1.csv, results/synthetic/er/nodes=20 p=0.3 r=0.7/cx/samples=10 exact=True parallel=False/cx_1.csv
    jobid: 0
    reason: Input files updated by another job: results/synthetic/er/nodes=20 p=0.2 r=0.6/cx/samples=10 exact=True parallel=False/cx_1.csv, results/synthetic/er/nodes=15 p=0.2 r=0.5/cx/samples=10 exact=True parallel=False/cx_1.csv, results/synthetic/er/nodes=15 p=0.3 r=0.5/cx/samples=10 exact=True parallel=False/cx_1.csv, results/synthetic/er/nodes=10 p=0.3 r=0.5/cx/samples=10 exact=True parallel=False/cx_1.csv, results/synthetic/er/nodes=10 p=0.1 r=0.7/cx/samples=10 exact=True parallel=False/cx_1.csv, results/synthetic/er/nodes=10 p=0.5 r=0.5/pyr/samples=100 specified_p=0.5/pyr_1.csv, results/synthetic/er/nodes=10 p=0.3 r=0.7/cx/samples=10 exact=True parallel=False/cx_1.csv, results/synthetic/er/nodes=15 p=0.3 r=0.6/cx/samples=10 exact=True parallel=False/cx_1.csv, results/synthetic/er/nodes=20 p=0.2 r=0.5/cx/samples=10 exact=True parallel=False/cx_1.csv, results/synthetic/er/nodes=20 p=0.1 r=0.5/cx/samples=10 exact=True parallel=False/cx_1.csv, results/synthetic/er/nodes=20 p=0.3 r=0.6/cx/samples=10 exact=True parallel=False/cx_1.csv, results/synthetic/er/nodes=10 p=0.1 r=0.5/cx/samples=10 exact=True parallel=False/cx_1.csv, results/synthetic/er/nodes=10 p=0.3 r=0.6/cx/samples=10 exact=True parallel=False/cx_1.csv, results/synthetic/er/nodes=15 p=0.1 r=0.5/cx/samples=10 exact=True parallel=False/cx_1.csv, results/synthetic/er/nodes=15 p=0.3 r=0.7/cx/samples=10 exact=True parallel=False/cx_1.csv, results/synthetic/er/nodes=10 p=0.2 r=0.6/cx/samples=10 exact=True parallel=False/cx_1.csv, results/synthetic/er/nodes=15 p=0.1 r=0.6/cx/samples=10 exact=True parallel=False/cx_1.csv, results/synthetic/er/nodes=10 p=0.2 r=0.7/cx/samples=10 exact=True parallel=False/cx_1.csv, results/synthetic/er/nodes=15 p=0.2 r=0.6/cx/samples=10 exact=True parallel=False/cx_1.csv, results/synthetic/er/nodes=20 p=0.3 r=0.5/cx/samples=10 exact=True parallel=False/cx_1.csv, results/synthetic/er/nodes=10 p=0.1 r=0.6/cx/samples=10 exact=True parallel=False/cx_1.csv, results/synthetic/er/nodes=15 p=0.2 r=0.7/cx/samples=10 exact=True parallel=False/cx_1.csv, results/synthetic/er/nodes=20 p=0.1 r=0.7/cx/samples=10 exact=True parallel=False/cx_1.csv, results/synthetic/er/nodes=20 p=0.3 r=0.7/cx/samples=10 exact=True parallel=False/cx_1.csv, results/synthetic/er/nodes=20 p=0.1 r=0.6/cx/samples=10 exact=True parallel=False/cx_1.csv, results/synthetic/er/nodes=15 p=0.1 r=0.7/cx/samples=10 exact=True parallel=False/cx_1.csv, results/synthetic/er/nodes=10 p=0.5 r=0.5/cx/samples=10 exact=False parallel=False/cx_1.csv, results/synthetic/er/nodes=20 p=0.2 r=0.7/cx/samples=10 exact=True parallel=False/cx_1.csv, results/synthetic/er/nodes=10 p=0.2 r=0.5/cx/samples=10 exact=True parallel=False/cx_1.csv
    resources: tmpdir=/var/folders/dj/14c985vd1ng7gf0vvw_ytrpw0000gn/T

[Fri Nov  8 14:14:46 2024]
Finished job 0.
30 of 30 steps (100%) done
Complete log: .snakemake/log/2024-11-08T140121.915759.snakemake.log
