host: fredduuxd
Building DAG of jobs...
Provided cores: 16
Rules claiming more threads will be scaled down.
Job stats:
job             count
------------  -------
combine_exps       20
complete_cx        20
time_exp            1
total              41

Select jobs to execute...
Execute 16 jobs...

[Mon Nov 11 01:40:31 2024]
localrule complete_cx:
    output: results/synthetic/complete/n=15 r=0.5 d=False/cx/e=True p=False l=10 s=1/run/cx_0.csv
    jobid: 30
    reason: Missing output files: results/synthetic/complete/n=15 r=0.5 d=False/cx/e=True p=False l=10 s=1/run/cx_0.csv
    wildcards: n_nodes=15, neg_edge_prob=0.5, directed=False, exact=True, parallel=False, max_length=10, n_samples=1, run=0
    resources: tmpdir=C:\Users\FREDDU~1\AppData\Local\Temp

[Mon Nov 11 01:40:31 2024]
localrule complete_cx:
    output: results/synthetic/complete/n=5 r=0.5 d=False/cx/e=True p=False l=10 s=1/run/cx_0.csv
    jobid: 10
    reason: Missing output files: results/synthetic/complete/n=5 r=0.5 d=False/cx/e=True p=False l=10 s=1/run/cx_0.csv
    wildcards: n_nodes=5, neg_edge_prob=0.5, directed=False, exact=True, parallel=False, max_length=10, n_samples=1, run=0
    resources: tmpdir=C:\Users\FREDDU~1\AppData\Local\Temp

[Mon Nov 11 01:40:31 2024]
localrule complete_cx:
    output: results/synthetic/complete/n=20 r=0.5 d=False/cx/e=True p=False l=10 s=1/run/cx_0.csv
    jobid: 40
    reason: Missing output files: results/synthetic/complete/n=20 r=0.5 d=False/cx/e=True p=False l=10 s=1/run/cx_0.csv
    wildcards: n_nodes=20, neg_edge_prob=0.5, directed=False, exact=True, parallel=False, max_length=10, n_samples=1, run=0
    resources: tmpdir=C:\Users\FREDDU~1\AppData\Local\Temp

[Mon Nov 11 01:40:31 2024]
localrule complete_cx:
    output: results/synthetic/complete/n=10 r=0.5 d=False/cx/e=True p=False l=10 s=1/run/cx_0.csv
    jobid: 20
    reason: Missing output files: results/synthetic/complete/n=10 r=0.5 d=False/cx/e=True p=False l=10 s=1/run/cx_0.csv
    wildcards: n_nodes=10, neg_edge_prob=0.5, directed=False, exact=True, parallel=False, max_length=10, n_samples=1, run=0
    resources: tmpdir=C:\Users\FREDDU~1\AppData\Local\Temp

[Mon Nov 11 01:40:31 2024]
localrule complete_cx:
    output: results/synthetic/complete/n=19 r=0.5 d=False/cx/e=True p=False l=10 s=1/run/cx_0.csv
    jobid: 38
    reason: Missing output files: results/synthetic/complete/n=19 r=0.5 d=False/cx/e=True p=False l=10 s=1/run/cx_0.csv
    wildcards: n_nodes=19, neg_edge_prob=0.5, directed=False, exact=True, parallel=False, max_length=10, n_samples=1, run=0
    resources: tmpdir=C:\Users\FREDDU~1\AppData\Local\Temp

[Mon Nov 11 01:40:31 2024]
localrule complete_cx:
    output: results/synthetic/complete/n=13 r=0.5 d=False/cx/e=True p=False l=10 s=1/run/cx_0.csv
    jobid: 26
    reason: Missing output files: results/synthetic/complete/n=13 r=0.5 d=False/cx/e=True p=False l=10 s=1/run/cx_0.csv
    wildcards: n_nodes=13, neg_edge_prob=0.5, directed=False, exact=True, parallel=False, max_length=10, n_samples=1, run=0
    resources: tmpdir=C:\Users\FREDDU~1\AppData\Local\Temp

[Mon Nov 11 01:40:31 2024]
localrule complete_cx:
    output: results/synthetic/complete/n=7 r=0.5 d=False/cx/e=True p=False l=10 s=1/run/cx_0.csv
    jobid: 14
    reason: Missing output files: results/synthetic/complete/n=7 r=0.5 d=False/cx/e=True p=False l=10 s=1/run/cx_0.csv
    wildcards: n_nodes=7, neg_edge_prob=0.5, directed=False, exact=True, parallel=False, max_length=10, n_samples=1, run=0
    resources: tmpdir=C:\Users\FREDDU~1\AppData\Local\Temp

[Mon Nov 11 01:40:31 2024]
localrule complete_cx:
    output: results/synthetic/complete/n=17 r=0.5 d=False/cx/e=True p=False l=10 s=1/run/cx_0.csv
    jobid: 34
    reason: Missing output files: results/synthetic/complete/n=17 r=0.5 d=False/cx/e=True p=False l=10 s=1/run/cx_0.csv
    wildcards: n_nodes=17, neg_edge_prob=0.5, directed=False, exact=True, parallel=False, max_length=10, n_samples=1, run=0
    resources: tmpdir=C:\Users\FREDDU~1\AppData\Local\Temp

[Mon Nov 11 01:40:31 2024]
localrule complete_cx:
    output: results/synthetic/complete/n=2 r=0.5 d=False/cx/e=True p=False l=10 s=1/run/cx_0.csv
    jobid: 4
    reason: Missing output files: results/synthetic/complete/n=2 r=0.5 d=False/cx/e=True p=False l=10 s=1/run/cx_0.csv
    wildcards: n_nodes=2, neg_edge_prob=0.5, directed=False, exact=True, parallel=False, max_length=10, n_samples=1, run=0
    resources: tmpdir=C:\Users\FREDDU~1\AppData\Local\Temp

[Mon Nov 11 01:40:31 2024]
localrule complete_cx:
    output: results/synthetic/complete/n=12 r=0.5 d=False/cx/e=True p=False l=10 s=1/run/cx_0.csv
    jobid: 24
    reason: Missing output files: results/synthetic/complete/n=12 r=0.5 d=False/cx/e=True p=False l=10 s=1/run/cx_0.csv
    wildcards: n_nodes=12, neg_edge_prob=0.5, directed=False, exact=True, parallel=False, max_length=10, n_samples=1, run=0
    resources: tmpdir=C:\Users\FREDDU~1\AppData\Local\Temp

[Mon Nov 11 01:40:31 2024]
localrule complete_cx:
    output: results/synthetic/complete/n=8 r=0.5 d=False/cx/e=True p=False l=10 s=1/run/cx_0.csv
    jobid: 16
    reason: Missing output files: results/synthetic/complete/n=8 r=0.5 d=False/cx/e=True p=False l=10 s=1/run/cx_0.csv
    wildcards: n_nodes=8, neg_edge_prob=0.5, directed=False, exact=True, parallel=False, max_length=10, n_samples=1, run=0
    resources: tmpdir=C:\Users\FREDDU~1\AppData\Local\Temp

[Mon Nov 11 01:40:31 2024]
localrule complete_cx:
    output: results/synthetic/complete/n=18 r=0.5 d=False/cx/e=True p=False l=10 s=1/run/cx_0.csv
    jobid: 36
    reason: Missing output files: results/synthetic/complete/n=18 r=0.5 d=False/cx/e=True p=False l=10 s=1/run/cx_0.csv
    wildcards: n_nodes=18, neg_edge_prob=0.5, directed=False, exact=True, parallel=False, max_length=10, n_samples=1, run=0
    resources: tmpdir=C:\Users\FREDDU~1\AppData\Local\Temp

[Mon Nov 11 01:40:31 2024]
localrule complete_cx:
    output: results/synthetic/complete/n=3 r=0.5 d=False/cx/e=True p=False l=10 s=1/run/cx_0.csv
    jobid: 6
    reason: Missing output files: results/synthetic/complete/n=3 r=0.5 d=False/cx/e=True p=False l=10 s=1/run/cx_0.csv
    wildcards: n_nodes=3, neg_edge_prob=0.5, directed=False, exact=True, parallel=False, max_length=10, n_samples=1, run=0
    resources: tmpdir=C:\Users\FREDDU~1\AppData\Local\Temp

[Mon Nov 11 01:40:31 2024]
localrule complete_cx:
    output: results/synthetic/complete/n=9 r=0.5 d=False/cx/e=True p=False l=10 s=1/run/cx_0.csv
    jobid: 18
    reason: Missing output files: results/synthetic/complete/n=9 r=0.5 d=False/cx/e=True p=False l=10 s=1/run/cx_0.csv
    wildcards: n_nodes=9, neg_edge_prob=0.5, directed=False, exact=True, parallel=False, max_length=10, n_samples=1, run=0
    resources: tmpdir=C:\Users\FREDDU~1\AppData\Local\Temp

[Mon Nov 11 01:40:31 2024]
localrule complete_cx:
    output: results/synthetic/complete/n=4 r=0.5 d=False/cx/e=True p=False l=10 s=1/run/cx_0.csv
    jobid: 8
    reason: Missing output files: results/synthetic/complete/n=4 r=0.5 d=False/cx/e=True p=False l=10 s=1/run/cx_0.csv
    wildcards: n_nodes=4, neg_edge_prob=0.5, directed=False, exact=True, parallel=False, max_length=10, n_samples=1, run=0
    resources: tmpdir=C:\Users\FREDDU~1\AppData\Local\Temp

[Mon Nov 11 01:40:31 2024]
localrule complete_cx:
    output: results/synthetic/complete/n=14 r=0.5 d=False/cx/e=True p=False l=10 s=1/run/cx_0.csv
    jobid: 28
    reason: Missing output files: results/synthetic/complete/n=14 r=0.5 d=False/cx/e=True p=False l=10 s=1/run/cx_0.csv
    wildcards: n_nodes=14, neg_edge_prob=0.5, directed=False, exact=True, parallel=False, max_length=10, n_samples=1, run=0
    resources: tmpdir=C:\Users\FREDDU~1\AppData\Local\Temp

[Mon Nov 11 01:40:34 2024]
Finished job 4.
1 of 41 steps (2%) done
Select jobs to execute...
Execute 1 jobs...

[Mon Nov 11 01:40:34 2024]
localrule combine_exps:
    input: results/synthetic/complete/n=2 r=0.5 d=False/cx/e=True p=False l=10 s=1/run/cx_0.csv
    output: results/synthetic/complete/n=2 r=0.5 d=False/cx/e=True p=False l=10 s=1/cx_0_combined.csv
    jobid: 3
    reason: Missing output files: results/synthetic/complete/n=2 r=0.5 d=False/cx/e=True p=False l=10 s=1/cx_0_combined.csv; Input files updated by another job: results/synthetic/complete/n=2 r=0.5 d=False/cx/e=True p=False l=10 s=1/run/cx_0.csv
    wildcards: path=results/synthetic/complete/n=2 r=0.5 d=False/cx/e=True p=False l=10 s=1, alg=cx, runs=0
    resources: tmpdir=C:\Users\FREDDU~1\AppData\Local\Temp

[Mon Nov 11 01:40:34 2024]
Finished job 10.
2 of 41 steps (5%) done
[Mon Nov 11 01:40:34 2024]
Finished job 8.
3 of 41 steps (7%) done
Select jobs to execute...
Execute 2 jobs...

[Mon Nov 11 01:40:34 2024]
localrule combine_exps:
    input: results/synthetic/complete/n=5 r=0.5 d=False/cx/e=True p=False l=10 s=1/run/cx_0.csv
    output: results/synthetic/complete/n=5 r=0.5 d=False/cx/e=True p=False l=10 s=1/cx_0_combined.csv
    jobid: 9
    reason: Missing output files: results/synthetic/complete/n=5 r=0.5 d=False/cx/e=True p=False l=10 s=1/cx_0_combined.csv; Input files updated by another job: results/synthetic/complete/n=5 r=0.5 d=False/cx/e=True p=False l=10 s=1/run/cx_0.csv
    wildcards: path=results/synthetic/complete/n=5 r=0.5 d=False/cx/e=True p=False l=10 s=1, alg=cx, runs=0
    resources: tmpdir=C:\Users\FREDDU~1\AppData\Local\Temp

[Mon Nov 11 01:40:34 2024]
localrule combine_exps:
    input: results/synthetic/complete/n=4 r=0.5 d=False/cx/e=True p=False l=10 s=1/run/cx_0.csv
    output: results/synthetic/complete/n=4 r=0.5 d=False/cx/e=True p=False l=10 s=1/cx_0_combined.csv
    jobid: 7
    reason: Missing output files: results/synthetic/complete/n=4 r=0.5 d=False/cx/e=True p=False l=10 s=1/cx_0_combined.csv; Input files updated by another job: results/synthetic/complete/n=4 r=0.5 d=False/cx/e=True p=False l=10 s=1/run/cx_0.csv
    wildcards: path=results/synthetic/complete/n=4 r=0.5 d=False/cx/e=True p=False l=10 s=1, alg=cx, runs=0
    resources: tmpdir=C:\Users\FREDDU~1\AppData\Local\Temp

[Mon Nov 11 01:40:34 2024]
Finished job 3.
4 of 41 steps (10%) done
[Mon Nov 11 01:40:34 2024]
Finished job 6.
5 of 41 steps (12%) done
[Mon Nov 11 01:40:34 2024]
Finished job 9.
6 of 41 steps (15%) done
Select jobs to execute...
Execute 3 jobs...

[Mon Nov 11 01:40:34 2024]
localrule complete_cx:
    output: results/synthetic/complete/n=6 r=0.5 d=False/cx/e=True p=False l=10 s=1/run/cx_0.csv
    jobid: 12
    reason: Missing output files: results/synthetic/complete/n=6 r=0.5 d=False/cx/e=True p=False l=10 s=1/run/cx_0.csv
    wildcards: n_nodes=6, neg_edge_prob=0.5, directed=False, exact=True, parallel=False, max_length=10, n_samples=1, run=0
    resources: tmpdir=C:\Users\FREDDU~1\AppData\Local\Temp

[Mon Nov 11 01:40:34 2024]
localrule complete_cx:
    output: results/synthetic/complete/n=16 r=0.5 d=False/cx/e=True p=False l=10 s=1/run/cx_0.csv
    jobid: 32
    reason: Missing output files: results/synthetic/complete/n=16 r=0.5 d=False/cx/e=True p=False l=10 s=1/run/cx_0.csv
    wildcards: n_nodes=16, neg_edge_prob=0.5, directed=False, exact=True, parallel=False, max_length=10, n_samples=1, run=0
    resources: tmpdir=C:\Users\FREDDU~1\AppData\Local\Temp

[Mon Nov 11 01:40:34 2024]
localrule combine_exps:
    input: results/synthetic/complete/n=3 r=0.5 d=False/cx/e=True p=False l=10 s=1/run/cx_0.csv
    output: results/synthetic/complete/n=3 r=0.5 d=False/cx/e=True p=False l=10 s=1/cx_0_combined.csv
    jobid: 5
    reason: Missing output files: results/synthetic/complete/n=3 r=0.5 d=False/cx/e=True p=False l=10 s=1/cx_0_combined.csv; Input files updated by another job: results/synthetic/complete/n=3 r=0.5 d=False/cx/e=True p=False l=10 s=1/run/cx_0.csv
    wildcards: path=results/synthetic/complete/n=3 r=0.5 d=False/cx/e=True p=False l=10 s=1, alg=cx, runs=0
    resources: tmpdir=C:\Users\FREDDU~1\AppData\Local\Temp

[Mon Nov 11 01:40:34 2024]
Finished job 7.
7 of 41 steps (17%) done
[Mon Nov 11 01:40:34 2024]
Finished job 14.
8 of 41 steps (20%) done
[Mon Nov 11 01:40:34 2024]
Finished job 16.
9 of 41 steps (22%) done
Select jobs to execute...
Execute 3 jobs...

[Mon Nov 11 01:40:34 2024]
localrule combine_exps:
    input: results/synthetic/complete/n=8 r=0.5 d=False/cx/e=True p=False l=10 s=1/run/cx_0.csv
    output: results/synthetic/complete/n=8 r=0.5 d=False/cx/e=True p=False l=10 s=1/cx_0_combined.csv
    jobid: 15
    reason: Missing output files: results/synthetic/complete/n=8 r=0.5 d=False/cx/e=True p=False l=10 s=1/cx_0_combined.csv; Input files updated by another job: results/synthetic/complete/n=8 r=0.5 d=False/cx/e=True p=False l=10 s=1/run/cx_0.csv
    wildcards: path=results/synthetic/complete/n=8 r=0.5 d=False/cx/e=True p=False l=10 s=1, alg=cx, runs=0
    resources: tmpdir=C:\Users\FREDDU~1\AppData\Local\Temp

[Mon Nov 11 01:40:34 2024]
localrule combine_exps:
    input: results/synthetic/complete/n=7 r=0.5 d=False/cx/e=True p=False l=10 s=1/run/cx_0.csv
    output: results/synthetic/complete/n=7 r=0.5 d=False/cx/e=True p=False l=10 s=1/cx_0_combined.csv
    jobid: 13
    reason: Missing output files: results/synthetic/complete/n=7 r=0.5 d=False/cx/e=True p=False l=10 s=1/cx_0_combined.csv; Input files updated by another job: results/synthetic/complete/n=7 r=0.5 d=False/cx/e=True p=False l=10 s=1/run/cx_0.csv
    wildcards: path=results/synthetic/complete/n=7 r=0.5 d=False/cx/e=True p=False l=10 s=1, alg=cx, runs=0
    resources: tmpdir=C:\Users\FREDDU~1\AppData\Local\Temp

[Mon Nov 11 01:40:34 2024]
localrule complete_cx:
    output: results/synthetic/complete/n=1 r=0.5 d=False/cx/e=True p=False l=10 s=1/run/cx_0.csv
    jobid: 2
    reason: Missing output files: results/synthetic/complete/n=1 r=0.5 d=False/cx/e=True p=False l=10 s=1/run/cx_0.csv
    wildcards: n_nodes=1, neg_edge_prob=0.5, directed=False, exact=True, parallel=False, max_length=10, n_samples=1, run=0
    resources: tmpdir=C:\Users\FREDDU~1\AppData\Local\Temp

[Mon Nov 11 01:40:34 2024]
Finished job 5.
10 of 41 steps (24%) done
[Mon Nov 11 01:40:34 2024]
Finished job 15.
11 of 41 steps (27%) done
[Mon Nov 11 01:40:34 2024]
Finished job 13.
12 of 41 steps (29%) done
Select jobs to execute...
Execute 1 jobs...

[Mon Nov 11 01:40:34 2024]
localrule complete_cx:
    output: results/synthetic/complete/n=11 r=0.5 d=False/cx/e=True p=False l=10 s=1/run/cx_0.csv
    jobid: 22
    reason: Missing output files: results/synthetic/complete/n=11 r=0.5 d=False/cx/e=True p=False l=10 s=1/run/cx_0.csv
    wildcards: n_nodes=11, neg_edge_prob=0.5, directed=False, exact=True, parallel=False, max_length=10, n_samples=1, run=0
    resources: tmpdir=C:\Users\FREDDU~1\AppData\Local\Temp

[Mon Nov 11 01:40:34 2024]
Finished job 18.
13 of 41 steps (32%) done
Select jobs to execute...
Execute 1 jobs...

[Mon Nov 11 01:40:34 2024]
localrule combine_exps:
    input: results/synthetic/complete/n=9 r=0.5 d=False/cx/e=True p=False l=10 s=1/run/cx_0.csv
    output: results/synthetic/complete/n=9 r=0.5 d=False/cx/e=True p=False l=10 s=1/cx_0_combined.csv
    jobid: 17
    reason: Missing output files: results/synthetic/complete/n=9 r=0.5 d=False/cx/e=True p=False l=10 s=1/cx_0_combined.csv; Input files updated by another job: results/synthetic/complete/n=9 r=0.5 d=False/cx/e=True p=False l=10 s=1/run/cx_0.csv
    wildcards: path=results/synthetic/complete/n=9 r=0.5 d=False/cx/e=True p=False l=10 s=1, alg=cx, runs=0
    resources: tmpdir=C:\Users\FREDDU~1\AppData\Local\Temp

[Mon Nov 11 01:40:34 2024]
Finished job 17.
14 of 41 steps (34%) done
[Mon Nov 11 01:40:34 2024]
Finished job 20.
15 of 41 steps (37%) done
Select jobs to execute...
Execute 1 jobs...

[Mon Nov 11 01:40:34 2024]
localrule combine_exps:
    input: results/synthetic/complete/n=10 r=0.5 d=False/cx/e=True p=False l=10 s=1/run/cx_0.csv
    output: results/synthetic/complete/n=10 r=0.5 d=False/cx/e=True p=False l=10 s=1/cx_0_combined.csv
    jobid: 19
    reason: Missing output files: results/synthetic/complete/n=10 r=0.5 d=False/cx/e=True p=False l=10 s=1/cx_0_combined.csv; Input files updated by another job: results/synthetic/complete/n=10 r=0.5 d=False/cx/e=True p=False l=10 s=1/run/cx_0.csv
    wildcards: path=results/synthetic/complete/n=10 r=0.5 d=False/cx/e=True p=False l=10 s=1, alg=cx, runs=0
    resources: tmpdir=C:\Users\FREDDU~1\AppData\Local\Temp

[Mon Nov 11 01:40:34 2024]
Finished job 19.
16 of 41 steps (39%) done
[Mon Nov 11 01:40:36 2024]
Finished job 12.
17 of 41 steps (41%) done
Select jobs to execute...
Execute 1 jobs...

[Mon Nov 11 01:40:36 2024]
localrule combine_exps:
    input: results/synthetic/complete/n=6 r=0.5 d=False/cx/e=True p=False l=10 s=1/run/cx_0.csv
    output: results/synthetic/complete/n=6 r=0.5 d=False/cx/e=True p=False l=10 s=1/cx_0_combined.csv
    jobid: 11
    reason: Missing output files: results/synthetic/complete/n=6 r=0.5 d=False/cx/e=True p=False l=10 s=1/cx_0_combined.csv; Input files updated by another job: results/synthetic/complete/n=6 r=0.5 d=False/cx/e=True p=False l=10 s=1/run/cx_0.csv
    wildcards: path=results/synthetic/complete/n=6 r=0.5 d=False/cx/e=True p=False l=10 s=1, alg=cx, runs=0
    resources: tmpdir=C:\Users\FREDDU~1\AppData\Local\Temp

[Mon Nov 11 01:40:36 2024]
Finished job 11.
18 of 41 steps (44%) done
RuleException:
CalledProcessError in file C:\Users\fredduuxd\Desktop\Thesis\py-raccoon\workflow\Snakefile, line 90:
Command 'C:/Users/fredduuxd/miniforge3/envs/py-raccoon/python.exe "C:\Users\fredduuxd\Desktop\Thesis\py-raccoon\.snakemake\scripts\tmpg1ewkhhn.experiment.py"' returned non-zero exit status 1.
[Mon Nov 11 01:40:36 2024]
Error in rule complete_cx:
    jobid: 2
    output: results/synthetic/complete/n=1 r=0.5 d=False/cx/e=True p=False l=10 s=1/run/cx_0.csv

[Mon Nov 11 01:40:36 2024]
Finished job 24.
19 of 41 steps (46%) done
[Mon Nov 11 01:40:37 2024]
Finished job 22.
20 of 41 steps (49%) done
[Mon Nov 11 01:40:37 2024]
Finished job 26.
21 of 41 steps (51%) done
[Mon Nov 11 01:40:40 2024]
Finished job 28.
22 of 41 steps (54%) done
[Mon Nov 11 01:40:45 2024]
Finished job 30.
23 of 41 steps (56%) done
[Mon Nov 11 01:40:55 2024]
Finished job 32.
24 of 41 steps (59%) done
[Mon Nov 11 01:41:08 2024]
Finished job 34.
25 of 41 steps (61%) done
[Mon Nov 11 01:41:34 2024]
Finished job 36.
26 of 41 steps (63%) done
[Mon Nov 11 01:42:16 2024]
Finished job 38.
27 of 41 steps (66%) done
[Mon Nov 11 01:43:22 2024]
Finished job 40.
28 of 41 steps (68%) done
Shutting down, this might take some time.
Exiting because a job execution failed. Look above for error message
Complete log: .snakemake\log\2024-11-11T014031.663670.snakemake.log
WorkflowError:
At least one job did not complete successfully.
