host: MacBook-Pro-von-Frederic.local
Building DAG of jobs...
Using shell: /opt/local/bin/bash
Provided cores: 8
Rules claiming more threads will be scaled down.
Job stats:
job             count
------------  -------
combine_exps        2
er_cx               1
er_pyr              1
test_exp            1
total               5

Select jobs to execute...
Execute 2 jobs...

[Sat Dec  7 11:47:02 2024]
localrule er_cx:
    input: results/__cythonized__
    output: results/synthetic/er/n=100 p=0.5 r=0.5 re=False d=False/cx/e=False p=False l=20 s=100/run/cx_0.csv
    jobid: 5
    reason: Missing output files: results/synthetic/er/n=100 p=0.5 r=0.5 re=False d=False/cx/e=False p=False l=20 s=100/run/cx_0.csv
    wildcards: n_nodes=100, prob_p=0.5, neg_edge_prob=0.5, neg_edge_dist_exact=False, directed=False, exact=False, parallel=False, max_length=20, n_samples=100, run=0
    resources: tmpdir=/var/folders/dj/14c985vd1ng7gf0vvw_ytrpw0000gn/T

[Sat Dec  7 11:47:03 2024]
localrule er_pyr:
    input: results/__cythonized__
    output: results/synthetic/er/n=100 p=0.5 r=0.5 re=False d=False/pyr/s=100 sp=None/run/pyr_0.csv
    jobid: 2
    reason: Missing output files: results/synthetic/er/n=100 p=0.5 r=0.5 re=False d=False/pyr/s=100 sp=None/run/pyr_0.csv
    wildcards: n_nodes=100, prob_p=0.5, neg_edge_prob=0.5, neg_edge_dist_exact=False, directed=False, n_samples=100, pyr_spec_edge_prob=None, run=0
    resources: tmpdir=/var/folders/dj/14c985vd1ng7gf0vvw_ytrpw0000gn/T

[Sat Dec  7 11:47:12 2024]
Finished job 2.
1 of 5 steps (20%) done
Select jobs to execute...
Execute 1 jobs...

[Sat Dec  7 11:47:12 2024]
localrule combine_exps:
    input: results/synthetic/er/n=100 p=0.5 r=0.5 re=False d=False/pyr/s=100 sp=None/run/pyr_0.csv
    output: results/synthetic/er/n=100 p=0.5 r=0.5 re=False d=False/pyr/s=100 sp=None/pyr_0_combined.csv
    jobid: 1
    reason: Missing output files: results/synthetic/er/n=100 p=0.5 r=0.5 re=False d=False/pyr/s=100 sp=None/pyr_0_combined.csv; Input files updated by another job: results/synthetic/er/n=100 p=0.5 r=0.5 re=False d=False/pyr/s=100 sp=None/run/pyr_0.csv
    wildcards: path=results/synthetic/er/n=100 p=0.5 r=0.5 re=False d=False/pyr/s=100 sp=None, alg=pyr, runs=0
    resources: tmpdir=/var/folders/dj/14c985vd1ng7gf0vvw_ytrpw0000gn/T

[Sat Dec  7 11:47:14 2024]
Finished job 1.
2 of 5 steps (40%) done
Terminating processes on user request, this might take some time.
RuleException:
CalledProcessError in file /Users/fredericbusch/Desktop/Thesis/forks/py-raccoon/workflow/Snakefile, line 159:
Command 'set -euo pipefail;  /Users/fredericbusch/miniforge3/envs/py-raccoon/bin/python3.12 /Users/fredericbusch/Desktop/Thesis/forks/py-raccoon/.snakemake/scripts/tmpb6jk280p.experiment.py' returned non-zero exit status 1.
[Sat Dec  7 11:53:40 2024]
Error in rule er_cx:
    jobid: 5
    input: results/__cythonized__
    output: results/synthetic/er/n=100 p=0.5 r=0.5 re=False d=False/cx/e=False p=False l=20 s=100/run/cx_0.csv

Complete log: .snakemake/log/2024-12-07T114701.991423.snakemake.log
WorkflowError:
At least one job did not complete successfully.
