host: MacBook-Pro-von-Frederic.local
Building DAG of jobs...
Using shell: /opt/local/bin/bash
Provided cores: 8
Rules claiming more threads will be scaled down.
Job stats:
job       count
------  -------
er_cx         1
er_exp        1
total         2

Select jobs to execute...
Execute 1 jobs...

[Fri Nov  8 16:56:29 2024]
localrule er_cx:
    input: results/__cythonized__
    output: results/synthetic/er/nodes=5 p=0.1 r=0.5/cx/samples=10 length=10 exact=False directed=False parallel=False/cx_0.csv
    jobid: 4
    reason: Missing output files: results/synthetic/er/nodes=5 p=0.1 r=0.5/cx/samples=10 length=10 exact=False directed=False parallel=False/cx_0.csv
    wildcards: kind=er, n_nodes=5, prob_p=0.1, neg_edge_prob=0.5, n_samples=10, max_length=10, exact=False, directed=False, parallel=False, run=0
    resources: tmpdir=/var/folders/dj/14c985vd1ng7gf0vvw_ytrpw0000gn/T

Terminating processes on user request, this might take some time.
RuleException:
CalledProcessError in file /Users/fredericbusch/Desktop/Thesis/forks/py-raccoon/workflow/Snakefile, line 49:
Command 'set -euo pipefail;  /Users/fredericbusch/miniforge3/envs/py-raccoon/bin/python3.12 /Users/fredericbusch/Desktop/Thesis/forks/py-raccoon/.snakemake/scripts/tmp9ezoib8m.experiment.py' returned non-zero exit status 1.
[Fri Nov  8 16:57:19 2024]
Error in rule er_cx:
    jobid: 4
    input: results/__cythonized__
    output: results/synthetic/er/nodes=5 p=0.1 r=0.5/cx/samples=10 length=10 exact=False directed=False parallel=False/cx_0.csv

Complete log: .snakemake/log/2024-11-08T165628.868851.snakemake.log
WorkflowError:
At least one job did not complete successfully.
