host: MBPvonFrederic
Building DAG of jobs...
Using shell: /opt/local/bin/bash
Provided cores: 8
Rules claiming more threads will be scaled down.
Job stats:
job                 count
----------------  -------
all                     1
cythonize               1
first_experiment        1
total                   3

Select jobs to execute...
Execute 2 jobs...

[Wed Sep 18 12:43:11 2024]
localrule cythonize:
    input: src/py_raccoon/balance_sampling.pyx, src/py_raccoon/balance_spanning_trees.pyx
    output: results/__cythonized__
    jobid: 1
    reason: Missing output files: results/__cythonized__
    resources: tmpdir=/var/folders/dj/14c985vd1ng7gf0vvw_ytrpw0000gn/T


[Wed Sep 18 12:43:11 2024]
localrule first_experiment:
    output: results/my_first_output.csv
    jobid: 2
    reason: Missing output files: results/my_first_output.csv
    resources: tmpdir=/var/folders/dj/14c985vd1ng7gf0vvw_ytrpw0000gn/T

[Wed Sep 18 12:43:13 2024]
Finished job 1.
1 of 3 steps (33%) done
[Wed Sep 18 12:43:16 2024]
Finished job 2.
2 of 3 steps (67%) done
Select jobs to execute...
Execute 1 jobs...

[Wed Sep 18 12:43:16 2024]
localrule all:
    input: results/__cythonized__, results/my_first_output.csv
    jobid: 0
    reason: Input files updated by another job: results/my_first_output.csv, results/__cythonized__
    resources: tmpdir=/var/folders/dj/14c985vd1ng7gf0vvw_ytrpw0000gn/T

[Wed Sep 18 12:43:16 2024]
Finished job 0.
3 of 3 steps (100%) done
Complete log: .snakemake/log/2024-09-18T124311.446339.snakemake.log
