host: MacBook-Pro-von-Frederic.local
Building DAG of jobs...
Using shell: /opt/local/bin/bash
Provided cores: 8
Rules claiming more threads will be scaled down.
Job stats:
job             count
------------  -------
combine_exps        1
epinions_cx         1
epinions_exp        1
total               3

Select jobs to execute...
Execute 1 jobs...

[Sat Nov 30 04:24:54 2024]
localrule epinions_cx:
    input: results/__cythonized__
    output: results/real/epinions/test/cx/e=False p=False l=10 s=1/run/cx_0.csv
    jobid: 2
    reason: Missing output files: results/real/epinions/test/cx/e=False p=False l=10 s=1/run/cx_0.csv
    wildcards: exact=False, parallel=False, max_length=10, n_samples=1, run=0
    resources: tmpdir=/var/folders/dj/14c985vd1ng7gf0vvw_ytrpw0000gn/T

Terminating processes on user request, this might take some time.
RuleException:
CalledProcessError in file /Users/fredericbusch/Desktop/Thesis/forks/py-raccoon/workflow/Snakefile, line 117:
Command 'set -euo pipefail;  /Users/fredericbusch/miniforge3/envs/py-raccoon/bin/python3.12 /Users/fredericbusch/Desktop/Thesis/forks/py-raccoon/.snakemake/scripts/tmp6o746037.experiment.py' died with <Signals.SIGINT: 2>.
[Sat Nov 30 04:28:50 2024]
Error in rule epinions_cx:
    jobid: 2
    input: results/__cythonized__
    output: results/real/epinions/test/cx/e=False p=False l=10 s=1/run/cx_0.csv

Complete log: .snakemake/log/2024-11-30T042454.028647.snakemake.log
WorkflowError:
At least one job did not complete successfully.
