host: MacBook-Pro-von-Frederic.local
Building DAG of jobs...
Using shell: /opt/local/bin/bash
Provided cores: 8
Rules claiming more threads will be scaled down.
Job stats:
job             count
------------  -------
all                 1
combine_exps        9
complete_cx         3
complete_pyr        3
er_cx              12
random_cx           1
random_pyr         11
total              40

Select jobs to execute...
Execute 8 jobs...

[Tue Nov 12 00:06:08 2024]
localrule random_pyr:
    input: results/__cythonized__
    output: results/synthetic/random/n=20 m=50 r=0.5 re=True d=False/pyr/s=1000 sp=1/run/pyr_5.csv
    jobid: 35
    reason: Missing output files: results/synthetic/random/n=20 m=50 r=0.5 re=True d=False/pyr/s=1000 sp=1/run/pyr_5.csv
    wildcards: n_nodes=20, n_edges=50, neg_edge_prob=0.5, neg_edge_dist_exact=True, directed=False, n_samples=1000, pyr_spec_edge_prob=1, run=5
    resources: tmpdir=/var/folders/dj/14c985vd1ng7gf0vvw_ytrpw0000gn/T

[Tue Nov 12 00:06:08 2024]
localrule er_cx:
    input: results/__cythonized__
    output: results/synthetic/er/n=10 p=0.5 r=0.5 re=True d=False/cx/e=True p=False l=10 s=1/run/cx_1.csv
    jobid: 4
    reason: Missing output files: results/synthetic/er/n=10 p=0.5 r=0.5 re=True d=False/cx/e=True p=False l=10 s=1/run/cx_1.csv
    wildcards: n_nodes=10, prob_p=0.5, neg_edge_prob=0.5, neg_edge_dist_exact=True, directed=False, exact=True, parallel=False, max_length=10, n_samples=1, run=1
    resources: tmpdir=/var/folders/dj/14c985vd1ng7gf0vvw_ytrpw0000gn/T

[Tue Nov 12 00:06:08 2024]
localrule complete_pyr:
    input: results/__cythonized__
    output: results/synthetic/complete/n=20 r=0.5 re=True d=False/pyr/s=1000 sp=1/run/pyr_1.csv
    jobid: 24
    reason: Missing output files: results/synthetic/complete/n=20 r=0.5 re=True d=False/pyr/s=1000 sp=1/run/pyr_1.csv
    wildcards: n_nodes=20, neg_edge_prob=0.5, neg_edge_dist_exact=True, directed=False, n_samples=1000, pyr_spec_edge_prob=1, run=1
    resources: tmpdir=/var/folders/dj/14c985vd1ng7gf0vvw_ytrpw0000gn/T

[Tue Nov 12 00:06:08 2024]
localrule er_cx:
    input: results/__cythonized__
    output: results/synthetic/er/n=10 p=0.5 r=0.5 re=False d=True/cx/e=False p=False l=10 s=20/run/cx_2.csv
    jobid: 17
    reason: Missing output files: results/synthetic/er/n=10 p=0.5 r=0.5 re=False d=True/cx/e=False p=False l=10 s=20/run/cx_2.csv
    wildcards: n_nodes=10, prob_p=0.5, neg_edge_prob=0.5, neg_edge_dist_exact=False, directed=True, exact=False, parallel=False, max_length=10, n_samples=20, run=2
    resources: tmpdir=/var/folders/dj/14c985vd1ng7gf0vvw_ytrpw0000gn/T

[Tue Nov 12 00:06:08 2024]
localrule random_pyr:
    input: results/__cythonized__
    output: results/synthetic/random/n=20 m=50 r=0.5 re=True d=False/pyr/s=1000 sp=1/run/pyr_7.csv
    jobid: 37
    reason: Missing output files: results/synthetic/random/n=20 m=50 r=0.5 re=True d=False/pyr/s=1000 sp=1/run/pyr_7.csv
    wildcards: n_nodes=20, n_edges=50, neg_edge_prob=0.5, neg_edge_dist_exact=True, directed=False, n_samples=1000, pyr_spec_edge_prob=1, run=7
    resources: tmpdir=/var/folders/dj/14c985vd1ng7gf0vvw_ytrpw0000gn/T

[Tue Nov 12 00:06:08 2024]
localrule er_cx:
    input: results/__cythonized__
    output: results/synthetic/er/n=10 p=0.5 r=0.5 re=False d=True/cx/e=False p=False l=10 s=20/run/cx_1.csv
    jobid: 16
    reason: Missing output files: results/synthetic/er/n=10 p=0.5 r=0.5 re=False d=True/cx/e=False p=False l=10 s=20/run/cx_1.csv
    wildcards: n_nodes=10, prob_p=0.5, neg_edge_prob=0.5, neg_edge_dist_exact=False, directed=True, exact=False, parallel=False, max_length=10, n_samples=20, run=1
    resources: tmpdir=/var/folders/dj/14c985vd1ng7gf0vvw_ytrpw0000gn/T

[Tue Nov 12 00:06:08 2024]
localrule random_pyr:
    input: results/__cythonized__
    output: results/synthetic/random/n=20 m=50 r=0.5 re=True d=False/pyr/s=1000 sp=1/run/pyr_6.csv
    jobid: 36
    reason: Missing output files: results/synthetic/random/n=20 m=50 r=0.5 re=True d=False/pyr/s=1000 sp=1/run/pyr_6.csv
    wildcards: n_nodes=20, n_edges=50, neg_edge_prob=0.5, neg_edge_dist_exact=True, directed=False, n_samples=1000, pyr_spec_edge_prob=1, run=6
    resources: tmpdir=/var/folders/dj/14c985vd1ng7gf0vvw_ytrpw0000gn/T

[Tue Nov 12 00:06:08 2024]
localrule er_cx:
    input: results/__cythonized__
    output: results/synthetic/er/n=10 p=0.5 r=0.5 re=False d=True/cx/e=False p=False l=10 s=20/run/cx_0.csv
    jobid: 15
    reason: Missing output files: results/synthetic/er/n=10 p=0.5 r=0.5 re=False d=True/cx/e=False p=False l=10 s=20/run/cx_0.csv
    wildcards: n_nodes=10, prob_p=0.5, neg_edge_prob=0.5, neg_edge_dist_exact=False, directed=True, exact=False, parallel=False, max_length=10, n_samples=20, run=0
    resources: tmpdir=/var/folders/dj/14c985vd1ng7gf0vvw_ytrpw0000gn/T

[Tue Nov 12 00:06:13 2024]
Finished job 4.
1 of 40 steps (2%) done
Select jobs to execute...
Execute 1 jobs...

[Tue Nov 12 00:06:13 2024]
localrule random_pyr:
    input: results/__cythonized__
    output: results/synthetic/random/n=20 m=50 r=0.5 re=True d=False/pyr/s=1000 sp=1/run/pyr_4.csv
    jobid: 34
    reason: Missing output files: results/synthetic/random/n=20 m=50 r=0.5 re=True d=False/pyr/s=1000 sp=1/run/pyr_4.csv
    wildcards: n_nodes=20, n_edges=50, neg_edge_prob=0.5, neg_edge_dist_exact=True, directed=False, n_samples=1000, pyr_spec_edge_prob=1, run=4
    resources: tmpdir=/var/folders/dj/14c985vd1ng7gf0vvw_ytrpw0000gn/T

[Tue Nov 12 00:06:14 2024]
Finished job 37.
2 of 40 steps (5%) done
Select jobs to execute...
Execute 1 jobs...

[Tue Nov 12 00:06:14 2024]
localrule random_pyr:
    input: results/__cythonized__
    output: results/synthetic/random/n=20 m=50 r=0.5 re=True d=False/pyr/s=1000 sp=1/run/pyr_3.csv
    jobid: 32
    reason: Missing output files: results/synthetic/random/n=20 m=50 r=0.5 re=True d=False/pyr/s=1000 sp=1/run/pyr_3.csv
    wildcards: n_nodes=20, n_edges=50, neg_edge_prob=0.5, neg_edge_dist_exact=True, directed=False, n_samples=1000, pyr_spec_edge_prob=1, run=3
    resources: tmpdir=/var/folders/dj/14c985vd1ng7gf0vvw_ytrpw0000gn/T

[Tue Nov 12 00:06:14 2024]
Finished job 36.
3 of 40 steps (8%) done
[Tue Nov 12 00:06:14 2024]
Finished job 35.
4 of 40 steps (10%) done
Select jobs to execute...
Execute 2 jobs...

[Tue Nov 12 00:06:14 2024]
localrule er_cx:
    input: results/__cythonized__
    output: results/synthetic/er/n=10 p=0.5 r=0.5 re=True d=False/cx/e=True p=False l=10 s=1/run/cx_0.csv
    jobid: 3
    reason: Missing output files: results/synthetic/er/n=10 p=0.5 r=0.5 re=True d=False/cx/e=True p=False l=10 s=1/run/cx_0.csv
    wildcards: n_nodes=10, prob_p=0.5, neg_edge_prob=0.5, neg_edge_dist_exact=True, directed=False, exact=True, parallel=False, max_length=10, n_samples=1, run=0
    resources: tmpdir=/var/folders/dj/14c985vd1ng7gf0vvw_ytrpw0000gn/T

[Tue Nov 12 00:06:14 2024]
localrule complete_pyr:
    input: results/__cythonized__
    output: results/synthetic/complete/n=20 r=0.5 re=True d=False/pyr/s=1000 sp=1/run/pyr_0.csv
    jobid: 23
    reason: Missing output files: results/synthetic/complete/n=20 r=0.5 re=True d=False/pyr/s=1000 sp=1/run/pyr_0.csv
    wildcards: n_nodes=20, neg_edge_prob=0.5, neg_edge_dist_exact=True, directed=False, n_samples=1000, pyr_spec_edge_prob=1, run=0
    resources: tmpdir=/var/folders/dj/14c985vd1ng7gf0vvw_ytrpw0000gn/T

Select jobs to execute...
Waiting for more resources.
[Tue Nov 12 00:06:19 2024]
Finished job 34.
5 of 40 steps (12%) done
Execute 1 jobs...

[Tue Nov 12 00:06:19 2024]
localrule random_cx:
    input: results/__cythonized__
    output: results/synthetic/random/n=20 m=50 r=0.5 re=True d=False/cx/e=False p=False l=10 s=20/run/cx_0.csv
    jobid: 27
    reason: Missing output files: results/synthetic/random/n=20 m=50 r=0.5 re=True d=False/cx/e=False p=False l=10 s=20/run/cx_0.csv
    wildcards: n_nodes=20, n_edges=50, neg_edge_prob=0.5, neg_edge_dist_exact=True, directed=False, exact=False, parallel=False, max_length=10, n_samples=20, run=0
    resources: tmpdir=/var/folders/dj/14c985vd1ng7gf0vvw_ytrpw0000gn/T

[Tue Nov 12 00:06:19 2024]
Finished job 3.
6 of 40 steps (15%) done
Select jobs to execute...
Execute 1 jobs...

[Tue Nov 12 00:06:19 2024]
localrule complete_pyr:
    input: results/__cythonized__
    output: results/synthetic/complete/n=20 r=0.5 re=True d=False/pyr/s=1000 sp=1/run/pyr_2.csv
    jobid: 25
    reason: Missing output files: results/synthetic/complete/n=20 r=0.5 re=True d=False/pyr/s=1000 sp=1/run/pyr_2.csv
    wildcards: n_nodes=20, neg_edge_prob=0.5, neg_edge_dist_exact=True, directed=False, n_samples=1000, pyr_spec_edge_prob=1, run=2
    resources: tmpdir=/var/folders/dj/14c985vd1ng7gf0vvw_ytrpw0000gn/T

[Tue Nov 12 00:06:19 2024]
Finished job 24.
7 of 40 steps (18%) done
Select jobs to execute...
Execute 1 jobs...

[Tue Nov 12 00:06:19 2024]
localrule complete_cx:
    input: results/__cythonized__
    output: results/synthetic/complete/n=20 r=0.5 re=True d=False/cx/e=False p=False l=10 s=20/run/cx_2.csv
    jobid: 21
    reason: Missing output files: results/synthetic/complete/n=20 r=0.5 re=True d=False/cx/e=False p=False l=10 s=20/run/cx_2.csv
    wildcards: n_nodes=20, neg_edge_prob=0.5, neg_edge_dist_exact=True, directed=False, exact=False, parallel=False, max_length=10, n_samples=20, run=2
    resources: tmpdir=/var/folders/dj/14c985vd1ng7gf0vvw_ytrpw0000gn/T

[Tue Nov 12 00:06:20 2024]
Finished job 32.
8 of 40 steps (20%) done
Select jobs to execute...
Execute 1 jobs...

[Tue Nov 12 00:06:20 2024]
localrule er_cx:
    input: results/__cythonized__
    output: results/synthetic/er/n=10 p=0.5 r=0.5 re=True d=False/cx/e=True p=False l=10 s=1/run/cx_2.csv
    jobid: 5
    reason: Missing output files: results/synthetic/er/n=10 p=0.5 r=0.5 re=True d=False/cx/e=True p=False l=10 s=1/run/cx_2.csv
    wildcards: n_nodes=10, prob_p=0.5, neg_edge_prob=0.5, neg_edge_dist_exact=True, directed=False, exact=True, parallel=False, max_length=10, n_samples=1, run=2
    resources: tmpdir=/var/folders/dj/14c985vd1ng7gf0vvw_ytrpw0000gn/T

[Tue Nov 12 00:06:24 2024]
Finished job 5.
9 of 40 steps (22%) done
Select jobs to execute...
Execute 1 jobs...

[Tue Nov 12 00:06:24 2024]
localrule random_pyr:
    input: results/__cythonized__
    output: results/synthetic/random/n=20 m=50 r=0.5 re=True d=False/pyr/s=1000 sp=1/run/pyr_10.csv
    jobid: 40
    reason: Missing output files: results/synthetic/random/n=20 m=50 r=0.5 re=True d=False/pyr/s=1000 sp=1/run/pyr_10.csv
    wildcards: n_nodes=20, n_edges=50, neg_edge_prob=0.5, neg_edge_dist_exact=True, directed=False, n_samples=1000, pyr_spec_edge_prob=1, run=10
    resources: tmpdir=/var/folders/dj/14c985vd1ng7gf0vvw_ytrpw0000gn/T

[Tue Nov 12 00:06:25 2024]
Finished job 23.
10 of 40 steps (25%) done
Select jobs to execute...
Execute 1 jobs...

[Tue Nov 12 00:06:25 2024]
localrule random_pyr:
    input: results/__cythonized__
    output: results/synthetic/random/n=20 m=50 r=0.5 re=True d=False/pyr/s=1000 sp=1/run/pyr_2.csv
    jobid: 31
    reason: Missing output files: results/synthetic/random/n=20 m=50 r=0.5 re=True d=False/pyr/s=1000 sp=1/run/pyr_2.csv
    wildcards: n_nodes=20, n_edges=50, neg_edge_prob=0.5, neg_edge_dist_exact=True, directed=False, n_samples=1000, pyr_spec_edge_prob=1, run=2
    resources: tmpdir=/var/folders/dj/14c985vd1ng7gf0vvw_ytrpw0000gn/T

[Tue Nov 12 00:06:29 2024]
Finished job 25.
11 of 40 steps (28%) done
Select jobs to execute...
Execute 1 jobs...

[Tue Nov 12 00:06:29 2024]
localrule er_cx:
    input: results/__cythonized__
    output: results/synthetic/er/n=10 p=0.5 r=0.5 re=True d=True/cx/e=True p=False l=10 s=1/run/cx_0.csv
    jobid: 7
    reason: Missing output files: results/synthetic/er/n=10 p=0.5 r=0.5 re=True d=True/cx/e=True p=False l=10 s=1/run/cx_0.csv
    wildcards: n_nodes=10, prob_p=0.5, neg_edge_prob=0.5, neg_edge_dist_exact=True, directed=True, exact=True, parallel=False, max_length=10, n_samples=1, run=0
    resources: tmpdir=/var/folders/dj/14c985vd1ng7gf0vvw_ytrpw0000gn/T

[Tue Nov 12 00:06:29 2024]
Finished job 40.
12 of 40 steps (30%) done
Select jobs to execute...
Execute 1 jobs...

[Tue Nov 12 00:06:29 2024]
localrule er_cx:
    input: results/__cythonized__
    output: results/synthetic/er/n=10 p=0.5 r=0.5 re=True d=False/cx/e=False p=False l=10 s=20/run/cx_0.csv
    jobid: 11
    reason: Missing output files: results/synthetic/er/n=10 p=0.5 r=0.5 re=True d=False/cx/e=False p=False l=10 s=20/run/cx_0.csv
    wildcards: n_nodes=10, prob_p=0.5, neg_edge_prob=0.5, neg_edge_dist_exact=True, directed=False, exact=False, parallel=False, max_length=10, n_samples=20, run=0
    resources: tmpdir=/var/folders/dj/14c985vd1ng7gf0vvw_ytrpw0000gn/T

[Tue Nov 12 00:06:29 2024]
Finished job 27.
13 of 40 steps (32%) done
Select jobs to execute...
Execute 1 jobs...

[Tue Nov 12 00:06:29 2024]
localrule combine_exps:
    input: results/synthetic/random/n=20 m=50 r=0.5 re=True d=False/cx/e=False p=False l=10 s=20/run/cx_0.csv
    output: results/synthetic/random/n=20 m=50 r=0.5 re=True d=False/cx/e=False p=False l=10 s=20/cx_0_combined.csv
    jobid: 26
    reason: Missing output files: results/synthetic/random/n=20 m=50 r=0.5 re=True d=False/cx/e=False p=False l=10 s=20/cx_0_combined.csv; Input files updated by another job: results/synthetic/random/n=20 m=50 r=0.5 re=True d=False/cx/e=False p=False l=10 s=20/run/cx_0.csv
    wildcards: path=results/synthetic/random/n=20 m=50 r=0.5 re=True d=False/cx/e=False p=False l=10 s=20, alg=cx, runs=0
    resources: tmpdir=/var/folders/dj/14c985vd1ng7gf0vvw_ytrpw0000gn/T

[Tue Nov 12 00:06:30 2024]
Finished job 31.
14 of 40 steps (35%) done
Select jobs to execute...
Execute 1 jobs...

[Tue Nov 12 00:06:30 2024]
localrule complete_cx:
    input: results/__cythonized__
    output: results/synthetic/complete/n=20 r=0.5 re=True d=False/cx/e=False p=False l=10 s=20/run/cx_1.csv
    jobid: 20
    reason: Missing output files: results/synthetic/complete/n=20 r=0.5 re=True d=False/cx/e=False p=False l=10 s=20/run/cx_1.csv
    wildcards: n_nodes=20, neg_edge_prob=0.5, neg_edge_dist_exact=True, directed=False, exact=False, parallel=False, max_length=10, n_samples=20, run=1
    resources: tmpdir=/var/folders/dj/14c985vd1ng7gf0vvw_ytrpw0000gn/T

[Tue Nov 12 00:06:32 2024]
Finished job 26.
15 of 40 steps (38%) done
Select jobs to execute...
Execute 1 jobs...

[Tue Nov 12 00:06:32 2024]
localrule random_pyr:
    input: results/__cythonized__
    output: results/synthetic/random/n=20 m=50 r=0.5 re=True d=False/pyr/s=1000 sp=1/run/pyr_9.csv
    jobid: 39
    reason: Missing output files: results/synthetic/random/n=20 m=50 r=0.5 re=True d=False/pyr/s=1000 sp=1/run/pyr_9.csv
    wildcards: n_nodes=20, n_edges=50, neg_edge_prob=0.5, neg_edge_dist_exact=True, directed=False, n_samples=1000, pyr_spec_edge_prob=1, run=9
    resources: tmpdir=/var/folders/dj/14c985vd1ng7gf0vvw_ytrpw0000gn/T

[Tue Nov 12 00:06:33 2024]
Finished job 7.
16 of 40 steps (40%) done
Select jobs to execute...
Execute 1 jobs...

[Tue Nov 12 00:06:33 2024]
localrule er_cx:
    input: results/__cythonized__
    output: results/synthetic/er/n=10 p=0.5 r=0.5 re=True d=True/cx/e=True p=False l=10 s=1/run/cx_2.csv
    jobid: 9
    reason: Missing output files: results/synthetic/er/n=10 p=0.5 r=0.5 re=True d=True/cx/e=True p=False l=10 s=1/run/cx_2.csv
    wildcards: n_nodes=10, prob_p=0.5, neg_edge_prob=0.5, neg_edge_dist_exact=True, directed=True, exact=True, parallel=False, max_length=10, n_samples=1, run=2
    resources: tmpdir=/var/folders/dj/14c985vd1ng7gf0vvw_ytrpw0000gn/T

[Tue Nov 12 00:06:37 2024]
Finished job 39.
17 of 40 steps (42%) done
Select jobs to execute...
Execute 1 jobs...

[Tue Nov 12 00:06:37 2024]
localrule er_cx:
    input: results/__cythonized__
    output: results/synthetic/er/n=10 p=0.5 r=0.5 re=True d=False/cx/e=False p=False l=10 s=20/run/cx_1.csv
    jobid: 12
    reason: Missing output files: results/synthetic/er/n=10 p=0.5 r=0.5 re=True d=False/cx/e=False p=False l=10 s=20/run/cx_1.csv
    wildcards: n_nodes=10, prob_p=0.5, neg_edge_prob=0.5, neg_edge_dist_exact=True, directed=False, exact=False, parallel=False, max_length=10, n_samples=20, run=1
    resources: tmpdir=/var/folders/dj/14c985vd1ng7gf0vvw_ytrpw0000gn/T

[Tue Nov 12 00:06:38 2024]
Finished job 9.
18 of 40 steps (45%) done
Select jobs to execute...
Execute 1 jobs...

[Tue Nov 12 00:06:38 2024]
localrule combine_exps:
    input: results/synthetic/er/n=10 p=0.5 r=0.5 re=True d=False/cx/e=True p=False l=10 s=1/run/cx_0.csv, results/synthetic/er/n=10 p=0.5 r=0.5 re=True d=False/cx/e=True p=False l=10 s=1/run/cx_1.csv, results/synthetic/er/n=10 p=0.5 r=0.5 re=True d=False/cx/e=True p=False l=10 s=1/run/cx_2.csv
    output: results/synthetic/er/n=10 p=0.5 r=0.5 re=True d=False/cx/e=True p=False l=10 s=1/cx_2_combined.csv
    jobid: 2
    reason: Missing output files: results/synthetic/er/n=10 p=0.5 r=0.5 re=True d=False/cx/e=True p=False l=10 s=1/cx_2_combined.csv; Input files updated by another job: results/synthetic/er/n=10 p=0.5 r=0.5 re=True d=False/cx/e=True p=False l=10 s=1/run/cx_2.csv, results/synthetic/er/n=10 p=0.5 r=0.5 re=True d=False/cx/e=True p=False l=10 s=1/run/cx_0.csv, results/synthetic/er/n=10 p=0.5 r=0.5 re=True d=False/cx/e=True p=False l=10 s=1/run/cx_1.csv
    wildcards: path=results/synthetic/er/n=10 p=0.5 r=0.5 re=True d=False/cx/e=True p=False l=10 s=1, alg=cx, runs=2
    resources: tmpdir=/var/folders/dj/14c985vd1ng7gf0vvw_ytrpw0000gn/T

[Tue Nov 12 00:06:40 2024]
Finished job 2.
19 of 40 steps (48%) done
Select jobs to execute...
Execute 1 jobs...

[Tue Nov 12 00:06:40 2024]
localrule random_pyr:
    input: results/__cythonized__
    output: results/synthetic/random/n=20 m=50 r=0.5 re=True d=False/pyr/s=1000 sp=1/run/pyr_0.csv
    jobid: 29
    reason: Missing output files: results/synthetic/random/n=20 m=50 r=0.5 re=True d=False/pyr/s=1000 sp=1/run/pyr_0.csv
    wildcards: n_nodes=20, n_edges=50, neg_edge_prob=0.5, neg_edge_dist_exact=True, directed=False, n_samples=1000, pyr_spec_edge_prob=1, run=0
    resources: tmpdir=/var/folders/dj/14c985vd1ng7gf0vvw_ytrpw0000gn/T

[Tue Nov 12 00:06:44 2024]
Finished job 17.
20 of 40 steps (50%) done
Select jobs to execute...
Execute 1 jobs...

[Tue Nov 12 00:06:44 2024]
localrule er_cx:
    input: results/__cythonized__
    output: results/synthetic/er/n=10 p=0.5 r=0.5 re=True d=True/cx/e=True p=False l=10 s=1/run/cx_1.csv
    jobid: 8
    reason: Missing output files: results/synthetic/er/n=10 p=0.5 r=0.5 re=True d=True/cx/e=True p=False l=10 s=1/run/cx_1.csv
    wildcards: n_nodes=10, prob_p=0.5, neg_edge_prob=0.5, neg_edge_dist_exact=True, directed=True, exact=True, parallel=False, max_length=10, n_samples=1, run=1
    resources: tmpdir=/var/folders/dj/14c985vd1ng7gf0vvw_ytrpw0000gn/T

[Tue Nov 12 00:06:44 2024]
Finished job 15.
21 of 40 steps (52%) done
Select jobs to execute...
Execute 1 jobs...

[Tue Nov 12 00:06:44 2024]
localrule er_cx:
    input: results/__cythonized__
    output: results/synthetic/er/n=10 p=0.5 r=0.5 re=True d=False/cx/e=False p=False l=10 s=20/run/cx_2.csv
    jobid: 13
    reason: Missing output files: results/synthetic/er/n=10 p=0.5 r=0.5 re=True d=False/cx/e=False p=False l=10 s=20/run/cx_2.csv
    wildcards: n_nodes=10, prob_p=0.5, neg_edge_prob=0.5, neg_edge_dist_exact=True, directed=False, exact=False, parallel=False, max_length=10, n_samples=20, run=2
    resources: tmpdir=/var/folders/dj/14c985vd1ng7gf0vvw_ytrpw0000gn/T

[Tue Nov 12 00:06:45 2024]
Finished job 16.
22 of 40 steps (55%) done
Select jobs to execute...
Execute 1 jobs...

[Tue Nov 12 00:06:45 2024]
localrule combine_exps:
    input: results/synthetic/er/n=10 p=0.5 r=0.5 re=False d=True/cx/e=False p=False l=10 s=20/run/cx_0.csv, results/synthetic/er/n=10 p=0.5 r=0.5 re=False d=True/cx/e=False p=False l=10 s=20/run/cx_1.csv, results/synthetic/er/n=10 p=0.5 r=0.5 re=False d=True/cx/e=False p=False l=10 s=20/run/cx_2.csv
    output: results/synthetic/er/n=10 p=0.5 r=0.5 re=False d=True/cx/e=False p=False l=10 s=20/cx_2_combined.csv
    jobid: 14
    reason: Missing output files: results/synthetic/er/n=10 p=0.5 r=0.5 re=False d=True/cx/e=False p=False l=10 s=20/cx_2_combined.csv; Input files updated by another job: results/synthetic/er/n=10 p=0.5 r=0.5 re=False d=True/cx/e=False p=False l=10 s=20/run/cx_2.csv, results/synthetic/er/n=10 p=0.5 r=0.5 re=False d=True/cx/e=False p=False l=10 s=20/run/cx_1.csv, results/synthetic/er/n=10 p=0.5 r=0.5 re=False d=True/cx/e=False p=False l=10 s=20/run/cx_0.csv
    wildcards: path=results/synthetic/er/n=10 p=0.5 r=0.5 re=False d=True/cx/e=False p=False l=10 s=20, alg=cx, runs=2
    resources: tmpdir=/var/folders/dj/14c985vd1ng7gf0vvw_ytrpw0000gn/T

[Tue Nov 12 00:06:45 2024]
Finished job 29.
23 of 40 steps (57%) done
Select jobs to execute...
Execute 1 jobs...

[Tue Nov 12 00:06:45 2024]
localrule random_pyr:
    input: results/__cythonized__
    output: results/synthetic/random/n=20 m=50 r=0.5 re=True d=False/pyr/s=1000 sp=1/run/pyr_8.csv
    jobid: 38
    reason: Missing output files: results/synthetic/random/n=20 m=50 r=0.5 re=True d=False/pyr/s=1000 sp=1/run/pyr_8.csv
    wildcards: n_nodes=20, n_edges=50, neg_edge_prob=0.5, neg_edge_dist_exact=True, directed=False, n_samples=1000, pyr_spec_edge_prob=1, run=8
    resources: tmpdir=/var/folders/dj/14c985vd1ng7gf0vvw_ytrpw0000gn/T

[Tue Nov 12 00:06:47 2024]
Finished job 14.
24 of 40 steps (60%) done
Select jobs to execute...
Execute 1 jobs...

[Tue Nov 12 00:06:47 2024]
localrule complete_cx:
    input: results/__cythonized__
    output: results/synthetic/complete/n=20 r=0.5 re=True d=False/cx/e=False p=False l=10 s=20/run/cx_0.csv
    jobid: 19
    reason: Missing output files: results/synthetic/complete/n=20 r=0.5 re=True d=False/cx/e=False p=False l=10 s=20/run/cx_0.csv
    wildcards: n_nodes=20, neg_edge_prob=0.5, neg_edge_dist_exact=True, directed=False, exact=False, parallel=False, max_length=10, n_samples=20, run=0
    resources: tmpdir=/var/folders/dj/14c985vd1ng7gf0vvw_ytrpw0000gn/T

[Tue Nov 12 00:06:48 2024]
Finished job 8.
25 of 40 steps (62%) done
Select jobs to execute...
Execute 1 jobs...

[Tue Nov 12 00:06:48 2024]
localrule combine_exps:
    input: results/synthetic/er/n=10 p=0.5 r=0.5 re=True d=True/cx/e=True p=False l=10 s=1/run/cx_0.csv, results/synthetic/er/n=10 p=0.5 r=0.5 re=True d=True/cx/e=True p=False l=10 s=1/run/cx_1.csv, results/synthetic/er/n=10 p=0.5 r=0.5 re=True d=True/cx/e=True p=False l=10 s=1/run/cx_2.csv
    output: results/synthetic/er/n=10 p=0.5 r=0.5 re=True d=True/cx/e=True p=False l=10 s=1/cx_2_combined.csv
    jobid: 6
    reason: Missing output files: results/synthetic/er/n=10 p=0.5 r=0.5 re=True d=True/cx/e=True p=False l=10 s=1/cx_2_combined.csv; Input files updated by another job: results/synthetic/er/n=10 p=0.5 r=0.5 re=True d=True/cx/e=True p=False l=10 s=1/run/cx_0.csv, results/synthetic/er/n=10 p=0.5 r=0.5 re=True d=True/cx/e=True p=False l=10 s=1/run/cx_1.csv, results/synthetic/er/n=10 p=0.5 r=0.5 re=True d=True/cx/e=True p=False l=10 s=1/run/cx_2.csv
    wildcards: path=results/synthetic/er/n=10 p=0.5 r=0.5 re=True d=True/cx/e=True p=False l=10 s=1, alg=cx, runs=2
    resources: tmpdir=/var/folders/dj/14c985vd1ng7gf0vvw_ytrpw0000gn/T

[Tue Nov 12 00:06:50 2024]
Finished job 6.
26 of 40 steps (65%) done
Select jobs to execute...
Execute 1 jobs...

[Tue Nov 12 00:06:51 2024]
localrule random_pyr:
    input: results/__cythonized__
    output: results/synthetic/random/n=20 m=50 r=0.5 re=True d=False/pyr/s=1000 sp=1/run/pyr_1.csv
    jobid: 30
    reason: Missing output files: results/synthetic/random/n=20 m=50 r=0.5 re=True d=False/pyr/s=1000 sp=1/run/pyr_1.csv
    wildcards: n_nodes=20, n_edges=50, neg_edge_prob=0.5, neg_edge_dist_exact=True, directed=False, n_samples=1000, pyr_spec_edge_prob=1, run=1
    resources: tmpdir=/var/folders/dj/14c985vd1ng7gf0vvw_ytrpw0000gn/T

[Tue Nov 12 00:06:51 2024]
Finished job 38.
27 of 40 steps (68%) done
Select jobs to execute...
Execute 1 jobs...

[Tue Nov 12 00:06:51 2024]
localrule combine_exps:
    input: results/synthetic/complete/n=20 r=0.5 re=True d=False/pyr/s=1000 sp=1/run/pyr_0.csv, results/synthetic/complete/n=20 r=0.5 re=True d=False/pyr/s=1000 sp=1/run/pyr_1.csv, results/synthetic/complete/n=20 r=0.5 re=True d=False/pyr/s=1000 sp=1/run/pyr_2.csv
    output: results/synthetic/complete/n=20 r=0.5 re=True d=False/pyr/s=1000 sp=1/pyr_2_combined.csv
    jobid: 22
    reason: Missing output files: results/synthetic/complete/n=20 r=0.5 re=True d=False/pyr/s=1000 sp=1/pyr_2_combined.csv; Input files updated by another job: results/synthetic/complete/n=20 r=0.5 re=True d=False/pyr/s=1000 sp=1/run/pyr_1.csv, results/synthetic/complete/n=20 r=0.5 re=True d=False/pyr/s=1000 sp=1/run/pyr_0.csv, results/synthetic/complete/n=20 r=0.5 re=True d=False/pyr/s=1000 sp=1/run/pyr_2.csv
    wildcards: path=results/synthetic/complete/n=20 r=0.5 re=True d=False/pyr/s=1000 sp=1, alg=pyr, runs=2
    resources: tmpdir=/var/folders/dj/14c985vd1ng7gf0vvw_ytrpw0000gn/T

[Tue Nov 12 00:06:51 2024]
Finished job 21.
28 of 40 steps (70%) done
[Tue Nov 12 00:06:52 2024]
Finished job 11.
29 of 40 steps (72%) done
[Tue Nov 12 00:06:53 2024]
Finished job 22.
30 of 40 steps (75%) done
[Tue Nov 12 00:06:55 2024]
Finished job 30.
31 of 40 steps (78%) done
Select jobs to execute...
Execute 2 jobs...

[Tue Nov 12 00:06:55 2024]
localrule combine_exps:
    input: results/synthetic/random/n=20 m=50 r=0.5 re=True d=False/pyr/s=1000 sp=1/run/pyr_0.csv, results/synthetic/random/n=20 m=50 r=0.5 re=True d=False/pyr/s=1000 sp=1/run/pyr_1.csv, results/synthetic/random/n=20 m=50 r=0.5 re=True d=False/pyr/s=1000 sp=1/run/pyr_2.csv, results/synthetic/random/n=20 m=50 r=0.5 re=True d=False/pyr/s=1000 sp=1/run/pyr_3.csv
    output: results/synthetic/random/n=20 m=50 r=0.5 re=True d=False/pyr/s=1000 sp=1/pyr_3_combined.csv
    jobid: 28
    reason: Missing output files: results/synthetic/random/n=20 m=50 r=0.5 re=True d=False/pyr/s=1000 sp=1/pyr_3_combined.csv; Input files updated by another job: results/synthetic/random/n=20 m=50 r=0.5 re=True d=False/pyr/s=1000 sp=1/run/pyr_3.csv, results/synthetic/random/n=20 m=50 r=0.5 re=True d=False/pyr/s=1000 sp=1/run/pyr_2.csv, results/synthetic/random/n=20 m=50 r=0.5 re=True d=False/pyr/s=1000 sp=1/run/pyr_0.csv, results/synthetic/random/n=20 m=50 r=0.5 re=True d=False/pyr/s=1000 sp=1/run/pyr_1.csv
    wildcards: path=results/synthetic/random/n=20 m=50 r=0.5 re=True d=False/pyr/s=1000 sp=1, alg=pyr, runs=3
    resources: tmpdir=/var/folders/dj/14c985vd1ng7gf0vvw_ytrpw0000gn/T


[Tue Nov 12 00:06:55 2024]
localrule combine_exps:
    input: results/synthetic/random/n=20 m=50 r=0.5 re=True d=False/pyr/s=1000 sp=1/run/pyr_0.csv, results/synthetic/random/n=20 m=50 r=0.5 re=True d=False/pyr/s=1000 sp=1/run/pyr_1.csv, results/synthetic/random/n=20 m=50 r=0.5 re=True d=False/pyr/s=1000 sp=1/run/pyr_2.csv, results/synthetic/random/n=20 m=50 r=0.5 re=True d=False/pyr/s=1000 sp=1/run/pyr_3.csv, results/synthetic/random/n=20 m=50 r=0.5 re=True d=False/pyr/s=1000 sp=1/run/pyr_4.csv, results/synthetic/random/n=20 m=50 r=0.5 re=True d=False/pyr/s=1000 sp=1/run/pyr_5.csv, results/synthetic/random/n=20 m=50 r=0.5 re=True d=False/pyr/s=1000 sp=1/run/pyr_6.csv, results/synthetic/random/n=20 m=50 r=0.5 re=True d=False/pyr/s=1000 sp=1/run/pyr_7.csv, results/synthetic/random/n=20 m=50 r=0.5 re=True d=False/pyr/s=1000 sp=1/run/pyr_8.csv, results/synthetic/random/n=20 m=50 r=0.5 re=True d=False/pyr/s=1000 sp=1/run/pyr_9.csv, results/synthetic/random/n=20 m=50 r=0.5 re=True d=False/pyr/s=1000 sp=1/run/pyr_10.csv
    output: results/synthetic/random/n=20 m=50 r=0.5 re=True d=False/pyr/s=1000 sp=1/pyr_10_combined.csv
    jobid: 33
    reason: Missing output files: results/synthetic/random/n=20 m=50 r=0.5 re=True d=False/pyr/s=1000 sp=1/pyr_10_combined.csv; Input files updated by another job: results/synthetic/random/n=20 m=50 r=0.5 re=True d=False/pyr/s=1000 sp=1/run/pyr_3.csv, results/synthetic/random/n=20 m=50 r=0.5 re=True d=False/pyr/s=1000 sp=1/run/pyr_7.csv, results/synthetic/random/n=20 m=50 r=0.5 re=True d=False/pyr/s=1000 sp=1/run/pyr_2.csv, results/synthetic/random/n=20 m=50 r=0.5 re=True d=False/pyr/s=1000 sp=1/run/pyr_4.csv, results/synthetic/random/n=20 m=50 r=0.5 re=True d=False/pyr/s=1000 sp=1/run/pyr_5.csv, results/synthetic/random/n=20 m=50 r=0.5 re=True d=False/pyr/s=1000 sp=1/run/pyr_8.csv, results/synthetic/random/n=20 m=50 r=0.5 re=True d=False/pyr/s=1000 sp=1/run/pyr_1.csv, results/synthetic/random/n=20 m=50 r=0.5 re=True d=False/pyr/s=1000 sp=1/run/pyr_10.csv, results/synthetic/random/n=20 m=50 r=0.5 re=True d=False/pyr/s=1000 sp=1/run/pyr_9.csv, results/synthetic/random/n=20 m=50 r=0.5 re=True d=False/pyr/s=1000 sp=1/run/pyr_0.csv, results/synthetic/random/n=20 m=50 r=0.5 re=True d=False/pyr/s=1000 sp=1/run/pyr_6.csv
    wildcards: path=results/synthetic/random/n=20 m=50 r=0.5 re=True d=False/pyr/s=1000 sp=1, alg=pyr, runs=10
    resources: tmpdir=/var/folders/dj/14c985vd1ng7gf0vvw_ytrpw0000gn/T

[Tue Nov 12 00:06:57 2024]
Finished job 28.
32 of 40 steps (80%) done
[Tue Nov 12 00:06:57 2024]
Finished job 33.
33 of 40 steps (82%) done
[Tue Nov 12 00:06:59 2024]
Finished job 20.
34 of 40 steps (85%) done
[Tue Nov 12 00:07:00 2024]
Finished job 12.
35 of 40 steps (88%) done
[Tue Nov 12 00:07:03 2024]
Finished job 13.
36 of 40 steps (90%) done
Select jobs to execute...
Execute 1 jobs...

[Tue Nov 12 00:07:03 2024]
localrule combine_exps:
    input: results/synthetic/er/n=10 p=0.5 r=0.5 re=True d=False/cx/e=False p=False l=10 s=20/run/cx_0.csv, results/synthetic/er/n=10 p=0.5 r=0.5 re=True d=False/cx/e=False p=False l=10 s=20/run/cx_1.csv, results/synthetic/er/n=10 p=0.5 r=0.5 re=True d=False/cx/e=False p=False l=10 s=20/run/cx_2.csv
    output: results/synthetic/er/n=10 p=0.5 r=0.5 re=True d=False/cx/e=False p=False l=10 s=20/cx_2_combined.csv
    jobid: 10
    reason: Missing output files: results/synthetic/er/n=10 p=0.5 r=0.5 re=True d=False/cx/e=False p=False l=10 s=20/cx_2_combined.csv; Input files updated by another job: results/synthetic/er/n=10 p=0.5 r=0.5 re=True d=False/cx/e=False p=False l=10 s=20/run/cx_2.csv, results/synthetic/er/n=10 p=0.5 r=0.5 re=True d=False/cx/e=False p=False l=10 s=20/run/cx_1.csv, results/synthetic/er/n=10 p=0.5 r=0.5 re=True d=False/cx/e=False p=False l=10 s=20/run/cx_0.csv
    wildcards: path=results/synthetic/er/n=10 p=0.5 r=0.5 re=True d=False/cx/e=False p=False l=10 s=20, alg=cx, runs=2
    resources: tmpdir=/var/folders/dj/14c985vd1ng7gf0vvw_ytrpw0000gn/T

[Tue Nov 12 00:07:05 2024]
Finished job 10.
37 of 40 steps (92%) done
[Tue Nov 12 00:07:07 2024]
Finished job 19.
38 of 40 steps (95%) done
Select jobs to execute...
Execute 1 jobs...

[Tue Nov 12 00:07:07 2024]
localrule combine_exps:
    input: results/synthetic/complete/n=20 r=0.5 re=True d=False/cx/e=False p=False l=10 s=20/run/cx_0.csv, results/synthetic/complete/n=20 r=0.5 re=True d=False/cx/e=False p=False l=10 s=20/run/cx_1.csv, results/synthetic/complete/n=20 r=0.5 re=True d=False/cx/e=False p=False l=10 s=20/run/cx_2.csv
    output: results/synthetic/complete/n=20 r=0.5 re=True d=False/cx/e=False p=False l=10 s=20/cx_2_combined.csv
    jobid: 18
    reason: Missing output files: results/synthetic/complete/n=20 r=0.5 re=True d=False/cx/e=False p=False l=10 s=20/cx_2_combined.csv; Input files updated by another job: results/synthetic/complete/n=20 r=0.5 re=True d=False/cx/e=False p=False l=10 s=20/run/cx_1.csv, results/synthetic/complete/n=20 r=0.5 re=True d=False/cx/e=False p=False l=10 s=20/run/cx_2.csv, results/synthetic/complete/n=20 r=0.5 re=True d=False/cx/e=False p=False l=10 s=20/run/cx_0.csv
    wildcards: path=results/synthetic/complete/n=20 r=0.5 re=True d=False/cx/e=False p=False l=10 s=20, alg=cx, runs=2
    resources: tmpdir=/var/folders/dj/14c985vd1ng7gf0vvw_ytrpw0000gn/T

[Tue Nov 12 00:07:09 2024]
Finished job 18.
39 of 40 steps (98%) done
Select jobs to execute...
Execute 1 jobs...

[Tue Nov 12 00:07:09 2024]
localrule all:
    input: results/__cythonized__, results/synthetic/er/n=10 p=0.5 r=0.5 re=True d=False/cx/e=True p=False l=10 s=1/cx_2_combined.csv, results/synthetic/er/n=10 p=0.5 r=0.5 re=True d=True/cx/e=True p=False l=10 s=1/cx_2_combined.csv, results/synthetic/er/n=10 p=0.5 r=0.5 re=True d=False/cx/e=False p=False l=10 s=20/cx_2_combined.csv, results/synthetic/er/n=10 p=0.5 r=0.5 re=False d=True/cx/e=False p=False l=10 s=20/cx_2_combined.csv, results/synthetic/complete/n=20 r=0.5 re=True d=False/cx/e=False p=False l=10 s=20/cx_2_combined.csv, results/synthetic/complete/n=20 r=0.5 re=True d=False/pyr/s=1000 sp=1/pyr_2_combined.csv, results/synthetic/random/n=20 m=50 r=0.5 re=True d=False/cx/e=False p=False l=10 s=20/cx_0_combined.csv, results/synthetic/random/n=20 m=50 r=0.5 re=True d=False/pyr/s=1000 sp=1/pyr_3_combined.csv, results/synthetic/random/n=20 m=50 r=0.5 re=True d=False/pyr/s=1000 sp=1/pyr_10_combined.csv, results/synthetic/random/n=20 m=50 r=0.5 re=True d=False/pyr/s=1000 sp=1/pyr_10_combined.csv, results/synthetic/sbm/exp=0 re=True d=False/cx/e=False p=False l=10 s=20/cx_0_combined.csv, results/synthetic/sbm/exp=0 re=False d=False/cx/e=False p=False l=10 s=20/cx_0_combined.csv, results/synthetic/sbm/exp=1 re=True d=False/cx/e=False p=False l=10 s=20/cx_0_combined.csv, results/synthetic/sbm/exp=1 re=False d=False/cx/e=False p=False l=10 s=20/cx_0_combined.csv, results/synthetic/sbm/exp=0 re=True d=False/pyr/s=1000 sp=None/pyr_0_combined.csv, results/synthetic/sbm/exp=0 re=False d=False/pyr/s=1000 sp=None/pyr_0_combined.csv, results/synthetic/sbm/exp=1 re=True d=False/pyr/s=1000 sp=None/pyr_0_combined.csv, results/synthetic/sbm/exp=1 re=False d=False/pyr/s=1000 sp=None/pyr_0_combined.csv
    jobid: 0
    reason: Input files updated by another job: results/synthetic/random/n=20 m=50 r=0.5 re=True d=False/cx/e=False p=False l=10 s=20/cx_0_combined.csv, results/synthetic/er/n=10 p=0.5 r=0.5 re=True d=True/cx/e=True p=False l=10 s=1/cx_2_combined.csv, results/synthetic/er/n=10 p=0.5 r=0.5 re=True d=False/cx/e=False p=False l=10 s=20/cx_2_combined.csv, results/synthetic/complete/n=20 r=0.5 re=True d=False/cx/e=False p=False l=10 s=20/cx_2_combined.csv, results/synthetic/random/n=20 m=50 r=0.5 re=True d=False/pyr/s=1000 sp=1/pyr_3_combined.csv, results/synthetic/complete/n=20 r=0.5 re=True d=False/pyr/s=1000 sp=1/pyr_2_combined.csv, results/synthetic/random/n=20 m=50 r=0.5 re=True d=False/pyr/s=1000 sp=1/pyr_10_combined.csv, results/synthetic/er/n=10 p=0.5 r=0.5 re=False d=True/cx/e=False p=False l=10 s=20/cx_2_combined.csv, results/synthetic/er/n=10 p=0.5 r=0.5 re=True d=False/cx/e=True p=False l=10 s=1/cx_2_combined.csv
    resources: tmpdir=/var/folders/dj/14c985vd1ng7gf0vvw_ytrpw0000gn/T

[Tue Nov 12 00:07:09 2024]
Finished job 0.
40 of 40 steps (100%) done
Complete log: .snakemake/log/2024-11-12T000608.309726.snakemake.log
