host: MacBook-Pro-von-Frederic.local
Building DAG of jobs...
Using shell: /opt/local/bin/bash
Provided cores: 8
Rules claiming more threads will be scaled down.
Job stats:
job             count
------------  -------
all                 1
complete_cx         1
complete_pyr        1
er_cx               2
exact_er_cx         2
random_cx           1
random_pyr          1
total               9

Select jobs to execute...
Execute 8 jobs...

[Fri Nov  8 21:39:10 2024]
localrule random_cx:
    output: results/synthetic/random/n=20 m=50 r=0.5/cx/e=False d=False p=False l=10 s=20/cx_0.csv
    jobid: 8
    reason: Code has changed since last execution
    wildcards: n_nodes=20, n_edges=50, neg_edge_prob=0.5, directed=False, parallel=False, max_length=10, n_samples=20, run=0
    resources: tmpdir=/var/folders/dj/14c985vd1ng7gf0vvw_ytrpw0000gn/T

[Fri Nov  8 21:39:10 2024]
localrule complete_cx:
    output: results/synthetic/complete/n=20 r=0.5/cx/e=False d=False p=False l=10 s=20/cx_0.csv
    jobid: 6
    reason: Code has changed since last execution
    wildcards: n_nodes=20, neg_edge_prob=0.5, directed=False, parallel=False, max_length=10, n_samples=20, run=0
    resources: tmpdir=/var/folders/dj/14c985vd1ng7gf0vvw_ytrpw0000gn/T

[Fri Nov  8 21:39:10 2024]
localrule random_pyr:
    input: results/__cythonized__
    output: results/synthetic/random/n=20 m=50 r=0.5/pyr/s=1000 sp=1/pyr_0.csv
    jobid: 9
    reason: Code has changed since last execution
    wildcards: n_nodes=20, n_edges=50, neg_edge_prob=0.5, n_samples=1000, pyr_spec_edge_prob=1, run=0
    resources: tmpdir=/var/folders/dj/14c985vd1ng7gf0vvw_ytrpw0000gn/T

[Fri Nov  8 21:39:10 2024]
localrule exact_er_cx:
    output: results/synthetic/er/n=10 p=0.5 r=0.5/cx/e=True d=False p=False l=10/cx_0.csv
    jobid: 2
    reason: Code has changed since last execution
    wildcards: n_nodes=10, prob_p=0.5, neg_edge_prob=0.5, directed=False, parallel=False, max_length=10, run=0
    resources: tmpdir=/var/folders/dj/14c985vd1ng7gf0vvw_ytrpw0000gn/T

[Fri Nov  8 21:39:10 2024]
localrule complete_pyr:
    input: results/__cythonized__
    output: results/synthetic/complete/n=20 r=0.5/pyr/s=1000 sp=1/pyr_0.csv
    jobid: 7
    reason: Code has changed since last execution
    wildcards: n_nodes=20, neg_edge_prob=0.5, n_samples=1000, pyr_spec_edge_prob=1, run=0
    resources: tmpdir=/var/folders/dj/14c985vd1ng7gf0vvw_ytrpw0000gn/T

[Fri Nov  8 21:39:10 2024]
localrule er_cx:
    output: results/synthetic/er/n=10 p=0.5 r=0.5/cx/e=False d=False p=False l=10 s=20/cx_0.csv
    jobid: 3
    reason: Code has changed since last execution
    wildcards: n_nodes=10, prob_p=0.5, neg_edge_prob=0.5, directed=False, parallel=False, max_length=10, n_samples=20, run=0
    resources: tmpdir=/var/folders/dj/14c985vd1ng7gf0vvw_ytrpw0000gn/T

[Fri Nov  8 21:39:10 2024]
localrule exact_er_cx:
    output: results/synthetic/er/n=10 p=0.5 r=0.5/cx/e=True d=True p=False l=10/cx_0.csv
    jobid: 4
    reason: Code has changed since last execution
    wildcards: n_nodes=10, prob_p=0.5, neg_edge_prob=0.5, directed=True, parallel=False, max_length=10, run=0
    resources: tmpdir=/var/folders/dj/14c985vd1ng7gf0vvw_ytrpw0000gn/T

[Fri Nov  8 21:39:10 2024]
localrule er_cx:
    output: results/synthetic/er/n=10 p=0.5 r=0.5/cx/e=False d=True p=False l=10 s=20/cx_0.csv
    jobid: 5
    reason: Code has changed since last execution
    wildcards: n_nodes=10, prob_p=0.5, neg_edge_prob=0.5, directed=True, parallel=False, max_length=10, n_samples=20, run=0
    resources: tmpdir=/var/folders/dj/14c985vd1ng7gf0vvw_ytrpw0000gn/T

[Fri Nov  8 21:39:14 2024]
Finished job 2.
1 of 9 steps (11%) done
[Fri Nov  8 21:39:14 2024]
Finished job 4.
2 of 9 steps (22%) done
[Fri Nov  8 21:39:14 2024]
Finished job 9.
3 of 9 steps (33%) done
[Fri Nov  8 21:39:17 2024]
Finished job 7.
4 of 9 steps (44%) done
Terminating processes on user request, this might take some time.
RuleException:
CalledProcessError in file /Users/fredericbusch/Desktop/Thesis/forks/py-raccoon/workflow/Snakefile, line 50:
Command 'set -euo pipefail;  /Users/fredericbusch/miniforge3/envs/py-raccoon/bin/python3.12 /Users/fredericbusch/Desktop/Thesis/forks/py-raccoon/.snakemake/scripts/tmpg0613g9p.experiment.py' returned non-zero exit status 1.
RuleException:
CalledProcessError in file /Users/fredericbusch/Desktop/Thesis/forks/py-raccoon/workflow/Snakefile, line 112:
Command 'set -euo pipefail;  /Users/fredericbusch/miniforge3/envs/py-raccoon/bin/python3.12 /Users/fredericbusch/Desktop/Thesis/forks/py-raccoon/.snakemake/scripts/tmpo7bvu4n8.experiment.py' returned non-zero exit status 1.
[Fri Nov  8 21:39:19 2024]
RuleException:
CalledProcessError in file /Users/fredericbusch/Desktop/Thesis/forks/py-raccoon/workflow/Snakefile, line 112:
Command 'set -euo pipefail;  /Users/fredericbusch/miniforge3/envs/py-raccoon/bin/python3.12 /Users/fredericbusch/Desktop/Thesis/forks/py-raccoon/.snakemake/scripts/tmpf1acae7i.experiment.py' returned non-zero exit status 1.
[Fri Nov  8 21:39:19 2024]
Error in rule random_cx:
    jobid: 8
    output: results/synthetic/random/n=20 m=50 r=0.5/cx/e=False d=False p=False l=10 s=20/cx_0.csv

[Fri Nov  8 21:39:19 2024]
RuleException:
CalledProcessError in file /Users/fredericbusch/Desktop/Thesis/forks/py-raccoon/workflow/Snakefile, line 81:
Command 'set -euo pipefail;  /Users/fredericbusch/miniforge3/envs/py-raccoon/bin/python3.12 /Users/fredericbusch/Desktop/Thesis/forks/py-raccoon/.snakemake/scripts/tmptimviabl.experiment.py' returned non-zero exit status 1.
Error in rule er_cx:
    jobid: 3
    output: results/synthetic/er/n=10 p=0.5 r=0.5/cx/e=False d=False p=False l=10 s=20/cx_0.csv

Error in rule er_cx:
    jobid: 5
    output: results/synthetic/er/n=10 p=0.5 r=0.5/cx/e=False d=True p=False l=10 s=20/cx_0.csv

[Fri Nov  8 21:39:19 2024]
Error in rule complete_cx:
    jobid: 6
    output: results/synthetic/complete/n=20 r=0.5/cx/e=False d=False p=False l=10 s=20/cx_0.csv

Complete log: .snakemake/log/2024-11-08T213909.597307.snakemake.log
WorkflowError:
At least one job did not complete successfully.
