host: fredduuxd
Building DAG of jobs...
Provided cores: 16
Rules claiming more threads will be scaled down.
Job stats:
job             count
------------  -------
all                 1
combine_exps       13
complete_cx         3
complete_pyr        3
er_cx              12
random_cx           1
random_pyr         11
sbm_cx             22
sbm_pyr            22
total              88

Select jobs to execute...
Execute 16 jobs...

[Mon Nov 11 00:53:46 2024]
localrule sbm_pyr:
    input: results/__cythonized__
    output: results/synthetic/sbm/exp=0 r=0.5 d=False/pyr/s=1000 sp=None/run/pyr_0.csv
    jobid: 42
    reason: Missing output files: results/synthetic/sbm/exp=0 r=0.5 d=False/pyr/s=1000 sp=None/run/pyr_0.csv
    wildcards: exp=0, neg_edge_prob=0.5, n_samples=1000, pyr_spec_edge_prob=None, run=0
    resources: tmpdir=C:\Users\FREDDU~1\AppData\Local\Temp

[Mon Nov 11 00:53:46 2024]
localrule sbm_pyr:
    input: results/__cythonized__
    output: results/synthetic/sbm/exp=1 r=0.5 d=False/pyr/s=1000 sp=None/run/pyr_7.csv
    jobid: 61
    reason: Missing output files: results/synthetic/sbm/exp=1 r=0.5 d=False/pyr/s=1000 sp=None/run/pyr_7.csv
    wildcards: exp=1, neg_edge_prob=0.5, n_samples=1000, pyr_spec_edge_prob=None, run=7
    resources: tmpdir=C:\Users\FREDDU~1\AppData\Local\Temp

[Mon Nov 11 00:53:46 2024]
localrule sbm_pyr:
    input: results/__cythonized__
    output: results/synthetic/sbm/exp=0 r=0.5 d=False/pyr/s=1000 sp=None/run/pyr_3.csv
    jobid: 45
    reason: Missing output files: results/synthetic/sbm/exp=0 r=0.5 d=False/pyr/s=1000 sp=None/run/pyr_3.csv
    wildcards: exp=0, neg_edge_prob=0.5, n_samples=1000, pyr_spec_edge_prob=None, run=3
    resources: tmpdir=C:\Users\FREDDU~1\AppData\Local\Temp

[Mon Nov 11 00:53:46 2024]
localrule sbm_pyr:
    input: results/__cythonized__
    output: results/synthetic/sbm/exp=0 r=0.5 d=False/pyr/s=1000 sp=None/run/pyr_2.csv
    jobid: 44
    reason: Missing output files: results/synthetic/sbm/exp=0 r=0.5 d=False/pyr/s=1000 sp=None/run/pyr_2.csv
    wildcards: exp=0, neg_edge_prob=0.5, n_samples=1000, pyr_spec_edge_prob=None, run=2
    resources: tmpdir=C:\Users\FREDDU~1\AppData\Local\Temp

[Mon Nov 11 00:53:46 2024]
localrule sbm_pyr:
    input: results/__cythonized__
    output: results/synthetic/sbm/exp=1 r=0.5 d=False/pyr/s=1000 sp=None/run/pyr_6.csv
    jobid: 60
    reason: Missing output files: results/synthetic/sbm/exp=1 r=0.5 d=False/pyr/s=1000 sp=None/run/pyr_6.csv
    wildcards: exp=1, neg_edge_prob=0.5, n_samples=1000, pyr_spec_edge_prob=None, run=6
    resources: tmpdir=C:\Users\FREDDU~1\AppData\Local\Temp

[Mon Nov 11 00:53:46 2024]
localrule sbm_pyr:
    input: results/__cythonized__
    output: results/synthetic/sbm/exp=0 r=0.5 d=False/pyr/s=1000 sp=None/run/pyr_1.csv
    jobid: 43
    reason: Missing output files: results/synthetic/sbm/exp=0 r=0.5 d=False/pyr/s=1000 sp=None/run/pyr_1.csv
    wildcards: exp=0, neg_edge_prob=0.5, n_samples=1000, pyr_spec_edge_prob=None, run=1
    resources: tmpdir=C:\Users\FREDDU~1\AppData\Local\Temp

[Mon Nov 11 00:53:46 2024]
localrule sbm_pyr:
    input: results/__cythonized__
    output: results/synthetic/sbm/exp=1 r=0.5 d=False/pyr/s=1000 sp=None/run/pyr_5.csv
    jobid: 59
    reason: Missing output files: results/synthetic/sbm/exp=1 r=0.5 d=False/pyr/s=1000 sp=None/run/pyr_5.csv
    wildcards: exp=1, neg_edge_prob=0.5, n_samples=1000, pyr_spec_edge_prob=None, run=5
    resources: tmpdir=C:\Users\FREDDU~1\AppData\Local\Temp

[Mon Nov 11 00:53:46 2024]
localrule er_cx:
    output: results/synthetic/er/n=10 p=0.5 r=0.5 d=False/cx/e=True p=False l=10 s=1/run/cx_1.csv
    jobid: 4
    reason: Missing output files: results/synthetic/er/n=10 p=0.5 r=0.5 d=False/cx/e=True p=False l=10 s=1/run/cx_1.csv
    wildcards: n_nodes=10, prob_p=0.5, neg_edge_prob=0.5, directed=False, exact=True, parallel=False, max_length=10, n_samples=1, run=1
    resources: tmpdir=C:\Users\FREDDU~1\AppData\Local\Temp

[Mon Nov 11 00:53:46 2024]
localrule er_cx:
    output: results/synthetic/er/n=10 p=0.5 r=0.5 d=False/cx/e=False p=False l=10 s=20/run/cx_0.csv
    jobid: 11
    reason: Missing output files: results/synthetic/er/n=10 p=0.5 r=0.5 d=False/cx/e=False p=False l=10 s=20/run/cx_0.csv
    wildcards: n_nodes=10, prob_p=0.5, neg_edge_prob=0.5, directed=False, exact=False, parallel=False, max_length=10, n_samples=20, run=0
    resources: tmpdir=C:\Users\FREDDU~1\AppData\Local\Temp

[Mon Nov 11 00:53:46 2024]
localrule er_cx:
    output: results/synthetic/er/n=10 p=0.5 r=0.5 d=True/cx/e=False p=False l=10 s=20/run/cx_2.csv
    jobid: 17
    reason: Missing output files: results/synthetic/er/n=10 p=0.5 r=0.5 d=True/cx/e=False p=False l=10 s=20/run/cx_2.csv
    wildcards: n_nodes=10, prob_p=0.5, neg_edge_prob=0.5, directed=True, exact=False, parallel=False, max_length=10, n_samples=20, run=2
    resources: tmpdir=C:\Users\FREDDU~1\AppData\Local\Temp

[Mon Nov 11 00:53:46 2024]
localrule sbm_cx:
    output: results/synthetic/sbm/exp=0 r=0.5 d=False/cx/e=False p=False l=10 s=20/run/cx_3.csv
    jobid: 69
    reason: Missing output files: results/synthetic/sbm/exp=0 r=0.5 d=False/cx/e=False p=False l=10 s=20/run/cx_3.csv
    wildcards: exp=0, neg_edge_prob=0.5, directed=False, exact=False, parallel=False, max_length=10, n_samples=20, run=3
    resources: tmpdir=C:\Users\FREDDU~1\AppData\Local\Temp

[Mon Nov 11 00:53:46 2024]
localrule sbm_cx:
    output: results/synthetic/sbm/exp=0 r=0.5 d=False/cx/e=False p=False l=10 s=20/run/cx_8.csv
    jobid: 74
    reason: Missing output files: results/synthetic/sbm/exp=0 r=0.5 d=False/cx/e=False p=False l=10 s=20/run/cx_8.csv
    wildcards: exp=0, neg_edge_prob=0.5, directed=False, exact=False, parallel=False, max_length=10, n_samples=20, run=8
    resources: tmpdir=C:\Users\FREDDU~1\AppData\Local\Temp

[Mon Nov 11 00:53:46 2024]
localrule sbm_cx:
    output: results/synthetic/sbm/exp=1 r=0.5 d=False/cx/e=False p=False l=10 s=20/run/cx_2.csv
    jobid: 80
    reason: Missing output files: results/synthetic/sbm/exp=1 r=0.5 d=False/cx/e=False p=False l=10 s=20/run/cx_2.csv
    wildcards: exp=1, neg_edge_prob=0.5, directed=False, exact=False, parallel=False, max_length=10, n_samples=20, run=2
    resources: tmpdir=C:\Users\FREDDU~1\AppData\Local\Temp

[Mon Nov 11 00:53:46 2024]
localrule sbm_cx:
    output: results/synthetic/sbm/exp=1 r=0.5 d=False/cx/e=False p=False l=10 s=20/run/cx_7.csv
    jobid: 85
    reason: Missing output files: results/synthetic/sbm/exp=1 r=0.5 d=False/cx/e=False p=False l=10 s=20/run/cx_7.csv
    wildcards: exp=1, neg_edge_prob=0.5, directed=False, exact=False, parallel=False, max_length=10, n_samples=20, run=7
    resources: tmpdir=C:\Users\FREDDU~1\AppData\Local\Temp

[Mon Nov 11 00:53:46 2024]
localrule sbm_cx:
    output: results/synthetic/sbm/exp=0 r=0.5 d=False/cx/e=False p=False l=10 s=20/run/cx_9.csv
    jobid: 75
    reason: Missing output files: results/synthetic/sbm/exp=0 r=0.5 d=False/cx/e=False p=False l=10 s=20/run/cx_9.csv
    wildcards: exp=0, neg_edge_prob=0.5, directed=False, exact=False, parallel=False, max_length=10, n_samples=20, run=9
    resources: tmpdir=C:\Users\FREDDU~1\AppData\Local\Temp

[Mon Nov 11 00:53:46 2024]
localrule sbm_pyr:
    input: results/__cythonized__
    output: results/synthetic/sbm/exp=1 r=0.5 d=False/pyr/s=1000 sp=None/run/pyr_4.csv
    jobid: 58
    reason: Missing output files: results/synthetic/sbm/exp=1 r=0.5 d=False/pyr/s=1000 sp=None/run/pyr_4.csv
    wildcards: exp=1, neg_edge_prob=0.5, n_samples=1000, pyr_spec_edge_prob=None, run=4
    resources: tmpdir=C:\Users\FREDDU~1\AppData\Local\Temp

RuleException:
CalledProcessError in file C:\Users\fredduuxd\Desktop\Thesis\py-raccoon\workflow\Snakefile, line 123:
Command 'C:/Users/fredduuxd/miniforge3/envs/py-raccoon/python.exe "C:\Users\fredduuxd\Desktop\Thesis\py-raccoon\.snakemake\scripts\tmp2ltbkep2.experiment.py"' returned non-zero exit status 1.
[Mon Nov 11 00:53:49 2024]
Error in rule sbm_pyr:
    jobid: 44
    input: results/__cythonized__
    output: results/synthetic/sbm/exp=0 r=0.5 d=False/pyr/s=1000 sp=None/run/pyr_2.csv

RuleException:
CalledProcessError in file C:\Users\fredduuxd\Desktop\Thesis\py-raccoon\workflow\Snakefile, line 134:
Command 'C:/Users/fredduuxd/miniforge3/envs/py-raccoon/python.exe "C:\Users\fredduuxd\Desktop\Thesis\py-raccoon\.snakemake\scripts\tmp0fy8xxbx.experiment.py"' returned non-zero exit status 1.
[Mon Nov 11 00:53:49 2024]
Error in rule sbm_cx:
    jobid: 80
    output: results/synthetic/sbm/exp=1 r=0.5 d=False/cx/e=False p=False l=10 s=20/run/cx_2.csv

RuleException:
CalledProcessError in file C:\Users\fredduuxd\Desktop\Thesis\py-raccoon\workflow\Snakefile, line 123:
Command 'C:/Users/fredduuxd/miniforge3/envs/py-raccoon/python.exe "C:\Users\fredduuxd\Desktop\Thesis\py-raccoon\.snakemake\scripts\tmpkjakv4n5.experiment.py"' returned non-zero exit status 1.
RuleException:
CalledProcessError in file C:\Users\fredduuxd\Desktop\Thesis\py-raccoon\workflow\Snakefile, line 123:
Command 'C:/Users/fredduuxd/miniforge3/envs/py-raccoon/python.exe "C:\Users\fredduuxd\Desktop\Thesis\py-raccoon\.snakemake\scripts\tmp_lidrtld.experiment.py"' returned non-zero exit status 1.
[Mon Nov 11 00:53:49 2024]
[Mon Nov 11 00:53:49 2024]
Error in rule sbm_pyr:
    jobid: 58
    input: results/__cythonized__
    output: results/synthetic/sbm/exp=1 r=0.5 d=False/pyr/s=1000 sp=None/run/pyr_4.csv

Error in rule sbm_pyr:
    jobid: 59
    input: results/__cythonized__
    output: results/synthetic/sbm/exp=1 r=0.5 d=False/pyr/s=1000 sp=None/run/pyr_5.csv

RuleException:
CalledProcessError in file C:\Users\fredduuxd\Desktop\Thesis\py-raccoon\workflow\Snakefile, line 134:
Command 'C:/Users/fredduuxd/miniforge3/envs/py-raccoon/python.exe "C:\Users\fredduuxd\Desktop\Thesis\py-raccoon\.snakemake\scripts\tmpmi_gy3gr.experiment.py"' returned non-zero exit status 1.
RuleException:
CalledProcessError in file C:\Users\fredduuxd\Desktop\Thesis\py-raccoon\workflow\Snakefile, line 123:
Command 'C:/Users/fredduuxd/miniforge3/envs/py-raccoon/python.exe "C:\Users\fredduuxd\Desktop\Thesis\py-raccoon\.snakemake\scripts\tmpogw5hy2s.experiment.py"' returned non-zero exit status 1.
RuleException:
CalledProcessError in file C:\Users\fredduuxd\Desktop\Thesis\py-raccoon\workflow\Snakefile, line 134:
Command 'C:/Users/fredduuxd/miniforge3/envs/py-raccoon/python.exe "C:\Users\fredduuxd\Desktop\Thesis\py-raccoon\.snakemake\scripts\tmp31klhf0p.experiment.py"' returned non-zero exit status 1.
RuleException:
CalledProcessError in file C:\Users\fredduuxd\Desktop\Thesis\py-raccoon\workflow\Snakefile, line 134:
Command 'C:/Users/fredduuxd/miniforge3/envs/py-raccoon/python.exe "C:\Users\fredduuxd\Desktop\Thesis\py-raccoon\.snakemake\scripts\tmpcfz1dcce.experiment.py"' returned non-zero exit status 1.
[Mon Nov 11 00:53:49 2024]
[Mon Nov 11 00:53:49 2024]
[Mon Nov 11 00:53:49 2024]
[Mon Nov 11 00:53:49 2024]
Error in rule sbm_cx:
    jobid: 75
    output: results/synthetic/sbm/exp=0 r=0.5 d=False/cx/e=False p=False l=10 s=20/run/cx_9.csv

Error in rule sbm_pyr:
    jobid: 42
    input: results/__cythonized__
    output: results/synthetic/sbm/exp=0 r=0.5 d=False/pyr/s=1000 sp=None/run/pyr_0.csv

Error in rule sbm_cx:
    jobid: 74
    output: results/synthetic/sbm/exp=0 r=0.5 d=False/cx/e=False p=False l=10 s=20/run/cx_8.csv

Error in rule sbm_cx:
    jobid: 85
    output: results/synthetic/sbm/exp=1 r=0.5 d=False/cx/e=False p=False l=10 s=20/run/cx_7.csv

RuleException:
CalledProcessError in file C:\Users\fredduuxd\Desktop\Thesis\py-raccoon\workflow\Snakefile, line 123:
Command 'C:/Users/fredduuxd/miniforge3/envs/py-raccoon/python.exe "C:\Users\fredduuxd\Desktop\Thesis\py-raccoon\.snakemake\scripts\tmprsk28i56.experiment.py"' returned non-zero exit status 1.
[Mon Nov 11 00:53:49 2024]
RuleException:
CalledProcessError in file C:\Users\fredduuxd\Desktop\Thesis\py-raccoon\workflow\Snakefile, line 110:
Command 'C:/Users/fredduuxd/miniforge3/envs/py-raccoon/python.exe "C:\Users\fredduuxd\Desktop\Thesis\py-raccoon\.snakemake\scripts\tmpkhc0xx7x.experiment.py"' returned non-zero exit status 1.
Error in rule sbm_pyr:
    jobid: 45
    input: results/__cythonized__
    output: results/synthetic/sbm/exp=0 r=0.5 d=False/pyr/s=1000 sp=None/run/pyr_3.csv

[Mon Nov 11 00:53:49 2024]
Error in rule er_cx:
    jobid: 17
    output: results/synthetic/er/n=10 p=0.5 r=0.5 d=True/cx/e=False p=False l=10 s=20/run/cx_2.csv

RuleException:
CalledProcessError in file C:\Users\fredduuxd\Desktop\Thesis\py-raccoon\workflow\Snakefile, line 123:
Command 'C:/Users/fredduuxd/miniforge3/envs/py-raccoon/python.exe "C:\Users\fredduuxd\Desktop\Thesis\py-raccoon\.snakemake\scripts\tmpwf0d8f4r.experiment.py"' returned non-zero exit status 1.
[Mon Nov 11 00:53:49 2024]
Error in rule sbm_pyr:
    jobid: 60
    input: results/__cythonized__
    output: results/synthetic/sbm/exp=1 r=0.5 d=False/pyr/s=1000 sp=None/run/pyr_6.csv

RuleException:
CalledProcessError in file C:\Users\fredduuxd\Desktop\Thesis\py-raccoon\workflow\Snakefile, line 134:
Command 'C:/Users/fredduuxd/miniforge3/envs/py-raccoon/python.exe "C:\Users\fredduuxd\Desktop\Thesis\py-raccoon\.snakemake\scripts\tmpyp76gdxk.experiment.py"' returned non-zero exit status 1.
RuleException:
CalledProcessError in file C:\Users\fredduuxd\Desktop\Thesis\py-raccoon\workflow\Snakefile, line 123:
Command 'C:/Users/fredduuxd/miniforge3/envs/py-raccoon/python.exe "C:\Users\fredduuxd\Desktop\Thesis\py-raccoon\.snakemake\scripts\tmp8li9omsf.experiment.py"' returned non-zero exit status 1.
[Mon Nov 11 00:53:49 2024]
[Mon Nov 11 00:53:49 2024]
Error in rule sbm_cx:
    jobid: 69
    output: results/synthetic/sbm/exp=0 r=0.5 d=False/cx/e=False p=False l=10 s=20/run/cx_3.csv

Error in rule sbm_pyr:
    jobid: 61
    input: results/__cythonized__
    output: results/synthetic/sbm/exp=1 r=0.5 d=False/pyr/s=1000 sp=None/run/pyr_7.csv

RuleException:
CalledProcessError in file C:\Users\fredduuxd\Desktop\Thesis\py-raccoon\workflow\Snakefile, line 110:
Command 'C:/Users/fredduuxd/miniforge3/envs/py-raccoon/python.exe "C:\Users\fredduuxd\Desktop\Thesis\py-raccoon\.snakemake\scripts\tmpw_oa9ypd.experiment.py"' returned non-zero exit status 1.
[Mon Nov 11 00:53:49 2024]
Error in rule er_cx:
    jobid: 11
    output: results/synthetic/er/n=10 p=0.5 r=0.5 d=False/cx/e=False p=False l=10 s=20/run/cx_0.csv

RuleException:
CalledProcessError in file C:\Users\fredduuxd\Desktop\Thesis\py-raccoon\workflow\Snakefile, line 123:
Command 'C:/Users/fredduuxd/miniforge3/envs/py-raccoon/python.exe "C:\Users\fredduuxd\Desktop\Thesis\py-raccoon\.snakemake\scripts\tmphf0w6vaa.experiment.py"' returned non-zero exit status 1.
RuleException:
CalledProcessError in file C:\Users\fredduuxd\Desktop\Thesis\py-raccoon\workflow\Snakefile, line 110:
Command 'C:/Users/fredduuxd/miniforge3/envs/py-raccoon/python.exe "C:\Users\fredduuxd\Desktop\Thesis\py-raccoon\.snakemake\scripts\tmp1xg_4y0g.experiment.py"' returned non-zero exit status 1.
[Mon Nov 11 00:53:49 2024]
[Mon Nov 11 00:53:49 2024]
Error in rule sbm_pyr:
    jobid: 43
    input: results/__cythonized__
    output: results/synthetic/sbm/exp=0 r=0.5 d=False/pyr/s=1000 sp=None/run/pyr_1.csv

Error in rule er_cx:
    jobid: 4
    output: results/synthetic/er/n=10 p=0.5 r=0.5 d=False/cx/e=True p=False l=10 s=1/run/cx_1.csv

Shutting down, this might take some time.
Exiting because a job execution failed. Look above for error message
Complete log: .snakemake\log\2024-11-11T005346.671314.snakemake.log
WorkflowError:
At least one job did not complete successfully.
