host: MacBook-Pro-von-Frederic.local
Building DAG of jobs...
Using shell: /opt/local/bin/bash
Provided cores: 8
Rules claiming more threads will be scaled down.
Job stats:
job             count
------------  -------
combine_exps        4
cythonize           1
sbm_cx              4
sbm_test            1
total              10

Select jobs to execute...
Execute 1 jobs...

[Tue Nov 12 00:01:46 2024]
localrule cythonize:
    input: src/py_raccoon/balance_sampling.pyx, src/py_raccoon/balance_spanning_trees.pyx
    output: results/__cythonized__
    jobid: 3
    reason: Missing output files: results/__cythonized__
    resources: tmpdir=/var/folders/dj/14c985vd1ng7gf0vvw_ytrpw0000gn/T

[Tue Nov 12 00:01:47 2024]
Finished job 3.
1 of 10 steps (10%) done
Select jobs to execute...
Execute 4 jobs...

[Tue Nov 12 00:01:47 2024]
localrule sbm_cx:
    input: results/__cythonized__
    output: results/synthetic/sbm/exp=1 re=False d=False/cx/e=False p=False l=10 s=20/run/cx_0.csv
    jobid: 9
    reason: Missing output files: results/synthetic/sbm/exp=1 re=False d=False/cx/e=False p=False l=10 s=20/run/cx_0.csv; Input files updated by another job: results/__cythonized__
    wildcards: exp=1, neg_edge_dist_exact=False, directed=False, exact=False, parallel=False, max_length=10, n_samples=20, run=0
    resources: tmpdir=/var/folders/dj/14c985vd1ng7gf0vvw_ytrpw0000gn/T

[Tue Nov 12 00:01:47 2024]
localrule sbm_cx:
    input: results/__cythonized__
    output: results/synthetic/sbm/exp=1 re=True d=False/cx/e=False p=False l=10 s=20/run/cx_0.csv
    jobid: 7
    reason: Missing output files: results/synthetic/sbm/exp=1 re=True d=False/cx/e=False p=False l=10 s=20/run/cx_0.csv; Input files updated by another job: results/__cythonized__
    wildcards: exp=1, neg_edge_dist_exact=True, directed=False, exact=False, parallel=False, max_length=10, n_samples=20, run=0
    resources: tmpdir=/var/folders/dj/14c985vd1ng7gf0vvw_ytrpw0000gn/T

[Tue Nov 12 00:01:47 2024]
localrule sbm_cx:
    input: results/__cythonized__
    output: results/synthetic/sbm/exp=0 re=False d=False/cx/e=False p=False l=10 s=20/run/cx_0.csv
    jobid: 5
    reason: Missing output files: results/synthetic/sbm/exp=0 re=False d=False/cx/e=False p=False l=10 s=20/run/cx_0.csv; Input files updated by another job: results/__cythonized__
    wildcards: exp=0, neg_edge_dist_exact=False, directed=False, exact=False, parallel=False, max_length=10, n_samples=20, run=0
    resources: tmpdir=/var/folders/dj/14c985vd1ng7gf0vvw_ytrpw0000gn/T

[Tue Nov 12 00:01:47 2024]
localrule sbm_cx:
    input: results/__cythonized__
    output: results/synthetic/sbm/exp=0 re=True d=False/cx/e=False p=False l=10 s=20/run/cx_0.csv
    jobid: 2
    reason: Missing output files: results/synthetic/sbm/exp=0 re=True d=False/cx/e=False p=False l=10 s=20/run/cx_0.csv; Input files updated by another job: results/__cythonized__
    wildcards: exp=0, neg_edge_dist_exact=True, directed=False, exact=False, parallel=False, max_length=10, n_samples=20, run=0
    resources: tmpdir=/var/folders/dj/14c985vd1ng7gf0vvw_ytrpw0000gn/T

[Tue Nov 12 00:01:56 2024]
Finished job 2.
2 of 10 steps (20%) done
Select jobs to execute...
Execute 1 jobs...

[Tue Nov 12 00:01:56 2024]
localrule combine_exps:
    input: results/synthetic/sbm/exp=0 re=True d=False/cx/e=False p=False l=10 s=20/run/cx_0.csv
    output: results/synthetic/sbm/exp=0 re=True d=False/cx/e=False p=False l=10 s=20/cx_0_combined.csv
    jobid: 1
    reason: Missing output files: results/synthetic/sbm/exp=0 re=True d=False/cx/e=False p=False l=10 s=20/cx_0_combined.csv; Input files updated by another job: results/synthetic/sbm/exp=0 re=True d=False/cx/e=False p=False l=10 s=20/run/cx_0.csv
    wildcards: path=results/synthetic/sbm/exp=0 re=True d=False/cx/e=False p=False l=10 s=20, alg=cx, runs=0
    resources: tmpdir=/var/folders/dj/14c985vd1ng7gf0vvw_ytrpw0000gn/T

[Tue Nov 12 00:01:56 2024]
Finished job 5.
3 of 10 steps (30%) done
Select jobs to execute...
Execute 1 jobs...

[Tue Nov 12 00:01:56 2024]
localrule combine_exps:
    input: results/synthetic/sbm/exp=0 re=False d=False/cx/e=False p=False l=10 s=20/run/cx_0.csv
    output: results/synthetic/sbm/exp=0 re=False d=False/cx/e=False p=False l=10 s=20/cx_0_combined.csv
    jobid: 4
    reason: Missing output files: results/synthetic/sbm/exp=0 re=False d=False/cx/e=False p=False l=10 s=20/cx_0_combined.csv; Input files updated by another job: results/synthetic/sbm/exp=0 re=False d=False/cx/e=False p=False l=10 s=20/run/cx_0.csv
    wildcards: path=results/synthetic/sbm/exp=0 re=False d=False/cx/e=False p=False l=10 s=20, alg=cx, runs=0
    resources: tmpdir=/var/folders/dj/14c985vd1ng7gf0vvw_ytrpw0000gn/T

[Tue Nov 12 00:01:58 2024]
Finished job 4.
4 of 10 steps (40%) done
[Tue Nov 12 00:01:58 2024]
Finished job 1.
5 of 10 steps (50%) done
[Tue Nov 12 00:02:00 2024]
Finished job 7.
6 of 10 steps (60%) done
Select jobs to execute...
Execute 1 jobs...

[Tue Nov 12 00:02:00 2024]
localrule combine_exps:
    input: results/synthetic/sbm/exp=1 re=True d=False/cx/e=False p=False l=10 s=20/run/cx_0.csv
    output: results/synthetic/sbm/exp=1 re=True d=False/cx/e=False p=False l=10 s=20/cx_0_combined.csv
    jobid: 6
    reason: Missing output files: results/synthetic/sbm/exp=1 re=True d=False/cx/e=False p=False l=10 s=20/cx_0_combined.csv; Input files updated by another job: results/synthetic/sbm/exp=1 re=True d=False/cx/e=False p=False l=10 s=20/run/cx_0.csv
    wildcards: path=results/synthetic/sbm/exp=1 re=True d=False/cx/e=False p=False l=10 s=20, alg=cx, runs=0
    resources: tmpdir=/var/folders/dj/14c985vd1ng7gf0vvw_ytrpw0000gn/T

[Tue Nov 12 00:02:00 2024]
Finished job 9.
7 of 10 steps (70%) done
Select jobs to execute...
Execute 1 jobs...

[Tue Nov 12 00:02:00 2024]
localrule combine_exps:
    input: results/synthetic/sbm/exp=1 re=False d=False/cx/e=False p=False l=10 s=20/run/cx_0.csv
    output: results/synthetic/sbm/exp=1 re=False d=False/cx/e=False p=False l=10 s=20/cx_0_combined.csv
    jobid: 8
    reason: Missing output files: results/synthetic/sbm/exp=1 re=False d=False/cx/e=False p=False l=10 s=20/cx_0_combined.csv; Input files updated by another job: results/synthetic/sbm/exp=1 re=False d=False/cx/e=False p=False l=10 s=20/run/cx_0.csv
    wildcards: path=results/synthetic/sbm/exp=1 re=False d=False/cx/e=False p=False l=10 s=20, alg=cx, runs=0
    resources: tmpdir=/var/folders/dj/14c985vd1ng7gf0vvw_ytrpw0000gn/T

[Tue Nov 12 00:02:02 2024]
Finished job 6.
8 of 10 steps (80%) done
[Tue Nov 12 00:02:02 2024]
Finished job 8.
9 of 10 steps (90%) done
Select jobs to execute...
Execute 1 jobs...

[Tue Nov 12 00:02:02 2024]
localrule sbm_test:
    input: results/synthetic/sbm/exp=0 re=True d=False/cx/e=False p=False l=10 s=20/cx_0_combined.csv, results/synthetic/sbm/exp=0 re=False d=False/cx/e=False p=False l=10 s=20/cx_0_combined.csv, results/synthetic/sbm/exp=1 re=True d=False/cx/e=False p=False l=10 s=20/cx_0_combined.csv, results/synthetic/sbm/exp=1 re=False d=False/cx/e=False p=False l=10 s=20/cx_0_combined.csv
    jobid: 0
    reason: Input files updated by another job: results/synthetic/sbm/exp=1 re=True d=False/cx/e=False p=False l=10 s=20/cx_0_combined.csv, results/synthetic/sbm/exp=0 re=False d=False/cx/e=False p=False l=10 s=20/cx_0_combined.csv, results/synthetic/sbm/exp=1 re=False d=False/cx/e=False p=False l=10 s=20/cx_0_combined.csv, results/synthetic/sbm/exp=0 re=True d=False/cx/e=False p=False l=10 s=20/cx_0_combined.csv
    resources: tmpdir=/var/folders/dj/14c985vd1ng7gf0vvw_ytrpw0000gn/T

[Tue Nov 12 00:02:02 2024]
Finished job 0.
10 of 10 steps (100%) done
Complete log: .snakemake/log/2024-11-12T000146.428519.snakemake.log
