host: MacBook-Pro-von-Frederic.local
Building DAG of jobs...
Using shell: /opt/local/bin/bash
Provided cores: 8
Rules claiming more threads will be scaled down.
Job stats:
job             count
------------  -------
combine_exps        2
cythonize           1
er_cx               1
er_pyr              1
test_exp            1
total               6

Select jobs to execute...
Execute 1 jobs...

[Sat Dec  7 12:34:16 2024]
localrule cythonize:
    input: src/py_raccoon/balance_sampling.pyx, src/py_raccoon/balance_spanning_trees.pyx
    output: results/__cythonized__
    jobid: 3
    reason: Missing output files: results/__cythonized__
    resources: tmpdir=/var/folders/dj/14c985vd1ng7gf0vvw_ytrpw0000gn/T

[Sat Dec  7 12:34:18 2024]
Finished job 3.
1 of 6 steps (17%) done
Select jobs to execute...
Execute 2 jobs...

[Sat Dec  7 12:34:18 2024]
localrule er_cx:
    input: results/__cythonized__
    output: results/synthetic/er/n=100 p=0.5 r=0.7 re=False d=False/cx/e=False p=False l=10 s=5/run/cx_0.csv
    jobid: 5
    reason: Missing output files: results/synthetic/er/n=100 p=0.5 r=0.7 re=False d=False/cx/e=False p=False l=10 s=5/run/cx_0.csv; Input files updated by another job: results/__cythonized__
    wildcards: n_nodes=100, prob_p=0.5, neg_edge_prob=0.7, neg_edge_dist_exact=False, directed=False, exact=False, parallel=False, max_length=10, n_samples=5, run=0
    resources: tmpdir=/var/folders/dj/14c985vd1ng7gf0vvw_ytrpw0000gn/T

[Sat Dec  7 12:34:18 2024]
localrule er_pyr:
    input: results/__cythonized__
    output: results/synthetic/er/n=100 p=0.5 r=0.7 re=False d=False/pyr/s=10 sp=None/run/pyr_0.csv
    jobid: 2
    reason: Missing output files: results/synthetic/er/n=100 p=0.5 r=0.7 re=False d=False/pyr/s=10 sp=None/run/pyr_0.csv; Input files updated by another job: results/__cythonized__
    wildcards: n_nodes=100, prob_p=0.5, neg_edge_prob=0.7, neg_edge_dist_exact=False, directed=False, n_samples=10, pyr_spec_edge_prob=None, run=0
    resources: tmpdir=/var/folders/dj/14c985vd1ng7gf0vvw_ytrpw0000gn/T

[Sat Dec  7 12:34:23 2024]
Finished job 2.
2 of 6 steps (33%) done
Select jobs to execute...
Execute 1 jobs...

[Sat Dec  7 12:34:23 2024]
localrule combine_exps:
    input: results/synthetic/er/n=100 p=0.5 r=0.7 re=False d=False/pyr/s=10 sp=None/run/pyr_0.csv
    output: results/synthetic/er/n=100 p=0.5 r=0.7 re=False d=False/pyr/s=10 sp=None/pyr_0_combined.csv
    jobid: 1
    reason: Missing output files: results/synthetic/er/n=100 p=0.5 r=0.7 re=False d=False/pyr/s=10 sp=None/pyr_0_combined.csv; Input files updated by another job: results/synthetic/er/n=100 p=0.5 r=0.7 re=False d=False/pyr/s=10 sp=None/run/pyr_0.csv
    wildcards: path=results/synthetic/er/n=100 p=0.5 r=0.7 re=False d=False/pyr/s=10 sp=None, alg=pyr, runs=0
    resources: tmpdir=/var/folders/dj/14c985vd1ng7gf0vvw_ytrpw0000gn/T

[Sat Dec  7 12:34:25 2024]
Finished job 1.
3 of 6 steps (50%) done
[Sat Dec  7 12:34:26 2024]
Finished job 5.
4 of 6 steps (67%) done
Select jobs to execute...
Execute 1 jobs...

[Sat Dec  7 12:34:26 2024]
localrule combine_exps:
    input: results/synthetic/er/n=100 p=0.5 r=0.7 re=False d=False/cx/e=False p=False l=10 s=5/run/cx_0.csv
    output: results/synthetic/er/n=100 p=0.5 r=0.7 re=False d=False/cx/e=False p=False l=10 s=5/cx_0_combined.csv
    jobid: 4
    reason: Missing output files: results/synthetic/er/n=100 p=0.5 r=0.7 re=False d=False/cx/e=False p=False l=10 s=5/cx_0_combined.csv; Input files updated by another job: results/synthetic/er/n=100 p=0.5 r=0.7 re=False d=False/cx/e=False p=False l=10 s=5/run/cx_0.csv
    wildcards: path=results/synthetic/er/n=100 p=0.5 r=0.7 re=False d=False/cx/e=False p=False l=10 s=5, alg=cx, runs=0
    resources: tmpdir=/var/folders/dj/14c985vd1ng7gf0vvw_ytrpw0000gn/T

[Sat Dec  7 12:34:28 2024]
Finished job 4.
5 of 6 steps (83%) done
Select jobs to execute...
Execute 1 jobs...

[Sat Dec  7 12:34:28 2024]
localrule test_exp:
    input: results/synthetic/er/n=100 p=0.5 r=0.7 re=False d=False/pyr/s=10 sp=None/pyr_0_combined.csv, results/synthetic/er/n=100 p=0.5 r=0.7 re=False d=False/cx/e=False p=False l=10 s=5/cx_0_combined.csv
    jobid: 0
    reason: Input files updated by another job: results/synthetic/er/n=100 p=0.5 r=0.7 re=False d=False/pyr/s=10 sp=None/pyr_0_combined.csv, results/synthetic/er/n=100 p=0.5 r=0.7 re=False d=False/cx/e=False p=False l=10 s=5/cx_0_combined.csv
    resources: tmpdir=/var/folders/dj/14c985vd1ng7gf0vvw_ytrpw0000gn/T

[Sat Dec  7 12:34:28 2024]
Finished job 0.
6 of 6 steps (100%) done
Complete log: .snakemake/log/2024-12-07T123416.571867.snakemake.log
