host: MacBook-Pro-von-Frederic.local
Building DAG of jobs...
Using shell: /opt/local/bin/bash
Provided cores: 8
Rules claiming more threads will be scaled down.
Job stats:
job                                count
-------------------------------  -------
combine_exps                           1
complete_cx                            1
complete_exp_all_negative_graph        1
cythonize                              1
total                                  4

Select jobs to execute...
Execute 1 jobs...

[Sat Dec  7 20:52:36 2024]
localrule cythonize:
    input: src/py_raccoon/balance_sampling.pyx, src/py_raccoon/balance_spanning_trees.pyx
    output: results/__cythonized__
    jobid: 3
    reason: Missing output files: results/__cythonized__
    resources: tmpdir=/var/folders/dj/14c985vd1ng7gf0vvw_ytrpw0000gn/T

[Sat Dec  7 20:52:38 2024]
Finished job 3.
1 of 4 steps (25%) done
Select jobs to execute...
Execute 1 jobs...

[Sat Dec  7 20:52:38 2024]
localrule complete_cx:
    input: results/__cythonized__
    output: results/synthetic/complete/n=20 r=1 re=False d=False/cx/e=True p=False l=10 s=1/run/cx_0.csv
    jobid: 2
    reason: Missing output files: results/synthetic/complete/n=20 r=1 re=False d=False/cx/e=True p=False l=10 s=1/run/cx_0.csv; Input files updated by another job: results/__cythonized__
    wildcards: n_nodes=20, neg_edge_prob=1, neg_edge_dist_exact=False, directed=False, exact=True, parallel=False, max_length=10, n_samples=1, run=0
    resources: tmpdir=/var/folders/dj/14c985vd1ng7gf0vvw_ytrpw0000gn/T

[Sat Dec  7 20:58:08 2024]
Finished job 2.
2 of 4 steps (50%) done
Select jobs to execute...
Execute 1 jobs...

[Sat Dec  7 20:58:08 2024]
localrule combine_exps:
    input: results/synthetic/complete/n=20 r=1 re=False d=False/cx/e=True p=False l=10 s=1/run/cx_0.csv
    output: results/synthetic/complete/n=20 r=1 re=False d=False/cx/e=True p=False l=10 s=1/cx_0_combined.csv
    jobid: 1
    reason: Missing output files: results/synthetic/complete/n=20 r=1 re=False d=False/cx/e=True p=False l=10 s=1/cx_0_combined.csv; Input files updated by another job: results/synthetic/complete/n=20 r=1 re=False d=False/cx/e=True p=False l=10 s=1/run/cx_0.csv
    wildcards: path=results/synthetic/complete/n=20 r=1 re=False d=False/cx/e=True p=False l=10 s=1, alg=cx, runs=0
    resources: tmpdir=/var/folders/dj/14c985vd1ng7gf0vvw_ytrpw0000gn/T

[Sat Dec  7 20:58:11 2024]
Finished job 1.
3 of 4 steps (75%) done
Select jobs to execute...
Execute 1 jobs...

[Sat Dec  7 20:58:11 2024]
localrule complete_exp_all_negative_graph:
    input: results/synthetic/complete/n=20 r=1 re=False d=False/cx/e=True p=False l=10 s=1/cx_0_combined.csv
    jobid: 0
    reason: Input files updated by another job: results/synthetic/complete/n=20 r=1 re=False d=False/cx/e=True p=False l=10 s=1/cx_0_combined.csv
    resources: tmpdir=/var/folders/dj/14c985vd1ng7gf0vvw_ytrpw0000gn/T

[Sat Dec  7 20:58:11 2024]
Finished job 0.
4 of 4 steps (100%) done
Complete log: .snakemake/log/2024-12-07T205236.795189.snakemake.log
