host: MacBook-Pro-von-Frederic.local
Building DAG of jobs...
Using shell: /opt/local/bin/bash
Provided cores: 8
Rules claiming more threads will be scaled down.
Job stats:
job             count
------------  -------
all                 1
combine_exps        1
random_pyr         10
total              12

Select jobs to execute...
Execute 8 jobs...

[Sat Nov  9 14:13:17 2024]
localrule random_pyr:
    input: results/__cythonized__
    output: results/synthetic/random/n=20 m=50 r=0.5 d=False/pyr/s=1000 sp=1/pyr_6.csv
    jobid: 16
    reason: Missing output files: results/synthetic/random/n=20 m=50 r=0.5 d=False/pyr/s=1000 sp=1/pyr_6.csv
    wildcards: n_nodes=20, n_edges=50, neg_edge_prob=0.5, n_samples=1000, pyr_spec_edge_prob=1, run=6
    resources: tmpdir=/var/folders/dj/14c985vd1ng7gf0vvw_ytrpw0000gn/T

[Sat Nov  9 14:13:17 2024]
localrule random_pyr:
    input: results/__cythonized__
    output: results/synthetic/random/n=20 m=50 r=0.5 d=False/pyr/s=1000 sp=1/pyr_10.csv
    jobid: 20
    reason: Missing output files: results/synthetic/random/n=20 m=50 r=0.5 d=False/pyr/s=1000 sp=1/pyr_10.csv
    wildcards: n_nodes=20, n_edges=50, neg_edge_prob=0.5, n_samples=1000, pyr_spec_edge_prob=1, run=10
    resources: tmpdir=/var/folders/dj/14c985vd1ng7gf0vvw_ytrpw0000gn/T

[Sat Nov  9 14:13:17 2024]
localrule random_pyr:
    input: results/__cythonized__
    output: results/synthetic/random/n=20 m=50 r=0.5 d=False/pyr/s=1000 sp=1/pyr_2.csv
    jobid: 12
    reason: Missing output files: results/synthetic/random/n=20 m=50 r=0.5 d=False/pyr/s=1000 sp=1/pyr_2.csv
    wildcards: n_nodes=20, n_edges=50, neg_edge_prob=0.5, n_samples=1000, pyr_spec_edge_prob=1, run=2
    resources: tmpdir=/var/folders/dj/14c985vd1ng7gf0vvw_ytrpw0000gn/T

[Sat Nov  9 14:13:17 2024]
localrule random_pyr:
    input: results/__cythonized__
    output: results/synthetic/random/n=20 m=50 r=0.5 d=False/pyr/s=1000 sp=1/pyr_9.csv
    jobid: 19
    reason: Missing output files: results/synthetic/random/n=20 m=50 r=0.5 d=False/pyr/s=1000 sp=1/pyr_9.csv
    wildcards: n_nodes=20, n_edges=50, neg_edge_prob=0.5, n_samples=1000, pyr_spec_edge_prob=1, run=9
    resources: tmpdir=/var/folders/dj/14c985vd1ng7gf0vvw_ytrpw0000gn/T

[Sat Nov  9 14:13:17 2024]
localrule random_pyr:
    input: results/__cythonized__
    output: results/synthetic/random/n=20 m=50 r=0.5 d=False/pyr/s=1000 sp=1/pyr_5.csv
    jobid: 15
    reason: Missing output files: results/synthetic/random/n=20 m=50 r=0.5 d=False/pyr/s=1000 sp=1/pyr_5.csv
    wildcards: n_nodes=20, n_edges=50, neg_edge_prob=0.5, n_samples=1000, pyr_spec_edge_prob=1, run=5
    resources: tmpdir=/var/folders/dj/14c985vd1ng7gf0vvw_ytrpw0000gn/T

[Sat Nov  9 14:13:17 2024]
localrule random_pyr:
    input: results/__cythonized__
    output: results/synthetic/random/n=20 m=50 r=0.5 d=False/pyr/s=1000 sp=1/pyr_1.csv
    jobid: 11
    reason: Missing output files: results/synthetic/random/n=20 m=50 r=0.5 d=False/pyr/s=1000 sp=1/pyr_1.csv
    wildcards: n_nodes=20, n_edges=50, neg_edge_prob=0.5, n_samples=1000, pyr_spec_edge_prob=1, run=1
    resources: tmpdir=/var/folders/dj/14c985vd1ng7gf0vvw_ytrpw0000gn/T

[Sat Nov  9 14:13:17 2024]
localrule random_pyr:
    input: results/__cythonized__
    output: results/synthetic/random/n=20 m=50 r=0.5 d=False/pyr/s=1000 sp=1/pyr_4.csv
    jobid: 14
    reason: Missing output files: results/synthetic/random/n=20 m=50 r=0.5 d=False/pyr/s=1000 sp=1/pyr_4.csv
    wildcards: n_nodes=20, n_edges=50, neg_edge_prob=0.5, n_samples=1000, pyr_spec_edge_prob=1, run=4
    resources: tmpdir=/var/folders/dj/14c985vd1ng7gf0vvw_ytrpw0000gn/T

[Sat Nov  9 14:13:17 2024]
localrule random_pyr:
    input: results/__cythonized__
    output: results/synthetic/random/n=20 m=50 r=0.5 d=False/pyr/s=1000 sp=1/pyr_8.csv
    jobid: 18
    reason: Missing output files: results/synthetic/random/n=20 m=50 r=0.5 d=False/pyr/s=1000 sp=1/pyr_8.csv
    wildcards: n_nodes=20, n_edges=50, neg_edge_prob=0.5, n_samples=1000, pyr_spec_edge_prob=1, run=8
    resources: tmpdir=/var/folders/dj/14c985vd1ng7gf0vvw_ytrpw0000gn/T

[Sat Nov  9 14:13:22 2024]
Finished job 14.
1 of 12 steps (8%) done
[Sat Nov  9 14:13:22 2024]
Finished job 16.
2 of 12 steps (17%) done
Select jobs to execute...
Execute 2 jobs...

[Sat Nov  9 14:13:22 2024]
localrule random_pyr:
    input: results/__cythonized__
    output: results/synthetic/random/n=20 m=50 r=0.5 d=False/pyr/s=1000 sp=1/pyr_7.csv
    jobid: 17
    reason: Missing output files: results/synthetic/random/n=20 m=50 r=0.5 d=False/pyr/s=1000 sp=1/pyr_7.csv
    wildcards: n_nodes=20, n_edges=50, neg_edge_prob=0.5, n_samples=1000, pyr_spec_edge_prob=1, run=7
    resources: tmpdir=/var/folders/dj/14c985vd1ng7gf0vvw_ytrpw0000gn/T

[Sat Nov  9 14:13:22 2024]
localrule random_pyr:
    input: results/__cythonized__
    output: results/synthetic/random/n=20 m=50 r=0.5 d=False/pyr/s=1000 sp=1/pyr_3.csv
    jobid: 13
    reason: Missing output files: results/synthetic/random/n=20 m=50 r=0.5 d=False/pyr/s=1000 sp=1/pyr_3.csv
    wildcards: n_nodes=20, n_edges=50, neg_edge_prob=0.5, n_samples=1000, pyr_spec_edge_prob=1, run=3
    resources: tmpdir=/var/folders/dj/14c985vd1ng7gf0vvw_ytrpw0000gn/T

[Sat Nov  9 14:13:22 2024]
Finished job 19.
3 of 12 steps (25%) done
[Sat Nov  9 14:13:22 2024]
Finished job 12.
4 of 12 steps (33%) done
[Sat Nov  9 14:13:22 2024]
Finished job 11.
5 of 12 steps (42%) done
[Sat Nov  9 14:13:22 2024]
Finished job 20.
6 of 12 steps (50%) done
[Sat Nov  9 14:13:22 2024]
Finished job 18.
7 of 12 steps (58%) done
[Sat Nov  9 14:13:22 2024]
Finished job 15.
8 of 12 steps (67%) done
[Sat Nov  9 14:13:25 2024]
Finished job 13.
9 of 12 steps (75%) done
[Sat Nov  9 14:13:25 2024]
Finished job 17.
10 of 12 steps (83%) done
Select jobs to execute...
Execute 1 jobs...

[Sat Nov  9 14:13:25 2024]
localrule combine_exps:
    input: results/synthetic/random/n=20 m=50 r=0.5 d=False/pyr/s=1000 sp=1/pyr_0.csv, results/synthetic/random/n=20 m=50 r=0.5 d=False/pyr/s=1000 sp=1/pyr_1.csv, results/synthetic/random/n=20 m=50 r=0.5 d=False/pyr/s=1000 sp=1/pyr_2.csv, results/synthetic/random/n=20 m=50 r=0.5 d=False/pyr/s=1000 sp=1/pyr_3.csv, results/synthetic/random/n=20 m=50 r=0.5 d=False/pyr/s=1000 sp=1/pyr_4.csv, results/synthetic/random/n=20 m=50 r=0.5 d=False/pyr/s=1000 sp=1/pyr_5.csv, results/synthetic/random/n=20 m=50 r=0.5 d=False/pyr/s=1000 sp=1/pyr_6.csv, results/synthetic/random/n=20 m=50 r=0.5 d=False/pyr/s=1000 sp=1/pyr_7.csv, results/synthetic/random/n=20 m=50 r=0.5 d=False/pyr/s=1000 sp=1/pyr_8.csv, results/synthetic/random/n=20 m=50 r=0.5 d=False/pyr/s=1000 sp=1/pyr_9.csv, results/synthetic/random/n=20 m=50 r=0.5 d=False/pyr/s=1000 sp=1/pyr_10.csv
    output: results/synthetic/random/n=20 m=50 r=0.5 d=False/pyr/s=1000 sp=1/pyr_10_combined.csv
    jobid: 10
    reason: Missing output files: results/synthetic/random/n=20 m=50 r=0.5 d=False/pyr/s=1000 sp=1/pyr_10_combined.csv; Input files updated by another job: results/synthetic/random/n=20 m=50 r=0.5 d=False/pyr/s=1000 sp=1/pyr_4.csv, results/synthetic/random/n=20 m=50 r=0.5 d=False/pyr/s=1000 sp=1/pyr_1.csv, results/synthetic/random/n=20 m=50 r=0.5 d=False/pyr/s=1000 sp=1/pyr_7.csv, results/synthetic/random/n=20 m=50 r=0.5 d=False/pyr/s=1000 sp=1/pyr_2.csv, results/synthetic/random/n=20 m=50 r=0.5 d=False/pyr/s=1000 sp=1/pyr_9.csv, results/synthetic/random/n=20 m=50 r=0.5 d=False/pyr/s=1000 sp=1/pyr_6.csv, results/synthetic/random/n=20 m=50 r=0.5 d=False/pyr/s=1000 sp=1/pyr_10.csv, results/synthetic/random/n=20 m=50 r=0.5 d=False/pyr/s=1000 sp=1/pyr_3.csv, results/synthetic/random/n=20 m=50 r=0.5 d=False/pyr/s=1000 sp=1/pyr_5.csv, results/synthetic/random/n=20 m=50 r=0.5 d=False/pyr/s=1000 sp=1/pyr_8.csv
    wildcards: path=results/synthetic/random/n=20 m=50 r=0.5 d=False/pyr/s=1000 sp=1, alg=pyr, runs=10
    resources: tmpdir=/var/folders/dj/14c985vd1ng7gf0vvw_ytrpw0000gn/T

[Sat Nov  9 14:13:27 2024]
Finished job 10.
11 of 12 steps (92%) done
Select jobs to execute...
Execute 1 jobs...

[Sat Nov  9 14:13:27 2024]
localrule all:
    input: results/__cythonized__, results/synthetic/er/n=10 p=0.5 r=0.5 d=False/cx/e=True p=False l=10 s=1/cx_0.csv, results/synthetic/er/n=10 p=0.5 r=0.5 d=True/cx/e=True p=False l=10 s=1/cx_0.csv, results/synthetic/er/n=10 p=0.5 r=0.5 d=False/cx/e=False p=False l=10 s=20/cx_0.csv, results/synthetic/er/n=10 p=0.5 r=0.5 d=True/cx/e=False p=False l=10 s=20/cx_0.csv, results/synthetic/complete/n=20 r=0.5 d=False/cx/e=False p=False l=10 s=20/cx_0.csv, results/synthetic/complete/n=20 r=0.5 d=False/pyr/s=1000 sp=1/pyr_0.csv, results/synthetic/random/n=20 m=50 r=0.5 d=False/cx/e=False p=False l=10 s=20/cx_0.csv, results/synthetic/random/n=20 m=50 r=0.5 d=False/pyr/s=1000 sp=1/pyr_0.csv, results/synthetic/random/n=20 m=50 r=0.5 d=False/pyr/s=1000 sp=1/pyr_10_combined.csv
    jobid: 0
    reason: Input files updated by another job: results/synthetic/random/n=20 m=50 r=0.5 d=False/pyr/s=1000 sp=1/pyr_10_combined.csv
    resources: tmpdir=/var/folders/dj/14c985vd1ng7gf0vvw_ytrpw0000gn/T

[Sat Nov  9 14:13:27 2024]
Finished job 0.
12 of 12 steps (100%) done
Complete log: .snakemake/log/2024-11-09T141317.047383.snakemake.log
