host: MacBook-Pro-von-Frederic.local
Building DAG of jobs...
Using shell: /opt/local/bin/bash
Provided cores: 8
Rules claiming more threads will be scaled down.
Job stats:
job      count
-----  -------
all          1
exp          1
total        2

Select jobs to execute...
Execute 1 jobs...

[Tue Nov  5 14:12:54 2024]
localrule exp:
    input: results/__cythonized__
    output: results/synthetic/er/samples=10_nodes=10_p=0.5_r=0.5/pyr_1.csv
    jobid: 2
    reason: Missing output files: results/synthetic/er/samples=10_nodes=10_p=0.5_r=0.5/pyr_1.csv
    wildcards: kind=er, n_samples=10, n_nodes=10, prob_p=0.5, prob_r=0.5, alg=pyr, run=1
    resources: tmpdir=/var/folders/dj/14c985vd1ng7gf0vvw_ytrpw0000gn/T

RuleException:
CalledProcessError in file /Users/fredericbusch/Desktop/Thesis/forks/py-raccoon/workflow/Snakefile, line 27:
Command 'set -euo pipefail;  /Users/fredericbusch/miniforge3/envs/py-raccoon/bin/python3.12 /Users/fredericbusch/Desktop/Thesis/forks/py-raccoon/.snakemake/scripts/tmplijngpjc.experiment.py' returned non-zero exit status 1.
[Tue Nov  5 14:12:56 2024]
Error in rule exp:
    jobid: 2
    input: results/__cythonized__
    output: results/synthetic/er/samples=10_nodes=10_p=0.5_r=0.5/pyr_1.csv

Shutting down, this might take some time.
Exiting because a job execution failed. Look above for error message
Complete log: .snakemake/log/2024-11-05T141254.426156.snakemake.log
WorkflowError:
At least one job did not complete successfully.
