host: MacBook-Pro-von-Frederic.local
Building DAG of jobs...
Using shell: /opt/local/bin/bash
Provided cores: 8
Rules claiming more threads will be scaled down.
Job stats:
job             count
------------  -------
combine_exps        1
test                1
total               2

Select jobs to execute...
Execute 1 jobs...

[Sun Nov 10 17:32:46 2024]
localrule combine_exps:
    input: results/synthetic/sbm/sizes=[10, 10] p=[[0.5, 0.2], [0.2, 0.5]] r=0.5 d=False/pyr/s=1000 sp=None/run/pyr_0.csv, results/synthetic/sbm/sizes=[10, 10] p=[[0.5, 0.2], [0.2, 0.5]] r=0.5 d=False/pyr/s=1000 sp=None/run/pyr_1.csv, results/synthetic/sbm/sizes=[10, 10] p=[[0.5, 0.2], [0.2, 0.5]] r=0.5 d=False/pyr/s=1000 sp=None/run/pyr_2.csv, results/synthetic/sbm/sizes=[10, 10] p=[[0.5, 0.2], [0.2, 0.5]] r=0.5 d=False/pyr/s=1000 sp=None/run/pyr_3.csv, results/synthetic/sbm/sizes=[10, 10] p=[[0.5, 0.2], [0.2, 0.5]] r=0.5 d=False/pyr/s=1000 sp=None/run/pyr_4.csv, results/synthetic/sbm/sizes=[10, 10] p=[[0.5, 0.2], [0.2, 0.5]] r=0.5 d=False/pyr/s=1000 sp=None/run/pyr_5.csv, results/synthetic/sbm/sizes=[10, 10] p=[[0.5, 0.2], [0.2, 0.5]] r=0.5 d=False/pyr/s=1000 sp=None/run/pyr_6.csv, results/synthetic/sbm/sizes=[10, 10] p=[[0.5, 0.2], [0.2, 0.5]] r=0.5 d=False/pyr/s=1000 sp=None/run/pyr_7.csv, results/synthetic/sbm/sizes=[10, 10] p=[[0.5, 0.2], [0.2, 0.5]] r=0.5 d=False/pyr/s=1000 sp=None/run/pyr_8.csv, results/synthetic/sbm/sizes=[10, 10] p=[[0.5, 0.2], [0.2, 0.5]] r=0.5 d=False/pyr/s=1000 sp=None/run/pyr_9.csv, results/synthetic/sbm/sizes=[10, 10] p=[[0.5, 0.2], [0.2, 0.5]] r=0.5 d=False/pyr/s=1000 sp=None/run/pyr_10.csv
    output: results/synthetic/sbm/sizes=[10, 10] p=[[0.5, 0.2], [0.2, 0.5]] r=0.5 d=False/pyr/s=1000 sp=None/pyr_10_combined.csv
    jobid: 1
    reason: Missing output files: results/synthetic/sbm/sizes=[10, 10] p=[[0.5, 0.2], [0.2, 0.5]] r=0.5 d=False/pyr/s=1000 sp=None/pyr_10_combined.csv
    wildcards: path=results/synthetic/sbm/sizes=[10, 10] p=[[0.5, 0.2], [0.2, 0.5]] r=0.5 d=False/pyr/s=1000 sp=None, alg=pyr, runs=10
    resources: tmpdir=/var/folders/dj/14c985vd1ng7gf0vvw_ytrpw0000gn/T

[Sun Nov 10 17:32:47 2024]
Error in rule combine_exps:
    jobid: 1
    input: results/synthetic/sbm/sizes=[10, 10] p=[[0.5, 0.2], [0.2, 0.5]] r=0.5 d=False/pyr/s=1000 sp=None/run/pyr_0.csv, results/synthetic/sbm/sizes=[10, 10] p=[[0.5, 0.2], [0.2, 0.5]] r=0.5 d=False/pyr/s=1000 sp=None/run/pyr_1.csv, results/synthetic/sbm/sizes=[10, 10] p=[[0.5, 0.2], [0.2, 0.5]] r=0.5 d=False/pyr/s=1000 sp=None/run/pyr_2.csv, results/synthetic/sbm/sizes=[10, 10] p=[[0.5, 0.2], [0.2, 0.5]] r=0.5 d=False/pyr/s=1000 sp=None/run/pyr_3.csv, results/synthetic/sbm/sizes=[10, 10] p=[[0.5, 0.2], [0.2, 0.5]] r=0.5 d=False/pyr/s=1000 sp=None/run/pyr_4.csv, results/synthetic/sbm/sizes=[10, 10] p=[[0.5, 0.2], [0.2, 0.5]] r=0.5 d=False/pyr/s=1000 sp=None/run/pyr_5.csv, results/synthetic/sbm/sizes=[10, 10] p=[[0.5, 0.2], [0.2, 0.5]] r=0.5 d=False/pyr/s=1000 sp=None/run/pyr_6.csv, results/synthetic/sbm/sizes=[10, 10] p=[[0.5, 0.2], [0.2, 0.5]] r=0.5 d=False/pyr/s=1000 sp=None/run/pyr_7.csv, results/synthetic/sbm/sizes=[10, 10] p=[[0.5, 0.2], [0.2, 0.5]] r=0.5 d=False/pyr/s=1000 sp=None/run/pyr_8.csv, results/synthetic/sbm/sizes=[10, 10] p=[[0.5, 0.2], [0.2, 0.5]] r=0.5 d=False/pyr/s=1000 sp=None/run/pyr_9.csv, results/synthetic/sbm/sizes=[10, 10] p=[[0.5, 0.2], [0.2, 0.5]] r=0.5 d=False/pyr/s=1000 sp=None/run/pyr_10.csv
    output: results/synthetic/sbm/sizes=[10, 10] p=[[0.5, 0.2], [0.2, 0.5]] r=0.5 d=False/pyr/s=1000 sp=None/pyr_10_combined.csv

Shutting down, this might take some time.
Exiting because a job execution failed. Look above for error message
Complete log: .snakemake/log/2024-11-10T173246.935416.snakemake.log
WorkflowError:
At least one job did not complete successfully.
