host: MacBook-Pro-von-Frederic.local
Building DAG of jobs...
Using shell: /opt/local/bin/bash
Provided cores: 8
Rules claiming more threads will be scaled down.
Job stats:
job             count
------------  -------
combine_exps        1
dataset_cx          1
test_rule           1
total               3

Select jobs to execute...
Execute 1 jobs...

[Sun Dec  8 02:22:14 2024]
localrule dataset_cx:
    input: results/__cythonized__
    output: results/real/wikielections/null_model=False d=False/cx/e=False p=False l=10 s=100/run/cx_0.csv
    jobid: 2
    reason: Missing output files: results/real/wikielections/null_model=False d=False/cx/e=False p=False l=10 s=100/run/cx_0.csv
    wildcards: dataset=wikielections, null_model=False, directed=False, exact=False, parallel=False, max_length=10, n_samples=100, run=0
    resources: tmpdir=/var/folders/dj/14c985vd1ng7gf0vvw_ytrpw0000gn/T

Terminating processes on user request, this might take some time.
RuleException:
CalledProcessError in file /Users/fredericbusch/Desktop/Thesis/forks/py-raccoon/workflow/Snakefile, line 126:
Command 'set -euo pipefail;  /Users/fredericbusch/miniforge3/envs/py-raccoon/bin/python3.12 /Users/fredericbusch/Desktop/Thesis/forks/py-raccoon/.snakemake/scripts/tmp9_pct1wq.experiment.py' died with <Signals.SIGINT: 2>.
[Sun Dec  8 02:22:16 2024]
Error in rule dataset_cx:
    jobid: 2
    input: results/__cythonized__
    output: results/real/wikielections/null_model=False d=False/cx/e=False p=False l=10 s=100/run/cx_0.csv

Complete log: .snakemake/log/2024-12-08T022214.467755.snakemake.log
WorkflowError:
At least one job did not complete successfully.
