host: MacBook-Pro-von-Frederic.local
Building DAG of jobs...
Using shell: /opt/local/bin/bash
Provided cores: 8
Rules claiming more threads will be scaled down.
Job stats:
job             count
------------  -------
combine_exps        1
complete_cx         3
complete_exp        1
cythonize           1
total               6

Select jobs to execute...
Execute 1 jobs...

[Sat Dec  7 17:12:23 2024]
localrule cythonize:
    input: src/py_raccoon/balance_sampling.pyx, src/py_raccoon/balance_spanning_trees.pyx
    output: results/__cythonized__
    jobid: 3
    reason: Missing output files: results/__cythonized__
    resources: tmpdir=/var/folders/dj/14c985vd1ng7gf0vvw_ytrpw0000gn/T

[Sat Dec  7 17:12:24 2024]
Finished job 3.
1 of 6 steps (17%) done
Select jobs to execute...
Execute 3 jobs...

[Sat Dec  7 17:12:25 2024]
localrule complete_cx:
    input: results/__cythonized__
    output: results/synthetic/complete/n=50 r=0.5 re=True d=False/cx/e=False p=False l=20 s=1000/run/cx_2.csv
    jobid: 5
    reason: Missing output files: results/synthetic/complete/n=50 r=0.5 re=True d=False/cx/e=False p=False l=20 s=1000/run/cx_2.csv; Input files updated by another job: results/__cythonized__
    wildcards: n_nodes=50, neg_edge_prob=0.5, neg_edge_dist_exact=True, directed=False, exact=False, parallel=False, max_length=20, n_samples=1000, run=2
    resources: tmpdir=/var/folders/dj/14c985vd1ng7gf0vvw_ytrpw0000gn/T

[Sat Dec  7 17:12:25 2024]
localrule complete_cx:
    input: results/__cythonized__
    output: results/synthetic/complete/n=50 r=0.5 re=True d=False/cx/e=False p=False l=20 s=1000/run/cx_1.csv
    jobid: 4
    reason: Missing output files: results/synthetic/complete/n=50 r=0.5 re=True d=False/cx/e=False p=False l=20 s=1000/run/cx_1.csv; Input files updated by another job: results/__cythonized__
    wildcards: n_nodes=50, neg_edge_prob=0.5, neg_edge_dist_exact=True, directed=False, exact=False, parallel=False, max_length=20, n_samples=1000, run=1
    resources: tmpdir=/var/folders/dj/14c985vd1ng7gf0vvw_ytrpw0000gn/T

[Sat Dec  7 17:12:25 2024]
localrule complete_cx:
    input: results/__cythonized__
    output: results/synthetic/complete/n=50 r=0.5 re=True d=False/cx/e=False p=False l=20 s=1000/run/cx_0.csv
    jobid: 2
    reason: Missing output files: results/synthetic/complete/n=50 r=0.5 re=True d=False/cx/e=False p=False l=20 s=1000/run/cx_0.csv; Input files updated by another job: results/__cythonized__
    wildcards: n_nodes=50, neg_edge_prob=0.5, neg_edge_dist_exact=True, directed=False, exact=False, parallel=False, max_length=20, n_samples=1000, run=0
    resources: tmpdir=/var/folders/dj/14c985vd1ng7gf0vvw_ytrpw0000gn/T

Terminating processes on user request, this might take some time.
RuleException:
CalledProcessError in file /Users/fredericbusch/Desktop/Thesis/forks/py-raccoon/workflow/Snakefile, line 136:
Command 'set -euo pipefail;  /Users/fredericbusch/miniforge3/envs/py-raccoon/bin/python3.12 /Users/fredericbusch/Desktop/Thesis/forks/py-raccoon/.snakemake/scripts/tmpze8bm784.experiment.py' returned non-zero exit status 1.
[Sat Dec  7 17:13:59 2024]
RuleException:
CalledProcessError in file /Users/fredericbusch/Desktop/Thesis/forks/py-raccoon/workflow/Snakefile, line 136:
Command 'set -euo pipefail;  /Users/fredericbusch/miniforge3/envs/py-raccoon/bin/python3.12 /Users/fredericbusch/Desktop/Thesis/forks/py-raccoon/.snakemake/scripts/tmpg7z8yzx2.experiment.py' returned non-zero exit status 1.
Error in rule complete_cx:
    jobid: 4
    input: results/__cythonized__
    output: results/synthetic/complete/n=50 r=0.5 re=True d=False/cx/e=False p=False l=20 s=1000/run/cx_1.csv

RuleException:
CalledProcessError in file /Users/fredericbusch/Desktop/Thesis/forks/py-raccoon/workflow/Snakefile, line 136:
Command 'set -euo pipefail;  /Users/fredericbusch/miniforge3/envs/py-raccoon/bin/python3.12 /Users/fredericbusch/Desktop/Thesis/forks/py-raccoon/.snakemake/scripts/tmp536bo6qr.experiment.py' returned non-zero exit status 1.
[Sat Dec  7 17:13:59 2024]
[Sat Dec  7 17:13:59 2024]
Error in rule complete_cx:
    jobid: 5
    input: results/__cythonized__
    output: results/synthetic/complete/n=50 r=0.5 re=True d=False/cx/e=False p=False l=20 s=1000/run/cx_2.csv

Error in rule complete_cx:
    jobid: 2
    input: results/__cythonized__
    output: results/synthetic/complete/n=50 r=0.5 re=True d=False/cx/e=False p=False l=20 s=1000/run/cx_0.csv

Complete log: .snakemake/log/2024-12-07T171223.132729.snakemake.log
WorkflowError:
At least one job did not complete successfully.
