host: MacBook-Pro-von-Frederic.local
Building DAG of jobs...
Using shell: /opt/local/bin/bash
Provided cores: 8
Rules claiming more threads will be scaled down.
Job stats:
job             count
------------  -------
combine_exps        1
cythonize           1
dataset_cx          1
test_rule           1
total               4

Select jobs to execute...
Execute 1 jobs...

[Sun Dec  8 01:44:21 2024]
localrule cythonize:
    input: src/py_raccoon/balance_sampling.pyx, src/py_raccoon/balance_spanning_trees.pyx
    output: results/__cythonized__
    jobid: 3
    reason: Missing output files: results/__cythonized__
    resources: tmpdir=/var/folders/dj/14c985vd1ng7gf0vvw_ytrpw0000gn/T

[Sun Dec  8 01:44:22 2024]
Finished job 3.
1 of 4 steps (25%) done
Select jobs to execute...
Execute 1 jobs...

[Sun Dec  8 01:44:22 2024]
localrule dataset_cx:
    input: results/__cythonized__
    output: results/real/gahuku/null_model=False/cx/e=False p=False l=10 s=1/run/cx_0.csv
    jobid: 2
    reason: Missing output files: results/real/gahuku/null_model=False/cx/e=False p=False l=10 s=1/run/cx_0.csv; Input files updated by another job: results/__cythonized__
    wildcards: dataset=gahuku, null_model=False, exact=False, parallel=False, max_length=10, n_samples=1, run=0
    resources: tmpdir=/var/folders/dj/14c985vd1ng7gf0vvw_ytrpw0000gn/T

[Sun Dec  8 01:44:29 2024]
Finished job 2.
2 of 4 steps (50%) done
Select jobs to execute...
Execute 1 jobs...

[Sun Dec  8 01:44:29 2024]
localrule combine_exps:
    input: results/real/gahuku/null_model=False/cx/e=False p=False l=10 s=1/run/cx_0.csv
    output: results/real/gahuku/null_model=False/cx/e=False p=False l=10 s=1/cx_0_combined.csv
    jobid: 1
    reason: Missing output files: results/real/gahuku/null_model=False/cx/e=False p=False l=10 s=1/cx_0_combined.csv; Input files updated by another job: results/real/gahuku/null_model=False/cx/e=False p=False l=10 s=1/run/cx_0.csv
    wildcards: path=results/real/gahuku/null_model=False/cx/e=False p=False l=10 s=1, alg=cx, runs=0
    resources: tmpdir=/var/folders/dj/14c985vd1ng7gf0vvw_ytrpw0000gn/T

[Sun Dec  8 01:44:31 2024]
Finished job 1.
3 of 4 steps (75%) done
Select jobs to execute...
Execute 1 jobs...

[Sun Dec  8 01:44:31 2024]
localrule test_rule:
    input: results/real/gahuku/null_model=False/cx/e=False p=False l=10 s=1/cx_0_combined.csv
    jobid: 0
    reason: Input files updated by another job: results/real/gahuku/null_model=False/cx/e=False p=False l=10 s=1/cx_0_combined.csv
    resources: tmpdir=/var/folders/dj/14c985vd1ng7gf0vvw_ytrpw0000gn/T

[Sun Dec  8 01:44:31 2024]
Finished job 0.
4 of 4 steps (100%) done
Complete log: .snakemake/log/2024-12-08T014421.388530.snakemake.log
