host: MBPvonFrederic
Building DAG of jobs...
Using shell: /opt/local/bin/bash
Provided cores: 8
Rules claiming more threads will be scaled down.
Job stats:
job          count
---------  -------
all              1
cythonize        1
exp              1
total            3

Select jobs to execute...
Execute 1 jobs...

[Wed Oct 23 12:26:43 2024]
localrule cythonize:
    input: src/py_raccoon/balance_sampling.pyx, src/py_raccoon/balance_spanning_trees.pyx
    output: results/__cythonized__
    jobid: 1
    reason: Missing output files: results/__cythonized__
    resources: tmpdir=/var/folders/dj/14c985vd1ng7gf0vvw_ytrpw0000gn/T

[Wed Oct 23 12:26:53 2024]
Finished job 1.
1 of 3 steps (33%) done
Select jobs to execute...
Execute 1 jobs...

[Wed Oct 23 12:26:53 2024]
localrule exp:
    input: results/__cythonized__
    output: results/cx.csv
    jobid: 2
    reason: Missing output files: results/cx.csv; Input files updated by another job: results/__cythonized__
    wildcards: alg=cx
    resources: tmpdir=/var/folders/dj/14c985vd1ng7gf0vvw_ytrpw0000gn/T

[Wed Oct 23 12:27:04 2024]
Finished job 2.
2 of 3 steps (67%) done
Select jobs to execute...
Execute 1 jobs...

[Wed Oct 23 12:27:04 2024]
localrule all:
    input: results/__cythonized__, results/cx.csv
    jobid: 0
    reason: Input files updated by another job: results/__cythonized__, results/cx.csv
    resources: tmpdir=/var/folders/dj/14c985vd1ng7gf0vvw_ytrpw0000gn/T

[Wed Oct 23 12:27:04 2024]
Finished job 0.
3 of 3 steps (100%) done
Complete log: .snakemake/log/2024-10-23T122643.020292.snakemake.log
