host: MacBook-Pro-von-Frederic.local
Building DAG of jobs...
Using shell: /opt/local/bin/bash
Provided cores: 8
Rules claiming more threads will be scaled down.
Job stats:
job             count
------------  -------
combine_exps        3
er_cx               2
er_pyr              1
test_exp            1
total               7

Select jobs to execute...
Execute 3 jobs...

[Sat Dec  7 13:43:24 2024]
localrule er_cx:
    input: results/__cythonized__
    output: results/synthetic/er/n=11 p=0.5 r=0.9 re=False d=False/cx/e=False p=False l=10 s=10/run/cx_0.csv
    jobid: 7
    reason: Code has changed since last execution
    wildcards: n_nodes=11, prob_p=0.5, neg_edge_prob=0.9, neg_edge_dist_exact=False, directed=False, exact=False, parallel=False, max_length=10, n_samples=10, run=0
    resources: tmpdir=/var/folders/dj/14c985vd1ng7gf0vvw_ytrpw0000gn/T

[Sat Dec  7 13:43:24 2024]
localrule er_cx:
    input: results/__cythonized__
    output: results/synthetic/er/n=11 p=0.5 r=0.9 re=False d=False/cx/e=True p=False l=10 s=1/run/cx_0.csv
    jobid: 5
    reason: Code has changed since last execution
    wildcards: n_nodes=11, prob_p=0.5, neg_edge_prob=0.9, neg_edge_dist_exact=False, directed=False, exact=True, parallel=False, max_length=10, n_samples=1, run=0
    resources: tmpdir=/var/folders/dj/14c985vd1ng7gf0vvw_ytrpw0000gn/T

[Sat Dec  7 13:43:24 2024]
localrule er_pyr:
    input: results/__cythonized__
    output: results/synthetic/er/n=11 p=0.5 r=0.9 re=False d=False/pyr/s=100 sp=None/run/pyr_0.csv
    jobid: 2
    reason: Code has changed since last execution
    wildcards: n_nodes=11, prob_p=0.5, neg_edge_prob=0.9, neg_edge_dist_exact=False, directed=False, n_samples=100, pyr_spec_edge_prob=None, run=0
    resources: tmpdir=/var/folders/dj/14c985vd1ng7gf0vvw_ytrpw0000gn/T

[Sat Dec  7 13:43:28 2024]
Finished job 2.
1 of 7 steps (14%) done
Select jobs to execute...
Execute 1 jobs...

[Sat Dec  7 13:43:28 2024]
localrule combine_exps:
    input: results/synthetic/er/n=11 p=0.5 r=0.9 re=False d=False/pyr/s=100 sp=None/run/pyr_0.csv
    output: results/synthetic/er/n=11 p=0.5 r=0.9 re=False d=False/pyr/s=100 sp=None/pyr_0_combined.csv
    jobid: 1
    reason: Input files updated by another job: results/synthetic/er/n=11 p=0.5 r=0.9 re=False d=False/pyr/s=100 sp=None/run/pyr_0.csv
    wildcards: path=results/synthetic/er/n=11 p=0.5 r=0.9 re=False d=False/pyr/s=100 sp=None, alg=pyr, runs=0
    resources: tmpdir=/var/folders/dj/14c985vd1ng7gf0vvw_ytrpw0000gn/T

[Sat Dec  7 13:43:30 2024]
Finished job 5.
2 of 7 steps (29%) done
Select jobs to execute...
Execute 1 jobs...

[Sat Dec  7 13:43:30 2024]
localrule combine_exps:
    input: results/synthetic/er/n=11 p=0.5 r=0.9 re=False d=False/cx/e=True p=False l=10 s=1/run/cx_0.csv
    output: results/synthetic/er/n=11 p=0.5 r=0.9 re=False d=False/cx/e=True p=False l=10 s=1/cx_0_combined.csv
    jobid: 4
    reason: Input files updated by another job: results/synthetic/er/n=11 p=0.5 r=0.9 re=False d=False/cx/e=True p=False l=10 s=1/run/cx_0.csv
    wildcards: path=results/synthetic/er/n=11 p=0.5 r=0.9 re=False d=False/cx/e=True p=False l=10 s=1, alg=cx, runs=0
    resources: tmpdir=/var/folders/dj/14c985vd1ng7gf0vvw_ytrpw0000gn/T

[Sat Dec  7 13:43:31 2024]
Finished job 1.
3 of 7 steps (43%) done
[Sat Dec  7 13:43:32 2024]
Finished job 4.
4 of 7 steps (57%) done
[Sat Dec  7 13:43:35 2024]
Finished job 7.
5 of 7 steps (71%) done
Select jobs to execute...
Execute 1 jobs...

[Sat Dec  7 13:43:35 2024]
localrule combine_exps:
    input: results/synthetic/er/n=11 p=0.5 r=0.9 re=False d=False/cx/e=False p=False l=10 s=10/run/cx_0.csv
    output: results/synthetic/er/n=11 p=0.5 r=0.9 re=False d=False/cx/e=False p=False l=10 s=10/cx_0_combined.csv
    jobid: 6
    reason: Input files updated by another job: results/synthetic/er/n=11 p=0.5 r=0.9 re=False d=False/cx/e=False p=False l=10 s=10/run/cx_0.csv
    wildcards: path=results/synthetic/er/n=11 p=0.5 r=0.9 re=False d=False/cx/e=False p=False l=10 s=10, alg=cx, runs=0
    resources: tmpdir=/var/folders/dj/14c985vd1ng7gf0vvw_ytrpw0000gn/T

[Sat Dec  7 13:43:37 2024]
Finished job 6.
6 of 7 steps (86%) done
Select jobs to execute...
Execute 1 jobs...

[Sat Dec  7 13:43:37 2024]
localrule test_exp:
    input: results/synthetic/er/n=11 p=0.5 r=0.9 re=False d=False/pyr/s=100 sp=None/pyr_0_combined.csv, results/synthetic/er/n=11 p=0.5 r=0.9 re=False d=False/cx/e=True p=False l=10 s=1/cx_0_combined.csv, results/synthetic/er/n=11 p=0.5 r=0.9 re=False d=False/cx/e=False p=False l=10 s=10/cx_0_combined.csv
    jobid: 0
    reason: Input files updated by another job: results/synthetic/er/n=11 p=0.5 r=0.9 re=False d=False/pyr/s=100 sp=None/pyr_0_combined.csv, results/synthetic/er/n=11 p=0.5 r=0.9 re=False d=False/cx/e=False p=False l=10 s=10/cx_0_combined.csv, results/synthetic/er/n=11 p=0.5 r=0.9 re=False d=False/cx/e=True p=False l=10 s=1/cx_0_combined.csv
    resources: tmpdir=/var/folders/dj/14c985vd1ng7gf0vvw_ytrpw0000gn/T

[Sat Dec  7 13:43:37 2024]
Finished job 0.
7 of 7 steps (100%) done
Complete log: .snakemake/log/2024-12-07T134324.825240.snakemake.log
