host: MacBook-Pro-von-Frederic.local
Building DAG of jobs...
Using shell: /opt/local/bin/bash
Provided cores: 8
Rules claiming more threads will be scaled down.
Job stats:
job             count
------------  -------
combine_exps        1
cythonize           1
er_cx               1
test_exp            1
total               4

Select jobs to execute...
Execute 1 jobs...

[Sat Dec  7 13:09:41 2024]
localrule cythonize:
    input: src/py_raccoon/balance_sampling.pyx, src/py_raccoon/balance_spanning_trees.pyx
    output: results/__cythonized__
    jobid: 3
    reason: Missing output files: results/__cythonized__
    resources: tmpdir=/var/folders/dj/14c985vd1ng7gf0vvw_ytrpw0000gn/T

[Sat Dec  7 13:09:42 2024]
Finished job 3.
1 of 4 steps (25%) done
Select jobs to execute...
Execute 1 jobs...

[Sat Dec  7 13:09:42 2024]
localrule er_cx:
    input: results/__cythonized__
    output: results/synthetic/er/n=11 p=0.5 r=0.9 re=False d=False/cx/e=True p=False l=10 s=1/run/cx_0.csv
    jobid: 2
    reason: Missing output files: results/synthetic/er/n=11 p=0.5 r=0.9 re=False d=False/cx/e=True p=False l=10 s=1/run/cx_0.csv; Input files updated by another job: results/__cythonized__
    wildcards: n_nodes=11, prob_p=0.5, neg_edge_prob=0.9, neg_edge_dist_exact=False, directed=False, exact=True, parallel=False, max_length=10, n_samples=1, run=0
    resources: tmpdir=/var/folders/dj/14c985vd1ng7gf0vvw_ytrpw0000gn/T

[Sat Dec  7 13:09:47 2024]
Finished job 2.
2 of 4 steps (50%) done
Select jobs to execute...
Execute 1 jobs...

[Sat Dec  7 13:09:47 2024]
localrule combine_exps:
    input: results/synthetic/er/n=11 p=0.5 r=0.9 re=False d=False/cx/e=True p=False l=10 s=1/run/cx_0.csv
    output: results/synthetic/er/n=11 p=0.5 r=0.9 re=False d=False/cx/e=True p=False l=10 s=1/cx_0_combined.csv
    jobid: 1
    reason: Missing output files: results/synthetic/er/n=11 p=0.5 r=0.9 re=False d=False/cx/e=True p=False l=10 s=1/cx_0_combined.csv; Input files updated by another job: results/synthetic/er/n=11 p=0.5 r=0.9 re=False d=False/cx/e=True p=False l=10 s=1/run/cx_0.csv
    wildcards: path=results/synthetic/er/n=11 p=0.5 r=0.9 re=False d=False/cx/e=True p=False l=10 s=1, alg=cx, runs=0
    resources: tmpdir=/var/folders/dj/14c985vd1ng7gf0vvw_ytrpw0000gn/T

[Sat Dec  7 13:09:48 2024]
Finished job 1.
3 of 4 steps (75%) done
Select jobs to execute...
Execute 1 jobs...

[Sat Dec  7 13:09:48 2024]
localrule test_exp:
    input: results/synthetic/er/n=11 p=0.5 r=0.9 re=False d=False/cx/e=True p=False l=10 s=1/cx_0_combined.csv
    jobid: 0
    reason: Input files updated by another job: results/synthetic/er/n=11 p=0.5 r=0.9 re=False d=False/cx/e=True p=False l=10 s=1/cx_0_combined.csv
    resources: tmpdir=/var/folders/dj/14c985vd1ng7gf0vvw_ytrpw0000gn/T

[Sat Dec  7 13:09:48 2024]
Finished job 0.
4 of 4 steps (100%) done
Complete log: .snakemake/log/2024-12-07T130941.194050.snakemake.log
