host: MacBook-Pro-von-Frederic.local
Building DAG of jobs...
Using shell: /opt/local/bin/bash
Provided cores: 8
Rules claiming more threads will be scaled down.
Job stats:
job             count
------------  -------
combine_exps        1
complete_exp        1
complete_pyr        1
total               3

Select jobs to execute...
Execute 1 jobs...

[Tue Nov 12 01:48:40 2024]
localrule complete_pyr:
    input: results/__cythonized__
    output: results/synthetic/complete/n=2 r=0.1 re=True d=False/pyr/s=1000 sp=None/run/pyr_0.csv
    jobid: 2
    reason: Missing output files: results/synthetic/complete/n=2 r=0.1 re=True d=False/pyr/s=1000 sp=None/run/pyr_0.csv
    wildcards: n_nodes=2, neg_edge_prob=0.1, neg_edge_dist_exact=True, directed=False, n_samples=1000, pyr_spec_edge_prob=None, run=0
    resources: tmpdir=/var/folders/dj/14c985vd1ng7gf0vvw_ytrpw0000gn/T

[Tue Nov 12 01:48:43 2024]
Finished job 2.
1 of 3 steps (33%) done
Select jobs to execute...
Execute 1 jobs...

[Tue Nov 12 01:48:43 2024]
localrule combine_exps:
    input: results/synthetic/complete/n=2 r=0.1 re=True d=False/pyr/s=1000 sp=None/run/pyr_0.csv, results/synthetic/complete/n=2 r=0.1 re=True d=False/pyr/s=1000 sp=None/run/pyr_1.csv, results/synthetic/complete/n=2 r=0.1 re=True d=False/pyr/s=1000 sp=None/run/pyr_2.csv
    output: results/synthetic/complete/n=2 r=0.1 re=True d=False/pyr/s=1000 sp=None/pyr_2_combined.csv
    jobid: 1
    reason: Missing output files: results/synthetic/complete/n=2 r=0.1 re=True d=False/pyr/s=1000 sp=None/pyr_2_combined.csv; Input files updated by another job: results/synthetic/complete/n=2 r=0.1 re=True d=False/pyr/s=1000 sp=None/run/pyr_0.csv
    wildcards: path=results/synthetic/complete/n=2 r=0.1 re=True d=False/pyr/s=1000 sp=None, alg=pyr, runs=2
    resources: tmpdir=/var/folders/dj/14c985vd1ng7gf0vvw_ytrpw0000gn/T

[Tue Nov 12 01:48:45 2024]
Finished job 1.
2 of 3 steps (67%) done
Select jobs to execute...
Execute 1 jobs...

[Tue Nov 12 01:48:45 2024]
localrule complete_exp:
    input: results/synthetic/complete/n=2 r=0.1 re=True d=False/pyr/s=1000 sp=None/pyr_2_combined.csv
    jobid: 0
    reason: Input files updated by another job: results/synthetic/complete/n=2 r=0.1 re=True d=False/pyr/s=1000 sp=None/pyr_2_combined.csv
    resources: tmpdir=/var/folders/dj/14c985vd1ng7gf0vvw_ytrpw0000gn/T

[Tue Nov 12 01:48:45 2024]
Finished job 0.
3 of 3 steps (100%) done
Complete log: .snakemake/log/2024-11-12T014840.684038.snakemake.log
