host: MacBook-Pro-von-Frederic.local
Building DAG of jobs...
Using shell: /opt/local/bin/bash
Provided cores: 8
Rules claiming more threads will be scaled down.
Job stats:
job             count
------------  -------
all                 1
complete_pyr        1
total               2

Select jobs to execute...
Execute 1 jobs...

[Fri Nov  8 21:30:55 2024]
localrule complete_pyr:
    input: results/__cythonized__
    output: results/synthetic/complete/n=20 r=0.5/pyr/s=1000 sp=1/pyr_0.csv
    jobid: 7
    reason: Missing output files: results/synthetic/complete/n=20 r=0.5/pyr/s=1000 sp=1/pyr_0.csv
    wildcards: n_nodes=20, neg_edge_prob=0.5, n_samples=1000, pyr_spec_edge_prob=1, run=0
    resources: tmpdir=/var/folders/dj/14c985vd1ng7gf0vvw_ytrpw0000gn/T

[Fri Nov  8 21:31:00 2024]
Finished job 7.
1 of 2 steps (50%) done
Select jobs to execute...
Execute 1 jobs...

[Fri Nov  8 21:31:00 2024]
localrule all:
    input: results/__cythonized__, results/synthetic/er/n=10 p=0.5 r=0.5/cx/e=True d=False p=False l=10/cx_0.csv, results/synthetic/er/n=10 p=0.5 r=0.5/cx/e=False d=False p=False l=10 s=20/cx_0.csv, results/synthetic/er/n=10 p=0.5 r=0.5/cx/e=True d=True p=False l=10/cx_0.csv, results/synthetic/er/n=10 p=0.5 r=0.5/cx/e=False d=True p=False l=10 s=20/cx_0.csv, results/synthetic/complete/n=20 r=0.5/cx/e=False d=False p=False l=10 s=20/cx_0.csv, results/synthetic/complete/n=20 r=0.5/pyr/s=1000 sp=1/pyr_0.csv
    jobid: 0
    reason: Input files updated by another job: results/synthetic/complete/n=20 r=0.5/pyr/s=1000 sp=1/pyr_0.csv
    resources: tmpdir=/var/folders/dj/14c985vd1ng7gf0vvw_ytrpw0000gn/T

[Fri Nov  8 21:31:00 2024]
Finished job 0.
2 of 2 steps (100%) done
Complete log: .snakemake/log/2024-11-08T213055.191647.snakemake.log
