host: MacBook-Pro-von-Frederic.local
Building DAG of jobs...
Using shell: /opt/local/bin/bash
Provided cores: 8
Rules claiming more threads will be scaled down.
Job stats:
job             count
------------  -------
all                 1
combine_exps       13
complete_cx         3
complete_pyr        3
cythonize           1
er_cx              12
random_cx           1
random_pyr         11
sbm_cx             22
sbm_pyr            22
total              89

Select jobs to execute...
Execute 8 jobs...

[Mon Nov 11 21:42:24 2024]
localrule sbm_cx:
    output: results/synthetic/sbm/exp=1 r=0.5 re=True d=False/cx/e=False p=False l=10 s=20/run/cx_0.csv
    jobid: 78
    reason: Missing output files: results/synthetic/sbm/exp=1 r=0.5 re=True d=False/cx/e=False p=False l=10 s=20/run/cx_0.csv
    wildcards: exp=1, neg_edge_prob=0.5, neg_edge_dist_exact=True, directed=False, exact=False, parallel=False, max_length=10, n_samples=20, run=0
    resources: tmpdir=/var/folders/dj/14c985vd1ng7gf0vvw_ytrpw0000gn/T

[Mon Nov 11 21:42:24 2024]
localrule sbm_cx:
    output: results/synthetic/sbm/exp=1 r=0.5 re=True d=False/cx/e=False p=False l=10 s=20/run/cx_10.csv
    jobid: 88
    reason: Missing output files: results/synthetic/sbm/exp=1 r=0.5 re=True d=False/cx/e=False p=False l=10 s=20/run/cx_10.csv
    wildcards: exp=1, neg_edge_prob=0.5, neg_edge_dist_exact=True, directed=False, exact=False, parallel=False, max_length=10, n_samples=20, run=10
    resources: tmpdir=/var/folders/dj/14c985vd1ng7gf0vvw_ytrpw0000gn/T

[Mon Nov 11 21:42:24 2024]
localrule er_cx:
    output: results/synthetic/er/n=10 p=0.5 r=0.5 re=True d=True/cx/e=True p=False l=10 s=1/run/cx_1.csv
    jobid: 8
    reason: Missing output files: results/synthetic/er/n=10 p=0.5 r=0.5 re=True d=True/cx/e=True p=False l=10 s=1/run/cx_1.csv
    wildcards: n_nodes==10, prob_p=0.5, neg_edge_prob=0.5, neg_edge_dist_exact=True, directed=True, exact=True, parallel=False, max_length=10, n_samples=1, run=1
    resources: tmpdir=/var/folders/dj/14c985vd1ng7gf0vvw_ytrpw0000gn/T

[Mon Nov 11 21:42:24 2024]
localrule sbm_cx:
    output: results/synthetic/sbm/exp=0 r=0.5 re=True d=False/cx/e=False p=False l=10 s=20/run/cx_6.csv
    jobid: 72
    reason: Missing output files: results/synthetic/sbm/exp=0 r=0.5 re=True d=False/cx/e=False p=False l=10 s=20/run/cx_6.csv
    wildcards: exp=0, neg_edge_prob=0.5, neg_edge_dist_exact=True, directed=False, exact=False, parallel=False, max_length=10, n_samples=20, run=6
    resources: tmpdir=/var/folders/dj/14c985vd1ng7gf0vvw_ytrpw0000gn/T

[Mon Nov 11 21:42:24 2024]
localrule complete_cx:
    output: results/synthetic/complete/n=20 r=0.5 re=True d=False/cx/e=False p=False l=10 s=20/run/cx_2.csv
    jobid: 21
    reason: Missing output files: results/synthetic/complete/n=20 r=0.5 re=True d=False/cx/e=False p=False l=10 s=20/run/cx_2.csv
    wildcards: n_nodes=20, neg_edge_prob=0.5, neg_edge_dist_exact=True, directed=False, exact=False, parallel=False, max_length=10, n_samples=20, run=2
    resources: tmpdir=/var/folders/dj/14c985vd1ng7gf0vvw_ytrpw0000gn/T

[Mon Nov 11 21:42:24 2024]
localrule sbm_cx:
    output: results/synthetic/sbm/exp=0 r=0.5 re=True d=False/cx/e=False p=False l=10 s=20/run/cx_2.csv
    jobid: 68
    reason: Missing output files: results/synthetic/sbm/exp=0 r=0.5 re=True d=False/cx/e=False p=False l=10 s=20/run/cx_2.csv
    wildcards: exp=0, neg_edge_prob=0.5, neg_edge_dist_exact=True, directed=False, exact=False, parallel=False, max_length=10, n_samples=20, run=2
    resources: tmpdir=/var/folders/dj/14c985vd1ng7gf0vvw_ytrpw0000gn/T

[Mon Nov 11 21:42:24 2024]
localrule er_cx:
    output: results/synthetic/er/n=10 p=0.5 r=0.5 re=True d=False/cx/e=True p=False l=10 s=1/run/cx_0.csv
    jobid: 3
    reason: Missing output files: results/synthetic/er/n=10 p=0.5 r=0.5 re=True d=False/cx/e=True p=False l=10 s=1/run/cx_0.csv
    wildcards: n_nodes==10, prob_p=0.5, neg_edge_prob=0.5, neg_edge_dist_exact=True, directed=False, exact=True, parallel=False, max_length=10, n_samples=1, run=0
    resources: tmpdir=/var/folders/dj/14c985vd1ng7gf0vvw_ytrpw0000gn/T

[Mon Nov 11 21:42:24 2024]
localrule complete_cx:
    output: results/synthetic/complete/n=20 r=0.5 re=True d=False/cx/e=False p=False l=10 s=20/run/cx_1.csv
    jobid: 20
    reason: Missing output files: results/synthetic/complete/n=20 r=0.5 re=True d=False/cx/e=False p=False l=10 s=20/run/cx_1.csv
    wildcards: n_nodes=20, neg_edge_prob=0.5, neg_edge_dist_exact=True, directed=False, exact=False, parallel=False, max_length=10, n_samples=20, run=1
    resources: tmpdir=/var/folders/dj/14c985vd1ng7gf0vvw_ytrpw0000gn/T

RuleException:
CalledProcessError in file /Users/fredericbusch/Desktop/Thesis/forks/py-raccoon/workflow/Snakefile, line 134:
Command 'set -euo pipefail;  /Users/fredericbusch/miniforge3/envs/py-raccoon/bin/python3.12 /Users/fredericbusch/Desktop/Thesis/forks/py-raccoon/.snakemake/scripts/tmprd6u4huh.experiment.py' returned non-zero exit status 1.
[Mon Nov 11 21:42:28 2024]
Error in rule er_cx:
    jobid: 8
    output: results/synthetic/er/n=10 p=0.5 r=0.5 re=True d=True/cx/e=True p=False l=10 s=1/run/cx_1.csv

RuleException:
CalledProcessError in file /Users/fredericbusch/Desktop/Thesis/forks/py-raccoon/workflow/Snakefile, line 134:
Command 'set -euo pipefail;  /Users/fredericbusch/miniforge3/envs/py-raccoon/bin/python3.12 /Users/fredericbusch/Desktop/Thesis/forks/py-raccoon/.snakemake/scripts/tmpead_rcgu.experiment.py' returned non-zero exit status 1.
[Mon Nov 11 21:42:28 2024]
Error in rule er_cx:
    jobid: 3
    output: results/synthetic/er/n=10 p=0.5 r=0.5 re=True d=False/cx/e=True p=False l=10 s=1/run/cx_0.csv

[Mon Nov 11 21:42:35 2024]
Finished job 72.
1 of 89 steps (1%) done
[Mon Nov 11 21:42:36 2024]
Finished job 68.
2 of 89 steps (2%) done
[Mon Nov 11 21:42:37 2024]
Finished job 88.
3 of 89 steps (3%) done
[Mon Nov 11 21:42:38 2024]
Finished job 78.
4 of 89 steps (4%) done
[Mon Nov 11 21:42:46 2024]
Finished job 21.
5 of 89 steps (6%) done
[Mon Nov 11 21:42:46 2024]
Finished job 20.
6 of 89 steps (7%) done
Shutting down, this might take some time.
Exiting because a job execution failed. Look above for error message
Complete log: .snakemake/log/2024-11-11T214224.394832.snakemake.log
WorkflowError:
At least one job did not complete successfully.
