host: MacBook-Pro-von-Frederic.local
Building DAG of jobs...
Using shell: /opt/local/bin/bash
Provided cores: 8
Rules claiming more threads will be scaled down.
Job stats:
job             count
------------  -------
combine_exps        1
dataset_cx          1
test_rule           1
total               3

Select jobs to execute...
Execute 1 jobs...

[Sun Dec  8 01:56:12 2024]
localrule dataset_cx:
    input: results/__cythonized__
    output: results/real/wikielections/null_model=False d=False/cx/e=False p=False l=10 s=1/run/cx_0.csv
    jobid: 5
    reason: Missing output files: results/real/wikielections/null_model=False d=False/cx/e=False p=False l=10 s=1/run/cx_0.csv
    wildcards: dataset=wikielections, null_model=False, directed=False, exact=False, parallel=False, max_length=10, n_samples=1, run=0
    resources: tmpdir=/var/folders/dj/14c985vd1ng7gf0vvw_ytrpw0000gn/T

[Sun Dec  8 01:56:25 2024]
Finished job 5.
1 of 3 steps (33%) done
Select jobs to execute...
Execute 1 jobs...

[Sun Dec  8 01:56:25 2024]
localrule combine_exps:
    input: results/real/wikielections/null_model=False d=False/cx/e=False p=False l=10 s=1/run/cx_0.csv
    output: results/real/wikielections/null_model=False d=False/cx/e=False p=False l=10 s=1/cx_0_combined.csv
    jobid: 4
    reason: Missing output files: results/real/wikielections/null_model=False d=False/cx/e=False p=False l=10 s=1/cx_0_combined.csv; Input files updated by another job: results/real/wikielections/null_model=False d=False/cx/e=False p=False l=10 s=1/run/cx_0.csv
    wildcards: path=results/real/wikielections/null_model=False d=False/cx/e=False p=False l=10 s=1, alg=cx, runs=0
    resources: tmpdir=/var/folders/dj/14c985vd1ng7gf0vvw_ytrpw0000gn/T

[Sun Dec  8 01:56:27 2024]
Finished job 4.
2 of 3 steps (67%) done
Select jobs to execute...
Execute 1 jobs...

[Sun Dec  8 01:56:27 2024]
localrule test_rule:
    input: results/real/wikielections/null_model=False d=False/pyr/s=1 sp=None/pyr_0_combined.csv, results/real/wikielections/null_model=False d=False/cx/e=False p=False l=10 s=1/cx_0_combined.csv
    jobid: 0
    reason: Input files updated by another job: results/real/wikielections/null_model=False d=False/cx/e=False p=False l=10 s=1/cx_0_combined.csv
    resources: tmpdir=/var/folders/dj/14c985vd1ng7gf0vvw_ytrpw0000gn/T

[Sun Dec  8 01:56:27 2024]
Finished job 0.
3 of 3 steps (100%) done
Complete log: .snakemake/log/2024-12-08T015612.548830.snakemake.log
