host: MacBook-Pro-von-Frederic.local
Building DAG of jobs...
Using shell: /opt/local/bin/bash
Provided cores: 8
Rules claiming more threads will be scaled down.
Job stats:
job             count
------------  -------
combine_exps        2
cow_exp_pyr         1
cow_pyr             2
total               5

Select jobs to execute...
Execute 2 jobs...

[Sun Dec  8 17:26:39 2024]
localrule cow_pyr:
    input: results/__cythonized__
    output: results/real/cow/year=1869/null_model_cow=False d=False/pyr/s=100 sp=None/run/pyr_0.csv
    jobid: 5
    reason: Missing output files: results/real/cow/year=1869/null_model_cow=False d=False/pyr/s=100 sp=None/run/pyr_0.csv
    wildcards: dataset=cow, year=1869, null_model=False, directed=False, n_samples=100, pyr_spec_edge_prob=None, run=0
    resources: tmpdir=/var/folders/dj/14c985vd1ng7gf0vvw_ytrpw0000gn/T

[Sun Dec  8 17:26:39 2024]
localrule cow_pyr:
    input: results/__cythonized__
    output: results/real/cow/year=1869/null_model_cow=True d=False/pyr/s=100 sp=None/run/pyr_0.csv
    jobid: 2
    reason: Missing output files: results/real/cow/year=1869/null_model_cow=True d=False/pyr/s=100 sp=None/run/pyr_0.csv
    wildcards: dataset=cow, year=1869, null_model=True, directed=False, n_samples=100, pyr_spec_edge_prob=None, run=0
    resources: tmpdir=/var/folders/dj/14c985vd1ng7gf0vvw_ytrpw0000gn/T

[Sun Dec  8 17:26:42 2024]
Finished job 5.
1 of 5 steps (20%) done
[Sun Dec  8 17:26:42 2024]
Finished job 2.
2 of 5 steps (40%) done
Select jobs to execute...
Execute 2 jobs...

[Sun Dec  8 17:26:42 2024]
localrule combine_exps:
    input: results/real/cow/year=1869/null_model_cow=False d=False/pyr/s=100 sp=None/run/pyr_0.csv
    output: results/real/cow/year=1869/null_model_cow=False d=False/pyr/s=100 sp=None/pyr_0_combined.csv
    jobid: 4
    reason: Missing output files: results/real/cow/year=1869/null_model_cow=False d=False/pyr/s=100 sp=None/pyr_0_combined.csv; Input files updated by another job: results/real/cow/year=1869/null_model_cow=False d=False/pyr/s=100 sp=None/run/pyr_0.csv
    wildcards: path=results/real/cow/year=1869/null_model_cow=False d=False/pyr/s=100 sp=None, alg=pyr, runs=0
    resources: tmpdir=/var/folders/dj/14c985vd1ng7gf0vvw_ytrpw0000gn/T


[Sun Dec  8 17:26:42 2024]
localrule combine_exps:
    input: results/real/cow/year=1869/null_model_cow=True d=False/pyr/s=100 sp=None/run/pyr_0.csv
    output: results/real/cow/year=1869/null_model_cow=True d=False/pyr/s=100 sp=None/pyr_0_combined.csv
    jobid: 1
    reason: Missing output files: results/real/cow/year=1869/null_model_cow=True d=False/pyr/s=100 sp=None/pyr_0_combined.csv; Input files updated by another job: results/real/cow/year=1869/null_model_cow=True d=False/pyr/s=100 sp=None/run/pyr_0.csv
    wildcards: path=results/real/cow/year=1869/null_model_cow=True d=False/pyr/s=100 sp=None, alg=pyr, runs=0
    resources: tmpdir=/var/folders/dj/14c985vd1ng7gf0vvw_ytrpw0000gn/T

[Sun Dec  8 17:26:44 2024]
Finished job 1.
3 of 5 steps (60%) done
[Sun Dec  8 17:26:44 2024]
Finished job 4.
4 of 5 steps (80%) done
Select jobs to execute...
Execute 1 jobs...

[Sun Dec  8 17:26:44 2024]
localrule cow_exp_pyr:
    input: results/real/cow/year=1869/null_model_cow=True d=False/pyr/s=100 sp=None/pyr_0_combined.csv, results/real/cow/year=1869/null_model_cow=False d=False/pyr/s=100 sp=None/pyr_0_combined.csv
    jobid: 0
    reason: Input files updated by another job: results/real/cow/year=1869/null_model_cow=False d=False/pyr/s=100 sp=None/pyr_0_combined.csv, results/real/cow/year=1869/null_model_cow=True d=False/pyr/s=100 sp=None/pyr_0_combined.csv
    resources: tmpdir=/var/folders/dj/14c985vd1ng7gf0vvw_ytrpw0000gn/T

[Sun Dec  8 17:26:44 2024]
Finished job 0.
5 of 5 steps (100%) done
Complete log: .snakemake/log/2024-12-08T172639.131025.snakemake.log
