host: MacBook-Pro-von-Frederic.local
Building DAG of jobs...
Using shell: /opt/local/bin/bash
Provided cores: 8
Rules claiming more threads will be scaled down.
Job stats:
job       count
------  -------
er_cx        27
er_exp        1
total        28

Select jobs to execute...
Execute 8 jobs...

[Thu Nov  7 00:08:49 2024]
localrule er_cx:
    input: results/__cythonized__
    output: results/synthetic/er/nodes=10 p=0.1 r=0.7/cx/samples=10 exact=False parallel=False/cx_1.csv
    jobid: 6
    reason: Missing output files: results/synthetic/er/nodes=10 p=0.1 r=0.7/cx/samples=10 exact=False parallel=False/cx_1.csv
    wildcards: kind=er, n_nodes=10, prob_p=0.1, prob_r=0.7, n_samples=10, exact=False, parallel=False, run=1
    resources: tmpdir=/var/folders/dj/14c985vd1ng7gf0vvw_ytrpw0000gn/T

[Thu Nov  7 00:08:49 2024]
localrule er_cx:
    input: results/__cythonized__
    output: results/synthetic/er/nodes=15 p=0.3 r=0.7/cx/samples=10 exact=False parallel=False/cx_1.csv
    jobid: 21
    reason: Missing output files: results/synthetic/er/nodes=15 p=0.3 r=0.7/cx/samples=10 exact=False parallel=False/cx_1.csv
    wildcards: kind=er, n_nodes=15, prob_p=0.3, prob_r=0.7, n_samples=10, exact=False, parallel=False, run=1
    resources: tmpdir=/var/folders/dj/14c985vd1ng7gf0vvw_ytrpw0000gn/T

[Thu Nov  7 00:08:49 2024]
localrule er_cx:
    input: results/__cythonized__
    output: results/synthetic/er/nodes=15 p=0.1 r=0.5/cx/samples=10 exact=False parallel=False/cx_1.csv
    jobid: 13
    reason: Missing output files: results/synthetic/er/nodes=15 p=0.1 r=0.5/cx/samples=10 exact=False parallel=False/cx_1.csv
    wildcards: kind=er, n_nodes=15, prob_p=0.1, prob_r=0.5, n_samples=10, exact=False, parallel=False, run=1
    resources: tmpdir=/var/folders/dj/14c985vd1ng7gf0vvw_ytrpw0000gn/T

[Thu Nov  7 00:08:49 2024]
localrule er_cx:
    input: results/__cythonized__
    output: results/synthetic/er/nodes=20 p=0.3 r=0.5/cx/samples=10 exact=False parallel=False/cx_1.csv
    jobid: 28
    reason: Missing output files: results/synthetic/er/nodes=20 p=0.3 r=0.5/cx/samples=10 exact=False parallel=False/cx_1.csv
    wildcards: kind=er, n_nodes=20, prob_p=0.3, prob_r=0.5, n_samples=10, exact=False, parallel=False, run=1
    resources: tmpdir=/var/folders/dj/14c985vd1ng7gf0vvw_ytrpw0000gn/T

[Thu Nov  7 00:08:49 2024]
localrule er_cx:
    input: results/__cythonized__
    output: results/synthetic/er/nodes=10 p=0.3 r=0.7/cx/samples=10 exact=False parallel=False/cx_1.csv
    jobid: 12
    reason: Missing output files: results/synthetic/er/nodes=10 p=0.3 r=0.7/cx/samples=10 exact=False parallel=False/cx_1.csv
    wildcards: kind=er, n_nodes=10, prob_p=0.3, prob_r=0.7, n_samples=10, exact=False, parallel=False, run=1
    resources: tmpdir=/var/folders/dj/14c985vd1ng7gf0vvw_ytrpw0000gn/T

[Thu Nov  7 00:08:49 2024]
localrule er_cx:
    input: results/__cythonized__
    output: results/synthetic/er/nodes=20 p=0.3 r=0.7/cx/samples=10 exact=False parallel=False/cx_1.csv
    jobid: 30
    reason: Missing output files: results/synthetic/er/nodes=20 p=0.3 r=0.7/cx/samples=10 exact=False parallel=False/cx_1.csv
    wildcards: kind=er, n_nodes=20, prob_p=0.3, prob_r=0.7, n_samples=10, exact=False, parallel=False, run=1
    resources: tmpdir=/var/folders/dj/14c985vd1ng7gf0vvw_ytrpw0000gn/T

[Thu Nov  7 00:08:49 2024]
localrule er_cx:
    input: results/__cythonized__
    output: results/synthetic/er/nodes=15 p=0.1 r=0.6/cx/samples=10 exact=False parallel=False/cx_1.csv
    jobid: 14
    reason: Missing output files: results/synthetic/er/nodes=15 p=0.1 r=0.6/cx/samples=10 exact=False parallel=False/cx_1.csv
    wildcards: kind=er, n_nodes=15, prob_p=0.1, prob_r=0.6, n_samples=10, exact=False, parallel=False, run=1
    resources: tmpdir=/var/folders/dj/14c985vd1ng7gf0vvw_ytrpw0000gn/T

[Thu Nov  7 00:08:49 2024]
localrule er_cx:
    input: results/__cythonized__
    output: results/synthetic/er/nodes=20 p=0.3 r=0.6/cx/samples=10 exact=False parallel=False/cx_1.csv
    jobid: 29
    reason: Missing output files: results/synthetic/er/nodes=20 p=0.3 r=0.6/cx/samples=10 exact=False parallel=False/cx_1.csv
    wildcards: kind=er, n_nodes=20, prob_p=0.3, prob_r=0.6, n_samples=10, exact=False, parallel=False, run=1
    resources: tmpdir=/var/folders/dj/14c985vd1ng7gf0vvw_ytrpw0000gn/T

[Thu Nov  7 00:08:53 2024]
Finished job 12.
1 of 28 steps (4%) done
Select jobs to execute...
Execute 1 jobs...

[Thu Nov  7 00:08:53 2024]
localrule er_cx:
    input: results/__cythonized__
    output: results/synthetic/er/nodes=10 p=0.3 r=0.6/cx/samples=10 exact=False parallel=False/cx_1.csv
    jobid: 11
    reason: Missing output files: results/synthetic/er/nodes=10 p=0.3 r=0.6/cx/samples=10 exact=False parallel=False/cx_1.csv
    wildcards: kind=er, n_nodes=10, prob_p=0.3, prob_r=0.6, n_samples=10, exact=False, parallel=False, run=1
    resources: tmpdir=/var/folders/dj/14c985vd1ng7gf0vvw_ytrpw0000gn/T

[Thu Nov  7 00:08:53 2024]
Finished job 6.
2 of 28 steps (7%) done
Select jobs to execute...
Execute 1 jobs...

[Thu Nov  7 00:08:54 2024]
localrule er_cx:
    input: results/__cythonized__
    output: results/synthetic/er/nodes=20 p=0.1 r=0.6/cx/samples=10 exact=False parallel=False/cx_1.csv
    jobid: 23
    reason: Missing output files: results/synthetic/er/nodes=20 p=0.1 r=0.6/cx/samples=10 exact=False parallel=False/cx_1.csv
    wildcards: kind=er, n_nodes=20, prob_p=0.1, prob_r=0.6, n_samples=10, exact=False, parallel=False, run=1
    resources: tmpdir=/var/folders/dj/14c985vd1ng7gf0vvw_ytrpw0000gn/T

[Thu Nov  7 00:08:54 2024]
Finished job 14.
3 of 28 steps (11%) done
Select jobs to execute...
Execute 1 jobs...

[Thu Nov  7 00:08:54 2024]
localrule er_cx:
    input: results/__cythonized__
    output: results/synthetic/er/nodes=10 p=0.1 r=0.5/cx/samples=10 exact=False parallel=False/cx_1.csv
    jobid: 4
    reason: Missing output files: results/synthetic/er/nodes=10 p=0.1 r=0.5/cx/samples=10 exact=False parallel=False/cx_1.csv
    wildcards: kind=er, n_nodes=10, prob_p=0.1, prob_r=0.5, n_samples=10, exact=False, parallel=False, run=1
    resources: tmpdir=/var/folders/dj/14c985vd1ng7gf0vvw_ytrpw0000gn/T

[Thu Nov  7 00:08:54 2024]
Finished job 13.
4 of 28 steps (14%) done
Select jobs to execute...
Execute 1 jobs...

[Thu Nov  7 00:08:54 2024]
localrule er_cx:
    input: results/__cythonized__
    output: results/synthetic/er/nodes=15 p=0.3 r=0.5/cx/samples=10 exact=False parallel=False/cx_1.csv
    jobid: 19
    reason: Missing output files: results/synthetic/er/nodes=15 p=0.3 r=0.5/cx/samples=10 exact=False parallel=False/cx_1.csv
    wildcards: kind=er, n_nodes=15, prob_p=0.3, prob_r=0.5, n_samples=10, exact=False, parallel=False, run=1
    resources: tmpdir=/var/folders/dj/14c985vd1ng7gf0vvw_ytrpw0000gn/T

[Thu Nov  7 00:08:57 2024]
Finished job 11.
5 of 28 steps (18%) done
Select jobs to execute...
Execute 1 jobs...

[Thu Nov  7 00:08:57 2024]
localrule er_cx:
    input: results/__cythonized__
    output: results/synthetic/er/nodes=15 p=0.1 r=0.7/cx/samples=10 exact=False parallel=False/cx_1.csv
    jobid: 15
    reason: Missing output files: results/synthetic/er/nodes=15 p=0.1 r=0.7/cx/samples=10 exact=False parallel=False/cx_1.csv
    wildcards: kind=er, n_nodes=15, prob_p=0.1, prob_r=0.7, n_samples=10, exact=False, parallel=False, run=1
    resources: tmpdir=/var/folders/dj/14c985vd1ng7gf0vvw_ytrpw0000gn/T

[Thu Nov  7 00:08:57 2024]
Finished job 4.
6 of 28 steps (21%) done
Select jobs to execute...
Execute 1 jobs...

[Thu Nov  7 00:08:57 2024]
localrule er_cx:
    input: results/__cythonized__
    output: results/synthetic/er/nodes=20 p=0.1 r=0.5/cx/samples=10 exact=False parallel=False/cx_1.csv
    jobid: 22
    reason: Missing output files: results/synthetic/er/nodes=20 p=0.1 r=0.5/cx/samples=10 exact=False parallel=False/cx_1.csv
    wildcards: kind=er, n_nodes=20, prob_p=0.1, prob_r=0.5, n_samples=10, exact=False, parallel=False, run=1
    resources: tmpdir=/var/folders/dj/14c985vd1ng7gf0vvw_ytrpw0000gn/T

[Thu Nov  7 00:09:00 2024]
Finished job 15.
7 of 28 steps (25%) done
Select jobs to execute...
Execute 1 jobs...

[Thu Nov  7 00:09:00 2024]
localrule er_cx:
    input: results/__cythonized__
    output: results/synthetic/er/nodes=10 p=0.2 r=0.5/cx/samples=10 exact=False parallel=False/cx_1.csv
    jobid: 7
    reason: Missing output files: results/synthetic/er/nodes=10 p=0.2 r=0.5/cx/samples=10 exact=False parallel=False/cx_1.csv
    wildcards: kind=er, n_nodes=10, prob_p=0.2, prob_r=0.5, n_samples=10, exact=False, parallel=False, run=1
    resources: tmpdir=/var/folders/dj/14c985vd1ng7gf0vvw_ytrpw0000gn/T

[Thu Nov  7 00:09:01 2024]
Finished job 23.
8 of 28 steps (29%) done
Select jobs to execute...
Execute 1 jobs...

[Thu Nov  7 00:09:01 2024]
localrule er_cx:
    input: results/__cythonized__
    output: results/synthetic/er/nodes=20 p=0.2 r=0.6/cx/samples=10 exact=False parallel=False/cx_1.csv
    jobid: 26
    reason: Missing output files: results/synthetic/er/nodes=20 p=0.2 r=0.6/cx/samples=10 exact=False parallel=False/cx_1.csv
    wildcards: kind=er, n_nodes=20, prob_p=0.2, prob_r=0.6, n_samples=10, exact=False, parallel=False, run=1
    resources: tmpdir=/var/folders/dj/14c985vd1ng7gf0vvw_ytrpw0000gn/T

[Thu Nov  7 00:09:03 2024]
Finished job 21.
9 of 28 steps (32%) done
Select jobs to execute...
Execute 1 jobs...

[Thu Nov  7 00:09:03 2024]
localrule er_cx:
    input: results/__cythonized__
    output: results/synthetic/er/nodes=15 p=0.2 r=0.7/cx/samples=10 exact=False parallel=False/cx_1.csv
    jobid: 18
    reason: Missing output files: results/synthetic/er/nodes=15 p=0.2 r=0.7/cx/samples=10 exact=False parallel=False/cx_1.csv
    wildcards: kind=er, n_nodes=15, prob_p=0.2, prob_r=0.7, n_samples=10, exact=False, parallel=False, run=1
    resources: tmpdir=/var/folders/dj/14c985vd1ng7gf0vvw_ytrpw0000gn/T

[Thu Nov  7 00:09:04 2024]
Finished job 7.
10 of 28 steps (36%) done
Select jobs to execute...
Execute 1 jobs...

[Thu Nov  7 00:09:04 2024]
localrule er_cx:
    input: results/__cythonized__
    output: results/synthetic/er/nodes=20 p=0.2 r=0.5/cx/samples=10 exact=False parallel=False/cx_1.csv
    jobid: 25
    reason: Missing output files: results/synthetic/er/nodes=20 p=0.2 r=0.5/cx/samples=10 exact=False parallel=False/cx_1.csv
    wildcards: kind=er, n_nodes=20, prob_p=0.2, prob_r=0.5, n_samples=10, exact=False, parallel=False, run=1
    resources: tmpdir=/var/folders/dj/14c985vd1ng7gf0vvw_ytrpw0000gn/T

[Thu Nov  7 00:09:04 2024]
Finished job 22.
11 of 28 steps (39%) done
Select jobs to execute...
Execute 1 jobs...

[Thu Nov  7 00:09:04 2024]
localrule er_cx:
    input: results/__cythonized__
    output: results/synthetic/er/nodes=20 p=0.2 r=0.7/cx/samples=10 exact=False parallel=False/cx_1.csv
    jobid: 27
    reason: Missing output files: results/synthetic/er/nodes=20 p=0.2 r=0.7/cx/samples=10 exact=False parallel=False/cx_1.csv
    wildcards: kind=er, n_nodes=20, prob_p=0.2, prob_r=0.7, n_samples=10, exact=False, parallel=False, run=1
    resources: tmpdir=/var/folders/dj/14c985vd1ng7gf0vvw_ytrpw0000gn/T

[Thu Nov  7 00:09:07 2024]
Finished job 19.
12 of 28 steps (43%) done
Select jobs to execute...
Execute 1 jobs...

[Thu Nov  7 00:09:07 2024]
localrule er_cx:
    input: results/__cythonized__
    output: results/synthetic/er/nodes=10 p=0.2 r=0.6/cx/samples=10 exact=False parallel=False/cx_1.csv
    jobid: 8
    reason: Missing output files: results/synthetic/er/nodes=10 p=0.2 r=0.6/cx/samples=10 exact=False parallel=False/cx_1.csv
    wildcards: kind=er, n_nodes=10, prob_p=0.2, prob_r=0.6, n_samples=10, exact=False, parallel=False, run=1
    resources: tmpdir=/var/folders/dj/14c985vd1ng7gf0vvw_ytrpw0000gn/T

[Thu Nov  7 00:09:08 2024]
Finished job 18.
13 of 28 steps (46%) done
Select jobs to execute...
Execute 1 jobs...

[Thu Nov  7 00:09:08 2024]
localrule er_cx:
    input: results/__cythonized__
    output: results/synthetic/er/nodes=10 p=0.2 r=0.7/cx/samples=10 exact=False parallel=False/cx_1.csv
    jobid: 9
    reason: Missing output files: results/synthetic/er/nodes=10 p=0.2 r=0.7/cx/samples=10 exact=False parallel=False/cx_1.csv
    wildcards: kind=er, n_nodes=10, prob_p=0.2, prob_r=0.7, n_samples=10, exact=False, parallel=False, run=1
    resources: tmpdir=/var/folders/dj/14c985vd1ng7gf0vvw_ytrpw0000gn/T

[Thu Nov  7 00:09:10 2024]
Finished job 8.
14 of 28 steps (50%) done
Select jobs to execute...
Execute 1 jobs...

[Thu Nov  7 00:09:10 2024]
localrule er_cx:
    input: results/__cythonized__
    output: results/synthetic/er/nodes=15 p=0.3 r=0.6/cx/samples=10 exact=False parallel=False/cx_1.csv
    jobid: 20
    reason: Missing output files: results/synthetic/er/nodes=15 p=0.3 r=0.6/cx/samples=10 exact=False parallel=False/cx_1.csv
    wildcards: kind=er, n_nodes=15, prob_p=0.3, prob_r=0.6, n_samples=10, exact=False, parallel=False, run=1
    resources: tmpdir=/var/folders/dj/14c985vd1ng7gf0vvw_ytrpw0000gn/T

[Thu Nov  7 00:09:11 2024]
Finished job 9.
15 of 28 steps (54%) done
Select jobs to execute...
Execute 1 jobs...

[Thu Nov  7 00:09:11 2024]
localrule er_cx:
    input: results/__cythonized__
    output: results/synthetic/er/nodes=15 p=0.2 r=0.5/cx/samples=10 exact=False parallel=False/cx_1.csv
    jobid: 16
    reason: Missing output files: results/synthetic/er/nodes=15 p=0.2 r=0.5/cx/samples=10 exact=False parallel=False/cx_1.csv
    wildcards: kind=er, n_nodes=15, prob_p=0.2, prob_r=0.5, n_samples=10, exact=False, parallel=False, run=1
    resources: tmpdir=/var/folders/dj/14c985vd1ng7gf0vvw_ytrpw0000gn/T

[Thu Nov  7 00:09:16 2024]
Finished job 16.
16 of 28 steps (57%) done
Select jobs to execute...
Execute 1 jobs...

[Thu Nov  7 00:09:16 2024]
localrule er_cx:
    input: results/__cythonized__
    output: results/synthetic/er/nodes=15 p=0.2 r=0.6/cx/samples=10 exact=False parallel=False/cx_1.csv
    jobid: 17
    reason: Missing output files: results/synthetic/er/nodes=15 p=0.2 r=0.6/cx/samples=10 exact=False parallel=False/cx_1.csv
    wildcards: kind=er, n_nodes=15, prob_p=0.2, prob_r=0.6, n_samples=10, exact=False, parallel=False, run=1
    resources: tmpdir=/var/folders/dj/14c985vd1ng7gf0vvw_ytrpw0000gn/T

[Thu Nov  7 00:09:21 2024]
Finished job 17.
17 of 28 steps (61%) done
Select jobs to execute...
Execute 1 jobs...

[Thu Nov  7 00:09:21 2024]
localrule er_cx:
    input: results/__cythonized__
    output: results/synthetic/er/nodes=10 p=0.1 r=0.6/cx/samples=10 exact=False parallel=False/cx_1.csv
    jobid: 5
    reason: Missing output files: results/synthetic/er/nodes=10 p=0.1 r=0.6/cx/samples=10 exact=False parallel=False/cx_1.csv
    wildcards: kind=er, n_nodes=10, prob_p=0.1, prob_r=0.6, n_samples=10, exact=False, parallel=False, run=1
    resources: tmpdir=/var/folders/dj/14c985vd1ng7gf0vvw_ytrpw0000gn/T

[Thu Nov  7 00:09:22 2024]
Finished job 20.
18 of 28 steps (64%) done
Select jobs to execute...
Execute 1 jobs...

[Thu Nov  7 00:09:22 2024]
localrule er_cx:
    input: results/__cythonized__
    output: results/synthetic/er/nodes=20 p=0.1 r=0.7/cx/samples=10 exact=False parallel=False/cx_1.csv
    jobid: 24
    reason: Missing output files: results/synthetic/er/nodes=20 p=0.1 r=0.7/cx/samples=10 exact=False parallel=False/cx_1.csv
    wildcards: kind=er, n_nodes=20, prob_p=0.1, prob_r=0.7, n_samples=10, exact=False, parallel=False, run=1
    resources: tmpdir=/var/folders/dj/14c985vd1ng7gf0vvw_ytrpw0000gn/T

[Thu Nov  7 00:09:24 2024]
Finished job 5.
19 of 28 steps (68%) done
Select jobs to execute...
Execute 1 jobs...

[Thu Nov  7 00:09:24 2024]
localrule er_cx:
    input: results/__cythonized__
    output: results/synthetic/er/nodes=10 p=0.3 r=0.5/cx/samples=10 exact=False parallel=False/cx_1.csv
    jobid: 10
    reason: Missing output files: results/synthetic/er/nodes=10 p=0.3 r=0.5/cx/samples=10 exact=False parallel=False/cx_1.csv
    wildcards: kind=er, n_nodes=10, prob_p=0.3, prob_r=0.5, n_samples=10, exact=False, parallel=False, run=1
    resources: tmpdir=/var/folders/dj/14c985vd1ng7gf0vvw_ytrpw0000gn/T

[Thu Nov  7 00:09:27 2024]
Finished job 10.
20 of 28 steps (71%) done
[Thu Nov  7 00:09:28 2024]
Finished job 24.
21 of 28 steps (75%) done
[Thu Nov  7 00:09:56 2024]
Finished job 26.
22 of 28 steps (79%) done
[Thu Nov  7 00:09:58 2024]
Finished job 25.
23 of 28 steps (82%) done
[Thu Nov  7 00:09:58 2024]
Finished job 27.
24 of 28 steps (86%) done
[Thu Nov  7 00:12:32 2024]
Finished job 29.
25 of 28 steps (89%) done
[Thu Nov  7 00:12:32 2024]
Finished job 30.
26 of 28 steps (93%) done
[Thu Nov  7 00:12:33 2024]
Finished job 28.
27 of 28 steps (96%) done
Select jobs to execute...
Execute 1 jobs...

[Thu Nov  7 00:12:33 2024]
localrule er_exp:
    input: results/synthetic/er/nodes=10 p=0.5 r=0.5/pyr/samples=100 specified_p=0.5/pyr_1.csv, results/synthetic/er/nodes=10 p=0.5 r=0.5/cx/samples=10 exact=False parallel=False/cx_1.csv, results/synthetic/er/nodes=10 p=0.1 r=0.5/cx/samples=10 exact=False parallel=False/cx_1.csv, results/synthetic/er/nodes=10 p=0.1 r=0.6/cx/samples=10 exact=False parallel=False/cx_1.csv, results/synthetic/er/nodes=10 p=0.1 r=0.7/cx/samples=10 exact=False parallel=False/cx_1.csv, results/synthetic/er/nodes=10 p=0.2 r=0.5/cx/samples=10 exact=False parallel=False/cx_1.csv, results/synthetic/er/nodes=10 p=0.2 r=0.6/cx/samples=10 exact=False parallel=False/cx_1.csv, results/synthetic/er/nodes=10 p=0.2 r=0.7/cx/samples=10 exact=False parallel=False/cx_1.csv, results/synthetic/er/nodes=10 p=0.3 r=0.5/cx/samples=10 exact=False parallel=False/cx_1.csv, results/synthetic/er/nodes=10 p=0.3 r=0.6/cx/samples=10 exact=False parallel=False/cx_1.csv, results/synthetic/er/nodes=10 p=0.3 r=0.7/cx/samples=10 exact=False parallel=False/cx_1.csv, results/synthetic/er/nodes=15 p=0.1 r=0.5/cx/samples=10 exact=False parallel=False/cx_1.csv, results/synthetic/er/nodes=15 p=0.1 r=0.6/cx/samples=10 exact=False parallel=False/cx_1.csv, results/synthetic/er/nodes=15 p=0.1 r=0.7/cx/samples=10 exact=False parallel=False/cx_1.csv, results/synthetic/er/nodes=15 p=0.2 r=0.5/cx/samples=10 exact=False parallel=False/cx_1.csv, results/synthetic/er/nodes=15 p=0.2 r=0.6/cx/samples=10 exact=False parallel=False/cx_1.csv, results/synthetic/er/nodes=15 p=0.2 r=0.7/cx/samples=10 exact=False parallel=False/cx_1.csv, results/synthetic/er/nodes=15 p=0.3 r=0.5/cx/samples=10 exact=False parallel=False/cx_1.csv, results/synthetic/er/nodes=15 p=0.3 r=0.6/cx/samples=10 exact=False parallel=False/cx_1.csv, results/synthetic/er/nodes=15 p=0.3 r=0.7/cx/samples=10 exact=False parallel=False/cx_1.csv, results/synthetic/er/nodes=20 p=0.1 r=0.5/cx/samples=10 exact=False parallel=False/cx_1.csv, results/synthetic/er/nodes=20 p=0.1 r=0.6/cx/samples=10 exact=False parallel=False/cx_1.csv, results/synthetic/er/nodes=20 p=0.1 r=0.7/cx/samples=10 exact=False parallel=False/cx_1.csv, results/synthetic/er/nodes=20 p=0.2 r=0.5/cx/samples=10 exact=False parallel=False/cx_1.csv, results/synthetic/er/nodes=20 p=0.2 r=0.6/cx/samples=10 exact=False parallel=False/cx_1.csv, results/synthetic/er/nodes=20 p=0.2 r=0.7/cx/samples=10 exact=False parallel=False/cx_1.csv, results/synthetic/er/nodes=20 p=0.3 r=0.5/cx/samples=10 exact=False parallel=False/cx_1.csv, results/synthetic/er/nodes=20 p=0.3 r=0.6/cx/samples=10 exact=False parallel=False/cx_1.csv, results/synthetic/er/nodes=20 p=0.3 r=0.7/cx/samples=10 exact=False parallel=False/cx_1.csv
    jobid: 0
    reason: Input files updated by another job: results/synthetic/er/nodes=10 p=0.3 r=0.7/cx/samples=10 exact=False parallel=False/cx_1.csv, results/synthetic/er/nodes=20 p=0.2 r=0.5/cx/samples=10 exact=False parallel=False/cx_1.csv, results/synthetic/er/nodes=10 p=0.3 r=0.6/cx/samples=10 exact=False parallel=False/cx_1.csv, results/synthetic/er/nodes=15 p=0.3 r=0.7/cx/samples=10 exact=False parallel=False/cx_1.csv, results/synthetic/er/nodes=10 p=0.2 r=0.5/cx/samples=10 exact=False parallel=False/cx_1.csv, results/synthetic/er/nodes=10 p=0.1 r=0.5/cx/samples=10 exact=False parallel=False/cx_1.csv, results/synthetic/er/nodes=15 p=0.3 r=0.5/cx/samples=10 exact=False parallel=False/cx_1.csv, results/synthetic/er/nodes=20 p=0.3 r=0.5/cx/samples=10 exact=False parallel=False/cx_1.csv, results/synthetic/er/nodes=15 p=0.2 r=0.5/cx/samples=10 exact=False parallel=False/cx_1.csv, results/synthetic/er/nodes=10 p=0.1 r=0.6/cx/samples=10 exact=False parallel=False/cx_1.csv, results/synthetic/er/nodes=20 p=0.2 r=0.7/cx/samples=10 exact=False parallel=False/cx_1.csv, results/synthetic/er/nodes=15 p=0.3 r=0.6/cx/samples=10 exact=False parallel=False/cx_1.csv, results/synthetic/er/nodes=20 p=0.3 r=0.6/cx/samples=10 exact=False parallel=False/cx_1.csv, results/synthetic/er/nodes=15 p=0.2 r=0.6/cx/samples=10 exact=False parallel=False/cx_1.csv, results/synthetic/er/nodes=20 p=0.3 r=0.7/cx/samples=10 exact=False parallel=False/cx_1.csv, results/synthetic/er/nodes=15 p=0.2 r=0.7/cx/samples=10 exact=False parallel=False/cx_1.csv, results/synthetic/er/nodes=15 p=0.1 r=0.7/cx/samples=10 exact=False parallel=False/cx_1.csv, results/synthetic/er/nodes=20 p=0.1 r=0.7/cx/samples=10 exact=False parallel=False/cx_1.csv, results/synthetic/er/nodes=10 p=0.1 r=0.7/cx/samples=10 exact=False parallel=False/cx_1.csv, results/synthetic/er/nodes=10 p=0.2 r=0.6/cx/samples=10 exact=False parallel=False/cx_1.csv, results/synthetic/er/nodes=20 p=0.1 r=0.6/cx/samples=10 exact=False parallel=False/cx_1.csv, results/synthetic/er/nodes=20 p=0.2 r=0.6/cx/samples=10 exact=False parallel=False/cx_1.csv, results/synthetic/er/nodes=10 p=0.2 r=0.7/cx/samples=10 exact=False parallel=False/cx_1.csv, results/synthetic/er/nodes=10 p=0.3 r=0.5/cx/samples=10 exact=False parallel=False/cx_1.csv, results/synthetic/er/nodes=15 p=0.1 r=0.5/cx/samples=10 exact=False parallel=False/cx_1.csv, results/synthetic/er/nodes=20 p=0.1 r=0.5/cx/samples=10 exact=False parallel=False/cx_1.csv, results/synthetic/er/nodes=15 p=0.1 r=0.6/cx/samples=10 exact=False parallel=False/cx_1.csv
    resources: tmpdir=/var/folders/dj/14c985vd1ng7gf0vvw_ytrpw0000gn/T

[Thu Nov  7 00:12:33 2024]
Finished job 0.
28 of 28 steps (100%) done
Complete log: .snakemake/log/2024-11-07T000848.939132.snakemake.log
