host: MacBook-Pro-von-Frederic.local
Building DAG of jobs...
Using shell: /opt/local/bin/bash
Provided cores: 8
Rules claiming more threads will be scaled down.
Job stats:
job          count
---------  -------
all              1
cythonize        1
pyr_exp          1
total            3

Select jobs to execute...
Execute 1 jobs...

[Wed Nov  6 17:04:06 2024]
localrule cythonize:
    input: src/py_raccoon/balance_sampling.pyx, src/py_raccoon/balance_spanning_trees.pyx
    output: results/__cythonized__
    jobid: 1
    reason: Missing output files: results/__cythonized__
    resources: tmpdir=/var/folders/dj/14c985vd1ng7gf0vvw_ytrpw0000gn/T

[Wed Nov  6 17:04:07 2024]
Finished job 1.
1 of 3 steps (33%) done
Select jobs to execute...
Execute 1 jobs...

[Wed Nov  6 17:04:07 2024]
localrule pyr_exp:
    input: results/__cythonized__
    output: results/synthetic/er/nodes=10_p=0.5_r=0.5/alg=pyr_samples=100_specified-p=0.5/pyr_1
    jobid: 2
    reason: Missing output files: results/synthetic/er/nodes=10_p=0.5_r=0.5/alg=pyr_samples=100_specified-p=0.5/pyr_1; Input files updated by another job: results/__cythonized__
    wildcards: kind=er, n_nodes=10, prob_p=0.5, prob_r=0.5, alg=pyr, n_samples=100, pyr_spec_edge_prob=0.5, run=1
    resources: tmpdir=/var/folders/dj/14c985vd1ng7gf0vvw_ytrpw0000gn/T

[Wed Nov  6 17:04:10 2024]
Finished job 2.
2 of 3 steps (67%) done
Select jobs to execute...
Execute 1 jobs...

[Wed Nov  6 17:04:10 2024]
localrule all:
    input: results/__cythonized__, results/synthetic/er/nodes=10_p=0.5_r=0.5/alg=pyr_samples=100_specified-p=0.5/pyr_1
    jobid: 0
    reason: Input files updated by another job: results/synthetic/er/nodes=10_p=0.5_r=0.5/alg=pyr_samples=100_specified-p=0.5/pyr_1, results/__cythonized__
    resources: tmpdir=/var/folders/dj/14c985vd1ng7gf0vvw_ytrpw0000gn/T

[Wed Nov  6 17:04:10 2024]
Finished job 0.
3 of 3 steps (100%) done
Complete log: .snakemake/log/2024-11-06T170406.618849.snakemake.log
