host: MacBook-Pro-von-Frederic.local
Building DAG of jobs...
Using shell: /opt/local/bin/bash
Provided cores: 8
Rules claiming more threads will be scaled down.
Job stats:
job            count
-----------  -------
er_cx              3
er_exp             1
er_pyr             1
exact_er_cx        1
total              6

Select jobs to execute...
Execute 5 jobs...

[Fri Nov  8 20:09:45 2024]
localrule er_cx:
    output: results/synthetic/er/nodes=10 p=0.1 r=0.5/cx/samples=50 length=10 exact=False directed=False parallel=False/cx_0.csv
    jobid: 4
    reason: Missing output files: results/synthetic/er/nodes=10 p=0.1 r=0.5/cx/samples=50 length=10 exact=False directed=False parallel=False/cx_0.csv
    wildcards: kind=er, n_nodes=10, prob_p=0.1, neg_edge_prob=0.5, n_samples=50, max_length=10, directed=False, parallel=False, run=0
    resources: tmpdir=/var/folders/dj/14c985vd1ng7gf0vvw_ytrpw0000gn/T

[Fri Nov  8 20:09:45 2024]
localrule er_cx:
    output: results/synthetic/er/nodes=20 p=0.2 r=0.5/cx/samples=50 length=10 exact=False directed=True parallel=False/cx_0.csv
    jobid: 5
    reason: Missing output files: results/synthetic/er/nodes=20 p=0.2 r=0.5/cx/samples=50 length=10 exact=False directed=True parallel=False/cx_0.csv
    wildcards: kind=er, n_nodes=20, prob_p=0.2, neg_edge_prob=0.5, n_samples=50, max_length=10, directed=True, parallel=False, run=0
    resources: tmpdir=/var/folders/dj/14c985vd1ng7gf0vvw_ytrpw0000gn/T

[Fri Nov  8 20:09:45 2024]
localrule exact_er_cx:
    output: results/synthetic/er/nodes=20 p=0.2 r=0.5/cx/length=10 exact=True directed=True parallel=False/cx_0.csv
    jobid: 6
    reason: Missing output files: results/synthetic/er/nodes=20 p=0.2 r=0.5/cx/length=10 exact=True directed=True parallel=False/cx_0.csv
    wildcards: kind=er, n_nodes=20, prob_p=0.2, neg_edge_prob=0.5, max_length=10, exact=True, directed=True, parallel=False, run=0
    resources: tmpdir=/var/folders/dj/14c985vd1ng7gf0vvw_ytrpw0000gn/T


[Fri Nov  8 20:09:45 2024]
localrule er_pyr:
    input: results/__cythonized__
    output: results/synthetic/er/nodes=10 p=0.5 r=0.5/pyr/samples=100 specified_p=0.5/pyr_0.csv
    jobid: 1
    reason: Code has changed since last execution
    wildcards: kind=er, n_nodes=10, prob_p=0.5, neg_edge_prob=0.5, n_samples=100, pyr_spec_edge_prob=0.5, run=0
    resources: tmpdir=/var/folders/dj/14c985vd1ng7gf0vvw_ytrpw0000gn/T

[Fri Nov  8 20:09:45 2024]
localrule er_cx:
    output: results/synthetic/er/nodes=10 p=0.5 r=0.5/cx/samples=50 length=10 exact=False directed=False parallel=False/cx_0.csv
    jobid: 3
    reason: Missing output files: results/synthetic/er/nodes=10 p=0.5 r=0.5/cx/samples=50 length=10 exact=False directed=False parallel=False/cx_0.csv
    wildcards: kind=er, n_nodes=10, prob_p=0.5, neg_edge_prob=0.5, n_samples=50, max_length=10, directed=False, parallel=False, run=0
    resources: tmpdir=/var/folders/dj/14c985vd1ng7gf0vvw_ytrpw0000gn/T

Waiting at most 5 seconds for missing files.
MissingOutputException in rule exact_er_cx in file /Users/fredericbusch/Desktop/Thesis/forks/py-raccoon/workflow/Snakefile, line 43:
Job 6  completed successfully, but some output files are missing. Missing files after 5 seconds. This might be due to filesystem latency. If that is the case, consider to increase the wait time with --latency-wait:
results/synthetic/er/nodes=20 p=0.2 r=0.5/cx/length=10 exact=True directed=True parallel=False/cx_0.csv (missing locally, parent dir not present)
[Fri Nov  8 20:09:50 2024]
Finished job 1.
1 of 6 steps (17%) done
[Fri Nov  8 20:09:50 2024]
Finished job 4.
2 of 6 steps (33%) done
[Fri Nov  8 20:10:04 2024]
Finished job 5.
3 of 6 steps (50%) done
[Fri Nov  8 20:10:13 2024]
Finished job 3.
4 of 6 steps (67%) done
Shutting down, this might take some time.
Exiting because a job execution failed. Look above for error message
Complete log: .snakemake/log/2024-11-08T200944.865058.snakemake.log
WorkflowError:
At least one job did not complete successfully.
