host: MacBook-Pro-von-Frederic.local
Building DAG of jobs...
Using shell: /opt/local/bin/bash
Provided cores: 8
Rules claiming more threads will be scaled down.
Job stats:
job             count
------------  -------
combine_exps        1
cythonize           1
sbm_cx              1
sbm_exp             1
total               4

Select jobs to execute...
Execute 1 jobs...

[Tue Nov 12 01:03:25 2024]
localrule cythonize:
    input: src/py_raccoon/balance_sampling.pyx, src/py_raccoon/balance_spanning_trees.pyx
    output: results/__cythonized__
    jobid: 3
    reason: Missing output files: results/__cythonized__
    resources: tmpdir=/var/folders/dj/14c985vd1ng7gf0vvw_ytrpw0000gn/T

[Tue Nov 12 01:03:26 2024]
Finished job 3.
1 of 4 steps (25%) done
Select jobs to execute...
Execute 1 jobs...

[Tue Nov 12 01:03:26 2024]
localrule sbm_cx:
    input: results/__cythonized__
    output: results/synthetic/sbm/exp=2 re=True d=False/cx/e=False p=False l=10 s=20/run/cx_0.csv
    jobid: 2
    reason: Missing output files: results/synthetic/sbm/exp=2 re=True d=False/cx/e=False p=False l=10 s=20/run/cx_0.csv; Input files updated by another job: results/__cythonized__; Params have changed since last execution
    wildcards: exp=2, neg_edge_dist_exact=True, directed=False, exact=False, parallel=False, max_length=10, n_samples=20, run=0
    resources: tmpdir=/var/folders/dj/14c985vd1ng7gf0vvw_ytrpw0000gn/T

RuleException:
CalledProcessError in file /Users/fredericbusch/Desktop/Thesis/forks/py-raccoon/workflow/Snakefile, line 172:
Command 'set -euo pipefail;  /Users/fredericbusch/miniforge3/envs/py-raccoon/bin/python3.12 /Users/fredericbusch/Desktop/Thesis/forks/py-raccoon/.snakemake/scripts/tmpza7z093c.experiment.py' returned non-zero exit status 1.
[Tue Nov 12 01:03:28 2024]
Error in rule sbm_cx:
    jobid: 2
    input: results/__cythonized__
    output: results/synthetic/sbm/exp=2 re=True d=False/cx/e=False p=False l=10 s=20/run/cx_0.csv

Shutting down, this might take some time.
Exiting because a job execution failed. Look above for error message
Complete log: .snakemake/log/2024-11-12T010324.972108.snakemake.log
WorkflowError:
At least one job did not complete successfully.
