host: MacBook-Pro-von-Frederic.local
Building DAG of jobs...
Using shell: /opt/local/bin/bash
Provided cores: 8
Rules claiming more threads will be scaled down.
Job stats:
job             count
------------  -------
combine_exps        1
complete_cx         1
time_exp            1
total               3

Select jobs to execute...
Execute 1 jobs...

[Sun Nov 10 23:19:56 2024]
localrule complete_cx:
    output: results/synthetic/complete/n=1 r=0.5 d=False/cx/e=True p=False l=10 s=1/run/cx_0.csv
    jobid: 2
    reason: Missing output files: results/synthetic/complete/n=1 r=0.5 d=False/cx/e=True p=False l=10 s=1/run/cx_0.csv
    wildcards: n_nodes=1, neg_edge_prob=0.5, directed=False, exact=True, parallel=False, max_length=10, n_samples=1, run=0
    resources: tmpdir=/var/folders/dj/14c985vd1ng7gf0vvw_ytrpw0000gn/T

RuleException:
CalledProcessError in file /Users/fredericbusch/Desktop/Thesis/forks/py-raccoon/workflow/Snakefile, line 89:
Command 'set -euo pipefail;  /Users/fredericbusch/miniforge3/envs/py-raccoon/bin/python3.12 /Users/fredericbusch/Desktop/Thesis/forks/py-raccoon/.snakemake/scripts/tmpbsgyd1vj.experiment.py' returned non-zero exit status 1.
[Sun Nov 10 23:19:58 2024]
Error in rule complete_cx:
    jobid: 2
    output: results/synthetic/complete/n=1 r=0.5 d=False/cx/e=True p=False l=10 s=1/run/cx_0.csv

Shutting down, this might take some time.
Exiting because a job execution failed. Look above for error message
Complete log: .snakemake/log/2024-11-10T231956.209218.snakemake.log
WorkflowError:
At least one job did not complete successfully.
